166259998
330419997
494579996
658739995
822899994
987059993
1151219992
1315379991
1479539990
1643699989
1807859988
1972019987
2136179986
2300339985
2464499984
2628659983
2792819982
2956979981
3121139980
3285299979
3449459978
3613619977
3777779976
3941939975
4106099974
4270259973
4434419972
4598579971
4762739970
4926899969
5091059968
5255219967
5419379966
5583539965
5747699964
5911859963
6076019962
6240179961
6404339960
6568499959
6732659958
6896819957
7060979956
7225139955
7389299954
7553459953
7717619952
7881779951
8045939950
8210099949
8374259948
8538419947
8702579946
8866739945
9030899944
9195059943
9359219942
9523379941
9687539940
9851699939
10015859938
10180019937
10344179936
10508339935
10672499934
10836659933
11000819932
11164979931
11329139930
11493299929
11657459928
11821619927
11985779926
12149939925
12314099924
12478259923
12642419922
12806579921
12970739920
13134899919
13299059918
13463219917
13627379916
13791539915
13955699914
14119859913
14284019912
14448179911
14612339910
14776499909
14940659908
15104819907
15268979906
15433139905
15597299904
15761459903
15925619902
16089779901
16253939900
16418099899
16582259898
16746419897
16910579896
17074739895
17238899894
17403059893
17567219892
17731379891
17895539890
18059699889
18223859888
18388019887
18552179886
18716339885
18880499884
19044659883
19208819882
19372979881
19537139880
19701299879
19865459878
20029619877
20193779876
20357939875
20522099874
20686259873
20850419872
21014579871
21178739870
21342899869
21507059868
21671219867
21835379866
21999539865
22163699864
22327859863
22492019862
22656179861
22820339860
22984499859
23148659858
23312819857
23476979856
23641139855
23805299854
23969459853
24133619852
24297779851
24461939850
24626099849
24790259848
24954419847
25118579846
25282739845
25446899844
25611059843
25775219842
25939379841
26103539840
26267699839
26431859838
26596019837
26760179836
26924339835
27088499834
27252659833
27416819832
27580979831
27745139830
27909299829
28073459828
28237619827
28401779826
28565939825
28730099824
28894259823
29058419822
29222579821
29386739820
29550899819
29715059818
29879219817
30043379816
30207539815
30371699814
30535859813
30700019812
30864179811
31028339810
31192499809
31356659808
31520819807
31684979806
31849139805
32013299804
32177459803
32341619802
32505779801
32669939800
32834099799
32998259798
33162419797
33326579796
33490739795
33654899794
33819059793
33983219792
34147379791
34311539790
34475699789
34639859788
34804019787
34968179786
35132339785
35296499784
35460659783
35624819782
35788979781
35953139780
36117299779
36281459778
36445619777
36609779776
36773939775
36938099774
37102259773
37266419772
37430579771
37594739770
37758899769
37923059768
38087219767
38251379766
38415539765
38579699764
38743859763
38908019762
39072179761
39236339760
39400499759
39564659758
39728819757
39892979756
40057139755
40221299754
40385459753
40549619752
40713779751
40877939750
41042099749
41206259748
41370419747
41534579746
41698739745
41862899744
42027059743
42191219742
42355379741
42519539740
42683699739
42847859738
43012019737
43176179736
43340339735
43504499734
43668659733
43832819732
43996979731
44161139730
44325299729
44489459728
44653619727
44817779726
44981939725
45146099724
45310259723
45474419722
45638579721
45802739720
45966899719
46131059718
46295219717
46459379716
46623539715
46787699714
46951859713
47116019712
47280179711
47444339710
47608499709
47772659708
47936819707
48100979706
48265139705
48429299704
48593459703
48757619702
48921779701
49085939700
49250099699
49414259698
49578419697
49742579696
49906739695
50070899694
50235059693
50399219692
50563379691
50727539690
50891699689
51055859688
51220019687
51384179686
51548339685
51712499684
51876659683
52040819682
52204979681
52369139680
52533299679
52697459678
52861619677
53025779676
53189939675
53354099674
53518259673
53682419672
53846579671
54010739670
54174899669
54339059668
54503219667
54667379666
54831539665
54995699664
55159859663
55324019662
55488179661
55652339660
55816499659
55980659658
56264979657
56909779656
57073939655
57238099654
57642579653
57806739652
58211219651
58615699650
58779859649
59184339648
59348499647
59752979646
59917139645
60081299644
60485779643
60890259642
61174579641
61458899640
61623059639
61787219638
61951379637
62115539636
62279699635
62443859634
62608019633
62892339632
63056499631
63220659630
63625139629
63789299628
64313939627
64478099626
64642259625
64806419624
65451219623
65615379622
65779539621
66184019620
66708659619
66872819618
67036979617
67201139616
67485459615
67649619614
67813779613
67977939612
68142099611
68546579610
68710739609
68874899608
69039059607
69203219606
69367379605
69531539604
69695699603
69859859602
70024019601
70188179600
70592659599
70756819598
70920979597
71085139596
71249299595
71653779594
71817939593
71982099592
72626899591
72791059590
72955219589
73119379588
73283539587
73447699586
73611859585
73776019584
73940179583
74104339582
74268499581
74432659580
74596819579
75001299578
75165459577
75329619576
75493779575
75657939574
75822099573
75986259572
76150419571
76314579570
76478739569
76642899568
76807059567
77211539566
77375699565
77780179564
77944339563
78108499562
78272659561
78436819560
78841299559
79005459558
79169619557
79333779556
79497939555
79662099554
79826259553
79990419552
80154579551
80438899550
80843379549
81127699548
81291859547
81456019546
81620179545
81784339544
81948499543
82112659542
82276819541
82440979540
82605139539
82889459538
83053619537
83337939536
83862579535
84026739534
84911859533
85316339532
85600659531
85884979530
86049139529
86213299528
86497619527
86661779526
86825939525
86990099524
87154259523
87318419522
87722899521
87887059520
88051219519
88575859518
88980339517
89144499516
89308659515
89472819514
89636979513
90882579512
91046739511
92052019510
92216179509
92380339508
92544499507
92708659506
92872819505
93036979504
93441459503
94206419502
94370579501
94534739500
94698899499
94863059498
95027219497
95191379496
95475699495
95639859494
96044339493
96208499492
96372659491
96656979490
96941299489
97225619488
97750259487
97914419486
98078579485
98362899484
98647219483
98931539482
99095699481
99380019480
99664339479
100188979478
100593459477
101238259476
101402419475
101566579474
101730739473
101894899472
102059059471
102223219470
102387379469
103032179468
103196339467
103360499466
103524659465
104169459464
104333619463
104497779462
104661939461
105066419460
105230579459
105394739458
105799219457
105963379456
106127539455
106411859454
106576019453
107100659452
107625299451
108029779450
108193939449
108478259448
108762579447
108926739446
109090899445
109375219444
110020019443
110184179442
110588659441
110993139440
111277459439
112042419438
112446899437
112731219436
113736499435
113900659434
114184979433
114829779432
115354419431
115518579430
115682739429
115846899428
116011059427
116175219426
116339379425
116503539424
116667699423
117432659422
117957299421
118481939420
118646099419
118810259418
119094579417
119258739416
119783379415
119947539414
120111699413
120275859412
121160979411
121325139410
121489299409
121653459408
122298259407
122462419406
123227379405
123391539404
123555699403
123719859402
124364659401
124528819400
124692979399
124977299398
125141459397
125305619396
125589939395
126234739394
126639219393
126923539392
127087699391
127372019390
127536179389
127700339388
128104819387
128389139386
128553299385
128717459384
129121939383
129286099382
130051059381
130335379380
130499539379
130904019378
131068179377
131232339376
131396499375
131560659374
131965139373
132129299372
132293459371
132457619370
132982259369
133146419368
133550899367
133715059366
133999379365
134283699364
134447859363
134612019362
134896339361
135180659360
135344819359
135508979358
135673139357
135837299356
136121619355
136405939354
137050739353
137335059352
137499219351
137903699350
138067859349
138232019348
138396179347
138800659346
138964819345
139128979344
139293139343
139697619342
139861779341
140025939340
140190099339
141075219338
141359539337
141643859336
142288659335
142452819334
142737139333
143381939332
143906579331
144431219330
144715539329
144879699328
145043859327
145328179326
146213299325
146737939324
147382739323
147546899322
147951379321
149196979320
149361139319
149525299318
149689459317
149853619316
150017779315
150181939314
150346099313
150630419312
150794579311
151319219310
151483379309
151647539308
151811699307
151975859306
152260179305
152424339304
153309459303
153473619302
154238579301
154402739300
154687059299
154851219298
155496019297
155660179296
155944499295
156348979294
156633299293
156797459292
156961619291
157486259290
157650419289
157934739288
158219059287
158383219286
158907859285
159072019284
159476499283
159640659282
159804819281
160089139280
160253299279
160417459278
160821939277
160986099276
161270419275
161674899274
161839059273
162003219272
162167379271
162331539270
163096499269
163260659268
163424819267
163588979266
163753139265
163917299264
164081459263
164245619262
164409779261
164573939260
164858259259
165022419258
165186579257
166191859256
166356019255
166520179254
166684339253
167208979252
167373139251
167537299250
167701459249
168226099248
168390259247
168554419246
169199219245
169363379244
169888019243
170292499242
170576819241
170861139240
171385779239
172030579238
172194739237
172358899236
172763379235
172927539234
173211859233
173496179232
173660339231
173824499230
174108819229
174753619228
174917779227
175081939226
175366259225
175770739224
175934899223
176579699222
176743859221
177508819220
177672979219
177837139218
178001299217
178165459216
178329619215
178493779214
178657939213
178822099212
179226579211
179390739210
179795219209
179959379208
180243699207
180407859206
180812339205
180976499204
181621299203
182025779202
182189939201
182714579200
182878739199
183403379198
183687699197
183851859196
184016019195
184540659194
185065299193
185469779192
185633939191
185798099190
185962259189
186126419188
186410739187
186935379186
187339859185
187744339184
187908499183
188192819182
188356979181
188641299180
189766739179
190171219178
190335379177
190499539176
190663699175
190827859174
190992019173
192117459172
192281619171
192445779170
192609939169
192774099168
192938259167
193342739166
193506899165
193671059164
194195699163
194480019162
194644179161
195048659160
195212819159
195376979158
195541139157
196065779156
196229939155
196394099154
196558259153
196722419152
196886579151
197050739150
197935859149
198100019148
198264179147
198428339146
199433619145
199597779144
199761939143
199926099142
200090259141
200254419140
200658899139
201544019138
201708179137
201872339136
202036499135
202200659134
202605139133
202889459132
203414099131
203698419130
203862579129
204026739128
204190899127
204715539126
204879699125
205524499124
205688659123
206213299122
206377459121
206661779120
207186419119
207350579118
207514739117
207678899116
207963219115
208127379114
208291539113
208696019112
208860179111
209504979110
209669139109
209833299108
210117619107
210522099106
210806419105
210970579104
211134739103
211539219102
211703379101
211867539100
212151859099
212316019098
212480179097
212644339096
212808499095
212972659094
213136819093
213300979092
213465139091
214109939090
214754739089
215039059088
215203219087
215487539086
215651699085
215815859084
215980019083
216384499082
216548659081
216953139080
217237459079
217401619078
217565779077
217850099076
218254579075
218538899074
218823219073
218987379072
219151539071
220036659070
220200819069
220364979068
220649299067
221053779066
221458259065
221622419064
221906739063
222191059062
222715699061
222879859060
223044019059
223208179058
223852979057
224617939056
224902259055
225066419054
225230579053
225394739052
225679059051
225963379050
226127539049
226291699048
226455859047
226860339046
227625299045
227909619044
228073779043
228358099042
228522259041
228686419040
228850579039
229375219038
229779699037
229943859036
230108019035
230272179034
230436339033
230600499032
230764659031
230928819030
231092979029
231257139028
231541459027
231705619026
231869779025
232514579024
232678739023
232842899022
233007059021
233772019020
234296659019
234460819018
234624979017
235510099016
235674259015
236078739014
236363059013
236527219012
236691379011
237095859010
237260019009
237544339008
237828659007
237992819006
238156979005
238441299004
238845779003
239130099002
239895059001
240299539000
240463698999
240627858998
240792018997
240956178996
241120338995
241524818994
241688978993
241853138992
242017298991
242181458990
242345618989
242509778988
243034418987
244039698986
244203858985
244608338984
245493458983
245657618982
247143538981
247788338980
248072658979
248236818978
248641298977
248805458976
248969618975
249133778974
250018898973
250543538972
250707698971
250871858970
251276338969
251440498968
251604658967
251768818966
251932978965
252097138964
252261298963
252425458962
252829938961
253114258960
253278418959
253923218958
254087378957
254371698956
254535858955
254700018954
254864178953
255028338952
255192498951
255356658950
255520818949
256165618948
256329778947
257695538946
257859698945
258264178944
258548498943
258712658942
258876818941
259040978940
259205138939
259369298938
259533458937
259697618936
259861778935
260025938934
260190098933
260354258932
260518418931
260682578930
260846738929
261010898928
261295218927
261459378926
261623538925
261787698924
261951858923
262476498922
262880978921
263045138920
263209298919
263373458918
263537618917
263701778916
264226418915
264630898914
264795058913
265079378912
266084658911
266248818910
266533138909
266697298908
266861458907
267025618906
267189778905
267474098904
267638258903
268162898902
268567378901
268731538900
269015858899
269180018898
269344178897
269508338896
269672498895
270076978894
270241138893
270405298892
270809778891
271334418890
271498578889
271782898888
272427698887
272591858886
273356818885
273520978884
274045618883
274209778882
274373938881
274538098880
275303058879
275707538878
276712818877
276997138876
277161298875
277685938874
278090418873
278254578872
278418738871
278582898870
278867218869
279271698868
279435858867
279600018866
279764178865
279928338864
280092498863
280256658862
280420818861
280584978860
280749138859
280913298858
281077458857
281361778856
281766258855
282411058854
282575218853
283340178852
283744658851
283908818850
284072978849
284717778848
284881938847
285166258846
285330418845
285494578844
286019218843
286183378842
286948338841
287112498840
287396818839
287560978838
287965458837
288369938836
288534098835
289058738834
289222898833
289867698832
290031858831
290196018830
290960978829
291485618828
291769938827
292054258826
292218418825
292622898824
293267698823
294032658822
294557298821
294721458820
295846898819
296011058818
296415538817
297180498816
298185778815
298950738814
299114898813
299519378812
299683538811
299847698810
300011858809
300176018808
300940978807
301105138806
301269298805
301433458804
301597618803
301761778802
302286418801
302450578800
302734898799
302899058798
303063218797
303467698796
303631858795
303916178794
304080338793
304484818792
304769138791
305053458790
306178898789
306463218788
306627378787
306911698786
307196018785
307480338784
307644498783
307808658782
307972818781
308257138780
308901938779
309066098778
309230258777
309634738776
309798898775
310203378774
310367538773
310531698772
310695858771
310860018770
311144338769
311308498768
311472658767
312357778766
312762258765
312926418764
313210738763
313374898762
314139858761
314544338760
314708498759
314872658758
315036818757
315200978756
315365138755
316009938754
316174098753
316458418752
316622578751
316786738750
316950898749
317355378748
317759858747
318284498746
318448658745
318612818744
318897138743
319301618742
319465778741
319990418740
320274738739
320438898738
320603058737
321007538736
321171698735
321456018734
321620178733
321784338732
322188818731
322352978730
323117938729
323282098728
323446258727
323850738726
324014898725
324179058724
324463378723
324867858722
325512658721
325676818720
325840978719
326245458718
326649938717
327535058716
327819378715
327983538714
328147698713
328311858712
328836498711
329240978710
329765618709
329929778708
330093938707
330258098706
330542418705
330706578704
330870738703
331155058702
331319218701
331603538700
332248338699
332412498698
332576658697
332740818696
332904978695
333189298694
333713938693
333998258692
334162418691
334566898690
334971378689
335135538688
335299698687
335463858686
335628018685
336032498684
336196658683
336360818682
336524978681
336809298680
336973458679
337137618678
337301778677
337706258676
337870418675
338034578674
338198738673
338362898672
338527058671
338691218670
338855378669
339019538668
339183698667
339347858666
339512018665
339676178664
339960498663
340124658662
340288818661
340452978660
341097778659
341622418658
341906738657
342070898656
342235058655
342399218654
342563378653
342727538652
342891698651
343296178650
343700658649
344345458648
344509618647
345034258646
345438738645
346203698644
346608178643
346772338642
347176818641
347701458640
347865618639
348029778638
348314098637
349199218636
349483538635
349647698634
349811858633
349976018632
350260338631
350424498630
350588658629
350752818628
350916978627
351081138626
351605778625
352490898624
352655058623
353059538622
353223698621
353387858620
353912498619
354316978618
354481138617
354645298616
354809458615
355334098614
355498258613
355662418612
356547538611
356711698610
357236338609
357520658608
357925138607
358089298606
358253458605
358657938604
358942258603
359106418602
359270578601
359434738600
359839218599
360003378598
360407858597
360812338596
361096658595
361380978594
362266098593
362550418592
362714578591
362878738590
363042898589
363327218588
363611538587
363775698586
363939858585
364104018584
364268178583
364672658582
364836818581
365361458580
365525618579
365689778578
365853938577
366018098576
366182258575
366346418574
366510578573
366674738572
366838898571
367003058570
367167218569
367331378568
367735858567
368140338566
368544818565
370030738564
370315058563
370479218562
370643378561
370927698560
371091858559
371256018558
371420178557
371584338556
371868658555
372152978554
372557458553
373923218552
374447858551
374612018550
375016498549
375180658548
375464978547
375629138546
375913458545
376077618544
376241778543
376405938542
376570098541
376734258540
376898418539
378264178538
378428338537
378592498536
379357458535
379761938534
380046258533
380811218532
381335858531
381740338530
381904498529
382068658528
382713458527
382997778526
383282098525
383566418524
383730578523
384014898522
384419378521
384583538520
384747698519
385392498518
385556658517
385720818516
386125298515
386289458514
386693938513
386858098512
387022258511
387186418510
387350578509
388355858508
388520018507
388684178506
389088658505
389613298504
389897618503
390542418502
391067058501
391351378500
391515538499
392640978498
393045458497
393209618496
393614098495
394138738494
394423058493
394587218492
394991698491
395155858490
395320018489
395724498488
396008818487
396172978486
396457298485
396621458484
396785618483
396949778482
397354258481
397758738480
397922898479
398087058478
399572978477
400097618476
400381938475
400786418474
400950578473
401355058472
401879698471
402043858470
402208018469
402852818468
403377458467
403541618466
403705778465
403869938464
404034098463
404558738462
404722898461
404887058460
405291538459
405455698458
405740018457
405904178456
406068338455
406232498454
406396658453
406921298452
407325778451
407489938450
407654098449
407818258448
407982418447
408146578446
408671218445
409075698444
409239858443
409884658442
410048818441
410333138440
410497298439
410901778438
411065938437
412191378436
412595858435
413120498434
413645138433
414289938432
415175058431
415339218430
415503378429
416028018428
416192178427
416476498426
417121298425
417405618424
418050418423
418214578422
418378738421
418903378420
419307858419
419472018418
419996658417
420160818416
420445138415
420609298414
420773458413
420937618412
421101778411
421265938410
421430098409
421594258408
421878578407
422162898406
422327058405
422731538404
423015858403
423180018402
423344178401
423508338400
423672498399
423836658398
424000818397
424164978396
424329138395
425094098394
425258258393
425662738392
425826898391
426111218390
426275378389
426439538388
426603698387
427008178386
427172338385
427576818384
427740978383
427905138382
428429778381
428954418380
429238738379
429523058378
429807378377
429971538376
430135698375
430660338374
430824498373
432670898372
432835058371
433119378370
433283538369
433447698368
433611858367
434977618366
435141778365
435546258364
435710418363
435874578362
436279058361
436443218360
436607378359
437132018358
437536498357
437700658356
437864818355
438149138354
438313298353
438477458352
439122258351
439286418350
439570738349
440095378348
440259538347
440904338346
441428978345
441593138344
442478258343
442642418342
442806578341
443331218340
444216338339
444380498338
444664818337
444828978336
444993138335
445157298334
445561778333
445846098332
446130418331
446775218330
447059538329
447223698328
447508018327
447912498326
448316978325
448481138324
448645298323
449169938322
449694578321
449858738320
450143058319
450307218318
450471378317
450635538316
450919858315
451084018314
451248178313
451412338312
451696658311
452221298310
452385458309
452669778308
452833938307
453238418306
453402578305
453566738304
453730898303
454495858302
454660018301
454824178300
454988338299
455152498298
455436818297
455841298296
456245778295
456890578294
457054738293
457218898292
457383058291
457547218290
457711378289
457875538288
458400178287
458684498286
459088978285
459373298284
459537458283
460062098282
460346418281
460510578280
460794898279
460959058278
461363538277
461527698276
461691858275
461976178274
462260498273
462424658272
462708978271
462993298270
463517938269
463682098268
463846258267
464250738266
464775378265
465300018264
465464178263
465628338262
465912658261
466317138260
466481298259
466645458258
467049938257
467334258256
467618578255
467902898254
468067058253
468351378252
468635698251
468799858250
468964018249
469608818248
469772978247
470177458246
470341618245
471346898244
471511058243
471915538242
472079698241
472243858240
472528178239
472692338238
472856498237
473020658236
473184818235
473469138234
473633298233
473797458232
473961618231
474245938230
475010898229
475175058228
475339218227
475503378226
475667538225
475831698224
476116018223
476280178222
476444338221
476728658220
476892818219
477657778218
477942098217
478586898216
478751058215
479035378214
479199538213
479363698212
479527858211
479692018210
479856178209
480020338208
480184498207
480348658206
480512818205
480676978204
480841138203
481005298202
481409778201
481814258200
481978418199
482142578198
482547058197
482711218196
482875378195
483159698194
483564178193
483968658192
484733618191
484897778190
485061938189
485226098188
485390258187
485554418186
485718578185
485882738184
486046898183
486211058182
486375218181
486539378180
486703538179
487468498178
487632658177
487796818176
488441618175
488605778174
488769938173
488934098172
489578898171
489983378170
490147538169
490431858168
490596018167
490760178166
490924338165
491088498164
491252658163
491536978162
491701138161
491865298160
492149618159
493275058158
493799698157
494084018156
494248178155
494412338154
494576498153
494740658152
494904818151
495068978150
495353298149
495517458148
495921938147
496206258146
496490578145
496654738144
496939058143
497223378142
497387538141
497551698140
498196498139
498360658138
499245778137
499409938136
499574098135
499858418134
500142738133
500306898132
500471058131
500635218130
500919538129
501083698128
501247858127
501412018126
501576178125
501860498124
502024658123
502188818122
502833618121
503117938120
503402258119
503686578118
503850738117
504014898116
504179058115
504343218114
504507378113
504671538112
504955858111
505480498110
505884978109
506049138108
506453618107
506617778106
506902098105
507066258104
507230418103
507394578102
507558738101
507722898100
507887058099
508051218098
508215378097
508499698096
508784018095
508948178094
509112338093
509276498092
509440658091
509604818090
510249618089
510413778088
510577938087
510742098086
512107858085
512752658084
512916818083
513080978082
513365298081
513649618080
513813778079
514098098078
514382418077
514546578076
514830898075
514995058074
515760018073
516044338072
516448818071
516612978070
516777138069
516941298068
517706258067
518471218066
518875698065
519160018064
519324178063
519488338062
520493618061
520898098060
521062258059
521226418058
521390578057
521554738056
521959218055
522243538054
522648018053
522812178052
523817458051
523981618050
524145778049
524309938048
524474098047
524638258046
524802418045
524966578044
525130738043
525415058042
525579218041
525983698040
526748658039
526912818038
527197138037
527361298036
528006098035
528410578034
528694898033
528859058032
529023218031
529187378030
529351538029
529515698028
529679858027
529964178026
530488818025
530652978024
530817138023
530981298022
531385778021
532030578020
532194738019
532719378018
532883538017
533648498016
533812658015
533976818014
535462738013
535867218012
536031378011
536195538010
536720178009
536884338008
537408978007
539015058006
539179218005
539703858004
539868018003
540032178002
540917298001
541682258000
542327057999
542731537998
543616657997
544021137996
544305457995
544469617994
544633777993
544918097992
545082257991
545366577990
545771057989
545935217988
546219537987
546383697986
546547857985
546952337984
547356817983
547761297982
548165777981
548570257980
548734417979
549138897978
549303057977
549467217976
550112017975
550276177974
550560497973
550724657972
551008977971
551533617970
551697777969
552582897968
552867217967
553512017966
553676177965
553840337964
554004497963
554168657962
554332817961
554496977960
554661137959
555065617958
555229777957
555754417956
555918577955
556323057954
556967857953
557612657952
558257457951
558421617950
558585777949
558870097948
559514897947
561000817946
561164977945
561569457944
561733617943
561897777942
562182097941
562466417940
562870897939
563035057938
563199217937
563844017936
564008177935
564172337934
566018737933
567264337932
568029297931
568313617930
568477777929
569242737928
569406897927
570051697926
570215857925
570620337924
570784497923
570948657922
572074097921
572478577920
572642737919
572806897918
572971057917
573375537916
573780017915
573944177914
574228497913
574753137912
574917297911
575081457910
575245617909
575650097908
575934417907
576098577906
576382897905
576547057904
576951537903
577115697902
577279857901
577684337900
577848497899
578613457898
578897777897
579061937896
579226097895
579390257894
579674577893
579838737892
580002897891
580647697890
581052177889
581696977888
581861137887
582505937886
582910417885
583314897884
583479057883
583643217882
583927537881
584332017880
584496177879
585020817878
585184977877
585829777876
585993937875
586398417874
586682737873
587087217872
587732017871
588496977870
588661137869
588945457868
589109617867
589634257866
589918577865
591885137864
592049297863
592213457862
592617937861
592782097860
592946257859
593110417858
593274577857
593438737856
593602897855
593767057854
593931217853
594095377852
594499857851
595625297850
595789457849
596914897848
597079057847
597483537846
598008177845
598412657844
598576817843
598861137842
599986577841
600150737840
600314897839
600479057838
601123857837
601288017836
601452177835
601616337834
602020817833
602665617832
602829777831
602993937830
603158097829
603322257828
603486417827
603770737826
604055057825
604459537824
604623697823
604787857822
604952017821
605116177820
605280337819
605444497818
605608657817
606373617816
606537777815
606822097814
607106417813
607270577812
607915377811
608079537810
608363857809
608768337808
608932497807
609096657806
609380977805
609545137804
609709297803
609993617802
610398097801
612124337800
612528817799
612692977798
612857137797
613021297796
613425777795
613830257794
614354897793
614759377792
615764657791
615928817790
616092977789
617338577788
617502737787
617666897786
617831057785
618115377784
618279537783
618563857782
618728017781
619012337780
619176497779
619460817778
620225777777
620870577776
621275057775
621679537774
621843697773
622007857772
622172017771
622336177770
622980977769
623145137768
623309297767
623473457766
623637617765
623801777764
623965937763
624130097762
624294257761
624458417760
624862897759
625027057758
625431537757
625956177756
626480817755
626644977754
626929297753
627093457752
627257617751
627421777750
627585937749
627870257748
628995697747
629159857746
629324017745
629488177744
629772497743
630056817742
630220977741
630385137740
630549297739
630953777738
631238097737
631522417736
631686577735
631850737734
632255217733
632419377732
632583537731
632867857730
634353777729
634758257728
635282897727
635447057726
635611217725
636135857724
636660497723
636944817722
637469457721
637753777720
638158257719
638322417718
638486577717
638650737716
638814897715
638979057714
639383537713
639547697712
639832017711
640116337710
640400657709
640564817708
640728977707
640893137706
641057297705
641221457704
641625937703
642511057702
642675217701
642839377700
643364017699
643528177698
643692337697
644577457696
644741617695
644905777694
645190097693
645474417692
645638577691
645802737690
645966897689
646131057688
646295217687
646459377686
646623537685
646787697684
646951857683
647116017682
647280177681
647444337680
647608497679
647772657678
647936817677
648341297676
648505457675
648669617674
649194257673
650079377672
650363697671
650888337670
651172657669
651456977668
651621137667
651785297666
651949457665
652353937664
652518097663
652682257662
652846417661
653010577660
653174737659
653579217658
653983697657
655109137656
655273297655
655437457654
655721777653
655885937652
656290417651
656454577650
656618737649
657143377648
657788177647
657952337646
658116497645
658761297644
658925457643
659329937642
659974737641
660138897640
660543377639
660947857638
661112017637
661276177636
661440337635
661604497634
662729937633
663615057632
663899377631
664063537630
664227697629
664391857628
664676177627
664840337626
665004497625
665288817624
665573137623
666097777622
666502257621
666786577620
667431377619
667595537618
668480657617
668644817616
668808977615
668973137614
669137297613
669421617612
669585777611
670350737610
670514897609
671039537608
671203697607
671728337606
672373137605
672777617604
673182097603
673586577602
673750737601
673914897600
674920177599
675204497598
675488817597
675652977596
676417937595
677062737594
677347057593
678112017592
678276177591
678440337590
678724657589
678888817588
679533617587
679697777586
680102257585
680506737584
680791057583
681195537582
681479857581
681644017580
682048497579
682452977578
682617137577
682781297576
682945457575
683590257574
683754417573
684038737572
685284337571
685808977570
686093297569
686377617568
686541777567
686826097566
686990257565
687154417564
687318577563
687482737562
687646897561
687811057560
688215537559
688379697558
688543857557
688708017556
689352817555
689757297554
689921457553
690085617552
690249777551
690413937550
690578097549
690742257548
690906417547
691070577546
691475057545
691639217544
691803377543
692207857542
692612337541
692776497540
693060817539
693224977538
693749617537
693913777536
694077937535
694242097534
694526417533
694810737532
695335377531
695499537530
696745137529
696909297528
697073457527
697237617526
697642097525
697806257524
697970417523
698134577522
698298737521
698462897520
698747217519
699151697518
699315857517
699480017516
699764337515
699928497514
700693457513
700857617512
701021777511
701185937510
701590417509
701754577508
702159057507
702443377506
702847857505
703853137504
704137457503
704421777502
704585937501
705110577500
705274737499
705799377498
706684497497
706968817496
707253137495
707657617494
707821777493
708106097492
708270257491
708554577490
708838897489
709003057488
709287377487
709451537486
709856017485
710020177484
710424657483
710588817482
710752977481
710917137480
711081297479
711245457478
712611217477
712895537476
713179857475
713704497474
713988817473
714273137472
715158257471
715682897470
715847057469
716131377468
716415697467
716579857466
716744017465
717148497464
717312657463
717476817462
717640977461
718045457460
718570097459
718734257458
719018577457
719182737456
719346897455
719751377454
720155857453
720440177452
720604337451
720768497450
720932657449
721096817448
721260977447
721425137446
721589297445
721753457444
721917617443
722081777442
722366097441
722530257440
722694417439
723219057438
723383217437
723547377436
723711537435
724356337434
724880977433
725045137432
725449617431
725613777430
725898097429
726062257428
726226417427
726630897426
726795057425
726959217424
727123377423
727287537422
727451697421
727615857420
727780017419
727944177418
728108337417
728753137416
729397937415
729562097414
729726257413
729890417412
730054577411
730218737410
731224017409
731388177408
731552337407
731836657406
732000817405
732285137404
732449297403
733094097402
733498577401
733662737400
733826897399
734351537398
734515697397
734800017396
734964177395
735128337394
736133617393
736297777392
736582097391
736866417390
737030577389
737194737388
737839537387
738003697386
738167857385
738572337384
738736497383
739140977382
739545457381
739709617380
739873777379
740158097378
740322257377
740486417376
741011057375
741175217374
741339377373
741503537372
741667697371
741952017370
742116177369
743241617368
743405777367
743810257366
743974417365
744499057364
745143857363
745548337362
745712497361
745876657360
746040817359
746204977358
746369137357
746773617356
747057937355
747222097354
747746737353
747910897352
748555697351
748840017350
749364657349
749648977348
749813137347
749977297346
750141457345
750305617344
750469777343
750633937342
750798097341
750962257340
752087697339
752251857338
753016817337
753180977336
753465297335
753629457334
754154097333
754678737332
754842897331
755007057330
756012337329
756296657328
756460817327
756624977326
756789137325
756953297324
758198897323
758363057322
758647377321
758811537320
758975697319
759139857318
759304017317
759828657316
760473457315
760637617314
760801777313
760965937312
761130097311
761294257310
761458417309
761862897308
762267377307
762671857306
762956177305
763360657304
763524817303
763688977302
765054737301
765579377300
765863697299
766027857298
766792817297
767077137296
767241297295
767405457294
767809937293
768094257292
768258417291
768783057290
768947217289
769111377288
769275537287
769920337286
770444977285
770729297284
770893457283
771057617282
772303217281
772587537280
772871857279
773036017278
773200177277
773364337276
773768817275
773932977274
774097137273
774501617272
774665777271
774950097270
775114257269
775518737268
775682897267
776327697266
776972497265
777376977264
777541137263
778185937262
778350097261
778634417260
778798577259
778962737258
779126897257
779291057256
779695537255
779859697254
780023857253
780188017252
780352177251
780636497250
781161137249
781685777248
781849937247
782014097246
782178257245
782342417244
782987217243
783271537242
783916337241
784080497240
784244657239
784889457238
785293937237
785458097236
785622257235
786867857234
787392497233
787676817232
788201457231
788485777230
788770097229
788934257228
789098417227
789863377226
790027537225
790191697224
790355857223
790520017222
791044657221
791328977220
791613297219
792017777218
792181937217
792346097216
792990897215
793515537214
794040177213
794324497212
794488657211
794652817210
794816977209
794981137208
795746097207
795910257206
796555057205
796719217204
797123697203
797287857202
797452017201
797616177200
797780337199
797944497198
798108657197
798272817196
798436977195
799081777194
799245937193
799410097192
799574257191
799738417190
799902577189
800066737188
800351057187
800515217186
801880977185
802045137184
802329457183
802854097182
803018257181
803182417180
803586897179
803871217178
804035377177
804199537176
804604017175
804768177174
804932337173
805096497172
805260657171
805665137170
805829297169
806113617168
806277777167
806441937166
806966577165
807130737164
807294897163
807459057162
807623217161
807787377160
808312017159
808476177158
808640337157
808924657156
809208977155
809373137154
809537297153
809701457152
810105937151
810390257150
810554417149
810838737148
811002897147
811407377146
811932017145
812336497144
812500657143
812664817142
812828977141
813353617140
813517777139
813802097138
813966257137
814250577136
814414737135
814578897134
815343857133
815508017132
815912497131
816677457130
816841617129
817486417128
817650577127
818175217126
818339377125
818503537124
818787857123
818952017122
819116177121
819280337120
819444497119
819608657118
819772817117
819936977116
820101137115
820265297114
820429457113
820593617112
820757777111
820921937110
821206257109
821370417108
822135377107
822299537106
822463697105
822627857104
822792017103
822956177102
823120337101
823524817100
823688977099
823973297098
824137457097
824301617096
824465777095
825350897094
825635217093
825919537092
826083697091
826488177090
827253137089
827417297088
827581457087
827985937086
828150097085
828314257084
828598577083
828762737082
829527697081
830052337080
830216497079
830380657078
830905297077
831069457076
831233617075
831397777074
831561937073
831726097072
831890257071
832054417070
832218577069
832382737068
832787217067
832951377066
833115537065
833399857064
833684177063
833848337062
834132657061
834296817060
834460977059
834985617058
835390097057
835554257056
835838577055
836002737054
836407217053
836691537052
836975857051
837620657050
837784817049
838309457048
838713937047
839118417046
839282577045
839446737044
839971377043
840375857042
840540017041
840824337040
841108657039
841753457038
841917617037
842081777036
842726577035
842890737034
843054897033
843579537032
843743697031
843907857030
844312337029
845077297028
845481777027
845645937026
845810097025
846334737024
846498897023
846663057022
846827217021
846991377020
847155537019
847439857018
847724177017
847888337016
848052497015
848216657014
848380817013
848905457012
849069617011
849233777010
849397937009
849682257008
849846417007
850010577006
850535217005
850699377004
850863537003
851027697002
851191857001
851356017000
851520176999
851924656998
852569456997
852733616996
853017936995
853182096994
853706736993
853991056992
854155216991
854319376990
854483536989
854888016988
855172336987
855336496986
855500656985
856145456984
856309616983
856954416982
857118576981
857402896980
857567056979
857851376978
858135696977
858299856976
858464016975
858628176974
859152816973
859437136972
859601296971
859885616970
860049776969
860213936968
860378096967
860542256966
861187056965
861351216964
861515376963
862400496962
862564656961
862728816960
863013136959
863537776958
863822096957
864226576956
864390736955
864554896954
865680336953
866084816952
866489296951
868455856950
868620016949
868904336948
869068496947
869472976946
869637136945
869801296944
870926736943
871090896942
871735696941
871899856940
872064016939
872588656938
872993136937
873157296936
873681936935
873966256934
874130416933
874294576932
874458736931
874743056930
875147536929
875552016928
875716176927
875880336926
876164656925
876328816924
876733296923
876897456922
877061616921
877225776920
877389936919
877554096918
877718256917
878002576916
878407056915
878691376914
878855536913
879019696912
879424176911
879588336910
880112976909
881118256908
881282416907
881566736906
881971216905
882495856904
883380976903
883545136902
884189936901
884954896900
885239216899
885403376898
885567536897
885731696896
885895856895
886180176894
886344336893
886508496892
886672656891
886836816890
887000976889
887165136888
887329296887
887493456886
887657616885
887821776884
887985936883
888150096882
888314256881
888478416880
888642576879
888926896878
889091056877
889255216876
889419376875
889583536874
889747696873
889911856872
890076016871
890240176870
890404336869
890568496868
890732656867
890896816866
891060976865
891225136864
891389296863
891553456862
891717616861
891881776860
892166096859
892450416858
892734736857
893019056856
893904176855
894068336854
894833296853
895117616852
895281776851
895445936850
895850416849
896014576848
896539216847
896703376846
896987696845
897151856844
897316016843
897480176842
897644336841
897928656840
898693616839
899338416838
899502576837
899786896836
900311536835
900475696834
900760016833
900924176832
901088336831
901252496830
901536816829
902061456828
902225616827
902389776826
902553936825
902838256824
903723376823
904488336822
904652496821
905056976820
905221136819
905385296818
905549456817
905713616816
905877776815
906162096814
906446416813
906730736812
907015056811
907179216810
907343376809
907747856808
907912016807
908316496806
908480656805
908644816804
908808976803
910054576802
910218736801
910743376800
911868816799
912153136798
912437456797
913082256796
913606896795
913891216794
914055376793
914219536792
914624016791
915028496790
915192656789
915476976788
915881456787
916045616786
916209776785
916373936784
916538096783
917182896782
917347056781
917631376780
917795536779
917959696778
918123856777
918288016776
918452176775
918976816774
919501456773
919665616772
920070096771
920474576770
921119376769
922485136768
922649296767
923053776766
923217936765
923382096764
923786576763
924070896762
924355216761
924639536760
924923856759
925328336758
925492496757
925656656756
925820816755
925984976754
926149136753
926313296752
926477456751
926641616750
926805776749
926969936748
927134096747
927298256746
927462416745
927626576744
928271376743
928675856742
928840016741
929004176740
929168336739
929332496738
929736976737
930381776736
930545936735
930710096734
930994416733
931158576732
931322736731
931486896730
931771216729
932055536728
932219696727
932383856726
932668176725
933192816724
933597296723
933761456722
933925616721
934089776720
934253936719
934538256718
934942736717
935227056716
935391216715
935795696714
935959856713
936124016712
936288176711
936452336710
936616496709
937261296708
937425456707
938190416706
938354576705
938518736704
938682896703
938847056702
939131376701
939295536700
939820176699
939984336698
940148496697
940432816696
940596976695
940761136694
940925296693
941329776692
941493936691
941658096690
942062576689
942226736688
942390896687
942915536686
943079696685
943243856684
943408016683
943572176682
943736336681
943900496680
944304976679
944469136678
944873616677
945037776676
945442256675
945726576674
945890736673
946054896672
946219056671
946383216670
946547376669
946711536668
946875696667
947039856666
947324176665
947488336664
947652496663
948297296662
948461456661
948986096660
949510736659
950636176658
950800336657
950964496656
951128656655
952133936654
952298096653
952462256652
952626416651
953511536650
953675696649
953839856648
954004016647
954168176646
954452496645
954736816644
954900976643
955065136642
955229296641
955633776640
955797936639
956442736638
956606896637
956771056636
956935216635
957099376634
958344976633
958629296632
958793456631
959197936630
959362096629
959646416628
959810576627
960335216626
960499376625
960903856624
961068016623
961472496622
961636656621
961800816620
961964976619
962249296618
962773936617
962938096616
963102256615
963626896614
963791056613
964195536612
964359696611
964764176610
964928336609
965092496608
965256656607
965420816606
965705136605
965989456604
966273776603
966437936602
967082736601
967246896600
967531216599
967695376598
967859536597
968384176596
968548336595
968712496594
968996816593
969401296592
969685616591
970210256590
970374416589
970538576588
970702736587
970866896586
971511696585
971675856584
972080336583
972244496582
972408656581
972692976580
972857136579
973021296578
973425776577
973830256576
973994416575
974278736574
974442896573
974607056572
974771216571
975055536570
975219696569
975383856568
975548016567
975952496566
976116656565
976280816564
976805456563
977089776562
977854736561
978739856560
978904016559
979068176558
979232336557
979396496556
979560656555
979724816554
980489776553
980774096552
980938256551
981102416550
981987536549
982151696548
982315856547
982480016546
982644176545
983288976544
983453136543
983617296542
983781456541
984426256540
984590416539
985235216538
985399376537
985803856536
986328496535
986973296534
987257616533
987421776532
987585936531
987750096530
987914256529
988198576528
988362736527
988526896526
988691056525
988855216524
989019376523
989183536522
989467856521
989752176520
990036496519
990440976518
990605136517
991009616516
991534256515
991698416514
991862576513
992026736512
992190896511
992355056510
992519216509
992683376508
993087856507
993252016506
993896816505
994421456504
994585616503
994749776502
995634896501
995799056500
995963216499
996127376498
996772176497
996936336496
997100496495
997264656494
998390096493
998914736492
999078896491
999363216490
999647536489
999811696488
1000216176487
1000380336486
1000784816485
1001069136484
1001473616483
1001637776482
1001801936481
1002206416480
1003331856479
1003496016478
1003660176477
1003824336476
1003988496475
1004152656474
1004316816473
1004480976472
1005245936471
1005770576470
1006415376469
1006579536468
1006743696467
1006907856466
1007672816465
1007836976464
1008241456463
1008405616462
1008810096461
1009695216460
1009859376459
1010023536458
1010187696457
1010351856456
1010756336455
1010920496454
1011324976453
1011489136452
1012013776451
1012177936450
1012342096449
1012746576448
1012910736447
1013074896446
1013359216445
1013643536444
1014168176443
1014332336442
1014977136441
1015501776440
1015665936439
1015950256438
1016114416437
1016278576436
1016562896435
1016847216434
1017371856433
1017656176432
1017940496431
1018104656430
1018268816429
1018432976428
1018597136427
1018761296426
1019045616425
1019690416424
1019854576423
1020859856422
1021024016421
1021188176420
1021472496419
1021636656418
1021800816417
1022325456416
1022489616415
1022894096414
1023058256413
1023462736412
1023747056411
1024151536410
1024676176409
1024960496408
1025244816407
1025408976406
1025933616405
1026338096404
1026622416403
1027026896402
1027191056401
1027475376400
1028000016399
1028404496398
1028808976397
1028973136396
1029137296395
1029301456394
1029465616393
1030230576392
1030635056391
1030799216390
1030963376389
1031367856388
1031532016387
1032056656386
1032461136385
1032985776384
1033991056383
1034635856382
1034800016381
1035084336380
1035729136379
1036013456378
1036177616377
1036461936376
1036746256375
1036910416374
1037074576373
1037238736372
1037523056371
1038167856370
1038332016369
1039096976368
1039261136367
1039425296366
1039589456365
1039753616364
1039917776363
1040322256362
1040486416361
1040650576360
1040814736359
1040978896358
1041263216357
1041427376356
1041711696355
1041996016354
1042160176353
1042804976352
1042969136351
1043613936350
1043778096349
1044062416348
1044707216347
1045111696346
1045275856345
1045560176344
1045724336343
1046128816342
1046533296341
1046817616340
1047101936339
1047266096338
1047430256337
1047834736336
1048840016335
1049004176334
1049168336333
1049332496332
1049616816331
1049780976330
1049945136329
1050349616328
1050754096327
1050918256326
1051082416325
1051246576324
1052131696323
1052295856322
1052460016321
1052864496320
1053028656319
1053312976318
1053837616317
1054121936316
1054406256315
1054570416314
1054734576313
1055018896312
1055183056311
1055347216310
1055631536309
1056156176308
1056320336307
1056484496306
1057009136305
1057293456304
1057577776303
1057741936302
1057906096301
1058070256300
1058234416299
1058398576298
1058803056297
1059207536296
1059732176295
1060256816294
1060541136293
1060705296292
1060989616291
1061754576290
1061918736289
1062203056288
1062367216287
1062531376286
1063296336285
1063460496284
1063624656283
1063788816282
1064193296281
1064357456280
1064641776279
1065166416278
1065811216277
1065975376276
1066139536275
1066303696274
1066467856273
1066872336272
1067036496271
1067200656270
1067484976269
1067649136268
1067813296267
1068217776266
1068622256265
1069026736264
1069190896263
1069595376262
1069759536261
1070043856260
1070808816259
1070972976258
1071257296257
1071421456256
1071825936255
1072110256254
1072634896253
1072919216252
1073203536251
1073367696250
1073531856249
1073816176248
1073980336247
1074264656246
1074909456245
1075914736244
1076078896243
1076483376242
1076767696241
1077172176240
1077576656239
1077860976238
1078025136237
1078189296236
1078353456235
1078517616234
1078681776233
1078845936232
1079130256231
1079775056230
1079939216229
1080103376228
1080507856227
1081392976226
1082157936225
1082802736224
1082966896223
1083131056222
1083655696221
1084180336220
1084344496219
1084748976218
1084913136217
1085077296216
1085361616215
1085525776214
1085930256213
1086334736212
1086498896211
1086663056210
1086827216209
1087472016208
1087876496207
1088521296206
1089045936205
1089570576204
1089734736203
1089898896202
1090183216201
1091789296200
1091953456199
1092357936198
1092882576197
1093166896196
1093331056195
1093975856194
1094260176193
1095746096192
1096030416191
1096795376190
1096959536189
1097724496188
1097888656187
1098293136186
1098457296185
1098621456184
1098785616183
1098949776182
1099113936181
1099398256180
1099682576179
1099966896178
1100131056177
1100655696176
1100819856175
1101104176174
1101268336173
1101432496172
1101596656171
1102001136170
1102405616169
1102689936168
1102974256167
1103138416166
1103302576165
1103586896164
1103751056163
1103915216162
1104079376161
1104363696160
1104527856159
1105412976158
1105577136157
1105741296156
1105905456155
1106069616154
1106233776153
1106397936152
1106562096151
1106966576150
1107250896149
1107775536148
1108059856147
1108224016146
1108508336145
1108672496144
1108956816143
1109241136142
1109405296141
1109689616140
1109973936139
1110498576138
1110782896137
1111187376136
1111351536135
1111876176134
1112040336133
1112324656132
1112729136131
1113734416130
1113898576129
1114062736128
1114226896127
1114631376126
1115276176125
1115680656124
1115844816123
1116129136122
1116293296121
1116938096120
1117342576119
1117747056118
1117911216117
1118916496116
1119080656115
1119244816114
1119529136113
1119813456112
1120338096111
1120622416110
1121147056109
1121912016108
1122076176107
1122240336106
1122404496105
1122568656104
1122732816103
1122896976102
1123181296101
1123345456100
1123509616099
1123793936098
1124679056097
1124963376096
1125127536095
1125532016094
1125696176093
1126100656092
1126505136091
1126669296090
1126833456089
1126997616088
1127161776087
1127325936086
1127490096085
1127654256084
1127818416083
1128102736082
1128266896081
1129152016080
1129316176079
1129480336078
1129644496077
1129808656076
1130213136075
1130377296074
1130781776073
1131066096072
1131350416071
1131754896070
1132039216069
1132203376068
1132607856067
1132772016066
1133296656065
1133460816064
1133624976063
1134149616062
1134433936061
1134598096060
1134882416059
1135407056058
1135571216057
1135735376056
1135899536055
1136183856054
1136708496053
1137233136052
1137517456051
1137801776050
1137965936049
1138130096048
1138294256047
1138698736046
1138983056045
1139387536044
1139551696043
1139715856042
1140240496041
1140524816040
1140929296039
1141093456038
1141257616037
1141421776036
1141585936035
1141750096034
1141914256033
1142078416032
1142362736031
1143007536030
1144012816029
1144417296028
1144581456027
1144745616026
1144909776025
1145073936024
1145478416023
1145642576022
1145806736021
1145970896020
1146135056019
1146299216018
1147064176017
1147348496016
1147512656015
1147917136014
1148081296013
1148245456012
1148409616011
1148573776010
1148737936009
1149022256008
1149306576007
1149470736006
1149634896005
1150039376004
1150203536003
1150367696002
1150531856001
1150696016000
1150860175999
1151144495998
1151428815997
1151592975996
1151757135995
1152161615994
1152926575993
1153090735992
1153254895991
1153419055990
1154664655989
1154828815988
1155113135987
1155397455986
1155561615985
1155725775984
1156130255983
1156294415982
1156578735981
1156863055980
1157147375979
1157311535978
1157475695977
1158000335976
1158164495975
1158328655974
1158612975973
1159257775972
1159421935971
1159706255970
1160230895969
1160395055968
1161160015967
1161924975966
1162089135965
1162253295964
1162537615963
1162701775962
1163106255961
1163270415960
1163434575959
1163598735958
1164123375957
1164287535956
1164692015955
1164856175954
1165140495953
1165424815952
1166069615951
1166353935950
1166518095949
1166682255948
1166846415947
1167971855946
1168136015945
1168420335944
1169305455943
1169950255942
1170114415941
1170278575940
1170442735939
1170606895938
1170771055937
1170935215936
1171099375935
1171864335934
1172749455933
1173033775932
1173197935931
1173602415930
1174487535929
1174651695928
1174815855927
1174980015926
1175144175925
1175308335924
1175472495923
1176357615922
1176521775921
1176806095920
1177811375919
1177975535918
1178139695917
1178544175916
1178708335915
1178872495914
1179036655913
1179441135912
1179605295911
1179769455910
1179933615909
1180097775908
1180261935907
1180426095906
1181070895905
1181956015904
1182120175903
1182404495902
1182568655901
1183453775900
1183738095899
1183902255898
1184066415897
1184230575896
1184394735895
1184558895894
1184843215893
1185247695892
1185411855891
1186176815890
1186340975889
1186505135888
1186669295887
1187314095886
1187718575885
1187882735884
1188527535883
1188691695882
1189096175881
1189260335880
1189544655879
1189708815878
1189993135877
1190157295876
1190561775875
1190725935874
1190890095873
1191054255872
1191338575871
1192223695870
1192508015869
1192672175868
1193316975867
1193481135866
1193885615865
1194049775864
1194334095863
1194498255862
1194662415861
1194826575860
1194990735859
1195154895858
1195439215857
1195603375856
1195767535855
1195931695854
1196216015853
1196620495852
1196784655851
1196948815850
1197353295849
1197517455848
1197681615847
1197845775846
1198009935845
1198294255844
1198578575843
1198742735842
1199387535841
1200032335840
1200196495839
1200721135838
1201606255837
1202130895836
1202415215835
1202579375834
1203104015833
1203268175832
1203432335831
1203596495830
1203760655829
1203924815828
1204088975827
1204253135826
1204417295825
1205062095824
1205346415823
1205510575822
1205794895821
1206079215820
1206363535819
1206647855818
1207172495817
1207336655816
1207500815815
1207664975814
1208069455813
1208954575812
1209359055811
1209523215810
1209807535809
1209971695808
1210135855807
1210300015806
1210464175805
1211108975804
1211273135803
1211437295802
1211841775801
1212366415800
1212530575799
1212694735798
1212858895797
1213263375796
1213547695795
1213832015794
1213996175793
1214280495792
1214684975791
1214849135790
1215013295789
1216499215788
1216663375787
1216827535786
1216991695785
1217155855784
1217800655783
1217964815782
1218128975781
1218293135780
1218937935779
1219342415778
1219506575777
1219670735776
1219834895775
1219999055774
1220403535773
1220687855772
1220852015771
1221376655770
1222141615769
1222305775768
1222590095767
1222754255766
1222918415765
1223082575764
1223366895763
1223531055762
1223815375761
1223979535760
1224143695759
1224307855758
1224472015757
1224756335756
1224920495755
1225084655754
1225368975753
1226013775752
1226298095751
1226702575750
1227107055749
1227271215748
1227916015747
1228200335746
1228364495745
1228768975744
1228933135743
1229097295742
1229862255741
1230026415740
1230310735739
1230715215738
1230999535737
1231283855736
1231448015735
1231732335734
1231896495733
1232060655732
1232224815731
1232629295730
1232793455729
1232957615728
1233121775727
1234127055726
1234291215725
1234575535724
1234739695723
1235024015722
1235188175721
1235352335720
1236117295719
1236521775718
1236926255717
1237210575716
1238095695715
1238980815714
1239385295713
1239549455712
1240074095711
1240358415710
1240522575709
1240686735708
1240850895707
1241135215706
1241299375705
1241463535704
1241627695703
1241791855702
1242316495701
1242480655700
1242644815699
1242808975698
1243093295697
1243858255696
1244262735695
1244547055694
1246153135693
1246317295692
1246841935691
1247126255690
1247530735689
1247694895688
1247859055687
1248023215686
1248187375685
1248351535684
1248635855683
1248800015682
1248964175681
1249128335680
1249292495679
1249696975678
1249861135677
1250025295676
1250189455675
1250473775674
1251238735673
1251402895672
1251807375671
1252091695670
1252255855669
1252420015668
1252824495667
1252988655666
1253152815665
1253316975664
1253601295663
1253765455662
1255011055661
1255175215660
1255459535659
1255864015658
1256028175657
1256432655656
1257077455655
1257241615654
1257405775653
1257569935652
1257974415651
1258138575650
1258302735649
1258707215648
1258991535647
1259155695646
1259319855645
1259484015644
1259648175643
1259812335642
1259976495641
1260140655640
1260304815639
1260589135638
1260753295637
1260917455636
1261081615635
1261245775634
1261409935633
1261574095632
1261858415631
1262383055630
1262907695629
1263071855628
1263236015627
1263400175626
1263564335625
1263728495624
1263892655623
1264056815622
1264220975621
1264385135620
1264549295619
1264953775618
1265238095617
1266363535616
1266768015615
1266932175614
1267096335613
1267380655612
1267785135611
1267949295610
1268113455609
1268277615608
1268682095607
1268846255606
1269851535605
1270015695604
1270179855603
1270344015602
1270868655601
1271152975600
1271317135599
1271481295598
1271885775597
1272410415596
1272694735595
1273099215594
1273623855593
1274388815592
1274552975591
1275317935590
1275602255589
1276247055588
1276411215587
1276575375586
1276739535585
1276903695584
1277428335583
1277592495582
1277756655581
1277920815580
1278205135579
1278489455578
1278893935577
1279178255576
1279582735575
1279867055574
1280031215573
1280315535572
1280479695571
1280764015570
1280928175569
1281332655568
1281857295567
1282261775566
1282425935565
1282590095564
1282754255563
1283639375562
1284164015561
1284328175560
1284492335559
1284656495558
1284940815557
1285225135556
1285389295555
1285553455554
1285717615553
1285881775552
1286526575551
1286931055550
1287335535549
1287619855548
1287784015547
1287948175546
1288592975545
1288757135544
1289161615543
1289445935542
1289850415541
1290014575540
1290419055539
1291784815538
1291948975537
1292233295536
1292397455535
1292561615534
1292966095533
1293130255532
1293294415531
1293458575530
1293622735529
1293786895528
1294071215527
1294836175526
1295240655525
1296486255524
1296650415523
1296814575522
1296978735521
1297142895520
1297427215519
1298072015518
1298236175517
1298880975516
1299165295515
1299449615514
1299613775513
1300018255512
1300182415511
1300346575510
1300510735509
1300915215508
1301079375507
1301243535506
1301407695505
1301932335504
1302937615503
1303101775502
1303386095501
1303550255500
1303714415499
1303998735498
1304162895497
1304687535496
1305332335495
1305496495494
1305660655493
1306545775492
1307070415491
1307474895490
1307639055489
1307803215488
1308207695487
1308612175486
1308776335485
1309180815484
1309344975483
1309629295482
1309793455481
1310077775480
1310362095479
1310526255478
1311291215477
1311575535476
1311980015475
1312144175474
1312668815473
1312953135472
1313117295471
1313401615470
1313806095469
1313970255468
1314254575467
1314538895466
1314703055465
1314867215464
1315031375463
1315195535462
1315479855461
1315764175460
1316168655459
1316332815458
1316496975457
1316781295456
1316945455455
1317109615454
1317514095453
1317678255452
1317842415451
1318006575450
1318170735449
1318334895448
1318859535447
1319023695446
1319187855445
1319712495444
1319876655443
1320401295442
1321166255441
1321330415440
1321494575439
1321778895438
1322543855437
1322708015436
1322872175435
1323156495434
1323320655433
1323845295432
1324009455431
1324413935430
1324938575429
1325102735428
1325266895427
1325431055426
1325595215425
1325759375424
1326043695423
1326207855422
1327693775421
1327857935420
1328022095419
1328546735418
1328710895417
1329235535416
1329399695415
1329804175414
1329968335413
1330252655412
1330416815411
1330701135410
1330865295409
1331870575408
1332034735407
1332439215406
1332603375405
1332887695404
1333051855403
1333216015402
1333500335401
1333664495400
1333828655399
1334112975398
1334277135397
1334921935396
1335206255395
1335851055394
1336255535393
1336419695392
1336583855391
1336748015390
1337152495389
1337316655388
1337480815387
1338365935386
1339130895385
1339295055384
1339459215383
1339623375382
1340148015381
1340432335380
1340716655379
1340880815378
1341044975377
1341209135376
1341373295375
1341657615374
1341821775373
1341985935372
1342150095371
1342314255370
1342598575369
1342762735368
1342926895367
1343571695366
1343976175365
1344981455364
1345145615363
1345670255362
1345834415361
1346118735360
1346643375359
1346807535358
1347692655357
1348097135356
1348261295355
1348425455354
1348950095353
1349114255352
1349278415351
1349562735350
1349726895349
1350491855348
1350656015347
1350940335346
1351464975345
1351629135344
1352394095343
1352798575342
1352962735341
1353247055340
1353531375339
1354176175338
1354340335337
1354624655336
1355269455335
1355914255334
1356078415333
1356242575332
1356887375331
1357171695330
1357936655329
1358581455328
1359586735327
1359871055326
1360155375325
1360319535324
1360483695323
1361008335322
1361172495321
1361336655320
1362221775319
1362506095318
1362670255317
1362834415316
1363238895315
1363523215314
1363807535313
1363971695312
1364856815311
1365621775310
1365906095309
1366190415308
1366354575307
1366518735306
1366682895305
1367087375304
1367251535303
1367776175302
1368300815301
1369306095300
1369470255299
1369994895298
1370399375297
1370563535296
1370727695295
1371132175294
1371296335293
1371460495292
1371624655291
1371788815290
1371952975289
1372117135288
1372521615287
1372685775286
1372849935285
1373134255284
1373298415283
1373943215282
1374107375281
1374752175280
1375156655279
1375320815278
1375484975277
1375649135276
1376053615275
1376217775274
1376622255273
1376906575272
1377070735271
1377234895270
1378120015269
1378284175268
1378448335267
1378612495266
1378776655265
1378940815264
1379104975263
1379629615262
1379793775261
1379957935260
1380362415259
1380526575258
1381171375257
1381335535256
1381619855255
1381784015254
1382068335253
1382352655252
1382636975251
1382801135250
1383445935249
1383850415248
1384134735247
1384899695246
1385784815245
1386549775244
1386834095243
1387118415242
1387402735241
1387687055240
1387851215239
1388015375238
1388660175237
1388824335236
1388988495235
1389392975234
1389557135233
1389721295232
1390486255231
1390890735230
1391415375229
1391579535228
1391743695227
1391907855226
1392072015225
1392596655224
1392760815223
1392924975222
1393089135221
1393253295220
1394138415219
1394903375218
1395067535217
1395351855216
1395516015215
1395800335214
1396084655213
1396248815212
1396412975211
1396577135210
1396861455209
1397025615208
1397189775207
1398315215206
1398599535205
1398763695204
1398927855203
1399092015202
1399256175201
1399420335200
1399584495199
1399748655198
1399912815197
1400076975196
1400241135195
1400765775194
1401050095193
1401214255192
1401859055191
1402023215190
1402187375189
1402351535188
1402876175187
1403160495186
1403324655185
1403608975184
1404013455183
1404177615182
1404341775181
1404505935180
1404910415179
1405074575178
1405358895177
1405523055176
1405807375175
1406452175174
1406976815173
1407140975172
1407305135171
1407709615170
1407873775169
1408037935168
1408562575167
1408726735166
1409011055165
1409535695164
1409699855163
1409984175162
1410388655161
1410552815160
1410716975159
1411001295158
1411165455157
1411329615156
1411493775155
1411657935154
1412302735153
1412466895152
1412631055151
1413275855150
1413440015149
1413604175148
1413768335147
1413932495146
1414096655145
1414260815144
1414905615143
1415069775142
1415233935141
1415398095140
1415682415139
1415846575138
1416010735137
1416174895136
1416339055135
1416503215134
1416667375133
1417071855132
1417476335131
1417880815130
1418044975129
1418209135128
1418373295127
1418657615126
1418821775125
1418985935124
1419390415123
1419554575122
1419718735121
1420003055120
1420407535119
1420691855118
1420856015117
1421020175116
1421184335115
1421348495114
1421632815113
1421796975112
1422081295111
1422365615110
1422529775109
1422934255108
1423458895107
1424223855106
1424628335105
1424792495104
1424956655103
1425120815102
1425284975101
1426410415100
1426574575099
1426738735098
1426902895097
1427067055096
1427231215095
1427515535094
1427679695093
1427843855092
1428368495091
1428532655090
1429057295089
1429221455088
1429385615087
1430030415086
1430194575085
1430599055084
1431003535083
1431167695082
1431572175081
1431736335080
1432381135079
1432545295078
1432709455077
1432873615076
1433157935075
1433562415074
1433726575073
1434852015072
1435016175071
1435180335070
1435464655069
1435628815068
1435913135067
1436437775066
1436601935065
1436766095064
1437050415063
1437334735062
1437739215061
1437903375060
1439028815059
1439192975058
1439477295057
1440122095056
1440286255055
1440810895054
1440975055053
1441139215052
1441784015051
1442068335050
1442472815049
1442636975048
1442801135047
1442965295046
1443129455045
1443293615044
1443457775043
1443621935042
1444146575041
1444310735040
1444474895039
1444639055038
1444803215037
1445087535036
1445251695035
1446256975034
1446421135033
1446585295032
1447230095031
1447514415030
1447678575029
1448563695028
1448968175027
1449492815026
1449777135025
1449941295024
1450105455023
1450269615022
1450433775021
1450597935020
1451242735019
1451527055018
1451691215017
1452095695016
1452259855015
1452544175014
1453188975013
1453353135012
1453877775011
1454041935010
1454206095009
1454370255008
1454654575007
1454818735006
1454982895005
1455267215004
1455431375003
1455595535002
1455759695001
1456044015000
1456208174999
1456492494998
1456656654997
1456820814996
1456984974995
1457149134994
1457313294993
1458078254992
1458242414991
1458767054990
1458931214989
1459095374988
1460220814987
1461105934986
1461270094985
1461554414984
1461718574983
1462243214982
1462527534981
1462691694980
1462855854979
1463260334978
1463784974977
1464670094976
1464954414975
1465118574974
1465282734973
1465446894972
1465851374971
1466015534970
1466179694969
1466343854968
1466628174967
1467152814966
1467677454965
1467961774964
1468125934963
1468890894962
1469535694961
1470300654960
1470464814959
1470628974958
1470793134957
1471077454956
1471481934955
1471646094954
1472050574953
1472214734952
1472378894951
1472543054950
1472827374949
1472991534948
1473155694947
1473560174946
1473724334945
1474128814944
1474292974943
1474457134942
1474621294941
1474785454940
1475189934939
1475354094938
1475518254937
1475682414936
1475846574935
1476010734934
1476174894933
1476459214932
1476743534931
1477027854930
1477192014929
1477836814928
1478121134927
1478765934926
1479050254925
1479214414924
1479739054923
1479903214922
1480067374921
1480231534920
1480515854919
1481040494918
1481324814917
1482209934916
1482374094915
1483139054914
1483303214913
1483467374912
1483631534911
1483915854910
1484320334909
1484484494908
1484648654907
1484812814906
1484976974905
1485141134904
1485425454903
1485589614902
1485994094901
1486158254900
1486322414899
1487087374898
1487251534897
1487656014896
1488180654895
1488344814894
1489950894893
1490115054892
1490279214891
1490443374890
1490607534889
1491012014888
1491176174887
1491460494886
1491624654885
1491788814884
1491952974883
1492477614882
1492641774881
1493887374880
1494171694879
1494335854878
1494500014877
1494784334876
1494948494875
1495112654874
1495517134873
1495681294872
1496566414871
1496850734870
1497856014869
1498020174868
1498184334867
1498949294866
1499113454865
1499397774864
1499561934863
1499846254862
1500010414861
1500174574860
1500338734859
1500502894858
1500907374857
1501071534856
1501235694855
1501399854854
1501684174853
1502088654852
1502252814851
1502777454850
1503061774849
1503225934848
1503870734847
1504034894846
1504319214845
1504603534844
1505128174843
1505292334842
1505456494841
1505620654840
1505784814839
1505948974838
1506113134837
1506277294836
1506801934835
1506966094834
1507610894833
1508135534832
1508299694831
1508824334830
1509829614829
1510113934828
1510278094827
1510562414826
1511447534825
1511852014824
1512136334823
1512300494822
1512464654821
1512628814820
1512792974819
1512957134818
1513121294817
1513285454816
1513449614815
1513974254814
1514138414813
1514302574812
1514586894811
1514991374810
1515155534809
1515319694808
1515483854807
1516248814806
1516653294805
1516817454804
1517582414803
1517746574802
1518030894801
1519156334800
1519680974799
1519845134798
1520249614797
1520413774796
1520577934795
1520742094794
1520906254793
1521070414792
1521474894791
1522840654790
1523004814789
1523649614788
1524174254787
1524338414786
1524502574785
1524907054784
1525071214783
1525595854782
1525760014781
1526645134780
1526809294779
1527093614778
1527257774777
1528263054776
1528427214775
1528831694774
1529356334773
1529640654772
1529804814771
1529968974770
1530373454769
1530537614768
1530701774767
1531707054766
1531871214765
1532035374764
1532680174763
1532964494762
1533248814761
1533653294760
1533937614759
1534221934758
1534386094757
1534550254756
1534714414755
1534878574754
1535283054753
1535447214752
1535971854751
1536136014750
1536300174749
1536584494748
1537109134747
1537273294746
1537677774745
1537962094744
1538246414743
1538891214742
1539055374741
1539219534740
1539503854739
1539788174738
1539952334737
1540597134736
1540761294735
1541045614734
1541209774733
1541373934732
1541538094731
1541702254730
1541866414729
1542270894728
1542435054727
1542599214726
1543003694725
1543528334724
1543692494723
1543856654722
1544140974721
1544305134720
1544469294719
1544633454718
1544797614717
1544961774716
1545125934715
1545290094714
1545454254713
1545618414712
1545782574711
1546547534710
1546831854709
1547236334708
1547640814707
1547804974706
1548089294705
1548493774704
1548657934703
1548822094702
1549346734701
1549991534700
1550155694699
1550560174698
1550724334697
1551008654696
1551172814695
1551457134694
1551861614693
1552025774692
1552189934691
1552354094690
1552518254689
1552682414688
1552966734687
1553251054686
1553535374685
1553699534684
1553863694683
1554148014682
1554552494681
1555197294680
1555721934679
1555886094678
1556050254677
1556214414676
1556498734675
1556662894674
1556827054673
1557471854672
1557636014671
1557800174670
1557964334669
1558128494668
1559013614667
1559177774666
1559341934665
1559746414664
1560030734663
1560435214662
1560599374661
1561244174660
1561408334659
1561572494658
1561856814657
1562621774656
1562785934655
1562950094654
1563594894653
1563879214652
1564043374651
1564207534650
1565212814649
1565737454648
1565901614647
1566185934646
1566470254645
1567836014644
1568000174643
1568284494642
1568688974641
1569453934640
1569978574639
1570142734638
1570306894637
1570591214636
1570755374635
1570919534634
1571203854633
1571368014632
1571532174631
1571696334630
1571860494629
1572024654628
1572188814627
1572352974626
1572517134625
1572681294624
1572845454623
1574451534622
1574615694621
1574779854620
1574944014619
1575108174618
1575873134617
1576758254616
1576922414615
1577086574614
1577250734613
1577655214612
1578059694611
1578223854610
1578388014609
1578552174608
1578716334607
1578880494606
1579164814605
1580170094604
1580334254603
1581099214602
1581263374601
1581427534600
1581711854599
1581996174598
1582160334597
1582684974596
1582849134595
1583013294594
1583297614593
1583461774592
1583625934591
1583790094590
1583954254589
1584959534588
1585123694587
1585528174586
1585812494585
1585976654584
1586140814583
1586905774582
1587069934581
1587354254580
1587999054579
1588283374578
1588567694577
1589092334576
1589256494575
1589420654574
1589584814573
1589748974572
1589913134571
1590077294570
1590361614569
1590645934568
1590810094567
1590974254566
1591138414565
1591302574564
1592428014563
1592592174562
1592756334561
1593040654560
1593445134559
1593609294558
1594133934557
1594298094556
1594462254555
1594746574554
1594910734553
1595195054552
1595479374551
1595643534550
1596048014549
1596212174548
1596736814547
1597021134546
1597665934545
1598190574544
1598354734543
1598759214542
1598923374541
1599448014540
1599612174539
1600497294538
1600661454537
1600825614536
1601109934535
1601274094534
1601678574533
1601842734532
1602006894531
1602171054530
1602335214529
1602619534528
1603264334527
1603788974526
1604313614525
1604477774524
1604641934523
1604926254522
1605090414521
1605254574520
1605538894519
1606183694518
1606347854517
1606512014516
1606676174515
1608041934514
1608206094513
1608370254512
1608534414511
1608938894510
1609463534509
1609627694508
1610032174507
1610316494506
1610961294505
1611125454504
1611770254503
1611934414502
1612098574501
1612382894500
1612547054499
1612711214498
1612875374497
1613039534496
1613203694495
1613367854494
1613892494493
1614056654492
1614340974491
1614745454490
1614909614489
1615073774488
1615478254487
1616002894486
1616287214485
1616691694484
1616976014483
1617500654482
1617905134481
1618189454480
1618353614479
1618517774478
1619162574477
1619326734476
1619731214475
1619895374474
1620059534473
1620223694472
1620387854471
1622114094470
1622278254469
1622682734468
1622967054467
1623251374466
1623655854465
1624060334464
1624224494463
1624388654462
1624552814461
1624716974460
1624881134459
1625045294458
1625209454457
1625373614456
1625537774455
1625822094454
1625986254453
1626150414452
1626314574451
1626598894450
1627363854449
1628008654448
1628533294447
1628697454446
1628981774445
1629386254444
1629670574443
1629834734442
1630119054441
1630283214440
1630447374439
1630611534438
1631016014437
1631180174436
1631824974435
1632349614434
1632754094433
1632918254432
1633202574431
1633366734430
1633530894429
1633695054428
1634099534427
1634263694426
1634908494425
1635192814424
1635356974423
1635521134422
1635685294421
1636330094420
1636734574419
1637379374418
1638024174417
1638188334416
1638592814415
1639117454414
1639281614413
1640046574412
1640210734411
1640735374410
1641019694409
1641183854408
1641468174407
1641872654406
1642036814405
1642200974404
1642365134403
1642529294402
1642813614401
1642977774400
1644343534399
1644627854398
1645032334397
1645196494396
1645841294395
1646005454394
1646169614393
1646333774392
1646497934391
1646662094390
1647066574389
1647711374388
1648476334387
1648640494386
1649165134385
1649329294384
1649613614383
1649777774382
1650182254381
1650346414380
1650510574379
1650674734378
1651079214377
1651243374376
1651647854375
1652292654374
1652456814373
1652981454372
1653145614371
1653309774370
1653473934369
1653878414368
1654042574367
1654206734366
1654491054365
1655376174364
1655540334363
1656064974362
1656229134361
1656393294360
1656677614359
1657202254358
1657366414357
1658251534356
1658896334355
1659060494354
1659224654353
1659629134352
1660153774351
1660678414350
1660842574349
1661006734348
1661170894347
1661455214346
1661739534345
1662144014344
1662308174343
1662712654342
1662876814341
1663040974340
1663205134339
1663369294338
1663533454337
1663697614336
1663861774335
1664025934334
1664190094333
1664354254332
1664518414331
1664682574330
1664846734329
1665731854328
1665896014327
1667982734326
1668146894325
1668671534324
1668835694323
1669240174322
1669404334321
1669568494320
1669732654319
1670257294318
1670541614317
1670825934316
1670990094315
1671154254314
1671438574313
1671602734312
1671766894311
1672291534310
1672575854309
1672740014308
1672904174307
1673308654306
1673713134305
1674117614304
1674522094303
1674806414302
1675090734301
1675254894300
1675899694299
1676304174298
1677069134297
1677593774296
1677878094295
1678042254294
1678326574293
1678490734292
1678654894291
1678939214290
1679343694289
1679507854288
1679912334287
1680196654286
1680360814285
1680765294284
1681049614283
1681694414282
1682219054281
1682383214280
1682907854279
1683192174278
1683476494277
1683880974276
1684045134275
1684329454274
1684613774273
1684777934272
1685302574271
1685466734270
1685630894269
1685915214268
1686439854267
1686604014266
1687368974265
1687653294264
1687817454263
1687981614262
1688145774261
1689030894260
1689315214259
1689479374258
1690004014257
1690168174256
1690692814255
1690856974254
1691021134253
1691185294252
1691349454251
1691633774250
1691797934249
1691962094248
1692126254247
1692410574246
1692574734245
1693459854244
1693984494243
1694148654242
1694312814241
1694476974240
1694881454239
1695766574238
1695930734237
1696695694236
1696980014235
1697144174234
1697308334233
1697712814232
1697997134231
1698281454230
1698445614229
1698970254228
1699134414227
1699298574226
1699703054225
1699987374224
1700151534223
1700315694222
1700600014221
1701004494220
1701168654219
1701332814218
1701496974217
1701661134216
1701825294215
1702229774214
1702514094213
1702798414212
1703323054211
1703607374210
1703891694209
1704176014208
1704340174207
1704504334206
1705028974205
1705193134204
1705717774203
1705881934202
1706046094201
1706450574200
1706734894199
1706899054198
1707183374197
1707828174196
1707992334195
1708156494194
1708320654193
1709205774192
1709369934191
1709534094190
1709938574189
1710943854188
1711228174187
1711392334186
1711676654185
1711840814184
1712245294183
1712529614182
1712693774181
1712857934180
1713142254179
1713306414178
1713470574177
1713634734176
1713798894175
1713963054174
1714247374173
1714892174172
1715056334171
1715340654170
1716225774169
1716510094168
1716674254167
1716838414166
1717723534165
1717887694164
1718172014163
1718576494162
1718740654161
1718904814160
1719068974159
1719713774158
1719877934157
1720042094156
1720206254155
1720370414154
1720654734153
1721059214152
1721343534151
1721507694150
1721912174149
1722316654148
1722480814147
1722644974146
1722809134145
1722973294144
1723497934143
1723662094142
1724787534141
1725192014140
1725476334139
1725760654138
1725924814137
1726088974136
1726493454135
1726657614134
1726941934133
1727106094132
1727270254131
1727434414130
1727598574129
1727762734128
1727926894127
1728331374126
1728495534125
1729020174124
1729304494123
1729588814122
1729752974121
1729917134120
1730081294119
1730245454118
1730409614117
1730573774116
1730858094115
1731022254114
1731186414113
1731350574112
1731514734111
1731678894110
1733284974109
1733809614108
1733973774107
1734498414106
1734662574105
1734826734104
1734990894103
1735155054102
1735319214101
1735603534100
1735767694099
1736172174098
1736456494097
1736740814096
1737866254095
1738150574094
1738314734093
1738478894092
1738643054091
1739648334090
1739932654089
1740457294088
1740621454087
1740905774086
1741310254085
1741474414084
1741638574083
1741922894082
1742087054081
1742491534080
1742655694079
1742819854078
1743104174077
1743748974076
1743913134075
1744077294074
1744241454073
1744405614072
1744930254071
1745214574070
1745378734069
1746023534068
1746307854067
1746472014066
1747357134065
1747521294064
1747685454063
1747849614062
1748254094061
1748418254060
1748582414059
1748746574058
1748910734057
1749074894056
1749359214055
1749523374054
1749687534053
1749971854052
1750136014051
1750300174050
1751065134049
1751229294048
1751753934047
1752278574046
1752442734045
1753448014044
1753732334043
1753896494042
1754060654041
1754224814040
1754388974039
1754553134038
1754717294037
1755722574036
1755886734035
1756050894034
1756215054033
1756379214032
1756543374031
1756707534030
1757592654029
1757756814028
1758161294027
1758445614026
1758729934025
1759014254024
1759178414023
1759342574022
1759506734021
1759791054020
1760075374019
1760359694018
1760523854017
1760688014016
1761452974015
1761737294014
1762382094013
1762666414012
1763191054011
1763355214010
1763759694009
1764044014008
1764328334007
1764612654006
1765377614005
1765541774004
1765826094003
1765990254002
1766394734001
1766558894000
1766843213999
1767007373998
1767171533997
1767335693996
1767740173995
1768745453994
1769991053993
1770155213992
1770319373991
1770844013990
1771008173989
1771172333988
1772177613987
1772341773986
1772626093985
1772790253984
1772954413983
1773238733982
1773402893981
1773567053980
1773851373979
1774015533978
1774179693977
1774343853976
1775108813975
1775393133974
1775557293973
1775841613972
1776606573971
1776890893970
1777055053969
1777219213968
1777864013967
1778148333966
1778312493965
1778476653964
1778760973963
1778925133962
1779209453961
1779373613960
1779537773959
1779701933958
1779866093957
1780030253956
1780194413955
1780358573954
1780763053953
1780927213952
1781211533951
1781375693950
1781539853949
1781704013948
1781868173947
1782032333946
1782196493945
1782360653944
1782644973943
1783289773942
1783453933941
1783738253940
1783902413939
1784427053938
1784591213937
1784755373936
1784919533935
1785083693934
1785488173933
1785652333932
1787138253931
1787783053930
1787947213929
1788832333928
1789236813927
1789521133926
1789805453925
1789969613924
1790614413923
1790778573922
1791543533921
1792428653920
1792712973919
1793237613918
1793521933917
1793926413916
1794090573915
1794495053914
1794659213913
1794823373912
1794987533911
1795632333910
1795796493909
1796681613908
1797206253907
1797490573906
1798375693905
1799020493904
1799184653903
1799468973902
1799633133901
1800157773900
1800321933899
1800486093898
1800890573897
1801295053896
1801579373895
1801983853894
1802268173893
1802552493892
1802716653891
1803121133890
1803285293889
1803449453888
1803974093887
1804138253886
1804422573885
1804706893884
1804871053883
1805035213882
1805319533881
1805603853880
1805768013879
1806292653878
1806456813877
1806620973876
1806785133875
1806949293874
1807233613873
1807397773872
1807561933871
1807726093870
1807890253869
1808174573868
1808819373867
1809344013866
1809748493865
1809912653864
1810076813863
1810240973862
1810525293861
1810689453860
1810853613859
1811017773858
1811181933857
1811346093856
1811510253855
1811674413854
1811838573853
1812002733852
1812287053851
1812691533850
1813216173849
1813620653848
1813784813847
1813948973846
1814113133845
1814397453844
1814801933843
1814966093842
1815130253841
1816375853840
1816540013839
1816944493838
1817108653837
1817272813836
1817557133835
1817721293834
1818606413833
1818770573832
1819054893831
1819339213830
1820224333829
1820388493828
1820552653827
1820716813826
1821241453825
1821405613824
1821569773823
1821733933822
1821898093821
1822062253820
1822226413819
1822871213818
1823395853817
1823920493816
1824204813815
1824368973814
1824653293813
1824937613812
1825101773811
1825626413810
1826030893809
1826435373808
1826719693807
1827604813806
1827768973805
1828173453804
1828337613803
1828982413802
1829146573801
1829310733800
1829474893799
1829639053798
1829803213797
1830688333796
1831212973795
1832218253794
1832863053793
1833267533792
1833431693791
1833595853790
1833880173789
1834044333788
1834328653787
1834612973786
1834777133785
1835301773784
1835826413783
1836110733782
1836274893781
1836439053780
1836603213779
1836767373778
1836931533777
1837095693776
1837259853775
1837544173774
1837708333773
1837872493772
1838276973771
1838681453770
1838845613769
1839009773768
1839173933767
1839458253766
1839622413765
1839786573764
1840191053763
1840835853762
1841000013761
1841284333760
1841448493759
1841852973758
1842017133757
1842301453756
1842465613755
1842990253754
1843274573753
1843558893752
1843723053751
1843887213750
1844051373749
1844335693748
1845340973747
1845505133746
1846029773745
1846434253744
1846958893743
1847123053742
1847287213741
1847811853740
1848576813739
1849341773738
1849505933737
1849670093736
1849834253735
1849998413734
1850162573733
1850567053732
1850731213731
1850895373730
1851059533729
1851223693728
1851387853727
1851552013726
1851956493725
1852481133724
1853967053723
1854251373722
1854776013721
1855180493720
1855464813719
1855628973718
1855793133717
1855957293716
1856121453715
1856405773714
1856930413713
1857094573712
1857378893711
1857543053710
1857707213709
1857871373708
1858155693707
1858319853706
1858484013705
1858648173704
1859292973703
1859457133702
1859621293701
1860145933700
1860310093699
1860954893698
1861359373697
1861643693696
1861928013695
1862092173694
1862376493693
1863261613692
1863666093691
1863830253690
1864354893689
1864519053688
1864683213687
1864967533686
1865131693685
1865416013684
1865580173683
1865744333682
1866028653681
1866192813680
1866477133679
1867242093678
1868607853677
1868772013676
1868936173675
1869100333674
1869264493673
1869428653672
1869592813671
1869997293670
1870161453669
1870445773668
1870609933667
1870894253666
1871178573665
1871462893664
1871627053663
1872271853662
1872436013661
1872600173660
1872764333659
1873048653658
1873212813657
1874097933656
1874742733655
1874906893654
1875311373653
1875475533652
1875639693651
1876044173650
1876208333649
1876372493648
1876536653647
1876820973646
1877465773645
1877629933644
1877794093643
1877958253642
1878122413641
1878286573640
1878450733639
1878614893638
1878779053637
1879183533636
1879347693635
1879752173634
1879916333633
1880561133632
1880725293631
1880889453630
1881414093629
1881818573628
1881982733627
1882146893626
1882671533625
1882835693624
1882999853623
1883164013622
1883328173621
1883492333620
1883656493619
1883940813618
1884104973617
1884269133616
1884433293615
1884717613614
1885001933613
1885526573612
1886411693611
1886575853610
1887100493609
1887264653608
1887428813607
1887953453606
1888237773605
1889002733604
1889166893603
1889331053602
1890576653601
1890860973600
1891025133599
1891189293598
1891473613597
1891757933596
1892042253595
1892446733594
1892610893593
1892775053592
1893059373591
1893223533590
1893748173589
1893912333588
1894196653587
1894360813586
1894524973585
1894809293584
1894973453583
1895137613582
1895421933581
1896787693580
1897072013579
1897236173578
1897400333577
1897804813576
1898089133575
1898373453574
1899018253573
1899182413572
1899346573571
1899510733570
1900035373569
1900439853568
1900604013567
1900768173566
1901052493565
1901216653564
1901380813563
1901544973562
1902069613561
1902233773560
1902518093559
1902682253558
1902966573557
1903130733556
1903294893555
1903459053554
1903623213553
1903787373552
1903951533551
1904476173550
1904760493549
1905164973548
1905449293547
1905613453546
1905897773545
1906182093544
1906346253543
1906510413542
1906674573541
1907079053540
1907243213539
1907407373538
1907811853537
1907976013536
1908260333535
1908784973534
1909069293533
1909233453532
1909397613531
1910042413530
1910446893529
1910611053528
1910775213527
1911059533526
1911223693525
1911508013524
1912032653523
1912196813522
1912360973521
1912525133520
1913049773519
1913574413518
1913858733517
1914383373516
1915508813515
1916153613514
1916317773513
1916962573512
1917246893511
1917891693510
1918176013509
1918340173508
1918624493507
1919028973506
1919553613505
1919717773504
1920002093503
1920406573502
1920570733501
1920975213500
1921259533499
1921423693498
1921587853497
1921752013496
1921916173495
1922080333494
1922484813493
1922889293492
1923293773491
1923457933490
1923742253489
1924146733488
1924431053487
1924595213486
1924759373485
1924923533484
1925568333483
1925852653482
1926016813481
1927022093480
1927186253479
1927350413478
1927875053477
1928519853476
1928684013475
1928968333474
1929613133473
1929777293472
1930301933471
1930466093470
1930630253469
1930794413468
1930958573467
1931122733466
1931286893465
1931691373464
1931855533463
1932380173462
1932544333461
1932948813460
1933112973459
1934478733458
1934763053457
1934927213456
1935572013455
1935976493454
1937101933453
1937506413452
1937670573451
1938075053450
1938239213449
1938403373448
1938807853447
1938972013446
1939136173445
1939300333444
1939584653443
1939748813442
1939912973441
1940077133440
1940241293439
1940405453438
1940689773437
1940974093436
1941498733435
1941662893434
1941827053433
1941991213432
1942515853431
1942680013430
1942844173429
1943008333428
1943172493427
1943817293426
1944101613425
1944265773424
1945271053423
1946396493422
1946560653421
1947565933420
1947730093419
1947894253418
1948058413417
1948222573416
1949468173415
1950112973414
1950277133413
1950561453412
1950725613411
1950889773410
1951774893409
1951939053408
1952103213407
1952387533406
1952551693405
1952836013404
1953240493403
1953524813402
1953688973401
1953853133400
1954017293399
1954181453398
1954345613397
1954509773396
1954914253395
1955078413394
1955603053393
1956247853392
1956892653391
1957056813390
1957341133389
1957625453388
1957789613387
1957953773386
1958117933385
1958282093384
1958926893383
1959691853382
1959856013381
1960020173380
1960184333379
1960348493378
1960512653377
1960917133376
1961081293375
1961245453374
1961649933373
1961934253372
1962579053371
1962863373370
1963628333369
1963792493368
1964076813367
1964240973366
1965005933365
1965170093364
1965814893363
1966339533362
1966744013361
1966908173360
1967192493359
1967476813358
1968001453357
1968165613356
1968329773355
1968974573354
1969138733353
1969302893352
1969467053351
1969631213350
1970155853349
1970440173348
1970604333347
1970888653346
1971413293345
1971577453344
1971981933343
1972146093342
1972310253341
1972474413340
1972638573339
1972802733338
1973207213337
1973371373336
1973535533335
1973699693334
1973863853333
1974028013332
1974192173331
1974356333330
1975001133329
1975165293328
1975329453327
1975974253326
1976138413325
1976663053324
1976827213323
1976991373322
1977155533321
1977800333320
1977964493319
1978128653318
1978292813317
1978937613316
1979221933315
1979386093314
1979550253313
1979714413312
1979878573311
1980403213310
1980567373309
1980731533308
1981015853307
1981180013306
1981344173305
1981508333304
1981672493303
1981836653302
1982000813301
1982164973300
1982569453299
1982733613298
1982897773297
1983061933296
1983226093295
1983390253294
1984515693293
1984679853292
1984844013291
1985368653290
1985532813289
1985937293288
1986101453287
1986265613286
1986429773285
1986593933284
1986878253283
1987042413282
1987326733281
1987731213280
1987895373279
1988179693278
1988584173277
1988748333276
1988912493275
1989316973274
1989721453273
1990125933272
1990290093271
1990814733270
1991099053269
1991263213268
1991547533267
1991952013266
1992116173265
1992280333264
1992444493263
1992608653262
1992772813261
1993057133260
1993221293259
1994226573258
1994390733257
1994554893256
1994719053255
1994883213254
1995528013253
1996653453252
1996937773251
1997462413250
1997626573249
1997790733248
1997954893247
1998479533246
1998643693245
1998928013244
