114148597	1000
196548597	1000
537602924	1000
675525945	1000
985683081	1000
1136443779	1000
1226629369	1000
1309029369	1000
1391429369	1000
1473829369	1000
1556229369	1000
1638629369	1000
1721029369	1000
1803429369	1000
1938706109	1000
2261259814	1000
2343659814	1000
2436012911	1000
2617405432	1000
2699805432	1000
2888044545	1000
2970444545	1000
3052844545	1000
3283032000	1000
3415355911	1000
3497755911	1000
3580155911	1000
3662555911	1000
3804903931	1000
3962672050	1000
4154924309	1000
4237324309	1000
4324665202	1000
4444497970	1000
4570667332	1000
4653067332	1000
4805639903	1000
5249585439	1000
5354381165	1000
5436781165	1000
5570671673	1000
5653071673	1000
5735471673	1000
5817871673	1000
5900271673	1000
6000650390	1000
6456488090	1000
6538888090	1000
6716794561	1000
7024154505	1000
7145154147	1000
7227554147	1000
7309954147	1000
7392354147	1000
7474754147	1000
7557154147	1000
7639554147	1000
7721954147	1000
7804354147	1000
7886754147	1000
7969154147	1000
8051554147	1000
8133954147	1000
8216354147	1000
8298754147	1000
8381154147	1000
8463554147	1000
8775617584	1000
8944056797	1000
9393302674	1000
9563507431	1000
9645907431	1000
9728307431	1000
9810707431	1000
9893107431	1000
9975507431	1000
10057907431	1000
10140307431	1000
10222707431	1000
10305107431	1000
10387507431	1000
10469907431	1000
10552307431	1000
10634707431	1000
10761588069	1000
10843988069	1000
10972632219	1000
11061893647	1000
11181703514	1000
11264103514	1000
11346503514	1000
11428903514	1000
11550248614	1000
11632648614	1000
11715048614	1000
11797448614	1000
11941801864	1000
12050773738	1000
12133173738	1000
12215573738	1000
12297973738	1000
12380373738	1000
12462773738	1000
12545173738	1000
12627573738	1000
12709973738	1000
12792373738	1000
12874773738	1000
12957173738	1000
13039573738	1000
13121973738	1000
13204373738	1000
13286773738	1000
13369173738	1000
13451573738	1000
13570923102	1000
13653323102	1000
13735723102	1000
13818123102	1000
13900523102	1000
13982923102	1000
14065323102	1000
14147723102	1000
14230123102	1000
14312523102	1000
14394923102	1000
14527069524	1000
14708758530	1000
14791158530	1000
14873558530	1000
14955958530	1000
15038358530	1000
15120758530	1000
15203158530	1000
15285558530	1000
15367958530	1000
15450358530	1000
15585957688	1000
15756696608	1000
15921907615	1000
16054244504	1000
16179594499	1000
16261994499	1000
16344394499	1000
16426794499	1000
16685247275	1000
16927547433	1000
17009947433	1000
17456422207	1000
17565176048	1000
17811736318	1000
17894136318	1000
17976536318	1000
18058936318	1000
18141336318	1000
18249728456	1000
18429561469	1000
18511961469	1000
18612054262	1000
18716844840	1000
18992945395	1000
19075345395	1000
19157745395	1000
19240145395	1000
19322545395	1000
19404945395	1000
19487345395	1000
19569745395	1000
19652145395	1000
19734545395	1000
19816945395	1000
19899345395	1000
19981745395	1000
20064145395	1000
20248210765	1000
20362294584	1000
20693551251	1000
20936861725	1000
21154982503	1000
21316664416	1000
21509495891	1000
21600141049	1000
21707830125	1000
21790230125	1000
21872630125	1000
21955030125	1000
22037430125	1000
22167382148	1000
22249782148	1000
22332182148	1000
22414582148	1000
22496982148	1000
22579382148	1000
22661782148	1000
22744182148	1000
22826582148	1000
22908982148	1000
22991382148	1000
23073782148	1000
23156182148	1000
23368328878	1000
23450728878	1000
23600552183	1000
23682952183	1000
23861214433	1000
23943614433	1000
24031571626	1000
24113971626	1000
24196371626	1000
24341386511	1000
24731573260	1000
25133330769	1000
25215730769	1000
25462586702	1000
25847097386	1000
25929497386	1000
26073338099	1000
26155738099	1000
26238138099	1000
26320538099	1000
26527951796	1000
26895204820	1000
27016420434	1000
27098820434	1000
27181220434	1000
27263620434	1000
27346020434	1000
27428420434	1000
27510820434	1000
27593220434	1000
27675620434	1000
27758020434	1000
27840420434	1000
27922820434	1000
28363271423	1000
28445671423	1000
28619247445	1000
28701647445	1000
28784047445	1000
28866447445	1000
29038134289	1000
29120534289	1000
29335496324	1000
29519833925	1000
29811583237	1000
29893983237	1000
29976383237	1000
30058783237	1000
30141183237	1000
30223583237	1000
30305983237	1000
30388383237	1000
30470783237	1000
30553183237	1000
30635583237	1000
30717983237	1000
30800383237	1000
30882783237	1000
30965183237	1000
31047583237	1000
31129983237	1000
31212383237	1000
31294783237	1000
31377183237	1000
31459583237	1000
31541983237	1000
31624383237	1000
31706783237	1000
31789183237	1000
31871583237	1000
31953983237	1000
32067418098	1000
32369446612	1000
32451846612	1000
32541059071	1000
32623459071	1000
32705859071	1000
32788259071	1000
32935886957	1000
33024707924	1000
33260219419	1000
33342619419	1000
33425019419	1000
33529562978	1000
33655561619	1000
33737961619	1000
34218770160	1000
34301170160	1000
34383570160	1000
34465970160	1000
34548370160	1000
34630770160	1000
34713170160	1000
34795570160	1000
34877970160	1000
34985958390	1000
35068358390	1000
35150758390	1000
35233158390	1000
35315558390	1000
35397958390	1000
35480358390	1000
35562758390	1000
35645158390	1000
35727558390	1000
35809958390	1000
35892358390	1000
35974758390	1000
36057158390	1000
36139558390	1000
36221958390	1000
36304358390	1000
36386758390	1000
36469158390	1000
36551558390	1000
36633958390	1000
36804685621	1000
36964638787	1000
37047038787	1000
37177003693	1000
37525236458	1000
37662315161	1000
37795638586	1000
37878038586	1000
38034114222	1000
38116514222	1000
38198914222	1000
38281314222	1000
38363714222	1000
38446114222	1000
38528514222	1000
38610914222	1000
38693314222	1000
38775714222	1000
38858114222	1000
38940514222	1000
39022914222	1000
39163744608	1000
39288638658	1000
39371038658	1000
39453438658	1000
39535838658	1000
39718108677	1000
39800508677	1000
40066417671	1000
40148817671	1000
40231217671	1000
40313617671	1000
40441812810	1000
40524212810	1000
40606612810	1000
40689012810	1000
40771656610	1000
40899059947	1000
40981459947	1000
41063859947	1000
41146259947	1000
41228659947	1000
41311059947	1000
41427890275	1000
41510290275	1000
41592690275	1000
41675090275	1000
41757490275	1000
41839890275	1000
41922290275	1000
42004690275	1000
42087090275	1000
42169490275	1000
42251890275	1000
42334290275	1000
42416690275	1000
42499090275	1000
42581490275	1000
42663890275	1000
42746290275	1000
42828690275	1000
42911090275	1000
42993490275	1000
43075890275	1000
43158290275	1000
43298879446	1000
43381279446	1000
43670471012	1000
43752871012	1000
43835271012	1000
43917671012	1000
44173190018	1000
44272882728	1000
44355282728	1000
44437682728	1000
44559161572	1000
44644241995	1000
44726641995	1000
44809041995	1000
44891441995	1000
44973841995	1000
45056241995	1000
45305630189	1000
45388030189	1000
45522596022	1000
45604996022	1000
45687396022	1000
45862654230	1000
45945054230	1000
46121381690	1000
46270855838	1000
46353255838	1000
46460743132	1000
46577164713	1000
46737106423	1000
46819506423	1000
46901906423	1000
46984306423	1000
47066706423	1000
47149106423	1000
47231506423	1000
47313906423	1000
47396306423	1000
47478706423	1000
47561106423	1000
47643506423	1000
47725906423	1000
47808306423	1000
48032800361	1000
48115200361	1000
48197600361	1000
48280000361	1000
48561046901	1000
48643446901	1000
48725846901	1000
48808246901	1000
48890646901	1000
48973046901	1000
49055446901	1000
49137846901	1000
49220246901	1000
49302646901	1000
49385046901	1000
49467446901	1000
49549846901	1000
49632246901	1000
49714646901	1000
49797046901	1000
49879446901	1000
49961846901	1000
50044246901	1000
50126646901	1000
50209046901	1000
50291446901	1000
50373846901	1000
50456246901	1000
50538646901	1000
50693705518	1000
50776105518	1000
51056541619	1000
51138941619	1000
51221341619	1000
51303741619	1000
51506082158	1000
51588482158	1000
51772434369	1000
51926270966	1000
52008670966	1000
52091070966	1000
52254193014	1000
52336593014	1000
52418993014	1000
52501393014	1000
52620110367	1000
52821857556	1000
52904257556	1000
53001460659	1000
53083860659	1000
53166260659	1000
53248660659	1000
53331060659	1000
53413460659	1000
53495860659	1000
53578260659	1000
53660660659	1000
53743060659	1000
53825460659	1000
53907860659	1000
53990260659	1000
54130541767	1000
54309060645	1000
54391460645	1000
54473860645	1000
54556260645	1000
54685628387	1000
54768028387	1000
55448296095	1000
55530696095	1000
55613096095	1000
55695496095	1000
55777896095	1000
55882353188	1000
56053832985	1000
56136232985	1000
56218632985	1000
56301032985	1000
56383432985	1000
56465832985	1000
56548232985	1000
56630632985	1000
56713032985	1000
56795432985	1000
56877832985	1000
56960232985	1000
57042632985	1000
57125032985	1000
57207432985	1000
57289832985	1000
57372232985	1000
57454632985	1000
57537032985	1000
57619432985	1000
57701832985	1000
57784232985	1000
57866632985	1000
58117892461	1000
58200292461	1000
58282692461	1000
58563011668	1000
58716376013	1000
59000586865	1000
59082986865	1000
59165386865	1000
59247786865	1000
59349053059	1000
59496907623	1000
59579307623	1000
59769412930	1000
59961126920	1000
60043526920	1000
60125926920	1000
60208326920	1000
60290726920	1000
60373126920	1000
60455526920	1000
60537926920	1000
60620326920	1000
60702726920	1000
60785126920	1000
60867526920	1000
60961208542	1000
61104227193	1000
61186627193	1000
61269027193	1000
61386136106	1000
61468536106	1000
61700421845	1000
61782821845	1000
61865221845	1000
61947621845	1000
62030021845	1000
62112421845	1000
62194821845	1000
62277221845	1000
62359621845	1000
62442021845	1000
62652420637	1000
62759109250	1000
62841509250	1000
62923909250	1000
63006309250	1000
63088709250	1000
63171109250	1000
63253509250	1000
63335909250	1000
63418309250	1000
63500709250	1000
63583109250	1000
63665509250	1000
63747909250	1000
63830309250	1000
63912709250	1000
63995109250	1000
64077509250	1000
64159909250	1000
64242309250	1000
64324709250	1000
64407109250	1000
64489509250	1000
64571909250	1000
64654309250	1000
64736709250	1000
64819109250	1000
64901509250	1000
65278094924	1000
65360494924	1000
65442894924	1000
65525294924	1000
65607694924	1000
65690094924	1000
65772494924	1000
65854894924	1000
66061890741	1000
66215874754	1000
66300787085	1000
66427125507	1000
66509525507	1000
66591925507	1000
66674325507	1000
66756725507	1000
66839125507	1000
66959974661	1000
67042374661	1000
67124774661	1000
67255907047	1000
67436747222	1000
67538677049	1000
67621077049	1000
67904255436	1000
67986655436	1000
68069055436	1000
68190412206	1000
68272812206	1000
68355212206	1000
68437612206	1000
68520012206	1000
68819062432	1000
68901462432	1000
69041641207	1000
69151822253	1000
69336086130	1000
69451733273	1000
69534133273	1000
69616533273	1000
69698933273	1000
69781333273	1000
69863733273	1000
69946133273	1000
70028533273	1000
70293817630	1000
70376217630	1000
70855502267	1000
70937902267	1000
71112408375	1000
71229802344	1000
71312202344	1000
71396835201	1000
71567929300	1000
71711166579	1000
71793566579	1000
71875966579	1000
71958366579	1000
72040766579	1000
72131902344	1000
72214302344	1000
72296702344	1000
72379102344	1000
72620011864	1000
72702411864	1000
72784811864	1000
72867211864	1000
72949611864	1000
73032011864	1000
73114411864	1000
73196811864	1000
73279211864	1000
73361611864	1000
73444011864	1000
73526411864	1000
73749672082	1000
73881441463	1000
73963841463	1000
74046241463	1000
74128641463	1000
74211041463	1000
74359107808	1000
74441507808	1000
74523907808	1000
74606307808	1000
74688707808	1000
74771107808	1000
74853507808	1000
74935907808	1000
75018307808	1000
75100707808	1000
75183107808	1000
75265507808	1000
75347907808	1000
75430307808	1000
75512707808	1000
75595107808	1000
75677507808	1000
75759907808	1000
75842307808	1000
75924707808	1000
76007107808	1000
76270794039	1000
76661709800	1000
76744109800	1000
76842226457	1000
76924626457	1000
77010981353	1000
77093381353	1000
77175781353	1000
77258181353	1000
77390865404	1000
77661107452	1000
77760860567	1000
77891244010	1000
77973644010	1000
78056044010	1000
78138444010	1000
78220844010	1000
78303244010	1000
78385644010	1000
78468044010	1000
78550444010	1000
78632844010	1000
78715244010	1000
78797644010	1000
78880044010	1000
78962444010	1000
79044844010	1000
79127244010	1000
79209644010	1000
79293242505	1000
79506832910	1000
79867794924	1000
80215827841	1000
80459020889	1000
80600396196	1000
80682796196	1000
80896469540	1000
80978869540	1000
81061269540	1000
82104181804	1000
82213557551	1000
82295957551	1000
82378357551	1000
82500718622	1000
82617427854	1000
82708544641	1000
82790944641	1000
82896255284	1000
83075874939	1000
83208365010	1000
83334525786	1000
83513323456	1000
83601103335	1000
83683503335	1000
83765903335	1000
83848303335	1000
83930703335	1000
84013103335	1000
84095503335	1000
84329327310	1000
84622110366	1000
84704510366	1000
84786910366	1000
84869310366	1000
84951710366	1000
85109998218	1000
85192398218	1000
85293609318	1000
85404417302	1000
85519055392	1000
85601455392	1000
85683855392	1000
85766255392	1000
85848655392	1000
85931055392	1000
86013455392	1000
86095855392	1000
86178255392	1000
86260655392	1000
86343055392	1000
86425455392	1000
86507855392	1000
86590255392	1000
86672655392	1000
86755055392	1000
86940707744	1000
87023107744	1000
87105507744	1000
87521687656	1000
87604087656	1000
87719014624	1000
87801414624	1000
87883814624	1000
87966214624	1000
88048614624	1000
88136246120	1000
88282926737	1000
88365326737	1000
88447726737	1000
88530126737	1000
88612526737	1000
88694926737	1000
88898296383	1000
88980696383	1000
89063096383	1000
89145496383	1000
89227896383	1000
89310296383	1000
89407133723	1000
89577147069	1000
89659547069	1000
89829284013	1000
89911684013	1000
89994084013	1000
90076484013	1000
90158884013	1000
90241284013	1000
90323684013	1000
90406084013	1000
90488484013	1000
90570884013	1000
90653284013	1000
90735684013	1000
90818084013	1000
90900484013	1000
90982884013	1000
91065284013	1000
91147684013	1000
91230084013	1000
91312484013	1000
91394884013	1000
91477284013	1000
91559684013	1000
91837206761	1000
91951664589	1000
92034064589	1000
92130001061	1000
92212401061	1000
92294801061	1000
92377201061	1000
92459601061	1000
92542001061	1000
92624401061	1000
92706801061	1000
92789201061	1000
92871601061	1000
92954001061	1000
93036401061	1000
93118801061	1000
93201201061	1000
93283601061	1000
93366001061	1000
93448401061	1000
93530801061	1000
93671863046	1000
93826764142	1000
94083461333	1000
94165861333	1000
94248261333	1000
94330661333	1000
94413061333	1000
94495461333	1000
94748041630	1000
94923554656	1000
95342728467	1000
95520545210	1000
95602945210	1000
95685345210	1000
95767745210	1000
95850145210	1000
95932545210	1000
96014945210	1000
96303987639	1000
96386387639	1000
96468787639	1000
96551187639	1000
96633587639	1000
96715987639	1000
96798387639	1000
96880787639	1000
97246221061	1000
97526801280	1000
97649826070	1000
97732226070	1000
98256587830	1000
98405267442	1000
98487667442	1000
98570067442	1000
99003586313	1000
99132649798	1000
99529231475	1000
99611631475	1000
99724564143	1000
99806964143	1000
99912205712	1000
99994605712	1000
100158975339	1000
100241375339	1000
100334628950	1000
100567055858	1000
100649455858	1000
100760401271	1000
100842801271	1000
100925201271	1000
101026370475	1000
101108770475	1000
101191170475	1000
101401015196	1000
102031471297	1000
102113871297	1000
102236173698	1000
102318573698	1000
102474730952	1000
102557130952	1000
102667553904	1000
102749953904	1000
102835775496	1000
103020380438	1000
103420557731	1000
103502957731	1000
103597495890	1000
103695060935	1000
103777460935	1000
103862300040	1000
103979725827	1000
104420050038	1000
104502450038	1000
104733898156	1000
104816298156	1000
104925359121	1000
105007759121	1000
105090159121	1000
105172559121	1000
105254959121	1000
105337359121	1000
105419759121	1000
105502159121	1000
105584559121	1000
105666959121	1000
105749359121	1000
105831759121	1000
105914159121	1000
105996559121	1000
106079063066	1000
106236077240	1000
106318477240	1000
106400877240	1000
106494040383	1000
106623449224	1000
106705849224	1000
106788249224	1000
106885029734	1000
106995854115	1000
107261153658	1000
107343553658	1000
107425953658	1000
107508353658	1000
107590753658	1000
107720463288	1000
107802863288	1000
107885263288	1000
107967663288	1000
108051612070	1000
108134012070	1000
108310341804	1000
108422978833	1000
109012999656	1000
109224962649	1000
109426297463	1000
109701418227	1000
109805700950	1000
109905298416	1000
109987698416	1000
110150081602	1000
110263800913	1000
110346200913	1000
110428600913	1000
110511000913	1000
110593400913	1000
110677608238	1000
110910956672	1000
111086917300	1000
111169317300	1000
111251717300	1000
111334117300	1000
111416517300	1000
111498917300	1000
111581317300	1000
111767334324	1000
111849734324	1000
111932134324	1000
112014534324	1000
112155647638	1000
112390135797	1000
112472535797	1000
112630976464	1000
113698275393	1000
114657004765	1000
115756398063	1000
116676140576	1000
117674196084	1000
118856763591	1000
119667148202	1000
120725141644	1000
121634866779	1000
122665730122	1000
123666039256	1000
124693463050	1000
125726789981	1000
126634615175	1000
127667287689	1000
128781976402	1000
129721480628	1000
130702077193	1000
131885093852	1000
132682594936	1000
133673775509	1000
134742371525	1000
135711076790	1000
136791117354	1000
137767539883	1000
138856068131	1000
139859931505	1000
140824177736	1000
141823721240	1000
142702055162	1000
143759789190	1000
144750333070	1000
145705309253	1000
146762412132	1000
147808879537	1000
148724092047	1000
149632985255	1000
150736807918	1000
151884917377	1000
152636231630	1000
153666842749	1000
154647642559	1000
155730229947	1000
156729745531	1000
157658216647	1000
158666893988	1000
159717605417	1000
160745942152	1000
161683180394	1000
162778991156	1000
163891560747	1000
164697093631	1000
165748395503	1000
166722603797	1000
167733492979	1000
168865753533	1000
169750867417	1000
170755710296	1000
171641947188	1000
172665887036	1000
173669079001	1000
174879767279	1000
175634116221	1000
176840542929	1000
178282061300	1000
178889525396	1000
179635999916	1000
180632607277	1000
181742383864	1000
182652845566	1000
183653215930	1000
184838089355	1000
185661558401	1000
186747711673	1000
187636879287	1000
188660786147	1000
189694447774	1000
190886492264	1000
191647877158	1000
192659991516	1000
193672053027	1000
194630120545	1000
195638141009	1000
196901635154	1000
197677457490	1000
198631362961	1000
199652188964	1000
200637173081	1000
201697592194	1000
202723995430	1000
203636666261	1000
204690441588	1000
205790278700	1000
206923608247	1000
207674289811	1000
208783288834	1000
209782028106	1000
210667681675	1000
211682033509	1000
212659062861	1000
213648376693	1000
214645702117	1000
215653958983	1000
216675434253	1000
217689576458	1000
218663649695	1000
219700874542	1000
220678683512	1000
221639593831	1000
222682683649	1000
223665210335	1000
224670603744	1000
225747375240	1000
226638618102	1000
227707840610	1000
228949736662	1000
229672568230	1000
230992247152	1000
231627967546	1000
232772594094	1000
233627709004	1000
234758323431	1000
236282751256	1000
236647807176	1000
237634895616	1000
238662397021	1000
239641505834	1000
240636638790	1000
241893591833	1000
242663159000	1000
243636505423	1000
244691311879	1000
245652670851	1000
246653370620	1000
247667750841	1000
248801093590	1000
249629101244	1000
251109391529	1000
251712990278	1000
252653576531	1000
253789072241	1000
255042050620	1000
255721873800	1000
256741056285	1000
257764120014	1000
258641485134	1000
259627941276	1000
260699337369	1000
261639348926	1000
262646925238	1000
263644086994	1000
264663657721	1000
265751483056	1000
267148038425	1000
267666543154	1000
268687779447	1000
269672992258	1000
270653485025	1000
271696574429	1000
272738329943	1000
273628311626	1000
274795462492	1000
275775258535	1000
276729279882	1000
277638841591	1000
278693620213	1000
279677944620	1000
280681551865	1000
281634845689	1000
282668506509	1000
283683114622	1000
284632875673	1000
285658907456	1000
286780048244	1000
287703438159	1000
288726238276	1000
289728880929	1000
290708101143	1000
291711969864	1000
292820885762	1000
293710356027	1000
294649876129	1000
295746273920	1000
296811075937	1000
297661497897	1000
298778556590	1000
299667101532	1000
300711289700	1000
301757286968	1000
302728942063	1000
303725238113	1000
304727441575	1000
305786825211	1000
306633168099	1000
307765492014	1000
308645621313	1000
309909217051	1000
310793776937	1000
311635965120	1000
312874713080	1000
313686237596	1000
314703760862	1000
315647350463	1000
316641846197	1000
317865644841	1000
318659331001	1000
319687587043	1000
320877453041	1000
321639559318	1000
322723653862	1000
323691939396	1000
324699081669	1000
325628031749	1000
326638236064	1000
327670877314	1000
328674150135	1000
329643458974	1000
330798721552	1000
331637210604	1000
332645903130	1000
333660181988	1000
334790195697	1000
335853572515	1000
336796928358	1000
337771676310	1000
338690380139	1000
339891879917	1000
340699628248	1000
341627817230	1000
342646974585	1000
343716269478	1000
344926864295	1000
345666186433	1000
346859881322	1000
348044468221	1000
348678591567	1000
349684153209	1000
350891665175	1000
351661081683	1000
352871607964	1000
353844322423	1000
354870381360	1000
355638826491	1000
356816073971	1000
357682969839	1000
358635327875	1000
359757007991	1000
360648341697	1000
361658764336	1000
362662715412	1000
363786704196	1000
364630447392	1000
365874942683	1000
366796647003	1000
367657519063	1000
368814234340	1000
369708026602	1000
370813032852	1000
372021382755	1000
372755341094	1000
373639087154	1000
374745015166	1000
375648600535	1000
377003568871	1000
377671907551	1000
378672069426	1000
379931752807	1000
380826186151	1000
381649206902	1000
382818805027	1000
384055268733	1000
384760048025	1000
385631227979	1000
386701619372	1000
387687649990	1000
388972310665	1000
389705374781	1000
390643461452	1000
391722814639	1000
392636602826	1000
393873831805	1000
394635109515	1000
395835254907	1000
396630460101	1000
398049655885	1000
398691453151	1000
399782600672	1000
400724669190	1000
401664953207	1000
402781340537	1000
403692158918	1000
404676949588	1000
405807677317	1000
406715635087	1000
407639597753	1000
408835057523	1000
409742983632	1000
410644114568	1000
411674568094	1000
412744137088	1000
413851756190	1000
414681083660	1000
415670244136	1000
416673521940	1000
417647451702	1000
418728174734	1000
419878964090	1000
420806698458	1000
421713558475	1000
422689834552	1000
423644708229	1000
424733730249	1000
425904598193	1000
426760402808	1000
427629233925	1000
428630224133	1000
429642809855	1000
430731831220	1000
431740450343	1000
432652798431	1000
433657850307	1000
434653425376	1000
435759227515	1000
436645610802	1000
437728849307	1000
438663154903	1000
439759297523	1000
440830188587	1000
442079330819	1000
442630233112	1000
443735340996	1000
444679488483	1000
445700571122	1000
446652708501	1000
447854454509	1000
448803444098	1000
449674433627	1000
450668694308	1000
451686530209	1000
452802725728	1000
453670884780	1000
455139022272	1000
455801300630	1000
456756056583	1000
457711705829	1000
458749939049	1000
459670118999	1000
460640616227	1000
461643709329	1000
462665258247	1000
463653568543	1000
464686690067	1000
465738745921	1000
466746046556	1000
467746151411	1000
468736639560	1000
469633116954	1000
470633230087	1000
471628225882	1000
472789728686	1000
473847050019	1000
474687556607	1000
475678760049	1000
476685264748	1000
477680035105	1000
478656096427	1000
479640051041	1000
480677221968	1000
481706206342	1000
482630815021	1000
483668811393	1000
484814608892	1000
485774811859	1000
486637829677	1000
487657767718	1000
488636406344	1000
489756380016	1000
491140819921	1000
491818259099	1000
492833803328	1000
493654290211	1000
494701374635	1000
495654164857	1000
496842743443	1000
497640750673	1000
498684072113	1000
499945078073	1000
500692492598	1000
501768621770	1000
502642962166	1000
503695801494	1000
504628310034	1000
505644965913	1000
506979307154	1000
507673228255	1000
508656607727	1000
509817119688	1000
510653279429	1000
511700501841	1000
512763628399	1000
513643960602	1000
514637764071	1000
515732953373	1000
516703608090	1000
517724171997	1000
518764589180	1000
519942577924	1000
520667149865	1000
521696161140	1000
522640912772	1000
523725097538	1000
524647043926	1000
525662264442	1000
526923212046	1000
527674934413	1000
528635626557	1000
529941998037	1000
531037828076	1000
531820942434	1000
532742106709	1000
533726091472	1000
534658814464	1000
535678671852	1000
536631616996	1000
537643203110	1000
538887389531	1000
539969730508	1000
540641631217	1000
541661546079	1000
542713775159	1000
543736193329	1000
544676417134	1000
545658381345	1000
546962436253	1000
547879282724	1000
548913946082	1000
549762117908	1000
550713332927	1000
551652793637	1000
552674178901	1000
553793123470	1000
554717807115	1000
555734388886	1000
556704542832	1000
557683693956	1000
558743289542	1000
559725743109	1000
560650029817	1000
561703552056	1000
562733027834	1000
563709856715	1000
564701713500	1000
565655256278	1000
566748940060	1000
567744779971	1000
568651608483	1000
569637706185	1000
570736996215	1000
571807516127	1000
572706480192	1000
573945434442	1000
574874962373	1000
575830350296	1000
576832086977	1000
577656225700	1000
578735435524	1000
579993809930	1000
580630787138	1000
581833600589	1000
582688723779	1000
583712253678	1000
584955344984	1000
585915848268	1000
586634681462	1000
587750112447	1000
588768617133	1000
589709080470	1000
590661344296	1000
591646607795	1000
592680491011	1000
593632465468	1000
594777641842	1000
595655688130	1000
596683594918	1000
597650787887	1000
598820457081	1000
599673639602	1000
601179700874	1000
601680660473	1000
602703896449	1000
603768304242	1000
604757322097	1000
605760621670	1000
606715184266	1000
607642295051	1000
608689479178	1000
609636525669	1000
611188972706	1000
611712554589	1000
612670935103	1000
614006202470	1000
614834354478	1000
615637978748	1000
616678673774	1000
617702132796	1000
618805940129	1000
619645134152	1000
620671119391	1000
621800843702	1000
623110645176	1000
623751094152	1000
624841865781	1000
625668459262	1000
626751155546	1000
627651688221	1000
628965392385	1000
629638783364	1000
630742721042	1000
631678722630	1000
632933446191	1000
633707141160	1000
634738719000	1000
635780406416	1000
636847406812	1000
637772548142	1000
638902988910	1000
640115102640	1000
640723076002	1000
641966725108	1000
642644504125	1000
643804238273	1000
644661691705	1000
645829926200	1000
646919597411	1000
647652726545	1000
648767879228	1000
649640213368	1000
650645405102	1000
651657582327	1000
652893258954	1000
653653383376	1000
654713110897	1000
655632952475	1000
656671174228	1000
657682517360	1000
658641057192	1000
659641087198	1000
660682502371	1000
661660392898	1000
662642449543	1000
663653279835	1000
664667671307	1000
665632187055	1000
666699005393	1000
667694482268	1000
668671890199	1000
670197054781	1000
670692138507	1000
671653620397	1000
672679621077	1000
673928944824	1000
674668213146	1000
675669742267	1000
676721892449	1000
677646399844	1000
678698444815	1000
679661850868	1000
680674206753	1000
681946089797	1000
682629186695	1000
683658660297	1000
684768912408	1000
685632143509	1000
686683220564	1000
687732494598	1000
688711931139	1000
689651324497	1000
690637266262	1000
691713894265	1000
692830764606	1000
693649459320	1000
694679454803	1000
695714306699	1000
696847763547	1000
697653728775	1000
698713829865	1000
699729938032	1000
700658027496	1000
701762611360	1000
702690120701	1000
703761127876	1000
704985065400	1000
705629284179	1000
706707321286	1000
707632141540	1000
708733505946	1000
709958419756	1000
710667861532	1000
711684092450	1000
712661358075	1000
713748197477	1000
714748328172	1000
715755260958	1000
716751571759	1000
717734739213	1000
718630177811	1000
719685784150	1000
720783120612	1000
721667749610	1000
722758888435	1000
723806748636	1000
724681577221	1000
725688918054	1000
726650288671	1000
727692876362	1000
728725656338	1000
729713031844	1000
730909548441	1000
731761047579	1000
732863838768	1000
733842510167	1000
734673700945	1000
735819448851	1000
736654007460	1000
737732241207	1000
739264106610	1000
739700837621	1000
740634472652	1000
741655226785	1000
742974236053	1000
743653273716	1000
744738807503	1000
745648485882	1000
746887478826	1000
747656984399	1000
748634993676	1000
749701452337	1000
750636370435	1000
751784066082	1000
752633490498	1000
753710346211	1000
754896938788	1000
755664250580	1000
756744432343	1000
757648394725	1000
758890714538	1000
759638470774	1000
760754077113	1000
761751194553	1000
762649786148	1000
763798081303	1000
764932771851	1000
765827577352	1000
766687755844	1000
767721734637	1000
768715178470	1000
769850844310	1000
770649341975	1000
771658539399	1000
772718775875	1000
773654387955	1000
774643659404	1000
775831302180	1000
776706129464	1000
777667960345	1000
778633634167	1000
779658227203	1000
780818131994	1000
781741652660	1000
782703880889	1000
783975207614	1000
784724642657	1000
785648317376	1000
786642471813	1000
787629340086	1000
788764623535	1000
789630502267	1000
790708401998	1000
791666219661	1000
792779163954	1000
793692848490	1000
794629646953	1000
795802231891	1000
796985929240	1000
797949919589	1000
798909007836	1000
799631902719	1000
800783204393	1000
801692809082	1000
802765757377	1000
803730426852	1000
804793138620	1000
805641914035	1000
806659541126	1000
807648593388	1000
808870907906	1000
809752332075	1000
810715783774	1000
811639047495	1000
812740998919	1000
813650152807	1000
814639683701	1000
815688411244	1000
816667257965	1000
817666687035	1000
818648694958	1000
819863635564	1000
820698969219	1000
821701003050	1000
822761491404	1000
823679268289	1000
824654340904	1000
825669458332	1000
826687895927	1000
827774814661	1000
828640731932	1000
829663983090	1000
830671964751	1000
831631639111	1000
832652087313	1000
833746905727	1000
834813632923	1000
835827782604	1000
836691945314	1000
837857671862	1000
838947060016	1000
839894788013	1000
840653484789	1000
841870408375	1000
842638898606	1000
843731048398	1000
844685961562	1000
845741402946	1000
846704742665	1000
847635691239	1000
848727327141	1000
849644500635	1000
850752971212	1000
851710596032	1000
852763862367	1000
853757838461	1000
854773321661	1000
855720773314	1000
856628202059	1000
857744700498	1000
859032152091	1000
859658885986	1000
860756669287	1000
861692636053	1000
862891073887	1000
863751192719	1000
864705302334	1000
865737683076	1000
866889253597	1000
867809050186	1000
869012203330	1000
869711089118	1000
871131283575	1000
871652121502	1000
872673902385	1000
873708513265	1000
874685133985	1000
875859042782	1000
876669370007	1000
877649610541	1000
878775188059	1000
879693869958	1000
880773067171	1000
881637342983	1000
882636769944	1000
883698421093	1000
884663844635	1000
885647888573	1000
886660651032	1000
887665251568	1000
888787183137	1000
889648599392	1000
890893963712	1000
891754179515	1000
892665486828	1000
893712267197	1000
894676339609	1000
895671856722	1000
896655114548	1000
897762952626	1000
898875568389	1000
899670917056	1000
900742745592	1000
901705024971	1000
902700508836	1000
903633380867	1000
904758397011	1000
905632552453	1000
906900010700	1000
907660797311	1000
908675575121	1000
910371617750	1000
910692646311	1000
911774143798	1000
913033051518	1000
913637821768	1000
914749704178	1000
915642574626	1000
917036427700	1000
917892686161	1000
918701652647	1000
919776359850	1000
920672879973	1000
921742120696	1000
922893684475	1000
923665344822	1000
924711436845	1000
925927436899	1000
926767755602	1000
927789255564	1000
928944773139	1000
929640241383	1000
930648616189	1000
931758565193	1000
932632869659	1000
933695152400	1000
934735772866	1000
935714006682	1000
936633714094	1000
937684282731	1000
938693413235	1000
939702499902	1000
941383495622	1000
941702022135	1000
942854564456	1000
943680061971	1000
944732851206	1000
945708866538	1000
946657883825	1000
947978857745	1000
948782221376	1000
949642860623	1000
950654333417	1000
951917722136	1000
952853272309	1000
953631932813	1000
955048810259	1000
955663515449	1000
956706460728	1000
957801256256	1000
958700095132	1000
959801178783	1000
961006036687	1000
961924642804	1000
962704260492	1000
963731940449	1000
964643882380	1000
965780766421	1000
966674526278	1000
967870106772	1000
968640473888	1000
969779016359	1000
970681449485	1000
971678132079	1000
972648031050	1000
973774454766	1000
974657555317	1000
975868048851	1000
976816337358	1000
977785541465	1000
978689208181	1000
979654884230	1000
980812357158	1000
981690107095	1000
982631629872	1000
983745080457	1000
984801895717	1000
985640777101	1000
986748631142	1000
987650300286	1000
988681334049	1000
990241630320	1000
990666284082	1000
991713930906	1000
992855986159	1000
993803155688	1000
994748960509	1000
995932296802	1000
996747911766	1000
997759753590	1000
998708196622	1000
999630659689	1000
