80099999
160099999
240099999
388218005
469229917
549229917
629229917
709229917
808053620
899781279
1206053711
1345757580
1425757580
1505757580
1589849926
1669849926
1749849926
1829849926
1909849926
1989849926
2069849926
2149849926
2229849926
2309849926
2389849926
2469849926
2549849926
2629849926
2709849926
2789849926
2869849926
2958770421
3038770421
3118770421
3198770421
3278770421
3358770421
3588273521
3668273521
3748273521
3828273521
3908273521
3988273521
4068273521
4148273521
4228273521
4308273521
4388273521
4468273521
4548273521
4628273521
4708273521
4788273521
4868273521
4948273521
5028273521
5108273521
5188273521
5268273521
5348273521
5428273521
5508273521
5588273521
5668273521
5748273521
5828273521
6298156989
6378156989
6458156989
6538156989
6618156989
6698156989
6778156989
6858156989
6938156989
7018156989
7098156989
7178156989
7258156989
7338156989
7418156989
7498156989
7578156989
7658156989
7738156989
7818156989
7898156989
7978156989
8058156989
8138156989
8218156989
8298156989
8378156989
8458156989
8538156989
8618156989
8698156989
8778156989
8912167626
8992167626
9072167626
9152167626
9232167626
9312167626
9392167626
9472167626
9552167626
9632167626
9712167626
9792167626
9872167626
9952167626
10119389788
10199389788
10279389788
10359389788
10439389788
10519389788
10719276005
10859084582
10939084582
11019084582
11099084582
11179084582
11259084582
11339084582
11419084582
11499084582
11579084582
11659084582
11739084582
11819084582
11899084582
11979084582
12059084582
12139084582
12219084582
12299084582
12379084582
12459084582
12539084582
12619084582
12699084582
12779084582
12859084582
12939084582
13019084582
13099084582
13179084582
13259084582
13339084582
13419084582
13499084582
13579084582
13659084582
13739084582
13819084582
13899084582
13979084582
14059084582
14139084582
14219084582
14299084582
14379084582
14459084582
14539084582
14619084582
14699084582
14779084582
14859084582
14939084582
15019084582
15099084582
15179084582
15259084582
15339084582
15419084582
15499084582
15579084582
15659084582
15739084582
15819084582
15899084582
15979084582
16059084582
16139084582
16219084582
16351255755
16431255755
16511255755
16696926950
16776926950
16866023525
16977021359
17057021359
17137021359
17217021359
17297021359
17434585204
17514585204
17594585204
17674585204
17871747424
17979103210
18059103210
18139103210
18219103210
18299103210
18384014531
18464014531
18544014531
18701264744
18788332070
18879138225
18959138225
19039138225
19119138225
19199138225
19305257832
19552042233
19632042233
19712042233
19813751772
19893751772
19973751772
20053751772
20133751772
20213751772
20293751772
20373751772
20453751772
20533751772
20613751772
20693751772
20773751772
20853751772
20933751772
21013751772
21093751772
21173751772
21253751772
21333751772
21413751772
21493751772
21573751772
21653751772
21733751772
21813751772
21893751772
21973751772
22053751772
22133751772
22213751772
22293751772
22373751772
22453751772
22533751772
22613751772
22693751772
22773751772
22853751772
22933751772
23013751772
23093751772
23173751772
23253751772
23333751772
23413751772
23493751772
23573751772
23653751772
23733751772
23813751772
23893751772
23973751772
24053751772
24133751772
24213751772
24293751772
24373751772
24453751772
24533751772
24613751772
24693751772
24773751772
24853751772
24933751772
25013751772
25093751772
25173751772
25253751772
25333751772
25413751772
25493751772
25573751772
25653751772
25733751772
25813751772
25893751772
25973751772
26053751772
26133751772
26213751772
26293751772
26373751772
26453751772
26533751772
26613751772
26693751772
26773751772
26853751772
26933751772
27013751772
27093751772
27173751772
27253751772
27333751772
27413751772
27493751772
27573751772
27653751772
27733751772
27974840265
28055498424
28182144068
28262144068
28342144068
28422144068
28502144068
28582144068
28662144068
28742144068
28822144068
28902144068
29186761901
29266761901
29479495801
29660381390
29740381390
29820381390
29900381390
29980381390
30060381390
30140381390
30220381390
30300381390
30380381390
30460381390
30540381390
30620381390
30700381390
30780381390
30860381390
30940381390
31020381390
31100381390
31180381390
31260381390
31340381390
31420381390
31500381390
31580381390
31660381390
31740381390
31820381390
31900381390
31980381390
32060381390
32140381390
32220381390
32300381390
32380381390
32460381390
32540381390
32620381390
32700381390
32780381390
32860381390
32940381390
33020381390
33100381390
33254791504
33334791504
33414791504
33494791504
33574791504
33654791504
33734791504
33814791504
33921209003
34001209003
34081209003
34161209003
34241209003
34321209003
34401209003
34703438161
34811132725
34891132725
34971132725
35051132725
35131132725
35211132725
35291132725
35371132725
35451132725
35531132725
35611132725
35691132725
35771132725
35851132725
35931132725
36042154033
36371992014
36461919096
36541919096
36621919096
36701919096
36781919096
36861919096
36941919096
37021919096
37101919096
37181919096
37358795827
37438795827
37518795827
37598795827
37678795827
37758795827
37838795827
37918795827
38059489042
38154136941
38234136941
38314136941
38394136941
38474136941
38554136941
38634136941
38714136941
38794136941
38874136941
38954136941
39034136941
39114136941
39194136941
39274136941
39354136941
39434136941
39514136941
39594136941
39674136941
39754136941
39834136941
39914136941
39994136941
40074136941
40154136941
40234136941
40338609814
40418609814
40498609814
40827712224
40907712224
40987712224
41067712224
41147712224
41227712224
41307712224
41387712224
41467712224
41547712224
41627712224
41980459372
42062200247
42142200247
42222200247
42302200247
42382200247
42462200247
42542200247
42622200247
42740937476
42820937476
42900937476
42980937476
43060937476
43140937476
43220937476
43300937476
43380937476
43460937476
43540937476
43620937476
43700937476
43819823015
43899823015
43979823015
44059823015
44139823015
44219823015
44403407585
44483407585
44563407585
44643407585
44723407585
44803407585
44883407585
44963407585
45043407585
45123407585
45203407585
45283407585
45363407585
45443407585
45523407585
45603407585
45683407585
45763407585
45843407585
45923407585
46003407585
46083407585
46163407585
46243407585
46323407585
46403407585
46483407585
46563407585
46643407585
46723407585
46803407585
46883407585
46963407585
47043407585
47123407585
47203407585
47283407585
47363407585
47443407585
47523407585
47603407585
47683407585
47763407585
47843407585
47923407585
48003407585
48083407585
48163407585
48243407585
48323407585
48403407585
48483407585
48563407585
48643407585
48723407585
48803407585
48883407585
48963407585
49043407585
49123407585
50115500142
50195500142
50481119922
50600767353
50735784706
50815784706
50895784706
50975784706
51367164792
51447164792
51527164792
51607164792
51687164792
51779911407
51859911407
51939911407
52019911407
52099911407
52179911407
52259911407
52339911407
52419911407
52499911407
52579911407
52659911407
52739911407
52819911407
52899911407
52979911407
53059911407
53139911407
53219911407
53299911407
53379911407
53459911407
53539911407
53629899864
53735905319
53981267774
54146819957
54237702483
54333565975
54413565975
54493565975
54573565975
54653565975
54733565975
54813565975
54893565975
54973565975
55109099514
55189099514
55289106119
55369106119
55449106119
55529106119
55609106119
55689106119
55769106119
55849106119
55929106119
56009106119
56089106119
56169106119
56249106119
56329106119
56409106119
56489106119
56569106119
56649106119
56729106119
56809106119
56889106119
56969106119
57049106119
57129106119
57209106119
57289106119
57369106119
57449106119
57529106119
57609106119
57689106119
57769106119
57849106119
57934945425
58072085715
58156521234
58236521234
58316521234
58396521234
58486747650
58603660385
58920499794
59000499794
59080499794
59160499794
59240499794
59467921351
59547921351
59645656216
59784644173
59919832110
60242834383
60322834383
60402834383
60482834383
61059878557
61150333630
61230333630
61310333630
61722346592
61819385736
62128554672
62337072393
62675381026
62755381026
62835381026
62961674588
63041674588
63121674588
63201674588
63281674588
63493059437
63626096050
63706096050
64004627592
64084627592
64164627592
64244627592
64324627592
64404627592
64484627592
64564627592
64644627592
64724627592
64804627592
64884627592
64964627592
65044627592
65124627592
65204627592
65284627592
65364627592
65444627592
65524627592
65604627592
65684627592
65764627592
65844627592
65924627592
66004627592
66084627592
66164627592
66244627592
66324627592
66404627592
66484627592
66564627592
66644627592
66724627592
66804627592
66884627592
66964627592
67044627592
67124627592
67204627592
67284627592
67364627592
67444627592
67524627592
67604627592
67684627592
67764627592
67844627592
67924627592
68004627592
68084627592
68164627592
68244627592
68324627592
68404627592
68484627592
68564627592
68644627592
68724627592
68804627592
68884627592
68964627592
69044627592
69124627592
69204627592
69284627592
69364627592
69444627592
69524627592
69604627592
69684627592
69764627592
69844627592
69924627592
70004627592
70084627592
70164627592
70244627592
70324627592
70404627592
70484627592
70564627592
70644627592
70897539226
70977539226
71057539226
71137539226
71217539226
71297539226
71421296894
71667462845
71808494864
71888494864
72002989540
72301199507
72412604730
72596923493
72676923493
72756923493
72836923493
72916923493
72996923493
73076923493
73156923493
73236923493
73316923493
73396923493
73476923493
73556923493
73636923493
73716923493
73796923493
73876923493
73956923493
74036923493
74116923493
74196923493
74276923493
74356923493
74436923493
74516923493
74596923493
74676923493
74756923493
74836923493
74916923493
74996923493
75076923493
75156923493
75236923493
75316923493
75396923493
75476923493
75556923493
75636923493
75716923493
75796923493
75876923493
75956923493
76036923493
76116923493
76196923493
76276923493
76356923493
76436923493
76516923493
76596923493
76676923493
76756923493
76836923493
76916923493
76996923493
77076923493
77156923493
77236923493
77316923493
77396923493
77476923493
77556923493
77636923493
77716923493
77796923493
77876923493
77956923493
78036923493
78116923493
78196923493
78276923493
78356923493
78436923493
78516923493
78596923493
78676923493
78756923493
78836923493
78916923493
78996923493
79076923493
79172988985
79252988985
79374685906
79644069132
79724069132
79804069132
79884069132
79964069132
80044069132
80124069132
80204069132
80284069132
80364069132
80444069132
80524069132
80604069132
80684069132
80764069132
80844069132
80924069132
81004069132
81084069132
81164069132
81244069132
81324069132
81404069132
81484069132
81564069132
81644069132
81724069132
81804069132
81884069132
81964069132
82044069132
82124069132
82204069132
82284069132
82364069132
82446698949
82644048095
82724048095
82854737656
83082952804
83253537850
83393175691
83516511217
83658368808
83738368808
83833316991
83913316991
84013626003
84093626003
84233816638
84313816638
84393816638
84473816638
84553816638
84633816638
84713816638
84793816638
84873816638
84953816638
85033816638
85113816638
85193816638
85273816638
85353816638
85433816638
85513816638
85593816638
85673816638
85753816638
85833816638
85913816638
85993816638
86073816638
86153816638
86233816638
86313816638
86393816638
86473816638
86553816638
86633816638
86713816638
86793816638
86873816638
86953816638
87053298410
87133298410
87593457548
87673457548
87830399699
88065557342
88145557342
88225557342
88320501569
88475494760
88615531066
88695531066
88775531066
88855531066
88935531066
89015531066
89095531066
89175531066
89255531066
89391758245
89476417373
89556417373
89749994240
89829994240
89909994240
89989994240
90069994240
90149994240
90229994240
90309994240
90565397341
90645397341
90725397341
90805397341
90885397341
90965397341
91045397341
91125397341
91205397341
91285397341
91365397341
91445397341
91525397341
91605397341
91685397341
91765397341
91845397341
91925397341
92005397341
92085397341
92165397341
92245397341
92325397341
92405397341
92485397341
92565397341
92645397341
92725397341
92805397341
92885397341
92965397341
93045397341
93125397341
93205397341
93285397341
93365397341
93445397341
93525397341
93605397341
93685397341
93765397341
93845397341
93925397341
94005397341
94085397341
94165397341
94245397341
94325397341
94405397341
94485397341
94565397341
94645397341
94725397341
94805397341
94885397341
94965397341
95045397341
95125397341
95205397341
95285397341
95365397341
95445397341
95525397341
95605397341
95685397341
95765397341
95845397341
95925397341
96083193849
96163193849
96243193849
96323193849
96403193849
96483193849
96563193849
96643193849
96723193849
96803193849
96883193849
96963193849
97043193849
97123193849
97203193849
97283193849
97363193849
97443193849
97523193849
97603193849
97683193849
97763193849
97843193849
97923193849
98003193849
98083193849
98232408285
98312408285
98392408285
98472408285
98552408285
98647658146
98727658146
98807658146
98887658146
98967658146
99047658146
99127658146
99207658146
99287658146
99367658146
99447658146
99527658146
99607658146
99687658146
99767658146
99847658146
99927658146
100007658146
100087658146
100167658146
100247658146
100327658146
