48188253169
91987106008
91999838996
144834893670
161660578439
270085238777
456963703264
457006181237
457061254760
513192407424
554421666344
604022938668
708439525217
752052026330
831332635182
912259532951
912262717986
1008514828571
1070393925965
1463430827347
1505589621991
1594118020745
1649732121377
1649750797361
1763189772211
1778555180344
1858953543631
1983414558469
1983452203795
2186200267563
2279229465350
2329154676368
2699267191639
2734412487822
2734414606543
2734735799341
2734739248805
2829054740299
2861328780031
2861329570118
2979236708053
3053673318008
3380629169343
3459085292434
3944513342475
3961216776598
4127382827406
4263867230782
4327969267953
4327994276170
4493525022428
4571173708466
4728591920221
4741597190122
4854389828346
5002280343042
5126944360391
5600565735283
5600603825892
5850345530740
5930132119839
6075296581086
6167680948993
6415441231347
6627562250021
6683596027007
6868662144233
6918246802669
7024651906901
7035723563942
7038680667212
7103611324302
7194543190542
7261555682269
7603286150326
7603287485368
7802603190268
7843380716238
7843381769445
7979238422971
8077749901069
8103509221952
8132223992036
8157218514423
8267021068337
8311845808713
8322809212786
8322812782069
8322854093500
8338107103254
8356658313169
8586738034530
8586754541076
8646730203491
8697285321054
8728731013220
8742634790180
8805033621471
8805095681173
8856899517736
8973155735266
8973158462289
9076201444534
9128231169361
9204095495230
9380785817464
9401604241017
9401608827891
9422716909048
9529611626104
9529635728997
9533672468961
9763439515593
