285379998
371859998
694179998
952579997
1083299996
1272819996
1338179996
1732339996
2164979996
2244099995
2591779994
2922179993
3033219992
3265379992
3299859991
3850339990
4586659990
4759699990
4828419990
5805139990
6172099989
6191059989
6758819989
7014819988
7505859987
7854259986
7973379986
8562019985
8691459985
9259059984
9359219983
9614819983
9968019982
10093619982
10573539982
11082739981
11286499980
11883779979
12213219979
12221299979
12480899978
12814499978
12893539977
12904899977
13268179976
13668979976
13672019976
14718659976
15009859976
15234499976
16210419976
16240419975
16636899974
17088739973
17488899972
17635539972
17716579972
18252019972
18378979971
18647139971
18789859971
19276739970
19702819970
20108899970
20807779970
21556419969
22222019968
22274099968
22347779967
22516019966
22957619965
23148659964
23297619963
23429219963
23721139963
23810179962
23881779961
24060499961
24147059960
24547219959
25047299958
25530819958
25669139957
25907459957
26861619957
27466659956
27863779955
27961939954
28038979953
28971859952
29066339951
29285139951
29423459950
29461699950
29979539949
30019779948
30026819948
30369939948
30429859948
30500979948
30617779948
31222019947
31634659946
32092179946
32242419945
32791859945
32976659945
33936979945
34159139944
34322179944
34561059944
34859699943
35186339942
35550659942
35701059941
35715219941
36244019941
36286819940
36441699940
36648899940
36774579939
36902899939
36961539938
37180259937
37187699937
37323939937
38474019937
38743939937
39199379937
39319059936
39363779936
39991699935
40111299934
40476339933
40536499932
41211139932
41587139932
42063539931
42110099930
42158499929
42504899928
42755219928
43459699927
43615059927
44030499927
44241779927
44479219926
45181459926
45799459926
46689379925
46760979924
46860339924
47043619924
47618259924
47646899923
48076259922
48247619922
48890019921
48982979921
48996419921
49171779919
49268339919
49932819919
49976499918
50763139917
50835059916
51058579915
51112259914
52097459914
52658659914
52755699914
52928659913
53506979913
54542979912
54626419912
55406579912
55460979911
55617699911
55728499910
55752659910
55931059910
56122819909
57069619908
57426659907
58299939905
58488819905
58629379905
58677539905
58979699904
59489939903
59588819902
60604979900
61047059898
61613779896
62503379896
62554339895
62875379895
63065539895
63137219894
63183059893
63229059892
63302339891
63782819890
64102099890
64326099890
64578019889
64678819889
64767699889
65195619888
65207219887
65282659886
65375859886
65505059885
65808339885
65887139884
65968499884
66522179883
66873779883
67253619882
67554979881
67961859880
69745539880
69812419879
70459459879
70569619878
70585539878
71020019875
71292979875
71762099875
71970099875
72008419874
72112899874
72605459874
73716259872
74357939871
74373139870
75112419869
75759139869
76319939868
76399299867
76649459866
76869859865
76906019864
77039539864
77289859864
77316899864
78132259863
78535139863
79532339863
79544259863
79598739863
79974979861
80076259860
80126659860
80657139860
81274579859
82174179858
82191219857
82236819857
82915539857
83968259856
84781699856
84815379856
85077939855
85347219854
86251939854
86480659854
86539299853
86632739852
86685299852
86844099852
87079059851
87474579851
87501699850
87662739849
89399059848
89434899847
92297459846
93866499846
93937699845
94946099845
95221939845
95566339843
96176019843
96516499841
97559219841
97725059840
97728179839
98180179837
98258899836
98842499834
98985779834
99936579833
99940899833
100855299832
100905539831
101595859831
101834499831
101917059830
102762659829
104198339828
104248179828
104300019827
104388979826
104684659825
105565699824
106509379823
106568179822
107691619820
107776099819
107802739819
107910739818
108227139818
108489939817
108827939817
108832899816
109563299816
109688579816
110626899815
111182979814
111310019813
111666099813
111805059813
111982419813
112410179813
113230819813
113338979813
113760339812
115178579812
115441939812
116272659809
116521219809
116602259809
117210019809
117676179808
118246899806
119117379805
119875219805
120375059804
120700339803
120926259803
121230019802
121508659801
121586659800
122476259799
123006499798
123036739797
123068499796
123724099796
123809859796
123820819795
124234099794
125265699793
125679139791
126098659791
126288579789
126823859788
127210739787
127539539787
128265459785
128492339784
128971619784
129137059784
129494499784
129684819783
129760099782
129773699781
130385379780
130605459779
131348579778
131440819778
132193459777
132273219776
132376099775
132473859774
132478499774
133437299772
133489219772
133826019771
134664739770
135385619769
135684819769
136317859768
136715059767
136743219767
137224339765
137744739765
137840819764
137860019763
137962579762
138843859762
139801139762
140175779760
141194259760
141671219760
141831939759
142287379759
142903779758
142990259758
143303459758
143510339758
143589699757
144477699756
144907939756
145114019755
145313619755
145358099754
146282259754
146384179753
146430259753
146460499752
147011859752
147618499751
148083939750
148334099749
148338099749
148375619748
148612499748
148697219748
148781939748
148981539747
149192899747
149491859746
149506579746
149574419745
149953619745
150167459744
150461139743
151609939743
152154339742
152232819741
152383219739
153492499739
154685779738
154962579737
155491939736
155510259735
156424819735
157352899735
157533779735
158485779735
158684339734
159793219732
160770339729
160870019729
161764259728
161781459728
162062419728
163011859726
163299299726
163470179726
163474019726
163688259724
164330019724
165478899723
166621139722
166960579721
167175859720
167302579719
168299859718
168357059718
168492899717
168679219716
169074259716
169216019716
169630579716
169973379716
170039139715
170981059715
171404979714
172065459713
172237219711
172432899711
173618499708
174176899708
174185619708
175072179708
176370659705
179414739705
179817619704
179936819704
180292739703
180314259703
181528099702
182330979702
183519699700
183616899699
183826179699
184034019698
184058419698
184249059698
184740979698
185178339698
185205459697
185874019697
186297539696
186831059696
186867219695
187043939694
189411299692
189906659691
190019939691
190123219690
190508499689
190701699688
190778019687
191054019687
191742179686
192188499685
192616819684
192681779684
193203619684
193312259684
193330339683
193644419683
193778739683
193987219682
193991619682
194502979681
194800339681
194876979680
195114579680
195280819680
195461379680
195475779679
195616179679
195652579679
195748179679
196519619678
196747539677
196812659676
196988339675
197742259675
197962979674
198843139674
198950019674
199076739673
199276259672
200037299670
200273699669
200674979669
200958659669
201796659669
201811139668
201946659668
202292339667
202473459667
202846019667
203153059667
203347459667
203629219666
203648019666
204934579666
205596419665
205613619665
205857859664
206215459663
206728579663
206815219662
207070019661
207160419660
208380979660
208703619658
209200179658
209403779658
210836259658
210999219657
211076179657
211581699656
213883299656
213906819655
214330259655
214361459654
214529059654
214642899653
214918579653
214936819652
215459219651
215578259651
215621219650
215762019649
216435059648
216999379648
217706499647
217961459647
218297139647
218522899646
218760259645
219285539644
219359379644
219505539643
219579459642
219774739642
220293779641
220458339641
220519699640
221654259640
222249379639
223156019638
225140659636
225228019635
225638659635
226088579633
227248259631
228261859629
228274819628
228528179627
229551299626
229639619625
229701139624
230233939624
230994259623
232113859622
232442499621
232852419620
232908579620
233241059620
233316419619
235139539619
235443619618
235663219618
235685459617
235828019616
236324099616
236420499615
236559779615
237312899615
237563139614
238510899611
239597379610
239637059609
241723939607
242038899606
243259619606
243576579605
244261059605
244295939605
244461299604
244714979602
244728979602
246062339601
246324179600
246681299600
246983859599
247380019598
248075699597
248410259597
249069699596
249143299595
249385859593
250438659593
250476819592
250557219591
250572499591
250839059590
251281459590
251550979590
251831859589
252106499589
252791619589
252987139588
253997539587
254035779587
254178499585
254476019585
255406099583
255586499583
255790739583
258371619581
258449059580
258454979579
258482259578
260458979577
260484979576
262179459572
262272339572
262377219572
263539139571
264575619570
264768259569
265999859568
267757859566
268086899565
268268579564
268361779564
268447779563
268500499563
268548019562
268701299561
268743379560
270312819558
270334579558
270613939557
271928899555
271980579554
272079779553
272794499552
272879859552
273145379552
273257299552
275378419551
275444739551
275479619551
275500499550
275955859550
276013379550
276485859548
277301619547
277448579547
277576499547
277694739546
277750499545
277812579545
278205859545
278304499545
278359939545
278702179543
279705539543
279768979542
280226979541
280639699541
281424339541
281783139541
282650819541
282709779540
283113459540
283207619539
284152739538
284160419538
285167619537
285299139537
285377939536
285541139535
285633059535
285745059535
285886739535
287294739534
287461939533
288009619533
288076099532
288087539532
288468819531
288960099531
289669699529
289706259529
289740179528
290383219527
290423059527
290454339527
290597619525
291110179524
291309779523
292435139522
292642339522
292840419522
292897379521
292912499520
292982019519
293094419518
293733139516
294355059515
294441379514
294710499513
294862099513
295274499513
295860259513
295974419512
295980819512
297319619511
298227379511
298995379510
299338019509
299374739509
300201059508
301458499508
301898419507
302085859507
302554499507
302831859506
303236179505
303247139504
303493939503
303527939503
303636499503
303639539503
304147139503
304552419502
304877219501
305236499500
305422979500
305812179499
305908339498
306026339497
306403299497
307611379496
307629299495
307632659495
309066739491
309918739491
309992419490
310508099490
310525059489
310922979489
310945059488
310976579487
310981139486
311219059486
311480739486
311669219486
312818419486
313701219486
314250019485
315514099484
315529939483
315690259483
315857459482
316464579480
316476099480
316612579480
316670499479
317157699478
317606339478
318070419477
318799139477
319084739477
319117379477
319290819477
321201459475
321448739475
321466739474
321591059473
322350179472
322411619472
322593459471
322623539470
322700739470
323496579470
323553619470
323666739469
323699299468
324062339468
324083059467
324336339466
324414659466
324912019465
325926979464
326041859463
326271299463
326379219463
327168339462
329176579461
329210019460
331179059460
332157619459
334066499457
334086259456
334952339455
336027379455
337686019451
337734499451
337746339450
338388339450
339169699449
339742979449
340249459448
341024339446
341057299446
342513139445
343233939443
343278819443
343298339442
343476659442
344052179442
344706659441
344905779441
345114419441
345222419440
345261139439
346293779439
347111299438
347415699437
348312099437
348350979436
348386659436
348638579435
348706099434
348997939434
349365459433
350848659432
351605219431
351783539431
351816019431
351894899431
353407459430
353896179430
354078419429
354264819428
354674339428
354710659427
355604739426
355723859426
356174179426
356186019425
356203939424
356732419424
357032019422
357371459421
358067859419
359247459418
359630659418
359736819418
360854579417
360866979416
361244899416
361577779416
361941699415
362350819414
363435699413
363732019413
364136099412
364183219412
364252659412
364282499411
364425379411
364752259410
364883859410
365033459409
365129379409
365335619409
365796339408
365867539407
366244819406
367512499405
368530339404
369406819403
370505859403
370868579402
371297779402
371404899402
371482739402
371608579402
371797299401
372239859401
372553219400
372587059400
372737059399
372818259398
372915619398
372920739398
374794019397
375305619397
375325379396
375602979396
375738739395
377232019394
377244179394
377298419393
377376979393
378255539390
378858579387
379182819386
379331459385
381359059385
381477299384
381824739384
381834339383
382966739382
383674659382
384071059382
384337859382
384501139381
384514339380
384528099379
384585299379
385031779378
386117299376
386136019376
386165059375
387138899374
387275299374
387351379373
387646659373
388280819373
388965139372
389852979371
390512179371
391150899371
391787139370
391939619370
392111219369
392653939369
392803539369
393117539368
393366019366
393525779366
393899459365
394905779365
395055059365
395122019365
395135059364
395324179363
395687219363
395867459363
396241779362
396830579362
396884659362
397008979361
397276739360
397309939360
397469219360
397518739360
397839459359
397968579358
398073219357
398219139357
398290419356
398517299355
398893459354
398928499354
399886979354
400148339354
400730499352
400954179352
400977939351
401050099351
401144259350
401418979350
402082659350
402491219349
403063459349
404395699348
404448899347
404517219347
404541459347
406648979346
406720419346
406822819346
407026659346
408525299344
408637299344
409214339343
409339859343
409356179343
409458819342
410144979342
410228739342
410541619341
411115139339
411173379339
411366179338
412025539336
412034819336
414230819335
414570579335
414622739334
414674019333
414902419333
415145459333
415787219333
416346419331
416768259330
416784579330
417475779329
417702579328
417749699328
418203859327
418267299326
418563699325
418606659324
418655859324
419705219322
419799779322
419886259322
419978979321
420021699321
420271299320
420328339320
420447139320
420465139319
420549939319
420818099319
421127699317
421853619316
422092339315
422261059313
424273699312
425039939312
425181379312
425213699312
425510499312
425822739311
426465539311
426574259310
426842019309
426878339308
427139299307
427502659307
427739699306
428475379304
428562099304
428873299304
429567699302
430910179301
431585859299
431704259299
431780659298
432214739297
433059779296
433134979296
433158739295
433195939294
434608339294
435777619293
435980019292
436260339292
436284339292
436377779291
436715299290
437039779289
437276819288
437623299288
437856339287
438340419286
438934419285
439550339285
439633139284
439892419284
441150819284
441188419284
441592819284
441871939284
442008979283
442679619282
442770659281
443475779280
443624579279
443955779279
444201779279
444876979278
445430259278
445530899277
446254979276
446296339276
447313699275
448126019274
448174979273
449802419273
450417219273
450509539272
450775299271
450831699270
451563139269
452902739268
454386019266
454619379265
456325219262
456373219262
456382819261
456542899260
456963699259
457012899259
457065379258
457093779258
457169219257
458012579255
461295939252
461300579252
461647939251
461673299251
461735059251
462156979251
463448019249
464004659248
464306579247
464329859246
464394659245
464623059245
464706499245
464789459245
464817859245
464828659245
464831619244
464834179244
465306579244
465316019244
466178579244
466291539244
466665539244
466822739243
468237699243
469411219242
469668339241
470200259240
470315699240
470614979239
470824339239
471660979239
472224579239
472309299239
473414019238
473509939238
473935939237
474805939236
475004579235
475046259235
475236339234
475293939233
475339379233
476602099232
476863539231
477061379230
477176819230
477188899230
477243299229
477352259229
477381459229
478392819228
478884899228
479146979228
479162339228
479214579228
479272579228
481088899226
481356179226
482120499226
483502499224
483794259223
483800099222
483917299221
484113619221
484554899220
485326259219
486063459219
488124339217
488234979217
488352419217
488704339215
488809619214
489078419213
489967619212
490926819212
491507299211
492211779209
492304899208
492635059208
492775539208
493759459208
494650419208
494862099208
495810339207
495819219207
496184499206
496971699205
497649219204
497930899204
499036259204
499566979203
501194659201
501304019200
501421219199
502343859198
502486739198
502530499198
502850179197
503025299197
503663539197
503922099196
504432419196
505548499194
505587539193
505602899193
506223059192
506326739191
506425139191
506722419190
507012739189
507119139188
507455219187
507483459187
507870579187
508048499186
508191779186
508522899186
508654899185
508676899184
508860899183
509036259182
510090739182
510141619182
510619859182
511225699182
511548659182
512047539181
512696099180
513323859180
513442099179
514018499178
514339139178
514416739178
514738259177
514963699176
515712819174
516242659174
516362499174
516412339174
516579699173
516819939173
516971539173
517610499172
517714659172
517746659172
517768579171
518475699170
519207859168
519479779168
519561379168
519842259167
519929299167
521264979167
521406579167
521972979167
522059619166
522069379165
522409379165
522702499164
522999699164
523273619163
523292979162
523459299161
523655059161
523926099161
524130259161
524208339160
524788419160
525301459159
525590739158
525976099157
526435459156
526714579156
526878099156
526935459156
527046339156
527440499154
527487059153
527541459152
527785139152
527836099151
527923539151
528014659151
528039379150
528277539149
528321139148
528376099148
528816979147
528828579146
528926899146
528968339145
529238419145
529440419144
529790179143
530066099142
530276419142
530286659142
530387699142
530585619141
530742419140
531164739139
531617539138
531821539137
532310019136
532549619136
532705139136
533386579136
533684179135
533776259134
533939219133
534266819132
534621859132
535048579131
535232259130
535553939130
536030659129
536093059128
536430499127
537955699127
538383699126
538680499126
538813299126
539982499126
540574659125
540589619124
541536659124
542008339123
542392579122
543079139122
543833299121
543877459120
544533139119
545600659119
545668019119
546204979118
547460179118
547895139118
548906579117
549145059115
549395139114
549648979114
549802419113
550233619113
550338979112
550763299111
550766259110
551286179110
551330339109
551542099109
551794579109
552247859108
552405619108
552804099107
552913059107
553222259106
553297299105
553370339104
554763619102
555187299102
555948019101
556848339101
557359859101
557868019100
558416419100
558533379099
558537379099
558556099099
558634179098
558894259097
559123779096
560222739096
560596019096
560745459096
561402979095
561858339095
562037619094
562401139094
562518819094
562705379094
562977619093
563096179092
563164579092
563257219092
563269699091
563460899091
563917459090
564086979090
564094899089
564199619088
564256099088
564813939088
564984979088
565062499088
565076979087
565334819087
565355699086
565723459085
566645939085
566749779085
566864499085
567271219085
568135779084
568196499084
568697379083
568724179083
569419779082
569811699081
569821459080
570722739078
570866579077
570910899076
571324019075
572291939075
572574499074
573473939073
574018819071
574276979070
574414659070
574475939070
574858099068
575155059067
575836899066
577753779065
578252499063
578335859063
578516419062
578827379061
579718099060
580274579060
580917939060
581071059060
581717459060
582363699060
583950819058
584307299058
584575619058
584742259058
584936259058
585482579057
586816499057
586862339056
586970179056
587037699055
587120739055
587488019054
587552019054
589148819053
589207059053
589915859052
590022659052
590274979052
590878819052
590911219051
591112339051
591286099051
591990979051
592607619050
593261139050
593796179049
594166019049
595115939048
595614179048
595937939048
595969619047
596164099046
596540899046
596650179046
596879539046
596944979045
597157539044
597250499044
597298979044
597935299044
598021859043
598041219042
599705059042
599807299041
600351459040
600529059039
600575299039
600776819039
601171699039
601573619038
601843299038
601927379038
602005779037
602096579037
602239139036
602453539036
602498419036
602921939035
603200019035
603523699035
604006419034
604193699033
604380579033
605181859033
605412419032
605656339031
605954099030
606030099029
607364579026
607683059025
608013539025
609155459024
609232339024
609284019023
609740099023
610083059022
610413619022
611124099021
611851219020
612076099019
612537619017
612598179017
612862019016
614187379015
614686659015
615074659014
615451299014
615543459014
616926339014
617742259014
618259699012
620087619011
621041299009
621065139009
621414419008
621705139007
621817379007
622534739006
622650019005
624128419003
624197059003
624202739003
624213299002
624904259000
625612658999
625876098999
626259858998
626948498998
626956018997
627419778996
628296658996
629623858996
629754418995
629867858994
630104258992
630118738991
630159698991
630954338990
632232818988
632700418988
632886418987
632931858987
633122418987
633395058987
633520338987
633554418986
635068498985
636292098983
636328258982
636814178981
637308178981
637668658981
637680978980
637784818980
637850258979
638512658979
638557778979
638879538978
638904738978
639008418977
639426978975
640948178975
641317618974
641610338974
642460818974
643219938973
644576978971
644718738971
645294418968
646281858966
647417858965
647879458965
647899698965
648002418965
648777698965
648971058963
649214418963
649743618962
649779938961
650101698960
650199618959
650812258958
651691378957
652018658956
652088898955
652610098954
652662098953
652708418953
652908818953
652968098952
653169138951
653339378950
653714018950
653870978949
653953698949
654270418948
654278098948
654303138947
654356738947
654359298947
654501938946
654516418945
654621778944
654771138944
654867298943
655098498942
655481538942
655749858942
656133538941
656489938941
657261698940
657595378939
658369698939
658374258938
658459058938
658644738937
659937218937
662006578936
662057778936
662534578936
663320098936
663434418936
663450338936
663480258935
663759538935
664598898933
664941938933
665556098931
665592018931
665653458931
665829698930
665856898929
666764978929
667163938929
667947378929
668312818928
669173698927
669513058927
669619298927
669833378927
669909058926
670169778926
670481538926
670781938926
671372258925
671726098924
671741058923
672086418922
672618658922
672629138921
673524498920
673534098919
673566578919
673715858919
674063378919
674176178918
674242418917
674517218916
675038418915
675373778914
675445298914
676197058913
676705618913
676794258912
676907138911
677103218911
677266018910
678339538909
678788338908
679107298908
679200738907
680224258904
680626178903
681198098901
682138738900
682143458900
682713378900
682777778899
682827778899
683164658899
683442898899
683533298898
684147458898
684393058897
685541138896
685551458895
687665538895
687783938895
688020258895
688476258894
688951938893
689368418893
689925218893
690081058893
690604498892
690777618892
691468658892
691502338892
691582258892
692252898891
692402898890
692463698889
692481778888
692536178887
693115538886
693430098886
693651618886
693746898886
694057618884
694304658884
694378658883
695445298883
695645698883
698046738881
698565458881
698709698881
699251058881
699497138881
699786818881
699791858881
699894498880
700009538880
700021858879
700414018878
701228418877
701532898876
701645938876
702440418876
702549138875
702634738874
702991458874
703148098873
703206338873
703760258872
704558098872
704939698871
705325618871
706271138871
706354418871
706718738871
707789618871
707905538870
709387298868
709498978868
709772338867
710435538866
710759218866
710863938865
711055138865
711440818865
711690738864
712843778863
713129298862
713506658861
714451938861
714796498859
715174978859
715376178859
715800898859
715873378859
716400818859
716701938859
716899698859
717408338859
718165218859
718972178858
719004898857
719372578856
719870978855
719879618855
720249138854
720540498854
720771618854
721054658854
721240658853
721363458852
721526898851
721804658851
721854018851
721988818851
722100418851
723250098850
723963138850
726135058848
726526818848
726644658848
726747618847
727062818847
727754578846
728396578846
728405138845
729103778844
729108258843
729305778842
731960338840
732596978840
733082818839
733380338838
733575138838
734106418837
734191298836
734361458836
734392258836
734403938835
734530338834
734868098833
736227138833
736701458832
736724178832
736742498831
736792418830
736832978829
736934658829
741332578825
741586578824
742120738823
742223858823
742655458823
743308098821
743885458821
743890178821
744194018820
745618578816
745692338816
746099698815
746333538814
746646418813
746782898813
747838018813
748255538813
748347458813
748386818812
748414018811
748454418810
749470018808
749531378807
749730418807
749805298807
750150738805
750337058804
751545458804
751665618804
751810338803
752347538802
752682098802
753363298801
753408898801
753450978800
753464018799
753484098799
753516258799
753628258799
753760498799
753989458798
754224578798
754509458798
754675698798
754944658797
755570418796
755949778796
757246738796
757396418796
757655458796
757912418795
758016178795
758079218794
758479938793
759443218793
759611218793
759707538793
759838818792
760105378791
760447378791
760818978790
761221778790
761297218789
762348978788
762357058788
762402898787
762434658786
762571218786
762886258785
763078498785
763136338785
763192178785
763532098784
763549858784
763766978784
764860018783
766033618783
766076738782
766407298782
766926258781
767919458780
769514018778
769616338777
770822418775
771037778775
771786258774
772430018773
772807138772
772815058771
773525458771
774391858771
775722578770
775866818770
776217618768
776413138767
776970178766
777035698765
777136098765
777254898765
777353298765
777387378764
777461778763
777841938762
778812418759
779592578758
779636978758
780037778756
782877778754
783963618754
783971698754
784072898753
784225298752
784928898752
785272418752
785280738751
785382498751
785526178750
785761138749
786501218749
787153698748
787948178746
788559698745
788578658745
788927618745
789016818745
790297218744
790355538743
790815778742
791214658741
791334258740
791433058739
791955858739
792238018739
792340738739
792965298738
793246978738
793319458738
793512018738
795166578737
795806178735
795857298734
796242738733
797921058730
798129378730
798325778730
798403858729
799266658727
799310578727
799344178726
799424578725
800146178723
801163778723
801631538723
802228658723
802738658723
803201458722
803210898722
803670578721
803930258720
804236498720
804408898720
804431538720
804447618720
804488418720
804564258720
804968098720
805374578719
805710498719
806028658719
806109618719
806136818718
807287058718
807310338717
807725778717
807808178717
809416978715
809543378714
809951058713
811552898712
811579858712
812029538711
812408018710
813738178709
813763538709
814071138709
814184658708
814367058707
815055218706
815835698705
816607218705
816886658704
816985938703
817054018703
817649058703
817958418702
818478738701
818553618701
818598258700
818682338700
820538258699
821025858699
821065218698
822015458697
822093938696
822394098695
822600258694
822636978694
823300418694
823313698694
823463538694
823736658693
823856818693
824129618693
824170898692
824284098691
825065938689
825531138688
825719218687
826384978687
826471698687
826477698687
827369538686
827941458686
830064658685
830587378684
830801858684
830858658684
830901458683
830948178682
831060818682
831377058682
831609938682
831692098681
831997538680
832303298680
832681298680
833184018679
834376098678
834847458678
835492898677
835577218677
836060658676
836487858676
836753858676
837156418675
837582338674
837858898674
838173858673
838247138672
838788258671
839054498670
839444178670
839627458669
839731378668
839846098668
840464098668
840667778667
841065298666
841182178665
841920818665
841971618664
842343058663
842394738662
842540098662
842673538662
843330898661
844291298660
844621138660
845283858660
846202098659
847000258659
847970738658
848219698658
848771458658
849071138658
849597778657
849707298657
849980898656
850547298656
850946738656
851009858655
851765778654
851929618653
851934578652
852015698651
853308018650
853759138649
853910818648
854279218647
854712338646
854819938646
855042978645
856102338644
856339378642
856544258641
856559618641
856906738641
856949698640
856988818640
857433138639
858655058637
858770978636
859720258633
859731058633
859963618632
860060018631
860101378631
860288418630
860923378630
861322258629
861347298628
861458018627
861733218627
862224258626
863037298625
863664258624
863778418623
863937298622
864214498622
864461138622
864488018622
864866178622
865174978621
865460018621
865844418621
865891538621
866251298621
866350178620
866402178619
866524178619
866796818619
866889458619
867741138618
868088018618
868274098618
868844498618
869475698617
869646338616
869700818616
870162578615
870841778614
871388338614
871970738614
872644338614
872741618614
872753138614
873087778613
873836578611
874584338609
874922658609
875733378609
876351058609
877377778607
877875778606
878071938605
878456578605
878765858604
879188578601
879526258601
879587778600
880034418599
880290658599
880410738599
881265538598
881379218598
882386258596
882885858596
882954578596
883235058596
884344898596
884607458595
885106658595
885536498595
885645938594
887107618593
887183058592
888191698591
889211458590
889995698590
890040978590
890516418590
890735618590
891116578590
891623858590
891719858590
892257138590
894185698588
894258578588
894326338588
894524258587
895020978587
895534498586
895639698586
896277778586
896615698586
896697378586
897273058585
897940258584
898202978583
899523778583
899623138583
899697698583
899846098583
900265218582
900438418581
900467378580
900584498580
900806898579
900949858579
901923618578
901955938578
902203058577
902241698577
903709138577
904302498577
904449538577
904584178576
904660898575
905145618575
906097218574
906138178574
906402178573
906712898573
906765538572
907394738572
907488578572
907688498571
907718098571
908513298570
909868978569
909894658569
909967458569
910442898568
910929058567
911625218567
911665778566
912208658565
913054498565
913286018565
913402578564
913509298563
914179218563
914296578563
914376338562
914776498560
914832338560
914937378559
915243858558
915468498558
915893778557
916211218556
916907778555
917216178555
917473698555
917702018555
917811138554
918608738553
918678658552
919058338551
919773058550
919778738550
919924578550
920031938549
920302338548
921014498548
921022258548
921608898547
922204258546
922254098546
922489138545
922800658544
923242818544
923404738543
923425058543
923502098542
923561058540
923814418539
923925618538
924244338537
925294978536
925408098535
926109538534
926220898534
926424098534
926628338534
926875618534
926933938533
927387218532
927979698531
928352738530
928732658529
929239938529
931538098528
931560978528
931685058527
931693138527
932538658526
932547938526
933156098525
933306098524
933405538524
933620498523
934715298523
935291058522
935428498522
935552418521
936030578521
937262978521
939035298521
939136498520
939449938518
939885538518
940825378518
941102818518
941868738517
941994658517
942591058517
942601618516
942681698515
942687298514
943152978514
943329618514
944322258513
944340098513
944356978512
944634498511
944700338510
944782978510
945118098509
945147298509
945256098508
945409058508
945616738508
946242818508
946611538508
946778098507
947088978506
947544178505
947562018505
947851298503
947878098503
948233058502
948383938502
949062258502
949388898501
950077058499
950820738497
951038498497
951353058496
951659938495
951904178494
952232418493
952290178492
952680418490
952821138488
953705858487
954666498487
954772498486
955508818486
955681618485
956009618484
956219138483
956283938482
956337298481
956663298481
957006258480
957328258480
957905858480
959191458480
960017618480
960087378480
961422898479
961584738479
962563458479
962629938478
962692018478
962737458478
962783378478
963104338478
963475778477
963574178477
964348738477
965652578476
966372338475
967691778474
968322578473
968357618473
968391778473
969036898473
973590658471
974038658471
974067938471
974089138471
974228258471
974403778470
974927058469
975113698468
975144498468
975614418467
976598178465
976644578464
976727938464
976803618463
976826418463
977493538461
978134978461
978665378460
979023618459
979376978458
979488658458
979558098458
979818418458
979850178457
980026178457
981485938455
982071538454
982114578454
982407458454
982600338454
983652498453
983962258453
984309058453
984408098453
984447218453
986076578453
986676658451
987790178450
988138978449
988346018448
988512098448
988563458448
988716178447
989063058447
989259138447
989958978447
990057218446
990155378445
990200978445
990248498444
991459058443
991724978442
992134818442
992380738441
992828338441
992860978441
993195058440
993367538439
993566258439
993877778438
994499618437
994567138436
995382818435
996157458434
996200178434
996207378433
996785218432
997819218431
998089618430
998543938430
998655218430
998932498429
999252738427
999689378427
1000167778426
1001376418426
1001696498425
1001774418425
1001907938425
1002408898425
1003010898425
1003785778425
1005064018424
1005069778424
1006095778422
1006349618420
1006588338419
1006605298418
1006650018418
1008008258417
1008022258417
1008607138415
1008793378414
1009089698414
1009721538414
1009889938413
1009957618413
1010516178413
1010614018412
1010994978412
1011001298412
1011270978412
1012024978412
1012855378411
1013117138411
1013859138409
1014714018408
1014929218407
1015636818407
1016106898407
1016143698406
1016184978405
1016851938404
1017131058404
1017946258402
1018000738402
1018012578401
1018431858400
1018449298400
1018471138399
1018506178399
1018923218398
1019108578397
1019278818396
1021291058394
1021962258392
1022370898392
1023256338391
1024660098391
1025102338390
1026167698389
1027295618389
1027905938388
1028842098387
1029053058387
1029210818387
1029415698386
1030334818385
1031252738384
1031510498384
1031858978384
1032105618384
1032195778384
1032639378383
1032738498382
1032751298382
1033991378381
1035388818380
1035464578379
1035569698379
1036379938378
1036892738378
1038591458378
1039077938377
1039110338376
1039460098375
1040652898374
1040978338374
1040988178373
1042227538373
1042264578372
1042444658372
1043675218371
1043932178370
1044654738369
1044727938369
1044945938368
1045473378368
1045981538367
1046351778366
1048049218365
1048493858364
1049098418363
1049142978363
1049241058363
1049258338363
1049493378362
1049613538362
1050203858361
1050217618360
1050788898359
1050874098358
1052045858357
1052315618355
1052431538354
1052441858353
1052830098352
1053081778352
1053379218351
1053412818350
1053642178350
1053815058350
1053912738350
1054474898349
1054680098349
1055068178348
1055196098348
1055208338347
1055602658347
1056863138343
1056945778343
1057047218343
1057061458342
1057729858341
1057750898340
1057756818339
1057835858338
1058029778338
1058251218337
1058460498337
1058479858336
1059676818335
1060117138335
1060239778334
1060400018333
1060882258333
1061047458332
1061084898332
1061228738331
1061300498331
1061352658330
1062174018329
1062886098329
1062964418329
1063237778327
1063614658326
1063873298326
1064198338326
1064434418325
1064570018325
1065069378325
1065097218325
1065476898323
1065890738322
1067467138321
1068262738320
1069261378319
1069532338319
1069929218319
1069956738318
1070306338317
1071150578316
1071584018315
1071649858314
1071688498314
1072233298313
1072566498313
1072705938312
1073100018311
1073915138310
1074052098309
1074394258308
1074821218307
1074854418307
1074957938307
1075065698306
1075490338305
1075682418304
1075746338304
1076041458304
1076245298304
1076374978304
1076642818303
1076692418302
1076740498301
1076768258300
1077041778300
1077411858299
1077499058298
1077852978298
1077979698297
1078107138297
1078251778296
1078622258296
1078792738295
1078990018294
1079239058294
1079310178294
1079356178293
1079945298292
1080004418291
1080438738291
1080712978290
1080849538290
1081241618290
1081749538289
1082204658289
1082607458289
1082646578289
1083492418289
1084046418288
1084946498287
1085108578286
1085431858286
1085731858285
1086361378284
1086474098284
1086832898284
1087294898283
1087606418282
1088004178282
1088242898281
1088726738281
1088890578280
1089742178279
1089767938279
1089810738278
1089879138278
1090115378278
1090348738277
1090679058276
1090908178276
1091039298275
1091083458274
1091362898274
1091584258273
1091594658272
1091933058272
1092159458272
1092253538271
1092338898271
1092446658270
1092462338269
1092606898269
1092685378268
1093072098267
1093178578267
1093295218266
1093901778266
1094505138266
1095031058266
1095609618265
1095664018264
1097127298264
1097719778263
1097942258262
1098344738262
1098427378262
1098504898262
1098899938262
1099393618261
1099502978260
1099649218259
1100272098256
1100779618256
1100883458256
1100984098255
1101306818255
1101321378255
1102227298253
1102923378253
1103147458252
1103208738252
1103967058251
1104130418250
1104290018250
1104508258250
1104787858249
1105441778248
1105684178247
1106155138246
1106223218246
1106472018245
1106696578245
1106946498244
1107425138244
1107493138244
1107698418244
1108233298243
1108300818242
1108451938242
1108532818241
1108601938241
1108784578241
1108840338240
1109086258239
1109120418239
1109724658238
1110291378238
1111214418238
1111249378237
1111277698237
1111293378236
1111314578236
1111372338235
1111479458235
1111900978234
1112246098234
1113146898233
1113503538233
1113989538233
1114142738232
1114379378232
1114950738231
1115271938230
1115666498229
1115989378228
1117339538228
1118169538227
1119468658226
1119746258226
1120115698225
1120681298225
1120754818225
1121843698225
1121961458225
1122616418224
1122867378224
1122967778224
1123008178223
1124155698222
1124248578222
1124433698222
1124436658221
1124987458221
1125158658221
1125193218221
1125230498221
1125272898221
1126122898221
1126172418221
1126483458221
1127655538220
1128292498219
1128644498219
1129380818219
1129403058218
1130062018216
1130398738215
1130630818214
1130923298213
1131213858212
1131256898212
1131871138212
1131935858211
1131962258210
1131968418209
1132826098208
1133035138208
1133216898208
1133599618206
1133922818205
1136032258203
1136084898202
1136346178201
1136420818200
1139388418196
1139647618196
1140615858194
1140742178193
1140759778193
1141444098191
1142211538191
1142858978188
1143906818187
1144554818185
1144824418185
1146133138185
1146375378185
1146415778184
1146569618184
1147322258183
1147734338183
1147938178183
1148117298182
1148677858182
1148867858181
1149114578181
1149558578180
1149565458179
1150785538178
1150815138178
1151181058178
1151412898178
1151534898178
1151749058178
1151812018178
1152743698178
1152862738178
1152894418177
1153098658177
1153359538176
1153885698175
1154072018174
1154545618173
1154584978172
1155155938171
1155306498170
1155640498169
1155654098168
1156008178168
1156099778168
1156309378168
1157023058166
1157899938166
1159762258164
1159800898164
1160442258163
1160986258162
1161158818162
1161224178162
1161903858162
1161939458161
1163484338160
1163749538159
1164478498159
1164968738158
1165810658158
1166028018157
1167759218156
1168096178156
1168294658156
1168403618156
1168561058156
1168730898155
1169395298155
1169467538154
1169484658153
1170063538152
1170661618151
1172392498150
1173777938147
1174227058146
1175206178144
1177098338144
1177226578144
1177333778144
1177438578144
1178082418144
1178139378143
1178527298142
1179739058142
1181806418141
1181862498140
1181895138140
1183972978137
1184482498136
1184683618136
1185141858135
1185369858135
1186164098134
1186795538134
1186845698134
1186896018133
1187782418133
1188293058132
1188693618130
1189172578130
1189610178129
1190477858129
1190621298128
1190735698128
1190769538128
1190794098127
1191197698126
1191312898125
1191327698125
1191475058124
1191641778123
1191824418123
1192700418123
1192712578123
1192766818122
1193676178121
1193850178120
1194202178120
1194535698120
1195182658119
1195301298118
1195566498117
1195604258117
1196379058116
1196675378116
1197113538115
1197237298114
1197302658114
1197954578113
1198779218112
1199131298111
1199443058111
1200202258111
1201319698111
1201672818111
1202098898111
1202473058110
1202717218108
1202981298106
1203056098106
1204099138105
1204257218105
1204359378105
1205576178104
1206761538102
1206870578101
1207286738101
1207421138100
1208333378098
1210001778098
1210805378098
1211243218097
1212012738096
1212430418096
1212814738096
1212899938095
1213091138095
1214499458094
1214646578094
1215113618094
1215628898093
1216417778092
1217497138092
1217676898092
1218109698091
1218228978090
1218348818090
1218426018090
1218888738089
1219328578088
1220370418088
1220566098088
1220600738087
1221390498086
1221589138085
1221647618084
1221986658084
1222285778083
1223554018082
1223661378081
1223696418081
1224549858080
1225659458080
1225894978080
1225912898079
1226146018078
1226293458077
1226618818077
1227158978075
1227162658075
1227895298072
1228042818071
1228574338069
1229488898069
1229739858069
1229951698068
1230087058067
1230319458067
1230370418066
1230446178065
1231588818064
1231898178064
1231903298064
1232517538062
1232655138062
1232668658062
1233190658062
1233235138061
1233507618061
1233998338061
1234838338061
1235090498060
1235117538060
1235374418059
1235394578059
1236048018058
1236546978057
1237092738056
1237307458056
1237351058055
1237356178055
1237471938055
1238582018053
1238682498052
1238736098052
1238782738052
1238811538051
1238861778050
1239091378049
1239561618047
1239635378047
1240124738047
1240960498046
1241239538045
1241415938044
1242755538044
1242973458043
1243096418042
1243407858042
1243463538042
1243556178042
1243678498042
1243700738041
1246503938040
1247528258039
1247956658038
1248603138036
1249038658034
1249098658033
1249149618032
1249976018031
1250147298030
1250501218030
1250633858029
1251295298029
1251433138029
1251886498028
1252181138028
1253761778028
1257392338023
1257889458023
1258057138022
1259003378022
1259064898021
1259434258021
1260713618020
1260809698019
1261303698019
1261609618018
1261698338017
1262162018017
1262182338017
1263911298015
1264022098014
1264362098014
1265100098013
1265479938012
1265586898011
1265591298011
1265789778011
1265882418011
1267394098011
1267764178010
1267783698009
1268050418008
1268455058007
1268523378007
1268685778006
1268711618005
1268965058004
1269133858004
1269875618003
1270209298002
1270271858002
1270601778001
1271236178000
1271945457999
1271958817999
1273694577998
1275094257998
1275162257998
1275179377997
1275813377997
1275902737996
1275967937995
1276031537995
1276083297995
1276709137995
1277272417993
1277670897992
1277848817991
1277898337991
1277950097991
1277975457991
1277981857991
1278137297991
1278443617991
1279312977990
1279478657989
1280383457989
1281815937986
1281920257985
1282657537984
1283444417982
1284011457982
1284014017982
1284385857982
1285870817982
1286532017981
1287231377980
1287306977980
1287766817980
1288068097980
1288118497980
1288344097980
1288483697979
1288879377979
1289294657979
1289372737978
1290404257977
1290634177976
1290666417975
1291167777974
1291376737974
1291598737973
1291920897972
1292008417972
1292248257971
1292904097970
1293056257970
1293063697970
1293450337969
1293602417968
1294956977968
1295420897968
1295844497967
1296692977967
1297036817967
1297916177965
1298086657964
1298203057964
1298278657964
1298444737964
1298582337964
1298607457963
1299191697962
1300039457962
1300115297962
1300141457961
1300193857961
1300266577961
1300317937961
1300404497960
1301173217959
1301865697957
1302298417955
1302553457955
1302627617955
1302643217954
1302670497953
1302883697952
1302909217952
1302933857951
1303510737951
1303587937951
1303722737951
1304113777951
1304806577951
1306257937948
1306371377947
1306422497946
1306710897945
1306748977945
1306905617944
1306952097944
1307069777944
1307180577943
1307518817942
1307661697942
1308947777941
1310165777939
1310645297939
1311044817938
1311429937937
1311907137937
1312499217937
1312944097937
1313237217936
1313526177936
1314831857936
1315280017935
1315873857934
1316752177933
1317032817933
1317116577933
1317549297932
1317941937932
1318144257931
1318427697930
1318779057929
1319766257928
1319987297927
1320893057926
1320997857926
1321086737926
1322417617925
1324036897925
1324773937924
1324913697923
1325710657922
1325731377921
1326145057920
1327068497920
1329493777919
1330035057918
1330067457917
1330875857917
1332000177916
1333103137915
1333906177914
1334996577910
1336837137908
1336854497908
1337019777908
1337083457908
1337195057908
1337276817907
1337291297906
1337369457905
1337528097905
1338433217905
1339766817904
1339825217904
1339937297903
1340558257901
1340590897901
1340646177901
1341402257900
1341419537900
1341823377900
1341880657899
1341947537898
1341952017897
1341974657897
1342397777897
1342529217897
1342784977897
1342856417897
1343181697896
1343201057895
1343497937894
1344086577893
1344594737892
1345766417892
1345987937892
1346036897891
1346473937891
1346701617891
1346967937890
1347230097889
1347442737889
1347525057889
1348620817888
1349158417887
1349210497887
1349216497887
1350007057886
1350604817886
1350869857885
1351045297884
1352056737884
1352337457883
1353048817883
1353445697883
1353626817882
1353866337881
1353952657880
1353968097880
1354693697879
1355270257879
1355540257879
1356047857879
1357034177878
1357269777878
1357543457876
1357602977876
1357977857875
1357991537874
1358049377874
1358810257873
1359077217873
1359819937873
1359828897872
1360253137871
1360443057871
1360824337870
1361638097869
1362028337869
1362128977868
1362586817868
1362637137867
1362940817866
1363356257866
1363714017866
1365088577865
1365850257863
1367074497862
1367354577860
1367577297858
1369728817857
1369757377856
1370116337855
1370370817855
1372395697855
1372426577855
1372641617854
1373695617852
1373717057852
1373987057850
1374745777850
1374861457850
1375164337849
1375213217848
1377133617848
1377333617847
1377381137846
1377599697846
1378039857846
1378403457845
1378743057844
1378830497844
1379763617843
1379940817843
1379974657843
1380017537843
1380544337842
1381674817842
1382233617841
1382295857840
1382533457840
1382621777839
1382833057839
1383030017838
1385178337836
1386549697836
1386666337835
1387668337834
1388138497833
1389965857832
1389969057832
1389984337832
1390064497831
1390366017830
1390401537830
1390752337830
1391211857830
1392442417829
1392458177828
1392605057828
1393924257827
1394284177826
1394826737826
1395674097826
1395935777826
1396822337826
1396913297825
1397467057825
1397510577825
1398173457823
1398665377823
1398967937822
1399923617821
1399997777821
1400047697820
1401226017819
1401409857819
1401750257819
1401831617819
1402841297818
1403601617817
1403640737817
1403854657816
1404436577815
1405699617813
1406015777813
1407904737812
1408018737812
1408085617811
1408112017810
1408585137810
1409249537810
1410785777810
1410965137810
1411100177810
1411497377810
1411740017810
1412022977809
1412234417809
1412419297808
1412945217808
1413268817808
1413415457808
1413579857808
1413687137808
1413719297808
1413918657808
1413973697807
1414467457806
1414662417806
1415365217805
1415416017804
1416930177803
1417352497802
1417854097801
1419096577800
1419533537798
1419701377798
1419814097798
1420374497797
1421056577797
1421093457797
1422069617794
1422821617793
1423098097792
1423408497792
1423451217792
1424116737791
1424307377791
1424618897790
1425144497789
1425433697788
1425970657788
1426196177787
1426331617787
1427412817786
1427977617785
1428061857784
1428131377783
1428405057783
1428426897782
1428740257781
1428884097780
1429279297780
1430153377780
1430208657780
1430246177779
1432338017779
1432371697779
1432747217778
1433223377778
1434133057776
1434190497775
1434670097775
1435139537775
1435588977774
1435670017774
1436765857773
1436855137772
1437106177772
1437236417772
1437412497771
1437422257770
1437881697770
1438896897770
1439075377769
1439088817769
1439096177769
1439262337768
1439267937767
1439317857766
1439381537766
1439582977766
1439919377765
1440253137764
1440264257763
1440338417763
1441478977762
1441814177762
1442532737762
1443714897760
1443901857759
1444192737759
1444425857759
1445447377759
1445914337759
1445981857758
1446398337758
1446617137758
1446648257757
1447038017756
1447449457755
1447682897755
1447879137754
1448442577753
1448793217753
1448848817752
1450077617751
1450374497750
1450550097750
1450702097750
1451654817750
1451716017749
1451966577749
1452313137749
1452631537748
1452648497747
1452797457746
1454215937746
1454291457746
1454453057745
1454578177744
1454589777743
1454821217743
1455068897743
1456380897742
1456544737741
1456764417740
1457305857739
1457308977738
1457425937737
1457474497736
1457489137736
1457592337736
1457635217736
1457696017735
1458082097735
1458157377734
1458338497734
1458448257733
1458566657733
1459219937732
1459510657732
1459708337732
1460123857731
1460720897731
1461199617731
1461512897730
1462246337728
1462679617728
1462932257727
1463356897726
1463748897725
1463885697724
1463930737723
1464110257723
1464410977723
1464671217723
1465049377723
1465176177723
1465636737723
1466770257723
1467148657722
1467225057721
1467229937720
1467827377720
1468144337719
1468248577718
1468615457718
1468661137717
1469333617716
1469754337716
1469891377715
1469938977715
1470183857714
1470354737714
1470423217713
1470674497712
1471024657711
1471269617711
1471402577711
1472464577711
1472850977709
1472999377709
1473277297708
1473498497706
1473999457706
1474254017705
1474550257704
1474950817703
1475372737703
1476186817702
1476249617701
1476339377701
1476577217701
1476853457701
1477758337700
1477934977700
1478559297699
1478904417699
1479369297699
1479449537699
1480608577699
1480810257698
1481339937697
1481386657696
1481439057696
1481724577696
1482121377695
1482340897695
1483324657693
1483483137692
1483501857692
1483532417692
1483558657691
1484286657691
1484364657690
1485394497689
1486370897688
1486813057686
1487289697685
1487334017684
1487685057683
1487833617683
1489422897682
1489563617681
1489669857681
1490290577681
1490988257680
1491034737680
1491317057680
1491395297680
1491495217679
1492290657679
1492779137677
1493247697676
1493276577675
1493321057674
1493918097673
1494140897672
1494175297672
1494193297671
1494846257670
1494940017669
1495196257667
1495362577666
1497367697664
1498163857664
1498210497664
1498463617664
1498787297664
1498831617663
1498914257663
1499462977661
1499478417661
1499951937659
1500260257659
1500508897658
1502094417657
1502933297656
1503372417656
1504547137655
1504867057653
1507137777653
1507236977652
1507275377651
1507287457651
1507549057651
1507644657651
1507656017651
1508587297650
1508870177650
1509739777649
1509901217648
1511084977647
1511904897647
1511922737647
1512196417647
1512407937646
1512731137645
1514190177644
1514201937643
1514258177642
1514380977641
1515634337641
1516329377639
1516345617639
1516369297638
1516386017637
1516434017637
1517676657635
1518032497634
1518057297633
1518114897632
1518584737631
1518776337631
1519420817630
1519871297629
1520359697629
1520423537628
1520791537627
1520893857626
1521049057626
1521356257625
1521770817625
1522231217624
1522644417624
1524008017619
1525148337619
1525163777619
1525253617619
1525529297617
1525682977617
1525855777616
1528864977614
1528875377613
1528965937613
1529604017613
1529912577612
1530282337612
1530640497611
1530847937610
1530860417609
1531302897609
1531770657609
1533184017609
1533432177608
1535248497607
1535559217607
1535580177606
1535666977606
1536901697604
1536933057603
1537653137602
1537842897601
1538130897601
1538337937600
1538948737600
1539256897599
1539333937598
1539832177597
1540260337597
1540846257596
1541033377596
1541152737595
1541446977595
1541651857595
1541725457594
1541832977594
1541869777593
1542072497593
1542731217592
1542790737592
1543329377591
1543374737590
1543908817590
1543976897590
1544115617590
1544662817589
1544668497589
1545540977588
1547022817587
1547100337587
1547251297587
1547317137586
1547767937585
1548818417583
1549018097582
1549361137582
1549677297582
1550144817580
1550752097579
1551063857579
1551409857579
1551484417579
1551669617579
1551734097578
1552821537578
1552862977577
1553467297577
1553895937576
1554239857575
1554279937574
1554389137574
1554427937574
1554544897573
1554631777572
1555151537572
1556409457572
1556518097572
1556560177571
1556884657569
1557279537567
1558552337565
1558602897565
1558667617564
1560432177560
1560538657560
1561587137559
1562199617559
1562751137558
1563290097557
1564225057556
1564401617555
1564489457555
1564553617554
1564623697554
1565418257553
1566580097552
1566731377551
1566765137550
1567027777549
1567209857549
1567593537549
1567707697548
1567750417548
1568506737548
1569061857548
1569144817548
1569694897546
1569902097546
1569993537545
1570626817545
1570681217544
1571611217543
1571834737542
1572123697542
1572130097542
1573105137542
1573348657542
1573854737540
1573901137539
1574002417538
1574432497537
1574882657535
1575967697534
1576396257534
1578213697531
1578433857530
1579620577528
1579976897526
1582078097525
1582523937525
1582782337524
1583120177523
1583716417522
1583747617521
1584651057520
1584701217520
1584758257520
1584934977519
1585641937519
1585730817519
1586120737519
1586222897519
1586585217519
1586640817518
1587162257518
1587550097517
1587802017516
1587920017515
1587936657514
1588085457513
1588799297513
1589630977512
1589687217511
1589779057511
1589869697510
1591051777509
1591842977508
1591956177507
1592468337506
1592687777505
1593696577504
1594227857504
1594639377504
1594802897504
1594979537504
1595412817504
1595645457503
1595748897503
1595816737502
1596711217501
1596919457501
1598671617500
1599493937500
1599973137498
1600167377497
1600384097497
1600532817496
1600600657495
1600922577495
1601184497495
1601362017495
1602929057494
1603397617493
1604104497492
1604667137492
1604702257491
1605011137489
1605207377488
1605246737487
1605659537486
1605695457486
1605992897485
1606068097485
1606136657484
1606173857483
1606691857482
1606917057481
1607335457480
1607901057479
1609308017477
1609342497476
1609449697476
1609515297476
1609604177476
1610103057476
1610183937475
1610661857475
1611014257474
1611442097474
1611476257474
1611495537473
1611590897473
1612830497472
1613206017471
1613242577471
1613365777471
1613472257471
1613489057470
1613541697469
1613598177469
1613935617468
1614062817468
1614257457468
1615006657468
1615071377467
1615470737466
1615530977466
1615646097466
1615946977466
1616335217465
1616409457465
1617137617464
1617374177464
1617703697464
1617707617463
1617791697463
1618376017462
1618577217462
1618760817461
1619034977461
1619409137460
1619897057460
1620079297460
1620703457459
1620877137458
1621237057457
1621728897456
1622329697456
1622436497456
1622548337455
1622729137454
1623270897454
1623347057454
1623710657453
1623764417453
1624155537453
1624645217452
1624838097452
1625147377451
1626272897451
1626383137451
1626735137451
1627124017451
1627127377451
1627451137451
1627525217450
1627939057449
1627988897449
1628809777448
1628861457447
1628899857446
1629414577445
1629577857444
1630629457442
1630685457442
1631143297441
1631550737441
1632255377440
1632584817440
1633164017439
1633351057438
1633458337438
1633784657437
1634069457436
1634119057435
1634128417435
1634738257434
1634847057433
1635388817433
1635698817433
1635966897432
1636139057431
1636334177430
1636577377430
1637385217429
1637476737429
1637495537429
1637996417429
1638123057428
1638417777427
1638734497426
1639108737425
1639462817425
1639703057425
1640173617424
1640351217423
1640795057423
1640841617422
1641037857421
1641246577420
1641383217420
1641828097420
1641854017419
1641927297418
1643433137418
1643482417417
1643599857417
1644466417417
1645012417416
1645709297416
1645750017415
1646292177414
1647448577413
1648008657413
1648091617413
1648884737413
1649518257412
1649803377411
1649838097411
1651648257409
1651734817408
1653409057407
1653552737406
1653573297405
1653773697405
1654826017404
1654828497403
1655936577403
1656162817402
1656780417401
1656891457400
1657490337399
1658198977398
1659951377397
1661430497397
1661523217396
1662658977395
1662929137394
1663530097393
1663859377392
1664068737392
1665756977391
1667122337391
1667525937391
1667774737390
1667858177390
1667974657390
1668686737390
1669191137389
1669233057388
1669235937388
1669635217388
1669824177386
1670232337386
1670663457386
1671018817386
1671200737386
1671203857385
1671230737385
1671521537384
1671738657384
1671785857383
1671803857382
1671875377382
1671886817382
1672495377382
1672563377382
1673788417381
1674072017380
1675061777379
1675202177379
1676480977379
1676944657379
1677079857378
1677286897377
1677809937377
1679096657375
1679733537375
1680197937373
1680214657372
1680933057371
1681011377371
1681031537371
1681155857370
1681918097367
1682344337366
1682399937365
1682504897364
1682616817364
1682828977363
1683482657361
1684564657359
1685013857358
1685482017356
1686456657356
1686530737355
1686955857353
1688579217351
1688608097350
1689816177349
1689898817349
1690439537348
1690739457348
1690897297347
1691036497347
1691223297345
1691297697344
1691720497343
1691808257343
1692345537342
1693426097339
1693981777338
1694335217337
1694346417336
1694962577335
1695260417335
1697101617335
1697558977334
1697867057334
1698192977333
1700261537333
1700682097332
1701655457330
1701985937330
1703005617328
1703073217327
1703219057327
1703916977326
1703995697325
1704392577325
1704746977325
1704933217324
1705006897323
1705032577323
1705227217323
1705518257323
1706138097323
1706205857323
1707312737323
1708046097322
1709442417322
1709572017322
1710250337322
1710266817322
1710768737322
1710808337322
1711274657322
1711280977322
1711816337321
1712244497321
1712824017320
1713513137318
1713848737318
1714184737318
1714334017318
1714709777318
1714840097318
1714893217318
1715590017318
1715804977317
1716432097316
1716568497316
1716608657316
1716698977315
1717695537314
1718873297314
1718922097314
1718935297313
1719317457313
1719427217312
1720953857312
1721007137312
1721508257312
1721542497311
1722110097310
1722333137309
1723264097309
1723306897308
1723892897308
1723966177307
1723998177307
1724494737305
1726840497304
1727009537303
1727018257303
1727180097303
1727228017302
1727493857302
1727716657301
1728264657301
1728433537300
1728884097299
1728896337298
1729850417298
1730067137298
1730617057296
1731041937295
1731115617294
1732700977292
1733584577291
1734050257291
1734105377291
1734362577290
1735225217290
1736084257289
1736126657289
1736245377289
1736285697289
1736358177289
1737063777289
1737647297287
1737963457285
1738081617285
1738197057285
1739849217284
1739874017283
1740297457283
1740463857283
1741660337283
1742390417282
1742394017281
1742415137280
1742441937280
1742976817279
1743548417278
1743595377278
1743862257278
1745039617278
1745362257278
1746215777277
1746719137277
1746993777277
1747934897277
1748404337277
1749067377276
1749123937275
1749430497274
1749749457274
1750539377273
1750870337272
1751641937270
1752620257269
1752670577268
1753204177268
1753429137268
1755670017264
1755819937264
1756153137264
1756711697264
1757369537264
1757845617263
1757862977263
1758330737263
1758869137262
1759147937262
1759174497262
1759372817261
1759792337261
1760121297260
1760400337259
1760524817259
1760661857258
1760734817257
1760867617257
1761377057256
1762185057256
1762381537255
1762776897255
1762843777254
1763795617253
1763825057253
1764163297252
1764626257252
1764726577252
1764814097252
1765663217251
1766176097250
1766262897250
1766366417250
1767473857248
1767690897247
1767887537247
1767956017246
1768664977246
1768944257246
1769567857246
1769596097246
1769826097245
1769883697244
1769981457243
1770002577242
1770061137242
1770150577242
1770357057241
1770539937240
1770918657239
1770987377239
1771008497238
1771756097238
1772106577237
1772529217236
1772936097235
1773713537235
1774178097235
1774810337234
1774832897234
1775149217233
1778084737229
1778211697228
1778274417227
1778331217227
1779480257226
1780385137225
1780926177225
1781012577225
1782558817225
1782850577224
1784005217224
1784515057224
1784904977222
1785383937222
1786940097219
1787050897218
1787350097218
1787468897218
1788563857218
1788575137218
1788655057218
1789500177218
1791511057217
1792871697215
1793312497214
1793329537213
1793953937212
1794305217212
1794751137212
1795220257212
1795470737212
1796129857212
1796415857211
1796833057210
1796918017209
1797566657209
1797960817209
1797969377208
1798419697208
1798495697207
1798608657207
1798664017206
1799611457205
1800680017205
1800709937204
1801037377204
1801322497203
1801327297202
1801887057201
1803488977201
1803585057200
1804002897200
1805104337200
1806349617199
1806548097199
1806973377198
1807080417197
1807279457196
1807546737195
1807554977195
1807931377195
1808253377195
1808481857194
1808797137193
1809037297192
1809466737191
1810077137190
1810231217189
1810601857189
1810622337189
1811161697189
1811317937189
1811935457188
1813426577187
1813673537187
1814306657187
1814658097186
1814662897185
1814931057185
1815799217185
1817351617184
1817516017184
1817724097183
1817777457182
1818080737182
1818185857182
1818473217181
1818482817180
1818840977180
1818864817180
1818956177179
1819040497179
1819514657179
1819866497178
1819991137177
1820814017176
1821016897176
1821061377175
1821167297175
1821595937174
1821936337174
1822112817174
1822472417173
1822604577173
1822936177173
1823102737172
1823396737171
1823794257170
1823801297170
1824292177170
1824373537170
1824588417169
1824654017169
1825456737168
1825679217167
1825956337166
1826013137166
1826151537165
1826312657165
1826371617164
1826870257163
1827911457161
1828890897160
1829463057158
1829594417157
1829782097156
1829955137156
1830171297156
1830517377155
1830587057155
1830960497153
1831667057153
1831733537152
1832062177151
1832471617150
1833169937149
1833364817148
1833768177148
1834649057147
1835277937144
1835414017144
1835463537144
1835687217142
1835939377141
1837259857140
1837569857140
1837688257140
1838328897139
1838446897138
1839478097136
1840032417135
1841080497135
1841629537135
1842186417135
1842472417134
1843346497134
1844746097134
1844773697133
1845101137133
1845693377133
1846352097132
1846376657131
1846496017130
1846749457129
1846999537128
1847287377127
1847679857127
1848326657126
1848356257126
1848376337126
1848406337125
1848602337125
1849803457124
1849992497123
1851627377123
1851843377122
1852620657122
1853673137121
1854465217121
1854580017120
1855766657120
1856355457120
1856740337120
1858724897119
1858913457119
1859218657118
1859324737117
1859426497117
1859499377117
1859679377116
1859773457115
1860079377115
1860127057115
1860662897114
1861625457113
1862903857112
1863196897112
1863217137112
1863414337110
1863842337109
1864416337108
1864526977108
1864529697108
1865235617108
1865246817107
1865251777106
1865381697105
1865873777105
1865981537104
1866286897104
1866385457103
1866565697103
1866670417102
1866849937102
1869002497099
1869253937098
1869365697097
1869748097096
1869831617095
1870165857095
1870246097095
1870354977095
1871163537094
1871541617094
1871881617094
1872295697092
1872500177092
1872730097091
1872738417090
1872871457090
1873055297090
1873097617090
1874357697088
1874538337087
1874618817086
1875093297086
1875380257086
1875552017086
1875599297086
1875710337085
1876061297084
1878106017082
1878118417081
1878426017081
1882746337078
1882834337077
1884033537074
1884132577074
1884832577072
1885485537071
1885862417071
1885947217071
1886519457071
1886804577069
1887753377068
1888230497067
1888676097067
1888773777067
1888811057067
1888944657067
1889250657067
1891118017064
1891353297064
1891526177064
1892170977061
1892219217060
1892332417059
1893453617058
1893860337058
1894150737057
1894318897057
1894436497056
1894762897056
1895407617056
1895498417056
1895529937055
1896858497053
1897516817053
1897552497053
1898140257053
1898258657053
1898305057052
1898792337052
1898840417051
1899239297050
1899731377050
1899735137049
1900073937048
1900114897048
1901929457048
1902353697047
1902670497047
1903072817047
1903569537046
1904176017045
1904207457045
1904261137044
1904413217043
1905259937042
1905513057042
1905532657041
1905542577040
1906042577039
1906335377038
1906524897038
1906875697037
1907192737036
1907725137036
1908020097036
1908668897036
1908746977035
1908802817035
1908873937035
1908962177034
1909272017033
1909537617033
1909636897032
1911218897030
1911356977029
1912849537027
1912889457026
1913015617026
1913280337026
1913859697026
1913864897025
1913914977024
1914020257023
1914137137022
1914288817021
1914328257021
1914871137020
1915030017019
1915153937018
1915226737018
1915341697018
1915658657017
1915768897017
1916167377016
1916355617016
1916390257015
1916485137015
1917227777015
1917350577014
1917859937013
1918178897013
1918323697012
1918330177011
1918831537010
1918920977010
1919047137010
1919409857009
1919486977008
1920012177008
1920281457007
1920914897007
1922096737007
1922943297007
1923187777006
1924139217005
1924873857004
1925374417004
1925554737004
1925616577003
1925773057002
1925802737002
1926151377001
1926307057001
1926586976999
1927283776999
1929325616997
1929397936996
1929570896995
1929761456995
1929828176995
1930262176995
1930767456994
1931411536993
1931534176992
1931678096991
1931880816990
1932067456989
1932372336989
1933152976988
1933412496987
1933450176986
1933952816986
1935366416984
1936340736983
1937938576982
1937963136981
1938416496981
1938686576981
1940804816979
1940967936978
1941272256978
1942221696977
1942516976977
1942949216975
1943293616975
1943330416974
1944862336972
1944881136972
1944888576972
1945140336972
1945565456972
1946489456970
1946645456969
1946868976968
1947249136966
1947303536965
1947397776965
1947705936964
1948384576963
1948451696962
1949187456962
1950039936962
1950169696961
1951338496960
1951409456959
1951499856958
1952029056957
1952864896956
1953422736955
1953635216954
1953662816953
1954879376952
1955066016951
1955497536951
1955691616950
1955754656949
1955759536948
1956027696948
1956262496948
1956519376947
1956644816946
1956921616945
1957168736945
1957667216945
1957802016945
1957841856945
1958573616945
1958705936945
1958783536945
1959743136944
1960041616944
1960267216943
1961203056941
1961763936941
1961836256940
1962181696940
1962243536939
1962547376938
1962907616937
1962931856937
1962962816937
1963592416936
1963612896936
1964157856936
1964378336936
1964703696936
1964963296935
1965070176935
1965445856934
1966125056933
1966490416932
1966500896931
1966605776931
1966641696931
1966822736930
1967260416930
1967777856929
1968778976927
1968843616927
1969503216926
1969647856925
1969760096925
1969810256925
1970321696925
1970546416925
1971219136924
1971274176923
1971666256922
1972324816922
1973048896920
1973446416919
1974410976917
1976505536916
1976569376915
1976583776914
1976652816914
1976916656913
1976949856913
1977822576913
1977825056912
1979404576911
1979443936910
1980629936909
1981177616909
1981743296909
1981922736907
1982014096906
1983255376905
1983529056905
1984253456904
1984323216904
1984720336903
1984996176903
1985940256902
1986056416901
1986123136901
1987134096901
1987895216901
1988706256900
1990068736899
1990262976898
1990291296898
1990847616897
1991272656897
1991314976897
1991417296896
1992411616895
1993355856893
1993403856893
1993728896893
1994248016893
1994438016892
1995083536891
1995521776890
1996136336889
1996248976889
1996297456889
1996354176888
1996439376887
1996466416887
1996790816887
1997011936886
1997251056885
1997538976885
1997779296885
1998053376884
1998218496883
1998490176882
1998889536881
1999071216880
1999815776879
