500000000000	1000
500111111111	1000
500222222222	1000
500333333333	1000
500444444444	1000
500555555555	1000
500666666666	1000
500777777777	1000
500888888888	1000
500999999999	1000
501111111110	1000
501222222221	1000
501333333332	1000
501444444443	1000
501555555554	1000
501666666665	1000
501777777776	1000
501888888887	1000
501999999998	1000
502111111109	1000
502222222220	1000
502333333331	1000
502444444442	1000
502555555553	1000
502666666664	1000
502777777775	1000
502888888886	1000
502999999997	1000
503111111108	1000
503222222219	1000
503333333330	1000
503444444441	1000
503555555552	1000
503666666663	1000
503777777774	1000
503888888885	1000
503999999996	1000
504111111107	1000
504222222218	1000
504333333329	1000
504444444440	1000
504555555551	1000
504666666662	1000
504777777773	1000
504888888884	1000
504999999995	1000
505111111106	1000
505222222217	1000
505333333328	1000
505444444439	1000
505555555550	1000
505666666661	1000
505777777772	1000
505888888883	1000
505999999994	1000
506111111105	1000
506222222216	1000
506333333327	1000
506444444438	1000
506555555549	1000
506666666660	1000
506777777771	1000
506888888882	1000
506999999993	1000
507111111104	1000
507222222215	1000
507333333326	1000
507444444437	1000
507555555548	1000
507666666659	1000
507777777770	1000
507888888881	1000
507999999992	1000
508111111103	1000
508222222214	1000
508333333325	1000
508444444436	1000
508555555547	1000
508666666658	1000
508777777769	1000
508888888880	1000
508999999991	1000
509111111102	1000
509222222213	1000
509333333324	1000
509444444435	1000
509555555546	1000
509666666657	1000
509777777768	1000
509888888879	1000
509999999990	1000
510111111101	1000
510222222212	1000
510333333323	1000
510444444434	1000
510555555545	1000
510666666656	1000
510777777767	1000
510888888878	1000
510999999989	1000
511111111100	1000
511222222211	1000
511333333322	1000
511444444433	1000
511555555544	1000
511666666655	1000
511777777766	1000
511888888877	1000
511999999988	1000
512111111099	1000
512222222210	1000
512333333321	1000
512444444432	1000
512555555543	1000
512666666654	1000
512777777765	1000
512888888876	1000
512999999987	1000
513111111098	1000
513222222209	1000
513333333320	1000
513444444431	1000
513555555542	1000
513666666653	1000
513777777764	1000
513888888875	1000
513999999986	1000
514111111097	1000
514222222208	1000
514333333319	1000
514444444430	1000
514555555541	1000
514666666652	1000
514777777763	1000
514888888874	1000
514999999985	1000
515111111096	1000
515222222207	1000
515333333318	1000
515444444429	1000
515555555540	1000
515666666651	1000
515777777762	1000
515888888873	1000
515999999984	1000
516111111095	1000
516222222206	1000
516333333317	1000
516444444428	1000
516555555539	1000
516666666650	1000
516777777761	1000
516888888872	1000
516999999983	1000
517111111094	1000
517222222205	1000
517333333316	1000
517444444427	1000
517555555538	1000
517666666649	1000
517777777760	1000
517888888871	1000
517999999982	1000
518111111093	1000
518222222204	1000
518333333315	1000
518444444426	1000
518555555537	1000
518666666648	1000
518777777759	1000
518888888870	1000
518999999981	1000
519111111092	1000
519222222203	1000
519333333314	1000
519444444425	1000
519555555536	1000
519666666647	1000
519777777758	1000
519888888869	1000
519999999980	1000
520111111091	1000
520222222202	1000
520333333313	1000
520444444424	1000
520555555535	1000
520666666646	1000
520777777757	1000
520888888868	1000
520999999979	1000
521111111090	1000
521222222201	1000
521333333312	1000
521444444423	1000
521555555534	1000
521666666645	1000
521777777756	1000
521888888867	1000
521999999978	1000
522111111089	1000
522222222200	1000
522333333311	1000
522444444422	1000
522555555533	1000
522666666644	1000
522777777755	1000
522888888866	1000
522999999977	1000
523111111088	1000
523222222199	1000
523333333310	1000
523444444421	1000
523555555532	1000
523666666643	1000
523777777754	1000
523888888865	1000
523999999976	1000
524111111087	1000
524222222198	1000
524333333309	1000
524444444420	1000
524555555531	1000
524666666642	1000
524777777753	1000
524888888864	1000
524999999975	1000
525111111086	1000
525222222197	1000
525333333308	1000
525444444419	1000
525555555530	1000
525666666641	1000
525777777752	1000
525888888863	1000
525999999974	1000
526111111085	1000
526222222196	1000
526333333307	1000
526444444418	1000
526555555529	1000
526666666640	1000
526777777751	1000
526888888862	1000
526999999973	1000
527111111084	1000
527222222195	1000
527333333306	1000
527444444417	1000
527555555528	1000
527666666639	1000
527777777750	1000
527888888861	1000
527999999972	1000
528111111083	1000
528222222194	1000
528333333305	1000
528444444416	1000
528555555527	1000
528666666638	1000
528777777749	1000
528888888860	1000
528999999971	1000
529111111082	1000
529222222193	1000
529333333304	1000
529444444415	1000
529555555526	1000
529666666637	1000
529777777748	1000
529888888859	1000
529999999970	1000
530111111081	1000
530222222192	1000
530333333303	1000
530444444414	1000
530555555525	1000
530666666636	1000
530777777747	1000
530888888858	1000
530999999969	1000
531111111080	1000
531222222191	1000
531333333302	1000
531444444413	1000
531555555524	1000
531666666635	1000
531777777746	1000
531888888857	1000
531999999968	1000
532111111079	1000
532222222190	1000
532333333301	1000
532444444412	1000
532555555523	1000
532666666634	1000
532777777745	1000
532888888856	1000
532999999967	1000
533111111078	1000
533222222189	1000
533333333300	1000
533444444411	1000
533555555522	1000
533666666633	1000
533777777744	1000
533888888855	1000
533999999966	1000
534111111077	1000
534222222188	1000
534333333299	1000
534444444410	1000
534555555521	1000
534666666632	1000
534777777743	1000
534888888854	1000
534999999965	1000
535111111076	1000
535222222187	1000
535333333298	1000
535444444409	1000
535555555520	1000
535666666631	1000
535777777742	1000
535888888853	1000
535999999964	1000
536111111075	1000
536222222186	1000
536333333297	1000
536444444408	1000
536555555519	1000
536666666630	1000
536777777741	1000
536888888852	1000
536999999963	1000
537111111074	1000
537222222185	1000
537333333296	1000
537444444407	1000
537555555518	1000
537666666629	1000
537777777740	1000
537888888851	1000
537999999962	1000
538111111073	1000
538222222184	1000
538333333295	1000
538444444406	1000
538555555517	1000
538666666628	1000
538777777739	1000
538888888850	1000
538999999961	1000
539111111072	1000
539222222183	1000
539333333294	1000
539444444405	1000
539555555516	1000
539666666627	1000
539777777738	1000
539888888849	1000
539999999960	1000
540111111071	1000
540222222182	1000
540333333293	1000
540444444404	1000
540555555515	1000
540666666626	1000
540777777737	1000
540888888848	1000
540999999959	1000
541111111070	1000
541222222181	1000
541333333292	1000
541444444403	1000
541555555514	1000
541666666625	1000
541777777736	1000
541888888847	1000
541999999958	1000
542111111069	1000
542222222180	1000
542333333291	1000
542444444402	1000
542555555513	1000
542666666624	1000
542777777735	1000
542888888846	1000
542999999957	1000
543111111068	1000
543222222179	1000
543333333290	1000
543444444401	1000
543555555512	1000
543666666623	1000
543777777734	1000
543888888845	1000
543999999956	1000
544111111067	1000
544222222178	1000
544333333289	1000
544444444400	1000
544555555511	1000
544666666622	1000
544777777733	1000
544888888844	1000
544999999955	1000
545111111066	1000
545222222177	1000
545333333288	1000
545444444399	1000
545555555510	1000
545666666621	1000
545777777732	1000
545888888843	1000
545999999954	1000
546111111065	1000
546222222176	1000
546333333287	1000
546444444398	1000
546555555509	1000
546666666620	1000
546777777731	1000
546888888842	1000
546999999953	1000
547111111064	1000
547222222175	1000
547333333286	1000
547444444397	1000
547555555508	1000
547666666619	1000
547777777730	1000
547888888841	1000
547999999952	1000
548111111063	1000
548222222174	1000
548333333285	1000
548444444396	1000
548555555507	1000
548666666618	1000
548777777729	1000
548888888840	1000
548999999951	1000
549111111062	1000
549222222173	1000
549333333284	1000
549444444395	1000
549555555506	1000
549666666617	1000
549777777728	1000
549888888839	1000
549999999950	1000
550111111061	1000
550222222172	1000
550333333283	1000
550444444394	1000
550555555505	1000
550666666616	1000
550777777727	1000
550888888838	1000
550999999949	1000
551111111060	1000
551222222171	1000
551333333282	1000
551444444393	1000
551555555504	1000
551666666615	1000
551777777726	1000
551888888837	1000
551999999948	1000
552111111059	1000
552222222170	1000
552333333281	1000
552444444392	1000
552555555503	1000
552666666614	1000
552777777725	1000
552888888836	1000
552999999947	1000
553111111058	1000
553222222169	1000
553333333280	1000
553444444391	1000
553555555502	1000
553666666613	1000
553777777724	1000
553888888835	1000
553999999946	1000
554111111057	1000
554222222168	1000
554333333279	1000
554444444390	1000
554555555501	1000
554666666612	1000
554777777723	1000
554888888834	1000
554999999945	1000
555111111056	1000
555222222167	1000
555333333278	1000
555444444389	1000
555555555500	1000
555666666611	1000
555777777722	1000
555888888833	1000
555999999944	1000
556111111055	1000
556222222166	1000
556333333277	1000
556444444388	1000
556555555499	1000
556666666610	1000
556777777721	1000
556888888832	1000
556999999943	1000
557111111054	1000
557222222165	1000
557333333276	1000
557444444387	1000
557555555498	1000
557666666609	1000
557777777720	1000
557888888831	1000
557999999942	1000
558111111053	1000
558222222164	1000
558333333275	1000
558444444386	1000
558555555497	1000
558666666608	1000
558777777719	1000
558888888830	1000
558999999941	1000
559111111052	1000
559222222163	1000
559333333274	1000
559444444385	1000
559555555496	1000
559666666607	1000
559777777718	1000
559888888829	1000
559999999940	1000
560111111051	1000
560222222162	1000
560333333273	1000
560444444384	1000
560555555495	1000
560666666606	1000
560777777717	1000
560888888828	1000
560999999939	1000
561111111050	1000
561222222161	1000
561333333272	1000
561444444383	1000
561555555494	1000
561666666605	1000
561777777716	1000
561888888827	1000
561999999938	1000
562111111049	1000
562222222160	1000
562333333271	1000
562444444382	1000
562555555493	1000
562666666604	1000
562777777715	1000
562888888826	1000
562999999937	1000
563111111048	1000
563222222159	1000
563333333270	1000
563444444381	1000
563555555492	1000
563666666603	1000
563777777714	1000
563888888825	1000
563999999936	1000
564111111047	1000
564222222158	1000
564333333269	1000
564444444380	1000
564555555491	1000
564666666602	1000
564777777713	1000
564888888824	1000
564999999935	1000
565111111046	1000
565222222157	1000
565333333268	1000
565444444379	1000
565555555490	1000
565666666601	1000
565777777712	1000
565888888823	1000
565999999934	1000
566111111045	1000
566222222156	1000
566333333267	1000
566444444378	1000
566555555489	1000
566666666600	1000
566777777711	1000
566888888822	1000
566999999933	1000
567111111044	1000
567222222155	1000
567333333266	1000
567444444377	1000
567555555488	1000
567666666599	1000
567777777710	1000
567888888821	1000
567999999932	1000
568111111043	1000
568222222154	1000
568333333265	1000
568444444376	1000
568555555487	1000
568666666598	1000
568777777709	1000
568888888820	1000
568999999931	1000
569111111042	1000
569222222153	1000
569333333264	1000
569444444375	1000
569555555486	1000
569666666597	1000
569777777708	1000
569888888819	1000
569999999930	1000
570111111041	1000
570222222152	1000
570333333263	1000
570444444374	1000
570555555485	1000
570666666596	1000
570777777707	1000
570888888818	1000
570999999929	1000
571111111040	1000
571222222151	1000
571333333262	1000
571444444373	1000
571555555484	1000
571666666595	1000
571777777706	1000
571888888817	1000
571999999928	1000
572111111039	1000
572222222150	1000
572333333261	1000
572444444372	1000
572555555483	1000
572666666594	1000
572777777705	1000
572888888816	1000
572999999927	1000
573111111038	1000
573222222149	1000
573333333260	1000
573444444371	1000
573555555482	1000
573666666593	1000
573777777704	1000
573888888815	1000
573999999926	1000
574111111037	1000
574222222148	1000
574333333259	1000
574444444370	1000
574555555481	1000
574666666592	1000
574777777703	1000
574888888814	1000
574999999925	1000
575111111036	1000
575222222147	1000
575333333258	1000
575444444369	1000
575555555480	1000
575666666591	1000
575777777702	1000
575888888813	1000
575999999924	1000
576111111035	1000
576222222146	1000
576333333257	1000
576444444368	1000
576555555479	1000
576666666590	1000
576777777701	1000
576888888812	1000
576999999923	1000
577111111034	1000
577222222145	1000
577333333256	1000
577444444367	1000
577555555478	1000
577666666589	1000
577777777700	1000
577888888811	1000
577999999922	1000
578111111033	1000
578222222144	1000
578333333255	1000
578444444366	1000
578555555477	1000
578666666588	1000
578777777699	1000
578888888810	1000
578999999921	1000
579111111032	1000
579222222143	1000
579333333254	1000
579444444365	1000
579555555476	1000
579666666587	1000
579777777698	1000
579888888809	1000
579999999920	1000
580111111031	1000
580222222142	1000
580333333253	1000
580444444364	1000
580555555475	1000
580666666586	1000
580777777697	1000
580888888808	1000
580999999919	1000
581111111030	1000
581222222141	1000
581333333252	1000
581444444363	1000
581555555474	1000
581666666585	1000
581777777696	1000
581888888807	1000
581999999918	1000
582111111029	1000
582222222140	1000
582333333251	1000
582444444362	1000
582555555473	1000
582666666584	1000
582777777695	1000
582888888806	1000
582999999917	1000
583111111028	1000
583222222139	1000
583333333250	1000
583444444361	1000
583555555472	1000
583666666583	1000
583777777694	1000
583888888805	1000
583999999916	1000
584111111027	1000
584222222138	1000
584333333249	1000
584444444360	1000
584555555471	1000
584666666582	1000
584777777693	1000
584888888804	1000
584999999915	1000
585111111026	1000
585222222137	1000
585333333248	1000
585444444359	1000
585555555470	1000
585666666581	1000
585777777692	1000
585888888803	1000
585999999914	1000
586111111025	1000
586222222136	1000
586333333247	1000
586444444358	1000
586555555469	1000
586666666580	1000
586777777691	1000
586888888802	1000
586999999913	1000
587111111024	1000
587222222135	1000
587333333246	1000
587444444357	1000
587555555468	1000
587666666579	1000
587777777690	1000
587888888801	1000
587999999912	1000
588111111023	1000
588222222134	1000
588333333245	1000
588444444356	1000
588555555467	1000
588666666578	1000
588777777689	1000
588888888800	1000
588999999911	1000
589111111022	1000
589222222133	1000
589333333244	1000
589444444355	1000
589555555466	1000
589666666577	1000
589777777688	1000
589888888799	1000
589999999910	1000
590111111021	1000
590222222132	1000
590333333243	1000
590444444354	1000
590555555465	1000
590666666576	1000
590777777687	1000
590888888798	1000
590999999909	1000
591111111020	1000
591222222131	1000
591333333242	1000
591444444353	1000
591555555464	1000
591666666575	1000
591777777686	1000
591888888797	1000
591999999908	1000
592111111019	1000
592222222130	1000
592333333241	1000
592444444352	1000
592555555463	1000
592666666574	1000
592777777685	1000
592888888796	1000
592999999907	1000
593111111018	1000
593222222129	1000
593333333240	1000
593444444351	1000
593555555462	1000
593666666573	1000
593777777684	1000
593888888795	1000
593999999906	1000
594111111017	1000
594222222128	1000
594333333239	1000
594444444350	1000
594555555461	1000
594666666572	1000
594777777683	1000
594888888794	1000
594999999905	1000
595111111016	1000
595222222127	1000
595333333238	1000
595444444349	1000
595555555460	1000
595666666571	1000
595777777682	1000
595888888793	1000
595999999904	1000
596111111015	1000
596222222126	1000
596333333237	1000
596444444348	1000
596555555459	1000
596666666570	1000
596777777681	1000
596888888792	1000
596999999903	1000
597111111014	1000
597222222125	1000
597333333236	1000
597444444347	1000
597555555458	1000
597666666569	1000
597777777680	1000
597888888791	1000
597999999902	1000
598111111013	1000
598222222124	1000
598333333235	1000
598444444346	1000
598555555457	1000
598666666568	1000
598777777679	1000
598888888790	1000
598999999901	1000
599111111012	1000
599222222123	1000
599333333234	1000
599444444345	1000
599555555456	1000
599666666567	1000
599777777678	1000
599888888789	1000
599999999900	1000
600111111011	1000
600222222122	1000
600333333233	1000
600444444344	1000
600555555455	1000
600666666566	1000
600777777677	1000
600888888788	1000
600999999899	1000
601111111010	1000
601222222121	1000
601333333232	1000
601444444343	1000
601555555454	1000
601666666565	1000
601777777676	1000
601888888787	1000
601999999898	1000
602111111009	1000
602222222120	1000
602333333231	1000
602444444342	1000
602555555453	1000
602666666564	1000
602777777675	1000
602888888786	1000
602999999897	1000
603111111008	1000
603222222119	1000
603333333230	1000
603444444341	1000
603555555452	1000
603666666563	1000
603777777674	1000
603888888785	1000
603999999896	1000
604111111007	1000
604222222118	1000
604333333229	1000
604444444340	1000
604555555451	1000
604666666562	1000
604777777673	1000
604888888784	1000
604999999895	1000
605111111006	1000
605222222117	1000
605333333228	1000
605444444339	1000
605555555450	1000
605666666561	1000
605777777672	1000
605888888783	1000
605999999894	1000
606111111005	1000
606222222116	1000
606333333227	1000
606444444338	1000
606555555449	1000
606666666560	1000
606777777671	1000
606888888782	1000
606999999893	1000
607111111004	1000
607222222115	1000
607333333226	1000
607444444337	1000
607555555448	1000
607666666559	1000
607777777670	1000
607888888781	1000
607999999892	1000
608111111003	1000
608222222114	1000
608333333225	1000
608444444336	1000
608555555447	1000
608666666558	1000
608777777669	1000
608888888780	1000
608999999891	1000
609111111002	1000
609222222113	1000
609333333224	1000
609444444335	1000
609555555446	1000
609666666557	1000
609777777668	1000
609888888779	1000
609999999890	1000
610111111001	1000
610222222112	1000
610333333223	1000
610444444334	1000
610555555445	1000
610666666556	1000
610777777667	1000
610888888778	1000
610999999889	1000
611111111000	1000
611222222111	1000
611333333222	1000
611444444333	1000
611555555444	1000
611666666555	1000
611777777666	1000
611888888777	1000
611999999888	1000
612111110999	1000
612222222110	1000
612333333221	1000
612444444332	1000
612555555443	1000
612666666554	1000
612777777665	1000
612888888776	1000
612999999887	1000
613111110998	1000
613222222109	1000
613333333220	1000
613444444331	1000
613555555442	1000
613666666553	1000
613777777664	1000
613888888775	1000
613999999886	1000
614111110997	1000
614222222108	1000
614333333219	1000
614444444330	1000
614555555441	1000
614666666552	1000
614777777663	1000
614888888774	1000
614999999885	1000
615111110996	1000
615222222107	1000
615333333218	1000
615444444329	1000
615555555440	1000
615666666551	1000
615777777662	1000
615888888773	1000
615999999884	1000
616111110995	1000
616222222106	1000
616333333217	1000
616444444328	1000
616555555439	1000
616666666550	1000
616777777661	1000
616888888772	1000
616999999883	1000
617111110994	1000
617222222105	1000
617333333216	1000
617444444327	1000
617555555438	1000
617666666549	1000
617777777660	1000
617888888771	1000
617999999882	1000
618111110993	1000
618222222104	1000
618333333215	1000
618444444326	1000
618555555437	1000
618666666548	1000
618777777659	1000
618888888770	1000
618999999881	1000
619111110992	1000
619222222103	1000
619333333214	1000
619444444325	1000
619555555436	1000
619666666547	1000
619777777658	1000
619888888769	1000
619999999880	1000
620111110991	1000
620222222102	1000
620333333213	1000
620444444324	1000
620555555435	1000
620666666546	1000
620777777657	1000
620888888768	1000
620999999879	1000
621111110990	1000
621222222101	1000
621333333212	1000
621444444323	1000
621555555434	1000
621666666545	1000
621777777656	1000
621888888767	1000
621999999878	1000
622111110989	1000
622222222100	1000
622333333211	1000
622444444322	1000
622555555433	1000
622666666544	1000
622777777655	1000
622888888766	1000
622999999877	1000
623111110988	1000
623222222099	1000
623333333210	1000
623444444321	1000
623555555432	1000
623666666543	1000
623777777654	1000
623888888765	1000
623999999876	1000
624111110987	1000
624222222098	1000
624333333209	1000
624444444320	1000
624555555431	1000
624666666542	1000
624777777653	1000
624888888764	1000
624999999875	1000
625111110986	1000
625222222097	1000
625333333208	1000
625444444319	1000
625555555430	1000
625666666541	1000
625777777652	1000
625888888763	1000
625999999874	1000
626111110985	1000
626222222096	1000
626333333207	1000
626444444318	1000
626555555429	1000
626666666540	1000
626777777651	1000
626888888762	1000
626999999873	1000
627111110984	1000
627222222095	1000
627333333206	1000
627444444317	1000
627555555428	1000
627666666539	1000
627777777650	1000
627888888761	1000
627999999872	1000
628111110983	1000
628222222094	1000
628333333205	1000
628444444316	1000
628555555427	1000
628666666538	1000
628777777649	1000
628888888760	1000
628999999871	1000
629111110982	1000
629222222093	1000
629333333204	1000
629444444315	1000
629555555426	1000
629666666537	1000
629777777648	1000
629888888759	1000
629999999870	1000
630111110981	1000
630222222092	1000
630333333203	1000
630444444314	1000
630555555425	1000
630666666536	1000
630777777647	1000
630888888758	1000
630999999869	1000
631111110980	1000
631222222091	1000
631333333202	1000
631444444313	1000
631555555424	1000
631666666535	1000
631777777646	1000
631888888757	1000
631999999868	1000
632111110979	1000
632222222090	1000
632333333201	1000
632444444312	1000
632555555423	1000
632666666534	1000
632777777645	1000
632888888756	1000
632999999867	1000
633111110978	1000
633222222089	1000
633333333200	1000
633444444311	1000
633555555422	1000
633666666533	1000
633777777644	1000
633888888755	1000
633999999866	1000
634111110977	1000
634222222088	1000
634333333199	1000
634444444310	1000
634555555421	1000
634666666532	1000
634777777643	1000
634888888754	1000
634999999865	1000
635111110976	1000
635222222087	1000
635333333198	1000
635444444309	1000
635555555420	1000
635666666531	1000
635777777642	1000
635888888753	1000
635999999864	1000
636111110975	1000
636222222086	1000
636333333197	1000
636444444308	1000
636555555419	1000
636666666530	1000
636777777641	1000
636888888752	1000
636999999863	1000
637111110974	1000
637222222085	1000
637333333196	1000
637444444307	1000
637555555418	1000
637666666529	1000
637777777640	1000
637888888751	1000
637999999862	1000
638111110973	1000
638222222084	1000
638333333195	1000
638444444306	1000
638555555417	1000
638666666528	1000
638777777639	1000
638888888750	1000
638999999861	1000
639111110972	1000
639222222083	1000
639333333194	1000
639444444305	1000
639555555416	1000
639666666527	1000
639777777638	1000
639888888749	1000
639999999860	1000
640111110971	1000
640222222082	1000
640333333193	1000
640444444304	1000
640555555415	1000
640666666526	1000
640777777637	1000
640888888748	1000
640999999859	1000
641111110970	1000
641222222081	1000
641333333192	1000
641444444303	1000
641555555414	1000
641666666525	1000
641777777636	1000
641888888747	1000
641999999858	1000
642111110969	1000
642222222080	1000
642333333191	1000
642444444302	1000
642555555413	1000
642666666524	1000
642777777635	1000
642888888746	1000
642999999857	1000
643111110968	1000
643222222079	1000
643333333190	1000
643444444301	1000
643555555412	1000
643666666523	1000
643777777634	1000
643888888745	1000
643999999856	1000
644111110967	1000
644222222078	1000
644333333189	1000
644444444300	1000
644555555411	1000
644666666522	1000
644777777633	1000
644888888744	1000
644999999855	1000
645111110966	1000
645222222077	1000
645333333188	1000
645444444299	1000
645555555410	1000
645666666521	1000
645777777632	1000
645888888743	1000
645999999854	1000
646111110965	1000
646222222076	1000
646333333187	1000
646444444298	1000
646555555409	1000
646666666520	1000
646777777631	1000
646888888742	1000
646999999853	1000
647111110964	1000
647222222075	1000
647333333186	1000
647444444297	1000
647555555408	1000
647666666519	1000
647777777630	1000
647888888741	1000
647999999852	1000
648111110963	1000
648222222074	1000
648333333185	1000
648444444296	1000
648555555407	1000
648666666518	1000
648777777629	1000
648888888740	1000
648999999851	1000
649111110962	1000
649222222073	1000
649333333184	1000
649444444295	1000
649555555406	1000
649666666517	1000
649777777628	1000
649888888739	1000
649999999850	1000
650111110961	1000
650222222072	1000
650333333183	1000
650444444294	1000
650555555405	1000
650666666516	1000
650777777627	1000
650888888738	1000
650999999849	1000
651111110960	1000
651222222071	1000
651333333182	1000
651444444293	1000
651555555404	1000
651666666515	1000
651777777626	1000
651888888737	1000
651999999848	1000
652111110959	1000
652222222070	1000
652333333181	1000
652444444292	1000
652555555403	1000
652666666514	1000
652777777625	1000
652888888736	1000
652999999847	1000
653111110958	1000
653222222069	1000
653333333180	1000
653444444291	1000
653555555402	1000
653666666513	1000
653777777624	1000
653888888735	1000
653999999846	1000
654111110957	1000
654222222068	1000
654333333179	1000
654444444290	1000
654555555401	1000
654666666512	1000
654777777623	1000
654888888734	1000
654999999845	1000
655111110956	1000
655222222067	1000
655333333178	1000
655444444289	1000
655555555400	1000
655666666511	1000
655777777622	1000
655888888733	1000
655999999844	1000
656111110955	1000
656222222066	1000
656333333177	1000
656444444288	1000
656555555399	1000
656666666510	1000
656777777621	1000
656888888732	1000
656999999843	1000
657111110954	1000
657222222065	1000
657333333176	1000
657444444287	1000
657555555398	1000
657666666509	1000
657777777620	1000
657888888731	1000
657999999842	1000
658111110953	1000
658222222064	1000
658333333175	1000
658444444286	1000
658555555397	1000
658666666508	1000
658777777619	1000
658888888730	1000
658999999841	1000
659111110952	1000
659222222063	1000
659333333174	1000
659444444285	1000
659555555396	1000
659666666507	1000
659777777618	1000
659888888729	1000
659999999840	1000
660111110951	1000
660222222062	1000
660333333173	1000
660444444284	1000
660555555395	1000
660666666506	1000
660777777617	1000
660888888728	1000
660999999839	1000
661111110950	1000
661222222061	1000
661333333172	1000
661444444283	1000
661555555394	1000
661666666505	1000
661777777616	1000
661888888727	1000
661999999838	1000
662111110949	1000
662222222060	1000
662333333171	1000
662444444282	1000
662555555393	1000
662666666504	1000
662777777615	1000
662888888726	1000
662999999837	1000
663111110948	1000
663222222059	1000
663333333170	1000
663444444281	1000
663555555392	1000
663666666503	1000
663777777614	1000
663888888725	1000
663999999836	1000
664111110947	1000
664222222058	1000
664333333169	1000
664444444280	1000
664555555391	1000
664666666502	1000
664777777613	1000
664888888724	1000
664999999835	1000
665111110946	1000
665222222057	1000
665333333168	1000
665444444279	1000
665555555390	1000
665666666501	1000
665777777612	1000
665888888723	1000
665999999834	1000
666111110945	1000
666222222056	1000
666333333167	1000
666444444278	1000
666555555389	1000
666666666500	1000
666777777611	1000
666888888722	1000
666999999833	1000
667111110944	1000
667222222055	1000
667333333166	1000
667444444277	1000
667555555388	1000
667666666499	1000
667777777610	1000
667888888721	1000
667999999832	1000
668111110943	1000
668222222054	1000
668333333165	1000
668444444276	1000
668555555387	1000
668666666498	1000
668777777609	1000
668888888720	1000
668999999831	1000
669111110942	1000
669222222053	1000
669333333164	1000
669444444275	1000
669555555386	1000
669666666497	1000
669777777608	1000
669888888719	1000
669999999830	1000
670111110941	1000
670222222052	1000
670333333163	1000
670444444274	1000
670555555385	1000
670666666496	1000
670777777607	1000
670888888718	1000
670999999829	1000
671111110940	1000
671222222051	1000
671333333162	1000
671444444273	1000
671555555384	1000
671666666495	1000
671777777606	1000
671888888717	1000
671999999828	1000
672111110939	1000
672222222050	1000
672333333161	1000
672444444272	1000
672555555383	1000
672666666494	1000
672777777605	1000
672888888716	1000
672999999827	1000
673111110938	1000
673222222049	1000
673333333160	1000
673444444271	1000
673555555382	1000
673666666493	1000
673777777604	1000
673888888715	1000
673999999826	1000
674111110937	1000
674222222048	1000
674333333159	1000
674444444270	1000
674555555381	1000
674666666492	1000
674777777603	1000
674888888714	1000
674999999825	1000
675111110936	1000
675222222047	1000
675333333158	1000
675444444269	1000
675555555380	1000
675666666491	1000
675777777602	1000
675888888713	1000
675999999824	1000
676111110935	1000
676222222046	1000
676333333157	1000
676444444268	1000
676555555379	1000
676666666490	1000
676777777601	1000
676888888712	1000
676999999823	1000
677111110934	1000
677222222045	1000
677333333156	1000
677444444267	1000
677555555378	1000
677666666489	1000
677777777600	1000
677888888711	1000
677999999822	1000
678111110933	1000
678222222044	1000
678333333155	1000
678444444266	1000
678555555377	1000
678666666488	1000
678777777599	1000
678888888710	1000
678999999821	1000
679111110932	1000
679222222043	1000
679333333154	1000
679444444265	1000
679555555376	1000
679666666487	1000
679777777598	1000
679888888709	1000
679999999820	1000
680111110931	1000
680222222042	1000
680333333153	1000
680444444264	1000
680555555375	1000
680666666486	1000
680777777597	1000
680888888708	1000
680999999819	1000
681111110930	1000
681222222041	1000
681333333152	1000
681444444263	1000
681555555374	1000
681666666485	1000
681777777596	1000
681888888707	1000
681999999818	1000
682111110929	1000
682222222040	1000
682333333151	1000
682444444262	1000
682555555373	1000
682666666484	1000
682777777595	1000
682888888706	1000
682999999817	1000
683111110928	1000
683222222039	1000
683333333150	1000
683444444261	1000
683555555372	1000
683666666483	1000
683777777594	1000
683888888705	1000
683999999816	1000
684111110927	1000
684222222038	1000
684333333149	1000
684444444260	1000
684555555371	1000
684666666482	1000
684777777593	1000
684888888704	1000
684999999815	1000
685111110926	1000
685222222037	1000
685333333148	1000
685444444259	1000
685555555370	1000
685666666481	1000
685777777592	1000
685888888703	1000
685999999814	1000
686111110925	1000
686222222036	1000
686333333147	1000
686444444258	1000
686555555369	1000
686666666480	1000
686777777591	1000
686888888702	1000
686999999813	1000
687111110924	1000
687222222035	1000
687333333146	1000
687444444257	1000
687555555368	1000
687666666479	1000
687777777590	1000
687888888701	1000
687999999812	1000
688111110923	1000
688222222034	1000
688333333145	1000
688444444256	1000
688555555367	1000
688666666478	1000
688777777589	1000
688888888700	1000
688999999811	1000
689111110922	1000
689222222033	1000
689333333144	1000
689444444255	1000
689555555366	1000
689666666477	1000
689777777588	1000
689888888699	1000
689999999810	1000
690111110921	1000
690222222032	1000
690333333143	1000
690444444254	1000
690555555365	1000
690666666476	1000
690777777587	1000
690888888698	1000
690999999809	1000
691111110920	1000
691222222031	1000
691333333142	1000
691444444253	1000
691555555364	1000
691666666475	1000
691777777586	1000
691888888697	1000
691999999808	1000
692111110919	1000
692222222030	1000
692333333141	1000
692444444252	1000
692555555363	1000
692666666474	1000
692777777585	1000
692888888696	1000
692999999807	1000
693111110918	1000
693222222029	1000
693333333140	1000
693444444251	1000
693555555362	1000
693666666473	1000
693777777584	1000
693888888695	1000
693999999806	1000
694111110917	1000
694222222028	1000
694333333139	1000
694444444250	1000
694555555361	1000
694666666472	1000
694777777583	1000
694888888694	1000
694999999805	1000
695111110916	1000
695222222027	1000
695333333138	1000
695444444249	1000
695555555360	1000
695666666471	1000
695777777582	1000
695888888693	1000
695999999804	1000
696111110915	1000
696222222026	1000
696333333137	1000
696444444248	1000
696555555359	1000
696666666470	1000
696777777581	1000
696888888692	1000
696999999803	1000
697111110914	1000
697222222025	1000
697333333136	1000
697444444247	1000
697555555358	1000
697666666469	1000
697777777580	1000
697888888691	1000
697999999802	1000
698111110913	1000
698222222024	1000
698333333135	1000
698444444246	1000
698555555357	1000
698666666468	1000
698777777579	1000
698888888690	1000
698999999801	1000
699111110912	1000
699222222023	1000
699333333134	1000
699444444245	1000
699555555356	1000
699666666467	1000
699777777578	1000
699888888689	1000
699999999800	1000
700111110911	1000
700222222022	1000
700333333133	1000
700444444244	1000
700555555355	1000
700666666466	1000
700777777577	1000
700888888688	1000
700999999799	1000
701111110910	1000
701222222021	1000
701333333132	1000
701444444243	1000
701555555354	1000
701666666465	1000
701777777576	1000
701888888687	1000
701999999798	1000
702111110909	1000
702222222020	1000
702333333131	1000
702444444242	1000
702555555353	1000
702666666464	1000
702777777575	1000
702888888686	1000
702999999797	1000
703111110908	1000
703222222019	1000
703333333130	1000
703444444241	1000
703555555352	1000
703666666463	1000
703777777574	1000
703888888685	1000
703999999796	1000
704111110907	1000
704222222018	1000
704333333129	1000
704444444240	1000
704555555351	1000
704666666462	1000
704777777573	1000
704888888684	1000
704999999795	1000
705111110906	1000
705222222017	1000
705333333128	1000
705444444239	1000
705555555350	1000
705666666461	1000
705777777572	1000
705888888683	1000
705999999794	1000
706111110905	1000
706222222016	1000
706333333127	1000
706444444238	1000
706555555349	1000
706666666460	1000
706777777571	1000
706888888682	1000
706999999793	1000
707111110904	1000
707222222015	1000
707333333126	1000
707444444237	1000
707555555348	1000
707666666459	1000
707777777570	1000
707888888681	1000
707999999792	1000
708111110903	1000
708222222014	1000
708333333125	1000
708444444236	1000
708555555347	1000
708666666458	1000
708777777569	1000
708888888680	1000
708999999791	1000
709111110902	1000
709222222013	1000
709333333124	1000
709444444235	1000
709555555346	1000
709666666457	1000
709777777568	1000
709888888679	1000
709999999790	1000
710111110901	1000
710222222012	1000
710333333123	1000
710444444234	1000
710555555345	1000
710666666456	1000
710777777567	1000
710888888678	1000
710999999789	1000
711111110900	1000
711222222011	1000
711333333122	1000
711444444233	1000
711555555344	1000
711666666455	1000
711777777566	1000
711888888677	1000
711999999788	1000
712111110899	1000
712222222010	1000
712333333121	1000
712444444232	1000
712555555343	1000
712666666454	1000
712777777565	1000
712888888676	1000
712999999787	1000
713111110898	1000
713222222009	1000
713333333120	1000
713444444231	1000
713555555342	1000
713666666453	1000
713777777564	1000
713888888675	1000
713999999786	1000
714111110897	1000
714222222008	1000
714333333119	1000
714444444230	1000
714555555341	1000
714666666452	1000
714777777563	1000
714888888674	1000
714999999785	1000
715111110896	1000
715222222007	1000
715333333118	1000
715444444229	1000
715555555340	1000
715666666451	1000
715777777562	1000
715888888673	1000
715999999784	1000
716111110895	1000
716222222006	1000
716333333117	1000
716444444228	1000
716555555339	1000
716666666450	1000
716777777561	1000
716888888672	1000
716999999783	1000
717111110894	1000
717222222005	1000
717333333116	1000
717444444227	1000
717555555338	1000
717666666449	1000
717777777560	1000
717888888671	1000
717999999782	1000
718111110893	1000
718222222004	1000
718333333115	1000
718444444226	1000
718555555337	1000
718666666448	1000
718777777559	1000
718888888670	1000
718999999781	1000
719111110892	1000
719222222003	1000
719333333114	1000
719444444225	1000
719555555336	1000
719666666447	1000
719777777558	1000
719888888669	1000
719999999780	1000
720111110891	1000
720222222002	1000
720333333113	1000
720444444224	1000
720555555335	1000
720666666446	1000
720777777557	1000
720888888668	1000
720999999779	1000
721111110890	1000
721222222001	1000
721333333112	1000
721444444223	1000
721555555334	1000
721666666445	1000
721777777556	1000
721888888667	1000
721999999778	1000
722111110889	1000
722222222000	1000
722333333111	1000
722444444222	1000
722555555333	1000
722666666444	1000
722777777555	1000
722888888666	1000
722999999777	1000
723111110888	1000
723222221999	1000
723333333110	1000
723444444221	1000
723555555332	1000
723666666443	1000
723777777554	1000
723888888665	1000
723999999776	1000
724111110887	1000
724222221998	1000
724333333109	1000
724444444220	1000
724555555331	1000
724666666442	1000
724777777553	1000
724888888664	1000
724999999775	1000
725111110886	1000
725222221997	1000
725333333108	1000
725444444219	1000
725555555330	1000
725666666441	1000
725777777552	1000
725888888663	1000
725999999774	1000
726111110885	1000
726222221996	1000
726333333107	1000
726444444218	1000
726555555329	1000
726666666440	1000
726777777551	1000
726888888662	1000
726999999773	1000
727111110884	1000
727222221995	1000
727333333106	1000
727444444217	1000
727555555328	1000
727666666439	1000
727777777550	1000
727888888661	1000
727999999772	1000
728111110883	1000
728222221994	1000
728333333105	1000
728444444216	1000
728555555327	1000
728666666438	1000
728777777549	1000
728888888660	1000
728999999771	1000
729111110882	1000
729222221993	1000
729333333104	1000
729444444215	1000
729555555326	1000
729666666437	1000
729777777548	1000
729888888659	1000
729999999770	1000
730111110881	1000
730222221992	1000
730333333103	1000
730444444214	1000
730555555325	1000
730666666436	1000
730777777547	1000
730888888658	1000
730999999769	1000
731111110880	1000
731222221991	1000
731333333102	1000
731444444213	1000
731555555324	1000
731666666435	1000
731777777546	1000
731888888657	1000
731999999768	1000
732111110879	1000
732222221990	1000
732333333101	1000
732444444212	1000
732555555323	1000
732666666434	1000
732777777545	1000
732888888656	1000
732999999767	1000
733111110878	1000
733222221989	1000
733333333100	1000
733444444211	1000
733555555322	1000
733666666433	1000
733777777544	1000
733888888655	1000
733999999766	1000
734111110877	1000
734222221988	1000
734333333099	1000
734444444210	1000
734555555321	1000
734666666432	1000
734777777543	1000
734888888654	1000
734999999765	1000
735111110876	1000
735222221987	1000
735333333098	1000
735444444209	1000
735555555320	1000
735666666431	1000
735777777542	1000
735888888653	1000
735999999764	1000
736111110875	1000
736222221986	1000
736333333097	1000
736444444208	1000
736555555319	1000
736666666430	1000
736777777541	1000
736888888652	1000
736999999763	1000
737111110874	1000
737222221985	1000
737333333096	1000
737444444207	1000
737555555318	1000
737666666429	1000
737777777540	1000
737888888651	1000
737999999762	1000
738111110873	1000
738222221984	1000
738333333095	1000
738444444206	1000
738555555317	1000
738666666428	1000
738777777539	1000
738888888650	1000
738999999761	1000
739111110872	1000
739222221983	1000
739333333094	1000
739444444205	1000
739555555316	1000
739666666427	1000
739777777538	1000
739888888649	1000
739999999760	1000
740111110871	1000
740222221982	1000
740333333093	1000
740444444204	1000
740555555315	1000
740666666426	1000
740777777537	1000
740888888648	1000
740999999759	1000
741111110870	1000
741222221981	1000
741333333092	1000
741444444203	1000
741555555314	1000
741666666425	1000
741777777536	1000
741888888647	1000
741999999758	1000
742111110869	1000
742222221980	1000
742333333091	1000
742444444202	1000
742555555313	1000
742666666424	1000
742777777535	1000
742888888646	1000
742999999757	1000
743111110868	1000
743222221979	1000
743333333090	1000
743444444201	1000
743555555312	1000
743666666423	1000
743777777534	1000
743888888645	1000
743999999756	1000
744111110867	1000
744222221978	1000
744333333089	1000
744444444200	1000
744555555311	1000
744666666422	1000
744777777533	1000
744888888644	1000
744999999755	1000
745111110866	1000
745222221977	1000
745333333088	1000
745444444199	1000
745555555310	1000
745666666421	1000
745777777532	1000
745888888643	1000
745999999754	1000
746111110865	1000
746222221976	1000
746333333087	1000
746444444198	1000
746555555309	1000
746666666420	1000
746777777531	1000
746888888642	1000
746999999753	1000
747111110864	1000
747222221975	1000
747333333086	1000
747444444197	1000
747555555308	1000
747666666419	1000
747777777530	1000
747888888641	1000
747999999752	1000
748111110863	1000
748222221974	1000
748333333085	1000
748444444196	1000
748555555307	1000
748666666418	1000
748777777529	1000
748888888640	1000
748999999751	1000
749111110862	1000
749222221973	1000
749333333084	1000
749444444195	1000
749555555306	1000
749666666417	1000
749777777528	1000
749888888639	1000
749999999750	1000
750111110861	1000
750222221972	1000
750333333083	1000
750444444194	1000
750555555305	1000
750666666416	1000
750777777527	1000
750888888638	1000
750999999749	1000
751111110860	1000
751222221971	1000
751333333082	1000
751444444193	1000
751555555304	1000
751666666415	1000
751777777526	1000
751888888637	1000
751999999748	1000
752111110859	1000
752222221970	1000
752333333081	1000
752444444192	1000
752555555303	1000
752666666414	1000
752777777525	1000
752888888636	1000
752999999747	1000
753111110858	1000
753222221969	1000
753333333080	1000
753444444191	1000
753555555302	1000
753666666413	1000
753777777524	1000
753888888635	1000
753999999746	1000
754111110857	1000
754222221968	1000
754333333079	1000
754444444190	1000
754555555301	1000
754666666412	1000
754777777523	1000
754888888634	1000
754999999745	1000
755111110856	1000
755222221967	1000
755333333078	1000
755444444189	1000
755555555300	1000
755666666411	1000
755777777522	1000
755888888633	1000
755999999744	1000
756111110855	1000
756222221966	1000
756333333077	1000
756444444188	1000
756555555299	1000
756666666410	1000
756777777521	1000
756888888632	1000
756999999743	1000
757111110854	1000
757222221965	1000
757333333076	1000
757444444187	1000
757555555298	1000
757666666409	1000
757777777520	1000
757888888631	1000
757999999742	1000
758111110853	1000
758222221964	1000
758333333075	1000
758444444186	1000
758555555297	1000
758666666408	1000
758777777519	1000
758888888630	1000
758999999741	1000
759111110852	1000
759222221963	1000
759333333074	1000
759444444185	1000
759555555296	1000
759666666407	1000
759777777518	1000
759888888629	1000
759999999740	1000
760111110851	1000
760222221962	1000
760333333073	1000
760444444184	1000
760555555295	1000
760666666406	1000
760777777517	1000
760888888628	1000
760999999739	1000
761111110850	1000
761222221961	1000
761333333072	1000
761444444183	1000
761555555294	1000
761666666405	1000
761777777516	1000
761888888627	1000
761999999738	1000
762111110849	1000
762222221960	1000
762333333071	1000
762444444182	1000
762555555293	1000
762666666404	1000
762777777515	1000
762888888626	1000
762999999737	1000
763111110848	1000
763222221959	1000
763333333070	1000
763444444181	1000
763555555292	1000
763666666403	1000
763777777514	1000
763888888625	1000
763999999736	1000
764111110847	1000
764222221958	1000
764333333069	1000
764444444180	1000
764555555291	1000
764666666402	1000
764777777513	1000
764888888624	1000
764999999735	1000
765111110846	1000
765222221957	1000
765333333068	1000
765444444179	1000
765555555290	1000
765666666401	1000
765777777512	1000
765888888623	1000
765999999734	1000
766111110845	1000
766222221956	1000
766333333067	1000
766444444178	1000
766555555289	1000
766666666400	1000
766777777511	1000
766888888622	1000
766999999733	1000
767111110844	1000
767222221955	1000
767333333066	1000
767444444177	1000
767555555288	1000
767666666399	1000
767777777510	1000
767888888621	1000
767999999732	1000
768111110843	1000
768222221954	1000
768333333065	1000
768444444176	1000
768555555287	1000
768666666398	1000
768777777509	1000
768888888620	1000
768999999731	1000
769111110842	1000
769222221953	1000
769333333064	1000
769444444175	1000
769555555286	1000
769666666397	1000
769777777508	1000
769888888619	1000
769999999730	1000
770111110841	1000
770222221952	1000
770333333063	1000
770444444174	1000
770555555285	1000
770666666396	1000
770777777507	1000
770888888618	1000
770999999729	1000
771111110840	1000
771222221951	1000
771333333062	1000
771444444173	1000
771555555284	1000
771666666395	1000
771777777506	1000
771888888617	1000
771999999728	1000
772111110839	1000
772222221950	1000
772333333061	1000
772444444172	1000
772555555283	1000
772666666394	1000
772777777505	1000
772888888616	1000
772999999727	1000
773111110838	1000
773222221949	1000
773333333060	1000
773444444171	1000
773555555282	1000
773666666393	1000
773777777504	1000
773888888615	1000
773999999726	1000
774111110837	1000
774222221948	1000
774333333059	1000
774444444170	1000
774555555281	1000
774666666392	1000
774777777503	1000
774888888614	1000
774999999725	1000
775111110836	1000
775222221947	1000
775333333058	1000
775444444169	1000
775555555280	1000
775666666391	1000
775777777502	1000
775888888613	1000
775999999724	1000
776111110835	1000
776222221946	1000
776333333057	1000
776444444168	1000
776555555279	1000
776666666390	1000
776777777501	1000
776888888612	1000
776999999723	1000
777111110834	1000
777222221945	1000
777333333056	1000
777444444167	1000
777555555278	1000
777666666389	1000
777777777500	1000
777888888611	1000
777999999722	1000
778111110833	1000
778222221944	1000
778333333055	1000
778444444166	1000
778555555277	1000
778666666388	1000
778777777499	1000
778888888610	1000
778999999721	1000
779111110832	1000
779222221943	1000
779333333054	1000
779444444165	1000
779555555276	1000
779666666387	1000
779777777498	1000
779888888609	1000
779999999720	1000
780111110831	1000
780222221942	1000
780333333053	1000
780444444164	1000
780555555275	1000
780666666386	1000
780777777497	1000
780888888608	1000
780999999719	1000
781111110830	1000
781222221941	1000
781333333052	1000
781444444163	1000
781555555274	1000
781666666385	1000
781777777496	1000
781888888607	1000
781999999718	1000
782111110829	1000
782222221940	1000
782333333051	1000
782444444162	1000
782555555273	1000
782666666384	1000
782777777495	1000
782888888606	1000
782999999717	1000
783111110828	1000
783222221939	1000
783333333050	1000
783444444161	1000
783555555272	1000
783666666383	1000
783777777494	1000
783888888605	1000
783999999716	1000
784111110827	1000
784222221938	1000
784333333049	1000
784444444160	1000
784555555271	1000
784666666382	1000
784777777493	1000
784888888604	1000
784999999715	1000
785111110826	1000
785222221937	1000
785333333048	1000
785444444159	1000
785555555270	1000
785666666381	1000
785777777492	1000
785888888603	1000
785999999714	1000
786111110825	1000
786222221936	1000
786333333047	1000
786444444158	1000
786555555269	1000
786666666380	1000
786777777491	1000
786888888602	1000
786999999713	1000
787111110824	1000
787222221935	1000
787333333046	1000
787444444157	1000
787555555268	1000
787666666379	1000
787777777490	1000
787888888601	1000
787999999712	1000
788111110823	1000
788222221934	1000
788333333045	1000
788444444156	1000
788555555267	1000
788666666378	1000
788777777489	1000
788888888600	1000
788999999711	1000
789111110822	1000
789222221933	1000
789333333044	1000
789444444155	1000
789555555266	1000
789666666377	1000
789777777488	1000
789888888599	1000
789999999710	1000
790111110821	1000
790222221932	1000
790333333043	1000
790444444154	1000
790555555265	1000
790666666376	1000
790777777487	1000
790888888598	1000
790999999709	1000
791111110820	1000
791222221931	1000
791333333042	1000
791444444153	1000
791555555264	1000
791666666375	1000
791777777486	1000
791888888597	1000
791999999708	1000
792111110819	1000
792222221930	1000
792333333041	1000
792444444152	1000
792555555263	1000
792666666374	1000
792777777485	1000
792888888596	1000
792999999707	1000
793111110818	1000
793222221929	1000
793333333040	1000
793444444151	1000
793555555262	1000
793666666373	1000
793777777484	1000
793888888595	1000
793999999706	1000
794111110817	1000
794222221928	1000
794333333039	1000
794444444150	1000
794555555261	1000
794666666372	1000
794777777483	1000
794888888594	1000
794999999705	1000
795111110816	1000
795222221927	1000
795333333038	1000
795444444149	1000
795555555260	1000
795666666371	1000
795777777482	1000
795888888593	1000
795999999704	1000
796111110815	1000
796222221926	1000
796333333037	1000
796444444148	1000
796555555259	1000
796666666370	1000
796777777481	1000
796888888592	1000
796999999703	1000
797111110814	1000
797222221925	1000
797333333036	1000
797444444147	1000
797555555258	1000
797666666369	1000
797777777480	1000
797888888591	1000
797999999702	1000
798111110813	1000
798222221924	1000
798333333035	1000
798444444146	1000
798555555257	1000
798666666368	1000
798777777479	1000
798888888590	1000
798999999701	1000
799111110812	1000
799222221923	1000
799333333034	1000
799444444145	1000
799555555256	1000
799666666367	1000
799777777478	1000
799888888589	1000
799999999700	1000
800111110811	1000
800222221922	1000
800333333033	1000
800444444144	1000
800555555255	1000
800666666366	1000
800777777477	1000
800888888588	1000
800999999699	1000
801111110810	1000
801222221921	1000
801333333032	1000
801444444143	1000
801555555254	1000
801666666365	1000
801777777476	1000
801888888587	1000
801999999698	1000
802111110809	1000
802222221920	1000
802333333031	1000
802444444142	1000
802555555253	1000
802666666364	1000
802777777475	1000
802888888586	1000
802999999697	1000
803111110808	1000
803222221919	1000
803333333030	1000
803444444141	1000
803555555252	1000
803666666363	1000
803777777474	1000
803888888585	1000
803999999696	1000
804111110807	1000
804222221918	1000
804333333029	1000
804444444140	1000
804555555251	1000
804666666362	1000
804777777473	1000
804888888584	1000
804999999695	1000
805111110806	1000
805222221917	1000
805333333028	1000
805444444139	1000
805555555250	1000
805666666361	1000
805777777472	1000
805888888583	1000
805999999694	1000
806111110805	1000
806222221916	1000
806333333027	1000
806444444138	1000
806555555249	1000
806666666360	1000
806777777471	1000
806888888582	1000
806999999693	1000
807111110804	1000
807222221915	1000
807333333026	1000
807444444137	1000
807555555248	1000
807666666359	1000
807777777470	1000
807888888581	1000
807999999692	1000
808111110803	1000
808222221914	1000
808333333025	1000
808444444136	1000
808555555247	1000
808666666358	1000
808777777469	1000
808888888580	1000
808999999691	1000
809111110802	1000
809222221913	1000
809333333024	1000
809444444135	1000
809555555246	1000
809666666357	1000
809777777468	1000
809888888579	1000
809999999690	1000
810111110801	1000
810222221912	1000
810333333023	1000
810444444134	1000
810555555245	1000
810666666356	1000
810777777467	1000
810888888578	1000
810999999689	1000
811111110800	1000
811222221911	1000
811333333022	1000
811444444133	1000
811555555244	1000
811666666355	1000
811777777466	1000
811888888577	1000
811999999688	1000
812111110799	1000
812222221910	1000
812333333021	1000
812444444132	1000
812555555243	1000
812666666354	1000
812777777465	1000
812888888576	1000
812999999687	1000
813111110798	1000
813222221909	1000
813333333020	1000
813444444131	1000
813555555242	1000
813666666353	1000
813777777464	1000
813888888575	1000
813999999686	1000
814111110797	1000
814222221908	1000
814333333019	1000
814444444130	1000
814555555241	1000
814666666352	1000
814777777463	1000
814888888574	1000
814999999685	1000
815111110796	1000
815222221907	1000
815333333018	1000
815444444129	1000
815555555240	1000
815666666351	1000
815777777462	1000
815888888573	1000
815999999684	1000
816111110795	1000
816222221906	1000
816333333017	1000
816444444128	1000
816555555239	1000
816666666350	1000
816777777461	1000
816888888572	1000
816999999683	1000
817111110794	1000
817222221905	1000
817333333016	1000
817444444127	1000
817555555238	1000
817666666349	1000
817777777460	1000
817888888571	1000
817999999682	1000
818111110793	1000
818222221904	1000
818333333015	1000
818444444126	1000
818555555237	1000
818666666348	1000
818777777459	1000
818888888570	1000
818999999681	1000
819111110792	1000
819222221903	1000
819333333014	1000
819444444125	1000
819555555236	1000
819666666347	1000
819777777458	1000
819888888569	1000
819999999680	1000
820111110791	1000
820222221902	1000
820333333013	1000
820444444124	1000
820555555235	1000
820666666346	1000
820777777457	1000
820888888568	1000
820999999679	1000
821111110790	1000
821222221901	1000
821333333012	1000
821444444123	1000
821555555234	1000
821666666345	1000
821777777456	1000
821888888567	1000
821999999678	1000
822111110789	1000
822222221900	1000
822333333011	1000
822444444122	1000
822555555233	1000
822666666344	1000
822777777455	1000
822888888566	1000
822999999677	1000
823111110788	1000
823222221899	1000
823333333010	1000
823444444121	1000
823555555232	1000
823666666343	1000
823777777454	1000
823888888565	1000
823999999676	1000
824111110787	1000
824222221898	1000
824333333009	1000
824444444120	1000
824555555231	1000
824666666342	1000
824777777453	1000
824888888564	1000
824999999675	1000
825111110786	1000
825222221897	1000
825333333008	1000
825444444119	1000
825555555230	1000
825666666341	1000
825777777452	1000
825888888563	1000
825999999674	1000
826111110785	1000
826222221896	1000
826333333007	1000
826444444118	1000
826555555229	1000
826666666340	1000
826777777451	1000
826888888562	1000
826999999673	1000
827111110784	1000
827222221895	1000
827333333006	1000
827444444117	1000
827555555228	1000
827666666339	1000
827777777450	1000
827888888561	1000
827999999672	1000
828111110783	1000
828222221894	1000
828333333005	1000
828444444116	1000
828555555227	1000
828666666338	1000
828777777449	1000
828888888560	1000
828999999671	1000
829111110782	1000
829222221893	1000
829333333004	1000
829444444115	1000
829555555226	1000
829666666337	1000
829777777448	1000
829888888559	1000
829999999670	1000
830111110781	1000
830222221892	1000
830333333003	1000
830444444114	1000
830555555225	1000
830666666336	1000
830777777447	1000
830888888558	1000
830999999669	1000
831111110780	1000
831222221891	1000
831333333002	1000
831444444113	1000
831555555224	1000
831666666335	1000
831777777446	1000
831888888557	1000
831999999668	1000
832111110779	1000
832222221890	1000
832333333001	1000
832444444112	1000
832555555223	1000
832666666334	1000
832777777445	1000
832888888556	1000
832999999667	1000
833111110778	1000
833222221889	1000
833333333000	1000
833444444111	1000
833555555222	1000
833666666333	1000
833777777444	1000
833888888555	1000
833999999666	1000
834111110777	1000
834222221888	1000
834333332999	1000
834444444110	1000
834555555221	1000
834666666332	1000
834777777443	1000
834888888554	1000
834999999665	1000
835111110776	1000
835222221887	1000
835333332998	1000
835444444109	1000
835555555220	1000
835666666331	1000
835777777442	1000
835888888553	1000
835999999664	1000
836111110775	1000
836222221886	1000
836333332997	1000
836444444108	1000
836555555219	1000
836666666330	1000
836777777441	1000
836888888552	1000
836999999663	1000
837111110774	1000
837222221885	1000
837333332996	1000
837444444107	1000
837555555218	1000
837666666329	1000
837777777440	1000
837888888551	1000
837999999662	1000
838111110773	1000
838222221884	1000
838333332995	1000
838444444106	1000
838555555217	1000
838666666328	1000
838777777439	1000
838888888550	1000
838999999661	1000
839111110772	1000
839222221883	1000
839333332994	1000
839444444105	1000
839555555216	1000
839666666327	1000
839777777438	1000
839888888549	1000
839999999660	1000
840111110771	1000
840222221882	1000
840333332993	1000
840444444104	1000
840555555215	1000
840666666326	1000
840777777437	1000
840888888548	1000
840999999659	1000
841111110770	1000
841222221881	1000
841333332992	1000
841444444103	1000
841555555214	1000
841666666325	1000
841777777436	1000
841888888547	1000
841999999658	1000
842111110769	1000
842222221880	1000
842333332991	1000
842444444102	1000
842555555213	1000
842666666324	1000
842777777435	1000
842888888546	1000
842999999657	1000
843111110768	1000
843222221879	1000
843333332990	1000
843444444101	1000
843555555212	1000
843666666323	1000
843777777434	1000
843888888545	1000
843999999656	1000
844111110767	1000
844222221878	1000
844333332989	1000
844444444100	1000
844555555211	1000
844666666322	1000
844777777433	1000
844888888544	1000
844999999655	1000
845111110766	1000
845222221877	1000
845333332988	1000
845444444099	1000
845555555210	1000
845666666321	1000
845777777432	1000
845888888543	1000
845999999654	1000
846111110765	1000
846222221876	1000
846333332987	1000
846444444098	1000
846555555209	1000
846666666320	1000
846777777431	1000
846888888542	1000
846999999653	1000
847111110764	1000
847222221875	1000
847333332986	1000
847444444097	1000
847555555208	1000
847666666319	1000
847777777430	1000
847888888541	1000
847999999652	1000
848111110763	1000
848222221874	1000
848333332985	1000
848444444096	1000
848555555207	1000
848666666318	1000
848777777429	1000
848888888540	1000
848999999651	1000
849111110762	1000
849222221873	1000
849333332984	1000
849444444095	1000
849555555206	1000
849666666317	1000
849777777428	1000
849888888539	1000
849999999650	1000
850111110761	1000
850222221872	1000
850333332983	1000
850444444094	1000
850555555205	1000
850666666316	1000
850777777427	1000
850888888538	1000
850999999649	1000
851111110760	1000
851222221871	1000
851333332982	1000
851444444093	1000
851555555204	1000
851666666315	1000
851777777426	1000
851888888537	1000
851999999648	1000
852111110759	1000
852222221870	1000
852333332981	1000
852444444092	1000
852555555203	1000
852666666314	1000
852777777425	1000
852888888536	1000
852999999647	1000
853111110758	1000
853222221869	1000
853333332980	1000
853444444091	1000
853555555202	1000
853666666313	1000
853777777424	1000
853888888535	1000
853999999646	1000
854111110757	1000
854222221868	1000
854333332979	1000
854444444090	1000
854555555201	1000
854666666312	1000
854777777423	1000
854888888534	1000
854999999645	1000
855111110756	1000
855222221867	1000
855333332978	1000
855444444089	1000
855555555200	1000
855666666311	1000
855777777422	1000
855888888533	1000
855999999644	1000
856111110755	1000
856222221866	1000
856333332977	1000
856444444088	1000
856555555199	1000
856666666310	1000
856777777421	1000
856888888532	1000
856999999643	1000
857111110754	1000
857222221865	1000
857333332976	1000
857444444087	1000
857555555198	1000
857666666309	1000
857777777420	1000
857888888531	1000
857999999642	1000
858111110753	1000
858222221864	1000
858333332975	1000
858444444086	1000
858555555197	1000
858666666308	1000
858777777419	1000
858888888530	1000
858999999641	1000
859111110752	1000
859222221863	1000
859333332974	1000
859444444085	1000
859555555196	1000
859666666307	1000
859777777418	1000
859888888529	1000
859999999640	1000
860111110751	1000
860222221862	1000
860333332973	1000
860444444084	1000
860555555195	1000
860666666306	1000
860777777417	1000
860888888528	1000
860999999639	1000
861111110750	1000
861222221861	1000
861333332972	1000
861444444083	1000
861555555194	1000
861666666305	1000
861777777416	1000
861888888527	1000
861999999638	1000
862111110749	1000
862222221860	1000
862333332971	1000
862444444082	1000
862555555193	1000
862666666304	1000
862777777415	1000
862888888526	1000
862999999637	1000
863111110748	1000
863222221859	1000
863333332970	1000
863444444081	1000
863555555192	1000
863666666303	1000
863777777414	1000
863888888525	1000
863999999636	1000
864111110747	1000
864222221858	1000
864333332969	1000
864444444080	1000
864555555191	1000
864666666302	1000
864777777413	1000
864888888524	1000
864999999635	1000
865111110746	1000
865222221857	1000
865333332968	1000
865444444079	1000
865555555190	1000
865666666301	1000
865777777412	1000
865888888523	1000
865999999634	1000
866111110745	1000
866222221856	1000
866333332967	1000
866444444078	1000
866555555189	1000
866666666300	1000
866777777411	1000
866888888522	1000
866999999633	1000
867111110744	1000
867222221855	1000
867333332966	1000
867444444077	1000
867555555188	1000
867666666299	1000
867777777410	1000
867888888521	1000
867999999632	1000
868111110743	1000
868222221854	1000
868333332965	1000
868444444076	1000
868555555187	1000
868666666298	1000
868777777409	1000
868888888520	1000
868999999631	1000
869111110742	1000
869222221853	1000
869333332964	1000
869444444075	1000
869555555186	1000
869666666297	1000
869777777408	1000
869888888519	1000
869999999630	1000
870111110741	1000
870222221852	1000
870333332963	1000
870444444074	1000
870555555185	1000
870666666296	1000
870777777407	1000
870888888518	1000
870999999629	1000
871111110740	1000
871222221851	1000
871333332962	1000
871444444073	1000
871555555184	1000
871666666295	1000
871777777406	1000
871888888517	1000
871999999628	1000
872111110739	1000
872222221850	1000
872333332961	1000
872444444072	1000
872555555183	1000
872666666294	1000
872777777405	1000
872888888516	1000
872999999627	1000
873111110738	1000
873222221849	1000
873333332960	1000
873444444071	1000
873555555182	1000
873666666293	1000
873777777404	1000
873888888515	1000
873999999626	1000
874111110737	1000
874222221848	1000
874333332959	1000
874444444070	1000
874555555181	1000
874666666292	1000
874777777403	1000
874888888514	1000
874999999625	1000
875111110736	1000
875222221847	1000
875333332958	1000
875444444069	1000
875555555180	1000
875666666291	1000
875777777402	1000
875888888513	1000
875999999624	1000
876111110735	1000
876222221846	1000
876333332957	1000
876444444068	1000
876555555179	1000
876666666290	1000
876777777401	1000
876888888512	1000
876999999623	1000
877111110734	1000
877222221845	1000
877333332956	1000
877444444067	1000
877555555178	1000
877666666289	1000
877777777400	1000
877888888511	1000
877999999622	1000
878111110733	1000
878222221844	1000
878333332955	1000
878444444066	1000
878555555177	1000
878666666288	1000
878777777399	1000
878888888510	1000
878999999621	1000
879111110732	1000
879222221843	1000
879333332954	1000
879444444065	1000
879555555176	1000
879666666287	1000
879777777398	1000
879888888509	1000
879999999620	1000
880111110731	1000
880222221842	1000
880333332953	1000
880444444064	1000
880555555175	1000
880666666286	1000
880777777397	1000
880888888508	1000
880999999619	1000
881111110730	1000
881222221841	1000
881333332952	1000
881444444063	1000
881555555174	1000
881666666285	1000
881777777396	1000
881888888507	1000
881999999618	1000
882111110729	1000
882222221840	1000
882333332951	1000
882444444062	1000
882555555173	1000
882666666284	1000
882777777395	1000
882888888506	1000
882999999617	1000
883111110728	1000
883222221839	1000
883333332950	1000
883444444061	1000
883555555172	1000
883666666283	1000
883777777394	1000
883888888505	1000
883999999616	1000
884111110727	1000
884222221838	1000
884333332949	1000
884444444060	1000
884555555171	1000
884666666282	1000
884777777393	1000
884888888504	1000
884999999615	1000
885111110726	1000
885222221837	1000
885333332948	1000
885444444059	1000
885555555170	1000
885666666281	1000
885777777392	1000
885888888503	1000
885999999614	1000
886111110725	1000
886222221836	1000
886333332947	1000
886444444058	1000
886555555169	1000
886666666280	1000
886777777391	1000
886888888502	1000
886999999613	1000
887111110724	1000
887222221835	1000
887333332946	1000
887444444057	1000
887555555168	1000
887666666279	1000
887777777390	1000
887888888501	1000
887999999612	1000
888111110723	1000
888222221834	1000
888333332945	1000
888444444056	1000
888555555167	1000
888666666278	1000
888777777389	1000
888888888500	1000
888999999611	1000
889111110722	1000
889222221833	1000
889333332944	1000
889444444055	1000
889555555166	1000
889666666277	1000
889777777388	1000
889888888499	1000
889999999610	1000
890111110721	1000
890222221832	1000
890333332943	1000
890444444054	1000
890555555165	1000
890666666276	1000
890777777387	1000
890888888498	1000
890999999609	1000
891111110720	1000
891222221831	1000
891333332942	1000
891444444053	1000
891555555164	1000
891666666275	1000
891777777386	1000
891888888497	1000
891999999608	1000
892111110719	1000
892222221830	1000
892333332941	1000
892444444052	1000
892555555163	1000
892666666274	1000
892777777385	1000
892888888496	1000
892999999607	1000
893111110718	1000
893222221829	1000
893333332940	1000
893444444051	1000
893555555162	1000
893666666273	1000
893777777384	1000
893888888495	1000
893999999606	1000
894111110717	1000
894222221828	1000
894333332939	1000
894444444050	1000
894555555161	1000
894666666272	1000
894777777383	1000
894888888494	1000
894999999605	1000
895111110716	1000
895222221827	1000
895333332938	1000
895444444049	1000
895555555160	1000
895666666271	1000
895777777382	1000
895888888493	1000
895999999604	1000
896111110715	1000
896222221826	1000
896333332937	1000
896444444048	1000
896555555159	1000
896666666270	1000
896777777381	1000
896888888492	1000
896999999603	1000
897111110714	1000
897222221825	1000
897333332936	1000
897444444047	1000
897555555158	1000
897666666269	1000
897777777380	1000
897888888491	1000
897999999602	1000
898111110713	1000
898222221824	1000
898333332935	1000
898444444046	1000
898555555157	1000
898666666268	1000
898777777379	1000
898888888490	1000
898999999601	1000
899111110712	1000
899222221823	1000
899333332934	1000
899444444045	1000
899555555156	1000
899666666267	1000
899777777378	1000
899888888489	1000
899999999600	1000
900111110711	1000
900222221822	1000
900333332933	1000
900444444044	1000
900555555155	1000
900666666266	1000
900777777377	1000
900888888488	1000
900999999599	1000
901111110710	1000
901222221821	1000
901333332932	1000
901444444043	1000
901555555154	1000
901666666265	1000
901777777376	1000
901888888487	1000
901999999598	1000
902111110709	1000
902222221820	1000
902333332931	1000
902444444042	1000
902555555153	1000
902666666264	1000
902777777375	1000
902888888486	1000
902999999597	1000
903111110708	1000
903222221819	1000
903333332930	1000
903444444041	1000
903555555152	1000
903666666263	1000
903777777374	1000
903888888485	1000
903999999596	1000
904111110707	1000
904222221818	1000
904333332929	1000
904444444040	1000
904555555151	1000
904666666262	1000
904777777373	1000
904888888484	1000
904999999595	1000
905111110706	1000
905222221817	1000
905333332928	1000
905444444039	1000
905555555150	1000
905666666261	1000
905777777372	1000
905888888483	1000
905999999594	1000
906111110705	1000
906222221816	1000
906333332927	1000
906444444038	1000
906555555149	1000
906666666260	1000
906777777371	1000
906888888482	1000
906999999593	1000
907111110704	1000
907222221815	1000
907333332926	1000
907444444037	1000
907555555148	1000
907666666259	1000
907777777370	1000
907888888481	1000
907999999592	1000
908111110703	1000
908222221814	1000
908333332925	1000
908444444036	1000
908555555147	1000
908666666258	1000
908777777369	1000
908888888480	1000
908999999591	1000
909111110702	1000
909222221813	1000
909333332924	1000
909444444035	1000
909555555146	1000
909666666257	1000
909777777368	1000
909888888479	1000
909999999590	1000
910111110701	1000
910222221812	1000
910333332923	1000
910444444034	1000
910555555145	1000
910666666256	1000
910777777367	1000
910888888478	1000
910999999589	1000
911111110700	1000
911222221811	1000
911333332922	1000
911444444033	1000
911555555144	1000
911666666255	1000
911777777366	1000
911888888477	1000
911999999588	1000
912111110699	1000
912222221810	1000
912333332921	1000
912444444032	1000
912555555143	1000
912666666254	1000
912777777365	1000
912888888476	1000
912999999587	1000
913111110698	1000
913222221809	1000
913333332920	1000
913444444031	1000
913555555142	1000
913666666253	1000
913777777364	1000
913888888475	1000
913999999586	1000
914111110697	1000
914222221808	1000
914333332919	1000
914444444030	1000
914555555141	1000
914666666252	1000
914777777363	1000
914888888474	1000
914999999585	1000
915111110696	1000
915222221807	1000
915333332918	1000
915444444029	1000
915555555140	1000
915666666251	1000
915777777362	1000
915888888473	1000
915999999584	1000
916111110695	1000
916222221806	1000
916333332917	1000
916444444028	1000
916555555139	1000
916666666250	1000
916777777361	1000
916888888472	1000
916999999583	1000
917111110694	1000
917222221805	1000
917333332916	1000
917444444027	1000
917555555138	1000
917666666249	1000
917777777360	1000
917888888471	1000
917999999582	1000
918111110693	1000
918222221804	1000
918333332915	1000
918444444026	1000
918555555137	1000
918666666248	1000
918777777359	1000
918888888470	1000
918999999581	1000
919111110692	1000
919222221803	1000
919333332914	1000
919444444025	1000
919555555136	1000
919666666247	1000
919777777358	1000
919888888469	1000
919999999580	1000
920111110691	1000
920222221802	1000
920333332913	1000
920444444024	1000
920555555135	1000
920666666246	1000
920777777357	1000
920888888468	1000
920999999579	1000
921111110690	1000
921222221801	1000
921333332912	1000
921444444023	1000
921555555134	1000
921666666245	1000
921777777356	1000
921888888467	1000
921999999578	1000
922111110689	1000
922222221800	1000
922333332911	1000
922444444022	1000
922555555133	1000
922666666244	1000
922777777355	1000
922888888466	1000
922999999577	1000
923111110688	1000
923222221799	1000
923333332910	1000
923444444021	1000
923555555132	1000
923666666243	1000
923777777354	1000
923888888465	1000
923999999576	1000
924111110687	1000
924222221798	1000
924333332909	1000
924444444020	1000
924555555131	1000
924666666242	1000
924777777353	1000
924888888464	1000
924999999575	1000
925111110686	1000
925222221797	1000
925333332908	1000
925444444019	1000
925555555130	1000
925666666241	1000
925777777352	1000
925888888463	1000
925999999574	1000
926111110685	1000
926222221796	1000
926333332907	1000
926444444018	1000
926555555129	1000
926666666240	1000
926777777351	1000
926888888462	1000
926999999573	1000
927111110684	1000
927222221795	1000
927333332906	1000
927444444017	1000
927555555128	1000
927666666239	1000
927777777350	1000
927888888461	1000
927999999572	1000
928111110683	1000
928222221794	1000
928333332905	1000
928444444016	1000
928555555127	1000
928666666238	1000
928777777349	1000
928888888460	1000
928999999571	1000
929111110682	1000
929222221793	1000
929333332904	1000
929444444015	1000
929555555126	1000
929666666237	1000
929777777348	1000
929888888459	1000
929999999570	1000
930111110681	1000
930222221792	1000
930333332903	1000
930444444014	1000
930555555125	1000
930666666236	1000
930777777347	1000
930888888458	1000
930999999569	1000
931111110680	1000
931222221791	1000
931333332902	1000
931444444013	1000
931555555124	1000
931666666235	1000
931777777346	1000
931888888457	1000
931999999568	1000
932111110679	1000
932222221790	1000
932333332901	1000
932444444012	1000
932555555123	1000
932666666234	1000
932777777345	1000
932888888456	1000
932999999567	1000
933111110678	1000
933222221789	1000
933333332900	1000
933444444011	1000
933555555122	1000
933666666233	1000
933777777344	1000
933888888455	1000
933999999566	1000
934111110677	1000
934222221788	1000
934333332899	1000
934444444010	1000
934555555121	1000
934666666232	1000
934777777343	1000
934888888454	1000
934999999565	1000
935111110676	1000
935222221787	1000
935333332898	1000
935444444009	1000
935555555120	1000
935666666231	1000
935777777342	1000
935888888453	1000
935999999564	1000
936111110675	1000
936222221786	1000
936333332897	1000
936444444008	1000
936555555119	1000
936666666230	1000
936777777341	1000
936888888452	1000
936999999563	1000
937111110674	1000
937222221785	1000
937333332896	1000
937444444007	1000
937555555118	1000
937666666229	1000
937777777340	1000
937888888451	1000
937999999562	1000
938111110673	1000
938222221784	1000
938333332895	1000
938444444006	1000
938555555117	1000
938666666228	1000
938777777339	1000
938888888450	1000
938999999561	1000
939111110672	1000
939222221783	1000
939333332894	1000
939444444005	1000
939555555116	1000
939666666227	1000
939777777338	1000
939888888449	1000
939999999560	1000
940111110671	1000
940222221782	1000
940333332893	1000
940444444004	1000
940555555115	1000
940666666226	1000
940777777337	1000
940888888448	1000
940999999559	1000
941111110670	1000
941222221781	1000
941333332892	1000
941444444003	1000
941555555114	1000
941666666225	1000
941777777336	1000
941888888447	1000
941999999558	1000
942111110669	1000
942222221780	1000
942333332891	1000
942444444002	1000
942555555113	1000
942666666224	1000
942777777335	1000
942888888446	1000
942999999557	1000
943111110668	1000
943222221779	1000
943333332890	1000
943444444001	1000
943555555112	1000
943666666223	1000
943777777334	1000
943888888445	1000
943999999556	1000
944111110667	1000
944222221778	1000
944333332889	1000
944444444000	1000
944555555111	1000
944666666222	1000
944777777333	1000
944888888444	1000
944999999555	1000
945111110666	1000
945222221777	1000
945333332888	1000
945444443999	1000
945555555110	1000
945666666221	1000
945777777332	1000
945888888443	1000
945999999554	1000
946111110665	1000
946222221776	1000
946333332887	1000
946444443998	1000
946555555109	1000
946666666220	1000
946777777331	1000
946888888442	1000
946999999553	1000
947111110664	1000
947222221775	1000
947333332886	1000
947444443997	1000
947555555108	1000
947666666219	1000
947777777330	1000
947888888441	1000
947999999552	1000
948111110663	1000
948222221774	1000
948333332885	1000
948444443996	1000
948555555107	1000
948666666218	1000
948777777329	1000
948888888440	1000
948999999551	1000
949111110662	1000
949222221773	1000
949333332884	1000
949444443995	1000
949555555106	1000
949666666217	1000
949777777328	1000
949888888439	1000
949999999550	1000
950111110661	1000
950222221772	1000
950333332883	1000
950444443994	1000
950555555105	1000
950666666216	1000
950777777327	1000
950888888438	1000
950999999549	1000
951111110660	1000
951222221771	1000
951333332882	1000
951444443993	1000
951555555104	1000
951666666215	1000
951777777326	1000
951888888437	1000
951999999548	1000
952111110659	1000
952222221770	1000
952333332881	1000
952444443992	1000
952555555103	1000
952666666214	1000
952777777325	1000
952888888436	1000
952999999547	1000
953111110658	1000
953222221769	1000
953333332880	1000
953444443991	1000
953555555102	1000
953666666213	1000
953777777324	1000
953888888435	1000
953999999546	1000
954111110657	1000
954222221768	1000
954333332879	1000
954444443990	1000
954555555101	1000
954666666212	1000
954777777323	1000
954888888434	1000
954999999545	1000
955111110656	1000
955222221767	1000
955333332878	1000
955444443989	1000
955555555100	1000
955666666211	1000
955777777322	1000
955888888433	1000
955999999544	1000
956111110655	1000
956222221766	1000
956333332877	1000
956444443988	1000
956555555099	1000
956666666210	1000
956777777321	1000
956888888432	1000
956999999543	1000
957111110654	1000
957222221765	1000
957333332876	1000
957444443987	1000
957555555098	1000
957666666209	1000
957777777320	1000
957888888431	1000
957999999542	1000
958111110653	1000
958222221764	1000
958333332875	1000
958444443986	1000
958555555097	1000
958666666208	1000
958777777319	1000
958888888430	1000
958999999541	1000
959111110652	1000
959222221763	1000
959333332874	1000
959444443985	1000
959555555096	1000
959666666207	1000
959777777318	1000
959888888429	1000
959999999540	1000
960111110651	1000
960222221762	1000
960333332873	1000
960444443984	1000
960555555095	1000
960666666206	1000
960777777317	1000
960888888428	1000
960999999539	1000
961111110650	1000
961222221761	1000
961333332872	1000
961444443983	1000
961555555094	1000
961666666205	1000
961777777316	1000
961888888427	1000
961999999538	1000
962111110649	1000
962222221760	1000
962333332871	1000
962444443982	1000
962555555093	1000
962666666204	1000
962777777315	1000
962888888426	1000
962999999537	1000
963111110648	1000
963222221759	1000
963333332870	1000
963444443981	1000
963555555092	1000
963666666203	1000
963777777314	1000
963888888425	1000
963999999536	1000
964111110647	1000
964222221758	1000
964333332869	1000
964444443980	1000
964555555091	1000
964666666202	1000
964777777313	1000
964888888424	1000
964999999535	1000
965111110646	1000
965222221757	1000
965333332868	1000
965444443979	1000
965555555090	1000
965666666201	1000
965777777312	1000
965888888423	1000
965999999534	1000
966111110645	1000
966222221756	1000
966333332867	1000
966444443978	1000
966555555089	1000
966666666200	1000
966777777311	1000
966888888422	1000
966999999533	1000
967111110644	1000
967222221755	1000
967333332866	1000
967444443977	1000
967555555088	1000
967666666199	1000
967777777310	1000
967888888421	1000
967999999532	1000
968111110643	1000
968222221754	1000
968333332865	1000
968444443976	1000
968555555087	1000
968666666198	1000
968777777309	1000
968888888420	1000
968999999531	1000
969111110642	1000
969222221753	1000
969333332864	1000
969444443975	1000
969555555086	1000
969666666197	1000
969777777308	1000
969888888419	1000
969999999530	1000
970111110641	1000
970222221752	1000
970333332863	1000
970444443974	1000
970555555085	1000
970666666196	1000
970777777307	1000
970888888418	1000
970999999529	1000
971111110640	1000
971222221751	1000
971333332862	1000
971444443973	1000
971555555084	1000
971666666195	1000
971777777306	1000
971888888417	1000
971999999528	1000
972111110639	1000
972222221750	1000
972333332861	1000
972444443972	1000
972555555083	1000
972666666194	1000
972777777305	1000
972888888416	1000
972999999527	1000
973111110638	1000
973222221749	1000
973333332860	1000
973444443971	1000
973555555082	1000
973666666193	1000
973777777304	1000
973888888415	1000
973999999526	1000
974111110637	1000
974222221748	1000
974333332859	1000
974444443970	1000
974555555081	1000
974666666192	1000
974777777303	1000
974888888414	1000
974999999525	1000
975111110636	1000
975222221747	1000
975333332858	1000
975444443969	1000
975555555080	1000
975666666191	1000
975777777302	1000
975888888413	1000
975999999524	1000
976111110635	1000
976222221746	1000
976333332857	1000
976444443968	1000
976555555079	1000
976666666190	1000
976777777301	1000
976888888412	1000
976999999523	1000
977111110634	1000
977222221745	1000
977333332856	1000
977444443967	1000
977555555078	1000
977666666189	1000
977777777300	1000
977888888411	1000
977999999522	1000
978111110633	1000
978222221744	1000
978333332855	1000
978444443966	1000
978555555077	1000
978666666188	1000
978777777299	1000
978888888410	1000
978999999521	1000
979111110632	1000
979222221743	1000
979333332854	1000
979444443965	1000
979555555076	1000
979666666187	1000
979777777298	1000
979888888409	1000
979999999520	1000
980111110631	1000
980222221742	1000
980333332853	1000
980444443964	1000
980555555075	1000
980666666186	1000
980777777297	1000
980888888408	1000
980999999519	1000
981111110630	1000
981222221741	1000
981333332852	1000
981444443963	1000
981555555074	1000
981666666185	1000
981777777296	1000
981888888407	1000
981999999518	1000
982111110629	1000
982222221740	1000
982333332851	1000
982444443962	1000
982555555073	1000
982666666184	1000
982777777295	1000
982888888406	1000
982999999517	1000
983111110628	1000
983222221739	1000
983333332850	1000
983444443961	1000
983555555072	1000
983666666183	1000
983777777294	1000
983888888405	1000
983999999516	1000
984111110627	1000
984222221738	1000
984333332849	1000
984444443960	1000
984555555071	1000
984666666182	1000
984777777293	1000
984888888404	1000
984999999515	1000
985111110626	1000
985222221737	1000
985333332848	1000
985444443959	1000
985555555070	1000
985666666181	1000
985777777292	1000
985888888403	1000
985999999514	1000
986111110625	1000
986222221736	1000
986333332847	1000
986444443958	1000
986555555069	1000
986666666180	1000
986777777291	1000
986888888402	1000
986999999513	1000
987111110624	1000
987222221735	1000
987333332846	1000
987444443957	1000
987555555068	1000
987666666179	1000
987777777290	1000
987888888401	1000
987999999512	1000
988111110623	1000
988222221734	1000
988333332845	1000
988444443956	1000
988555555067	1000
988666666178	1000
988777777289	1000
988888888400	1000
988999999511	1000
989111110622	1000
989222221733	1000
989333332844	1000
989444443955	1000
989555555066	1000
989666666177	1000
989777777288	1000
989888888399	1000
989999999510	1000
990111110621	1000
990222221732	1000
990333332843	1000
990444443954	1000
990555555065	1000
990666666176	1000
990777777287	1000
990888888398	1000
990999999509	1000
991111110620	1000
991222221731	1000
991333332842	1000
991444443953	1000
991555555064	1000
991666666175	1000
991777777286	1000
991888888397	1000
991999999508	1000
992111110619	1000
992222221730	1000
992333332841	1000
992444443952	1000
992555555063	1000
992666666174	1000
992777777285	1000
992888888396	1000
992999999507	1000
993111110618	1000
993222221729	1000
993333332840	1000
993444443951	1000
993555555062	1000
993666666173	1000
993777777284	1000
993888888395	1000
993999999506	1000
994111110617	1000
994222221728	1000
994333332839	1000
994444443950	1000
994555555061	1000
994666666172	1000
994777777283	1000
994888888394	1000
994999999505	1000
995111110616	1000
995222221727	1000
995333332838	1000
995444443949	1000
995555555060	1000
995666666171	1000
995777777282	1000
995888888393	1000
995999999504	1000
996111110615	1000
996222221726	1000
996333332837	1000
996444443948	1000
996555555059	1000
996666666170	1000
996777777281	1000
996888888392	1000
996999999503	1000
997111110614	1000
997222221725	1000
997333332836	1000
997444443947	1000
997555555058	1000
997666666169	1000
997777777280	1000
997888888391	1000
997999999502	1000
998111110613	1000
998222221724	1000
998333332835	1000
998444443946	1000
998555555057	1000
998666666168	1000
998777777279	1000
998888888390	1000
998999999501	1000
999111110612	1000
999222221723	1000
999333332834	1000
999444443945	1000
999555555056	1000
999666666167	1000
999777777278	1000
999888888389	1000
999999999500	1000
