516334257115	1030
517334257114	1030
518334257113	1030
519000923779	1030
520223146000	1030
525000923773	1030
525223145995	1030
526223145994	1030
527445368215	1030
530000923768	1030
530889812656	1030
531556479322	1030
531778701544	1030
531889812655	1030
532445368210	1030
534112034875	1030
534667590430	1030
535000923763	1030
535667590429	1030
535889812651	1030
536778701539	1030
537223145983	1030
537334257094	1030
537778701538	1030
538112034871	1030
538889812648	1030
539000923759	1030
539556479314	1030
539667590425	1030
540889812646	1030
541334257090	1030
541445368201	1030
541667590423	1030
541778701534	1030
543000923755	1030
543223145977	1030
543445368199	1030
544223145976	1030
544445368198	1030
545445368197	1030
545556479308	1030
546223145974	1030
546667590418	1030
547000923751	1030
547889812639	1030
548000923750	1030
548667590416	1030
549000923749	1030
549778701526	1030
550112034859	1030
550667590414	1030
550889812636	1030
551334257080	1030
551556479302	1030
552889812634	1030
553000923745	1030
553334257078	1030
553445368189	1030
553556479300	1030
553667590411	1030
554334257077	1030
555000923743	1030
555223145965	1030
555445368187	1030
556556479297	1030
556667590408	1030
557112034852	1030
557778701518	1030
558112034851	1030
558667590406	1030
559000923739	1030
559112034850	1030
559445368183	1030
560000923738	1030
560445368182	1030
561112034848	1030
561556479292	1030
562334257069	1030
562445368180	1030
563000923735	1030
564112034845	1030
564334257067	1030
564667590400	1030
565000923733	1030
565334257066	1030
565445368177	1030
565556479288	1030
565778701510	1030
566112034843	1030
567000923731	1030
567223145953	1030
567445368175	1030
567556479286	1030
567889812619	1030
568223145952	1030
568667590396	1030
569445368173	1030
569556479284	1030
569889812617	1030
570223145950	1030
571223145949	1030
571778701504	1030
572000923726	1030
572556479281	1030
572667590392	1030
572778701503	1030
572889812614	1030
573334257058	1030
573667590391	1030
573778701502	1030
574334257057	1030
574667590390	1030
575667590389	1030
576000923722	1030
576112034833	1030
576334257055	1030
576889812610	1030
577334257054	1030
577445368165	1030
577556479276	1030
577889812609	1030
578000923720	1030
578889812608	1030
579334257052	1030
579778701496	1030
579889812607	1030
580112034829	1030
581556479272	1030
581667590383	1030
582000923716	1030
582112034827	1030
582223145938	1030
582334257049	1030
582667590382	1030
583000923715	1030
583667590381	1030
583889812603	1030
584112034825	1030
584223145936	1030
584334257047	1030
585334257046	1030
585667590379	1030
585889812601	1030
586000923712	1030
586112034823	1030
586445368156	1030
587223145933	1030
587556479266	1030
588000923710	1030
588778701487	1030
588889812598	1030
589000923709	1030
589556479264	1030
590889812596	1030
591000923707	1030
591556479262	1030
592000923706	1030
592223145928	1030
592556479261	1030
593112034816	1030
593445368149	1030
594000923704	1030
594112034815	1030
594556479259	1030
595556479258	1030
595667590369	1030
596334257035	1030
596556479257	1030
596778701479	1030
596889812590	1030
597000923701	1030
597334257034	1030
598778701477	1030
600112034809	1030
600334257031	1030
601223145919	1030
602000923696	1030
602112034807	1030
602667590362	1030
602778701473	1030
602889812584	1030
603112034806	1030
604112034805	1030
604334257027	1030
604445368138	1030
605445368137	1030
606112034803	1030
606334257025	1030
606778701469	1030
606889812580	1030
607000923691	1030
607112034802	1030
607334257024	1030
607556479246	1030
608223145912	1030
608334257023	1030
608556479245	1030
608667590356	1030
608778701467	1030
609334257022	1030
609556479244	1030
609889812577	1030
610000923688	1030
610112034799	1030
610223145910	1030
610889812576	1030
611000923687	1030
611223145909	1030
612334257019	1030
612556479241	1030
612667590352	1030
612778701463	1030
613223145907	1030
613445368129	1030
613556479240	1030
613667590351	1030
614112034795	1030
614889812572	1030
615112034794	1030
615223145905	1030
615445368127	1030
615889812571	1030
616778701459	1030
618000923680	1030
618223145902	1030
618445368124	1030
619112034790	1030
619445368123	1030
619667590345	1030
620667590344	1030
620778701455	1030
621112034788	1030
621667590343	1030
621778701454	1030
621889812565	1030
622778701453	1030
623000923675	1030
623112034786	1030
623889812563	1030
624334257007	1030
624445368118	1030
625112034784	1030
625223145895	1030
625667590339	1030
626334257005	1030
626445368116	1030
627223145893	1030
627445368115	1030
628667590336	1030
629889812557	1030
630112034779	1030
630223145890	1030
630556479223	1030
630778701445	1030
631223145889	1030
631556479222	1030
632223145888	1030
633334256998	1030
634445368108	1030
635112034774	1030
635445368107	1030
635778701440	1030
636000923662	1030
636112034773	1030
636223145884	1030
636334256995	1030
636889812550	1030
637223145883	1030
637556479216	1030
637667590327	1030
638445368104	1030
638667590326	1030
638778701437	1030
639889812547	1030
640000923658	1030
640112034769	1030
641223145879	1030
641334256990	1030
641667590323	1030
641889812545	1030
642223145878	1030
642334256989	1030
643223145877	1030
643334256988	1030
643445368099	1030
643556479210	1030
644000923654	1030
645000923653	1030
645112034764	1030
645334256986	1030
645778701430	1030
646000923652	1030
646112034763	1030
646223145874	1030
647112034762	1030
647556479206	1030
647889812539	1030
648000923650	1030
648112034761	1030
648223145872	1030
648556479205	1030
648667590316	1030
649112034760	1030
649556479204	1030
650112034759	1030
650778701425	1030
651112034758	1030
651667590313	1030
652334256979	1030
652445368090	1030
653778701422	1030
654112034755	1030
654445368088	1030
654556479199	1030
655556479198	1030
656223145864	1030
656334256975	1030
656445368086	1030
657223145863	1030
657445368085	1030
657778701418	1030
658445368084	1030
658556479195	1030
659000923639	1030
659223145861	1030
659889812527	1030
660112034749	1030
661667590303	1030
661778701414	1030
662112034747	1030
662223145858	1030
662445368080	1030
662778701413	1030
662889812524	1030
663000923635	1030
663778701412	1030
664000923634	1030
664556479189	1030
665112034744	1030
665334256966	1030
665445368077	1030
666000923632	1030
666112034743	1030
666667590298	1030
667667590297	1030
668112034741	1030
668556479185	1030
669223145851	1030
669334256962	1030
669445368073	1030
669667590295	1030
670223145850	1030
671223145849	1030
671334256960	1030
671667590293	1030
672000923626	1030
672223145848	1030
672445368070	1030
673889812513	1030
674778701401	1030
676223145844	1030
676334256955	1030
676445368066	1030
676778701399	1030
677112034732	1030
677223145843	1030
677334256954	1030
678223145842	1030
679112034730	1030
680000923618	1030
680889812506	1030
681445368061	1030
681556479172	1030
681667590283	1030
682000923616	1030
682112034727	1030
682223145838	1030
682334256949	1030
682445368060	1030
683000923615	1030
683112034726	1030
683334256948	1030
683556479170	1030
683667590281	1030
684112034725	1030
684334256947	1030
684889812502	1030
685334256946	1030
685445368057	1030
685778701390	1030
686112034723	1030
686445368056	1030
686556479167	1030
687000923611	1030
687112034722	1030
687445368055	1030
687667590277	1030
687889812499	1030
688445368054	1030
688778701387	1030
689000923609	1030
689112034720	1030
689223145831	1030
689556479164	1030
690334256941	1030
690778701385	1030
690889812496	1030
691223145829	1030
691667590273	1030
692112034717	1030
692445368050	1030
693223145827	1030
693445368049	1030
694334256937	1030
694445368048	1030
694667590270	1030
694778701381	1030
694889812492	1030
695334256936	1030
695667590269	1030
695778701380	1030
696000923602	1030
696556479157	1030
696778701379	1030
696889812490	1030
697000923601	1030
697112034712	1030
697223145823	1030
697334256934	1030
698000923600	1030
698223145822	1030
698445368044	1030
698667590266	1030
698889812488	1030
700000923598	1030
700667590264	1030
700889812486	1030
701334256930	1030
702223145818	1030
702889812484	1030
703334256928	1030
703778701372	1030
704334256927	1030
704778701371	1030
705000923593	1030
705445368037	1030
706223145814	1030
706334256925	1030
708000923590	1030
708223145812	1030
709556479144	1030
710000923588	1030
711112034698	1030
711445368031	1030
711778701364	1030
711889812475	1030
712556479141	1030
712667590252	1030
713223145807	1030
713334256918	1030
713889812473	1030
714445368028	1030
714556479139	1030
715000923583	1030
715445368027	1030
715778701360	1030
715889812471	1030
716334256915	1030
716667590248	1030
717112034692	1030
717556479136	1030
717889812469	1030
718334256913	1030
718445368024	1030
718778701357	1030
719112034690	1030
719334256912	1030
720223145800	1030
720334256911	1030
720667590244	1030
721000923577	1030
721556479132	1030
721667590243	1030
722445368020	1030
723000923575	1030
723112034686	1030
723334256908	1030
723445368019	1030
723667590241	1030
723778701352	1030
724556479129	1030
725556479128	1030
726223145794	1030
726445368016	1030
727223145793	1030
727556479126	1030
727667590237	1030
727889812459	1030
728445368014	1030
728667590236	1030
729223145791	1030
730000923568	1030
730334256901	1030
731112034678	1030
732223145788	1030
732556479121	1030
733112034676	1030
733556479120	1030
735556479118	1030
735667590229	1030
735778701340	1030
736112034673	1030
736334256895	1030
737556479116	1030
738112034671	1030
738223145782	1030
738778701337	1030
739778701336	1030
740000923558	1030
740223145780	1030
740334256891	1030
741556479112	1030
741778701334	1030
742112034667	1030
742223145778	1030
743223145777	1030
743778701332	1030
744445367998	1030
744556479109	1030
744778701331	1030
744889812442	1030
746445367996	1030
746556479107	1030
746889812440	1030
747112034662	1030
747223145773	1030
747667590217	1030
748889812438	1030
749667590215	1030
749889812437	1030
750334256881	1030
750778701325	1030
751112034658	1030
752445367990	1030
753000923545	1030
753223145767	1030
753334256878	1030
753667590211	1030
753778701322	1030
754334256877	1030
754445367988	1030
754556479099	1030
755000923543	1030
755334256876	1030
755445367987	1030
756223145764	1030
756445367986	1030
757667590207	1030
757889812429	1030
758000923540	1030
758556479095	1030
758889812428	1030
759334256872	1030
759445367983	1030
759778701316	1030
760445367982	1030
760778701315	1030
760889812426	1030
761112034648	1030
761223145759	1030
761445367981	1030
761556479092	1030
761667590203	1030
761889812425	1030
762445367980	1030
762889812424	1030
763778701312	1030
763889812423	1030
764000923534	1030
764112034645	1030
764556479089	1030
764667590200	1030
765667590199	1030
765889812421	1030
766112034643	1030
766223145754	1030
766556479087	1030
767000923531	1030
767667590197	1030
768112034641	1030
768445367974	1030
768889812418	1030
769334256862	1030
769445367973	1030
770000923528	1030
770112034639	1030
770778701305	1030
771889812415	1030
772112034637	1030
772334256859	1030
773223145747	1030
773445367969	1030
775334256856	1030
775445367967	1030
776000923522	1030
776223145744	1030
776445367966	1030
776778701299	1030
777223145743	1030
777334256854	1030
777556479076	1030
778112034631	1030
778223145742	1030
778445367964	1030
778667590186	1030
778889812408	1030
779112034630	1030
779556479074	1030
779667590185	1030
779778701296	1030
780223145740	1030
780334256851	1030
781000923517	1030
781667590183	1030
782667590182	1030
782778701293	1030
782889812404	1030
783556479070	1030
783778701292	1030
784112034625	1030
784223145736	1030
784556479069	1030
784667590180	1030
784778701291	1030
785112034624	1030
785223145735	1030
785667590179	1030
785778701290	1030
785889812401	1030
786223145734	1030
787334256844	1030
787889812399	1030
788000923510	1030
788112034621	1030
788556479065	1030
788667590176	1030
789000923509	1030
789112034620	1030
789223145731	1030
790112034619	1030
790556479063	1030
791112034618	1030
792000923506	1030
792334256839	1030
792445367950	1030
792667590172	1030
792778701283	1030
792889812394	1030
793112034616	1030
793334256838	1030
793667590171	1030
795223145725	1030
795445367947	1030
796112034613	1030
796445367946	1030
796889812390	1030
797000923501	1030
797445367945	1030
797556479056	1030
798445367944	1030
799445367943	1030
799556479054	1030
799667590165	1030
800112034609	1030
800334256831	1030
801112034608	1030
801223145719	1030
802112034607	1030
802445367940	1030
802778701273	1030
803223145717	1030
804223145716	1030
804445367938	1030
806000923492	1030
806223145714	1030
806334256825	1030
806556479047	1030
806667590158	1030
806889812380	1030
807223145713	1030
807667590157	1030
808667590156	1030
810000923488	1030
811112034598	1030
811334256820	1030
811778701264	1030
812000923486	1030
813556479040	1030
813667590151	1030
813778701262	1030
813889812373	1030
814445367928	1030
814667590150	1030
815889812371	1030
816000923482	1030
816334256815	1030
818112034591	1030
818667590146	1030
819112034590	1030
819556479034	1030
820445367922	1030
820889812366	1030
821556479032	1030
822445367920	1030
822889812364	1030
823223145697	1030
823778701252	1030
824112034585	1030
824223145696	1030
824556479029	1030
825112034584	1030
825556479028	1030
826334256805	1030
826667590138	1030
826778701249	1030
827112034582	1030
827778701248	1030
827889812359	1030
828778701247	1030
829000923469	1030
829334256802	1030
830000923468	1030
830223145690	1030
830445367912	1030
830889812356	1030
831112034578	1030
831556479022	1030
831889812355	1030
832112034577	1030
832334256799	1030
832667590132	1030
832889812354	1030
833000923465	1030
833778701242	1030
833889812353	1030
834112034575	1030
834334256797	1030
835223145685	1030
835556479018	1030
835778701240	1030
836000923462	1030
836112034573	1030
836667590128	1030
836778701239	1030
837000923461	1030
837112034572	1030
837445367905	1030
838000923460	1030
838445367904	1030
838778701237	1030
839556479014	1030
840112034569	1030
840223145680	1030
840778701235	1030
840889812346	1030
841556479012	1030
841667590123	1030
842000923456	1030
842223145678	1030
842445367900	1030
843223145677	1030
843667590121	1030
843889812343	1030
844112034565	1030
844556479009	1030
845334256786	1030
845556479008	1030
845778701230	1030
846000923452	1030
846556479007	1030
846667590118	1030
846778701229	1030
846889812340	1030
847112034562	1030
847445367895	1030
847889812339	1030
848112034561	1030
848223145672	1030
848667590116	1030
848889812338	1030
849556479004	1030
849889812337	1030
850556479003	1030
850667590114	1030
851445367891	1030
851667590113	1030
852778701223	1030
853000923445	1030
853223145667	1030
853334256778	1030
854112034555	1030
854334256777	1030
854445367888	1030
855223145665	1030
855445367887	1030
855667590109	1030
855778701220	1030
856334256775	1030
856556478997	1030
856667590108	1030
857000923441	1030
857556478996	1030
857778701218	1030
857889812329	1030
858000923440	1030
858112034551	1030
858667590106	1030
858889812328	1030
859112034550	1030
859223145661	1030
859556478994	1030
859667590105	1030
860112034549	1030
860445367882	1030
861334256770	1030
861667590103	1030
861778701214	1030
862112034547	1030
862223145658	1030
862445367880	1030
863112034546	1030
863445367879	1030
863667590101	1030
864334256767	1030
864445367878	1030
864556478989	1030
865223145655	1030
865334256766	1030
865667590099	1030
865778701210	1030
866889812320	1030
867778701208	1030
868112034541	1030
869000923429	1030
869112034540	1030
869445367873	1030
869556478984	1030
869667590095	1030
870000923428	1030
870334256761	1030
870445367872	1030
870667590094	1030
870778701205	1030
872000923426	1030
872445367870	1030
872556478981	1030
873223145647	1030
873667590091	1030
873889812313	1030
874556478979	1030
874778701201	1030
875223145645	1030
875445367867	1030
876223145644	1030
876778701199	1030
877667590087	1030
877889812309	1030
878223145642	1030
878445367864	1030
879000923419	1030
879112034530	1030
879334256752	1030
879889812307	1030
880889812306	1030
881334256750	1030
882000923416	1030
882223145638	1030
882889812304	1030
883000923415	1030
883223145637	1030
883556478970	1030
885000923413	1030
885223145635	1030
885445367857	1030
885556478968	1030
885778701190	1030
886223145634	1030
888112034521	1030
888223145632	1030
888334256743	1030
888778701187	1030
888889812298	1030
889445367853	1030
889889812297	1030
890000923408	1030
890334256741	1030
891000923407	1030
892000923406	1030
892112034517	1030
892223145628	1030
892889812294	1030
894778701181	1030
895223145625	1030
895334256736	1030
895445367847	1030
895556478958	1030
895667590069	1030
896000923402	1030
896112034513	1030
896556478957	1030
896667590068	1030
897667590067	1030
897889812289	1030
898000923400	1030
898112034511	1030
898889812288	1030
899112034510	1030
899223145621	1030
899334256732	1030
899667590065	1030
900667590064	1030
900778701175	1030
901445367841	1030
901556478952	1030
901889812285	1030
902223145618	1030
902334256729	1030
902445367840	1030
904000923394	1030
904112034505	1030
904334256727	1030
904445367838	1030
904889812282	1030
905445367837	1030
906000923392	1030
906334256725	1030
907334256724	1030
907667590057	1030
908000923390	1030
908112034501	1030
908334256723	1030
909112034500	1030
910112034499	1030
910667590054	1030
910778701165	1030
911223145609	1030
911445367831	1030
912000923386	1030
912334256719	1030
912445367830	1030
912667590052	1030
912778701163	1030
913112034496	1030
913223145607	1030
913334256718	1030
914112034495	1030
914223145606	1030
914667590050	1030
914778701161	1030
915112034494	1030
915445367827	1030
915556478938	1030
915778701160	1030
916112034493	1030
917112034492	1030
918889812268	1030
920000923378	1030
920112034489	1030
920445367822	1030
920556478933	1030
921000923377	1030
921223145599	1030
921667590043	1030
922889812264	1030
923000923375	1030
924778701151	1030
925000923373	1030
925223145595	1030
925334256706	1030
925556478928	1030
925667590039	1030
925778701150	1030
926000923372	1030
926334256705	1030
926556478927	1030
926778701149	1030
927000923371	1030
927112034482	1030
927889812259	1030
928112034481	1030
930223145590	1030
930445367812	1030
930556478923	1030
930778701145	1030
930889812256	1030
931445367811	1030
931556478922	1030
931667590033	1030
932000923366	1030
932223145588	1030
933112034476	1030
933889812253	1030
934556478919	1030
934778701141	1030
935334256696	1030
935445367807	1030
935889812251	1030
936000923362	1030
936223145584	1030
936334256695	1030
937112034472	1030
937778701138	1030
938000923360	1030
938223145582	1030
938556478915	1030
938667590026	1030
939112034470	1030
939667590025	1030
940000923358	1030
940445367802	1030
940667590024	1030
940778701135	1030
941112034468	1030
941334256690	1030
941667590023	1030
941889812245	1030
942556478911	1030
942778701133	1030
942889812244	1030
943223145577	1030
943445367799	1030
943778701132	1030
943889812243	1030
945000923353	1030
945334256686	1030
945556478908	1030
945667590019	1030
946000923352	1030
946223145574	1030
946556478907	1030
947112034462	1030
947223145573	1030
947445367795	1030
948000923350	1030
948112034461	1030
948223145572	1030
948556478905	1030
948667590016	1030
948778701127	1030
949334256682	1030
949667590015	1030
950112034459	1030
950334256681	1030
950667590014	1030
950889812236	1030
951112034458	1030
951223145569	1030
951667590013	1030
951889812235	1030
952000923346	1030
952445367790	1030
953556478900	1030
953889812233	1030
954667590010	1030
955445367787	1030
956112034453	1030
956667590008	1030
956889812230	1030
957223145563	1030
957556478896	1030
957778701118	1030
958223145562	1030
958334256673	1030
958889812228	1030
959000923339	1030
959112034450	1030
959334256672	1030
960223145560	1030
960334256671	1030
960445367782	1030
961112034448	1030
961667590003	1030
962334256669	1030
962667590002	1030
963556478890	1030
964112034445	1030
964223145556	1030
964334256667	1030
964445367778	1030
964667590000	1030
965000923333	1030
965223145555	1030
965334256666	1030
966000923332	1030
966334256665	1030
966556478887	1030
967000923331	1030
967223145553	1030
967889812219	1030
968112034441	1030
968445367774	1030
968667589996	1030
970334256661	1030
970556478883	1030
971334256660	1030
971556478882	1030
971667589993	1030
972223145548	1030
972334256659	1030
972556478881	1030
973000923325	1030
973556478880	1030
973667589991	1030
974334256657	1030
974445367768	1030
975112034434	1030
975556478878	1030
975667589989	1030
976223145544	1030
976556478877	1030
976667589988	1030
976889812210	1030
977000923321	1030
977223145543	1030
977889812209	1030
979112034430	1030
979334256652	1030
979445367763	1030
980000923318	1030
981000923317	1030
981112034428	1030
981556478872	1030
981889812205	1030
984112034425	1030
984334256647	1030
984556478869	1030
985000923313	1030
985112034424	1030
985223145535	1030
985334256646	1030
985445367757	1030
986000923312	1030
987112034422	1030
987445367755	1030
988112034421	1030
988556478865	1030
988778701087	1030
989445367753	1030
991112034418	1030
991334256640	1030
991889812195	1030
992112034417	1030
992223145528	1030
992334256639	1030
992445367750	1030
992667589972	1030
992778701083	1030
992889812194	1030
993334256638	1030
994000923304	1030
994112034415	1030
994223145526	1030
994556478859	1030
995667589969	1030
996112034413	1030
996445367746	1030
996556478857	1030
996778701079	1030
996889812190	1030
997778701078	1030
998556478855	1030
