552445368190	1030
552778701523	1030
557556479296	1030
558556479295	1030
560889812626	1030
562000923736	1030
563334257068	1030
563667590401	1030
564000923734	1030
571556479282	1030
575556479278	1030
581112034828	1030
581445368161	1030
590556479263	1030
593000923705	1030
595000923703	1030
595334257036	1030
598445368144	1030
599112034810	1030
599445368143	1030
599778701476	1030
600889812586	1030
601556479252	1030
601889812585	1030
605223145915	1030
606000923692	1030
625000923673	1030
627112034782	1030
628112034781	1030
628445368114	1030
629112034780	1030
629445368113	1030
629778701446	1030
632889812554	1030
633223145887	1030
633889812553	1030
634223145886	1030
635000923663	1030
641112034768	1030
653000923645	1030
653334256978	1030
653667590311	1030
655445368087	1030
656112034753	1030
660556479193	1030
660889812526	1030
661223145859	1030
661556479192	1030
668000923630	1030
669000923629	1030
671112034738	1030
673445368069	1030
673778701402	1030
674556479179	1030
675223145845	1030
675556479178	1030
675889812511	1030
678889812508	1030
679667590285	1030
680334256951	1030
680667590284	1030
681334256950	1030
707889812479	1030
709000923589	1030
709334256922	1030
710334256921	1030
710667590254	1030
711000923587	1030
717445368025	1030
722223145798	1030
722889812464	1030
726000923572	1030
727000923571	1030
729778701346	1030
730778701345	1030
731445368011	1030
731778701344	1030
732112034677	1030
733889812453	1030
734223145786	1030
734556479119	1030
734889812452	1030
735223145785	1030
737223145783	1030
738000923560	1030
739334256892	1030
739667590225	1030
741334256890	1030
743112034666	1030
744112034665	1030
745778701330	1030
746112034663	1030
748556479105	1030
749223145771	1030
749556479104	1030
751556479102	1030
751889812435	1030
752223145768	1030
757334256874	1030
771334256860	1030
771667590193	1030
773112034636	1030
774112034635	1030
774445367968	1030
774778701301	1030
775112034634	1030
798334256833	1030
799000923499	1030
799334256832	1030
803112034606	1030
803778701272	1030
804112034605	1030
805112034604	1030
805445367937	1030
805778701270	1030
809223145711	1030
809556479044	1030
809889812377	1030
810556479043	1030
810889812376	1030
812667590152	1030
813000923485	1030
813334256818	1030
815667590149	1030
817112034592	1030
817445367925	1030
817778701258	1030
818445367924	1030
819445367923	1030
820112034589	1030
820778701255	1030
821889812365	1030
822223145698	1030
823556479030	1030
825889812361	1030
827667590137	1030
828667590136	1030
845000923453	1030
852556479001	1030
868889812318	1030
876112034533	1030
877112034532	1030
877445367865	1030
880556478973	1030
881223145639	1030
881889812305	1030
884223145636	1030
884556478969	1030
884889812302	1030
887334256744	1030
887667590077	1030
888000923410	1030
891778701184	1030
893445367849	1030
893778701182	1030
894112034515	1030
894445367848	1030
906778701169	1030
907112034502	1030
909445367833	1030
909889812277	1030
910556478943	1030
918334256713	1030
918667590046	1030
919334256712	1030
919778701156	1030
922445367820	1030
922778701153	1030
923778701152	1030
924112034485	1030
924556478929	1030
930000923368	1030
934445367808	1030
956556478897	1030
963000923335	1030
963334256668	1030
969889812217	1030
970223145550	1030
971223145549	1030
978778701097	1030
980445367762	1030
980778701095	1030
982445367760	1030
982778701093	1030
983223145537	1030
983556478870	1030
983889812203	1030
987889812199	1030
989334256642	1030
990000923308	1030
990334256641	1030
990667589974	1030
991000923307	1030
999223145521	1030
999556478854	1030
999889812187	1030
