534111935376	1030
534556379820	1030
534889713153	1030
535223046486	1030
535556379819	1030
535889713152	1030
536223046485	1030
536556379818	1030
536889713151	1030
537223046484	1030
537556379817	1030
537889713150	1030
538223046483	1030
538556379816	1030
538889713149	1030
539223046482	1030
539667490926	1030
540000824259	1030
540334157592	1030
540667490925	1030
541000824258	1030
541334157591	1030
541667490924	1030
542000824257	1030
542334157590	1030
542667490923	1030
543000824256	1030
543334157589	1030
543667490922	1030
544000824255	1030
544445268699	1030
544778602032	1030
545111935365	1030
545445268698	1030
545778602031	1030
546111935364	1030
546445268697	1030
546778602030	1030
547111935363	1030
547445268696	1030
547778602029	1030
548111935362	1030
548445268695	1030
548778602028	1030
549223046472	1030
549556379805	1030
549889713138	1030
550223046471	1030
550556379804	1030
550889713137	1030
551223046470	1030
551556379803	1030
551889713136	1030
552223046469	1030
552556379802	1030
552889713135	1030
553223046468	1030
553556379801	1030
553889713134	1030
554334157578	1030
554667490911	1030
555000824244	1030
555334157577	1030
555667490910	1030
556000824243	1030
556334157576	1030
556667490909	1030
557000824242	1030
557334157575	1030
557667490908	1030
558000824241	1030
558334157574	1030
558667490907	1030
559111935351	1030
559445268684	1030
559778602017	1030
560111935350	1030
560445268683	1030
560778602016	1030
561111935349	1030
561445268682	1030
561778602015	1030
562111935348	1030
562445268681	1030
562778602014	1030
563111935347	1030
563445268680	1030
563889713124	1030
564223046457	1030
564556379790	1030
564889713123	1030
565223046456	1030
565556379789	1030
565889713122	1030
566223046455	1030
566556379788	1030
566889713121	1030
567223046454	1030
567556379787	1030
567889713120	1030
568223046453	1030
568556379786	1030
569000824230	1030
569334157563	1030
569667490896	1030
570000824229	1030
570334157562	1030
570667490895	1030
571000824228	1030
571334157561	1030
571667490894	1030
572000824227	1030
572334157560	1030
572667490893	1030
573000824226	1030
573334157559	1030
573778602003	1030
574111935336	1030
574445268669	1030
574778602002	1030
575111935335	1030
575445268668	1030
575778602001	1030
576111935334	1030
576445268667	1030
576778602000	1030
577111935333	1030
577445268666	1030
577778601999	1030
578111935332	1030
578445268665	1030
578889713109	1030
579223046442	1030
579556379775	1030
579889713108	1030
580223046441	1030
580556379774	1030
580889713107	1030
581223046440	1030
581556379773	1030
581889713106	1030
582223046439	1030
582556379772	1030
582889713105	1030
583223046438	1030
583667490882	1030
584000824215	1030
584334157548	1030
584667490881	1030
585000824214	1030
585334157547	1030
585667490880	1030
586000824213	1030
586334157546	1030
586667490879	1030
587000824212	1030
587334157545	1030
587667490878	1030
588000824211	1030
588445268655	1030
588778601988	1030
589111935321	1030
589445268654	1030
589778601987	1030
590111935320	1030
590445268653	1030
590778601986	1030
591111935319	1030
591445268652	1030
591778601985	1030
592111935318	1030
592445268651	1030
592778601984	1030
593111935317	1030
593556379761	1030
593889713094	1030
594223046427	1030
594556379760	1030
594889713093	1030
595223046426	1030
595556379759	1030
595889713092	1030
596223046425	1030
596556379758	1030
596889713091	1030
597223046424	1030
597556379757	1030
597889713090	1030
598334157534	1030
598667490867	1030
599000824200	1030
599334157533	1030
599667490866	1030
600000824199	1030
600334157532	1030
600667490865	1030
601000824198	1030
601334157531	1030
601667490864	1030
602000824197	1030
602334157530	1030
602667490863	1030
603000824196	1030
603445268640	1030
603778601973	1030
604111935306	1030
604445268639	1030
604778601972	1030
605111935305	1030
605445268638	1030
605778601971	1030
606111935304	1030
606445268637	1030
606778601970	1030
607111935303	1030
607445268636	1030
607778601969	1030
608223046413	1030
608556379746	1030
608889713079	1030
609223046412	1030
609556379745	1030
609889713078	1030
610223046411	1030
610556379744	1030
610889713077	1030
611223046410	1030
611556379743	1030
611889713076	1030
612223046409	1030
612556379742	1030
613000824186	1030
613334157519	1030
613667490852	1030
614000824185	1030
614334157518	1030
614667490851	1030
615000824184	1030
615334157517	1030
615667490850	1030
616000824183	1030
616334157516	1030
616667490849	1030
617000824182	1030
617334157515	1030
617667490848	1030
618111935292	1030
618445268625	1030
618778601958	1030
619111935291	1030
619445268624	1030
619778601957	1030
620111935290	1030
620445268623	1030
620778601956	1030
621111935289	1030
621445268622	1030
621778601955	1030
622111935288	1030
622445268621	1030
622889713065	1030
623223046398	1030
623556379731	1030
623889713064	1030
624223046397	1030
624556379730	1030
624889713063	1030
625223046396	1030
625556379729	1030
625889713062	1030
626223046395	1030
626556379728	1030
626889713061	1030
627223046394	1030
627667490838	1030
628000824171	1030
628334157504	1030
628667490837	1030
629000824170	1030
629334157503	1030
629667490836	1030
630000824169	1030
630334157502	1030
630667490835	1030
631000824168	1030
631334157501	1030
631667490834	1030
632000824167	1030
632334157500	1030
632778601944	1030
633111935277	1030
633445268610	1030
633778601943	1030
634111935276	1030
634445268609	1030
634778601942	1030
635111935275	1030
635445268608	1030
635778601941	1030
636111935274	1030
636445268607	1030
636778601940	1030
637111935273	1030
637556379717	1030
637889713050	1030
638223046383	1030
638556379716	1030
638889713049	1030
639223046382	1030
639556379715	1030
639889713048	1030
640223046381	1030
640556379714	1030
640889713047	1030
641223046380	1030
641556379713	1030
641889713046	1030
642223046379	1030
642667490823	1030
643000824156	1030
643334157489	1030
643667490822	1030
644000824155	1030
644334157488	1030
644667490821	1030
645000824154	1030
645334157487	1030
645667490820	1030
646000824153	1030
646334157486	1030
646667490819	1030
647000824152	1030
647445268596	1030
647778601929	1030
648111935262	1030
648445268595	1030
648778601928	1030
649111935261	1030
649445268594	1030
649778601927	1030
650111935260	1030
650445268593	1030
650778601926	1030
651111935259	1030
651445268592	1030
651778601925	1030
652223046369	1030
652556379702	1030
652889713035	1030
653223046368	1030
653556379701	1030
653889713034	1030
654223046367	1030
654556379700	1030
654889713033	1030
655223046366	1030
655556379699	1030
655889713032	1030
656223046365	1030
656556379698	1030
656889713031	1030
657334157475	1030
657667490808	1030
658000824141	1030
658334157474	1030
658667490807	1030
659000824140	1030
659334157473	1030
659667490806	1030
660000824139	1030
660334157472	1030
660667490805	1030
661000824138	1030
661334157471	1030
661667490804	1030
662111935248	1030
662445268581	1030
662778601914	1030
663111935247	1030
663445268580	1030
663778601913	1030
664111935246	1030
664445268579	1030
664778601912	1030
665111935245	1030
665445268578	1030
665778601911	1030
666111935244	1030
666445268577	1030
666889713021	1030
667223046354	1030
667556379687	1030
667889713020	1030
668223046353	1030
668556379686	1030
668889713019	1030
669223046352	1030
669556379685	1030
669889713018	1030
670223046351	1030
670556379684	1030
670889713017	1030
671223046350	1030
671556379683	1030
672000824127	1030
672334157460	1030
672667490793	1030
673000824126	1030
673334157459	1030
673667490792	1030
674000824125	1030
674334157458	1030
674667490791	1030
675000824124	1030
675334157457	1030
675667490790	1030
676000824123	1030
676334157456	1030
676778601900	1030
677111935233	1030
677445268566	1030
677778601899	1030
678111935232	1030
678445268565	1030
678778601898	1030
679111935231	1030
679445268564	1030
679778601897	1030
680111935230	1030
680445268563	1030
680778601896	1030
681111935229	1030
681445268562	1030
681889713006	1030
682223046339	1030
682556379672	1030
682889713005	1030
683223046338	1030
683556379671	1030
683889713004	1030
684223046337	1030
684556379670	1030
684889713003	1030
685223046336	1030
685556379669	1030
685889713002	1030
686223046335	1030
686667490779	1030
687000824112	1030
687334157445	1030
687667490778	1030
688000824111	1030
688334157444	1030
688667490777	1030
689000824110	1030
689334157443	1030
689667490776	1030
690000824109	1030
690334157442	1030
690667490775	1030
691000824108	1030
691445268552	1030
691778601885	1030
692111935218	1030
692445268551	1030
692778601884	1030
693111935217	1030
693445268550	1030
693778601883	1030
694111935216	1030
694445268549	1030
694778601882	1030
695111935215	1030
695445268548	1030
695778601881	1030
696111935214	1030
696556379658	1030
696889712991	1030
697223046324	1030
697556379657	1030
697889712990	1030
698223046323	1030
698556379656	1030
698889712989	1030
699223046322	1030
699556379655	1030
699889712988	1030
700223046321	1030
700556379654	1030
700889712987	1030
701334157431	1030
701667490764	1030
702000824097	1030
702334157430	1030
702667490763	1030
703000824096	1030
703334157429	1030
703667490762	1030
704000824095	1030
704334157428	1030
704667490761	1030
705000824094	1030
705334157427	1030
705667490760	1030
706000824093	1030
706445268537	1030
706778601870	1030
707111935203	1030
707445268536	1030
707778601869	1030
708111935202	1030
708445268535	1030
708778601868	1030
709111935201	1030
709445268534	1030
709778601867	1030
710111935200	1030
710445268533	1030
710778601866	1030
711223046310	1030
711556379643	1030
711889712976	1030
712223046309	1030
712556379642	1030
712889712975	1030
713223046308	1030
713556379641	1030
713889712974	1030
714223046307	1030
714556379640	1030
714889712973	1030
715223046306	1030
715556379639	1030
716000824083	1030
716334157416	1030
716667490749	1030
717000824082	1030
717334157415	1030
717667490748	1030
718000824081	1030
718334157414	1030
718667490747	1030
719000824080	1030
719334157413	1030
719667490746	1030
720000824079	1030
720334157412	1030
720667490745	1030
721111935189	1030
721445268522	1030
721778601855	1030
722111935188	1030
722445268521	1030
722778601854	1030
723111935187	1030
723445268520	1030
723778601853	1030
724111935186	1030
724445268519	1030
724778601852	1030
725111935185	1030
725445268518	1030
725889712962	1030
726223046295	1030
726556379628	1030
726889712961	1030
727223046294	1030
727556379627	1030
727889712960	1030
728223046293	1030
728556379626	1030
728889712959	1030
729223046292	1030
729556379625	1030
729889712958	1030
730223046291	1030
730667490735	1030
731000824068	1030
731334157401	1030
731667490734	1030
732000824067	1030
732334157400	1030
732667490733	1030
733000824066	1030
733334157399	1030
733667490732	1030
734000824065	1030
734334157398	1030
734667490731	1030
735000824064	1030
735334157397	1030
735778601841	1030
736111935174	1030
736445268507	1030
736778601840	1030
737111935173	1030
737445268506	1030
737778601839	1030
738111935172	1030
738445268505	1030
738778601838	1030
739111935171	1030
739445268504	1030
739778601837	1030
740111935170	1030
740556379614	1030
740889712947	1030
741223046280	1030
741556379613	1030
741889712946	1030
742223046279	1030
742556379612	1030
742889712945	1030
743223046278	1030
743556379611	1030
743889712944	1030
744223046277	1030
744556379610	1030
744889712943	1030
745223046276	1030
745667490720	1030
746000824053	1030
746334157386	1030
746667490719	1030
747000824052	1030
747334157385	1030
747667490718	1030
748000824051	1030
748334157384	1030
748667490717	1030
749000824050	1030
749334157383	1030
749667490716	1030
750000824049	1030
750445268493	1030
750778601826	1030
751111935159	1030
751445268492	1030
751778601825	1030
752111935158	1030
752445268491	1030
752778601824	1030
753111935157	1030
753445268490	1030
753778601823	1030
754111935156	1030
754445268489	1030
754778601822	1030
755223046266	1030
755556379599	1030
755889712932	1030
756223046265	1030
756556379598	1030
756889712931	1030
757223046264	1030
757556379597	1030
757889712930	1030
758223046263	1030
758556379596	1030
758889712929	1030
759223046262	1030
759556379595	1030
759889712928	1030
760334157372	1030
760667490705	1030
761000824038	1030
761334157371	1030
761667490704	1030
762000824037	1030
762334157370	1030
762667490703	1030
763000824036	1030
763334157369	1030
763667490702	1030
764000824035	1030
764334157368	1030
764667490701	1030
765111935145	1030
765445268478	1030
765778601811	1030
766111935144	1030
766445268477	1030
766778601810	1030
767111935143	1030
767445268476	1030
767778601809	1030
768111935142	1030
768445268475	1030
768778601808	1030
769111935141	1030
769445268474	1030
769889712918	1030
770223046251	1030
770556379584	1030
770889712917	1030
771223046250	1030
771556379583	1030
771889712916	1030
772223046249	1030
772556379582	1030
772889712915	1030
773223046248	1030
773556379581	1030
773889712914	1030
774223046247	1030
774556379580	1030
775000824024	1030
775334157357	1030
775667490690	1030
776000824023	1030
776334157356	1030
776667490689	1030
777000824022	1030
777334157355	1030
777667490688	1030
778000824021	1030
778334157354	1030
778667490687	1030
779000824020	1030
779334157353	1030
779778601797	1030
780111935130	1030
780445268463	1030
780778601796	1030
781111935129	1030
781445268462	1030
781778601795	1030
782111935128	1030
782445268461	1030
782778601794	1030
783111935127	1030
783445268460	1030
783778601793	1030
784111935126	1030
784445268459	1030
784889712903	1030
785223046236	1030
785556379569	1030
785889712902	1030
786223046235	1030
786556379568	1030
786889712901	1030
787223046234	1030
787556379567	1030
787889712900	1030
788223046233	1030
788556379566	1030
788889712899	1030
789223046232	1030
789667490676	1030
790000824009	1030
790334157342	1030
790667490675	1030
791000824008	1030
791334157341	1030
791667490674	1030
792000824007	1030
792334157340	1030
792667490673	1030
793000824006	1030
793334157339	1030
793667490672	1030
794000824005	1030
794445268449	1030
794778601782	1030
795111935115	1030
795445268448	1030
795778601781	1030
796111935114	1030
796445268447	1030
796778601780	1030
797111935113	1030
797445268446	1030
797778601779	1030
798111935112	1030
798445268445	1030
798778601778	1030
799111935111	1030
799556379555	1030
799889712888	1030
800223046221	1030
800556379554	1030
800889712887	1030
801223046220	1030
801556379553	1030
801889712886	1030
802223046219	1030
802556379552	1030
802889712885	1030
803223046218	1030
803556379551	1030
803889712884	1030
804334157328	1030
804667490661	1030
805000823994	1030
805334157327	1030
805667490660	1030
806000823993	1030
806334157326	1030
806667490659	1030
807000823992	1030
807334157325	1030
807667490658	1030
808000823991	1030
808334157324	1030
808667490657	1030
809000823990	1030
809445268434	1030
809778601767	1030
810111935100	1030
810445268433	1030
810778601766	1030
811111935099	1030
811445268432	1030
811778601765	1030
812111935098	1030
812445268431	1030
812778601764	1030
813111935097	1030
813445268430	1030
813778601763	1030
814223046207	1030
814556379540	1030
814889712873	1030
815223046206	1030
815556379539	1030
815889712872	1030
816223046205	1030
816556379538	1030
816889712871	1030
817223046204	1030
817556379537	1030
817889712870	1030
818223046203	1030
818556379536	1030
819000823980	1030
819334157313	1030
819667490646	1030
820000823979	1030
820334157312	1030
820667490645	1030
821000823978	1030
821334157311	1030
821667490644	1030
822000823977	1030
822334157310	1030
822667490643	1030
823000823976	1030
823334157309	1030
823667490642	1030
824111935086	1030
824445268419	1030
824778601752	1030
825111935085	1030
825445268418	1030
825778601751	1030
826111935084	1030
826445268417	1030
826778601750	1030
827111935083	1030
827445268416	1030
827778601749	1030
828111935082	1030
828445268415	1030
828889712859	1030
829223046192	1030
829556379525	1030
829889712858	1030
830223046191	1030
830556379524	1030
830889712857	1030
831223046190	1030
831556379523	1030
831889712856	1030
832223046189	1030
832556379522	1030
832889712855	1030
833223046188	1030
833667490632	1030
834000823965	1030
834334157298	1030
834667490631	1030
835000823964	1030
835334157297	1030
835667490630	1030
836000823963	1030
836334157296	1030
836667490629	1030
837000823962	1030
837334157295	1030
837667490628	1030
838000823961	1030
838334157294	1030
838778601738	1030
839111935071	1030
839445268404	1030
839778601737	1030
840111935070	1030
840445268403	1030
840778601736	1030
841111935069	1030
841445268402	1030
841778601735	1030
842111935068	1030
842445268401	1030
842778601734	1030
843111935067	1030
843556379511	1030
843889712844	1030
844223046177	1030
844556379510	1030
844889712843	1030
845223046176	1030
845556379509	1030
845889712842	1030
846223046175	1030
846556379508	1030
846889712841	1030
847223046174	1030
847556379507	1030
847889712840	1030
848223046173	1030
848667490617	1030
849000823950	1030
849334157283	1030
849667490616	1030
850000823949	1030
850334157282	1030
850667490615	1030
851000823948	1030
851334157281	1030
851667490614	1030
852000823947	1030
852334157280	1030
852667490613	1030
853000823946	1030
853445268390	1030
853778601723	1030
854111935056	1030
854445268389	1030
854778601722	1030
855111935055	1030
855445268388	1030
855778601721	1030
856111935054	1030
856445268387	1030
856778601720	1030
857111935053	1030
857445268386	1030
857778601719	1030
858223046163	1030
858556379496	1030
858889712829	1030
859223046162	1030
859556379495	1030
859889712828	1030
860223046161	1030
860556379494	1030
860889712827	1030
861223046160	1030
861556379493	1030
861889712826	1030
862223046159	1030
862556379492	1030
862889712825	1030
863334157269	1030
863667490602	1030
864000823935	1030
864334157268	1030
864667490601	1030
865000823934	1030
865334157267	1030
865667490600	1030
866000823933	1030
866334157266	1030
866667490599	1030
867000823932	1030
867334157265	1030
867667490598	1030
868111935042	1030
868445268375	1030
868778601708	1030
869111935041	1030
869445268374	1030
869778601707	1030
870111935040	1030
870445268373	1030
870778601706	1030
871111935039	1030
871445268372	1030
871778601705	1030
872111935038	1030
872445268371	1030
872889712815	1030
873223046148	1030
873556379481	1030
873889712814	1030
874223046147	1030
874556379480	1030
874889712813	1030
875223046146	1030
875556379479	1030
875889712812	1030
876223046145	1030
876556379478	1030
876889712811	1030
877223046144	1030
877556379477	1030
878000823921	1030
878334157254	1030
878667490587	1030
879000823920	1030
879334157253	1030
879667490586	1030
880000823919	1030
880334157252	1030
880667490585	1030
881000823918	1030
881334157251	1030
881667490584	1030
882000823917	1030
882334157250	1030
882778601694	1030
883111935027	1030
883445268360	1030
883778601693	1030
884111935026	1030
884445268359	1030
884778601692	1030
885111935025	1030
885445268358	1030
885778601691	1030
886111935024	1030
886445268357	1030
886778601690	1030
887111935023	1030
887445268356	1030
887889712800	1030
888223046133	1030
888556379466	1030
888889712799	1030
889223046132	1030
889556379465	1030
889889712798	1030
890223046131	1030
890556379464	1030
890889712797	1030
891223046130	1030
891556379463	1030
891889712796	1030
892223046129	1030
892667490573	1030
893000823906	1030
893334157239	1030
893667490572	1030
894000823905	1030
894334157238	1030
894667490571	1030
895000823904	1030
895334157237	1030
895667490570	1030
896000823903	1030
896334157236	1030
896667490569	1030
897000823902	1030
897445268346	1030
897778601679	1030
898111935012	1030
898445268345	1030
898778601678	1030
899111935011	1030
899445268344	1030
899778601677	1030
900111935010	1030
900445268343	1030
900778601676	1030
901111935009	1030
901445268342	1030
901778601675	1030
902111935008	1030
902556379452	1030
902889712785	1030
903223046118	1030
903556379451	1030
903889712784	1030
904223046117	1030
904556379450	1030
904889712783	1030
905223046116	1030
905556379449	1030
905889712782	1030
906223046115	1030
906556379448	1030
906889712781	1030
907334157225	1030
907667490558	1030
908000823891	1030
908334157224	1030
908667490557	1030
909000823890	1030
909334157223	1030
909667490556	1030
910000823889	1030
910334157222	1030
910667490555	1030
911000823888	1030
911334157221	1030
911667490554	1030
912000823887	1030
912445268331	1030
912778601664	1030
913111934997	1030
913445268330	1030
913778601663	1030
914111934996	1030
914445268329	1030
914778601662	1030
915111934995	1030
915445268328	1030
915778601661	1030
916111934994	1030
916445268327	1030
916778601660	1030
917223046104	1030
917556379437	1030
917889712770	1030
918223046103	1030
918556379436	1030
918889712769	1030
919223046102	1030
919556379435	1030
919889712768	1030
920223046101	1030
920556379434	1030
920889712767	1030
921223046100	1030
921556379433	1030
922000823877	1030
922334157210	1030
922667490543	1030
923000823876	1030
923334157209	1030
923667490542	1030
924000823875	1030
924334157208	1030
924667490541	1030
925000823874	1030
925334157207	1030
925667490540	1030
926000823873	1030
926334157206	1030
926667490539	1030
927111934983	1030
927445268316	1030
927778601649	1030
928111934982	1030
928445268315	1030
928778601648	1030
929111934981	1030
929445268314	1030
929778601647	1030
930111934980	1030
930445268313	1030
930778601646	1030
931111934979	1030
931445268312	1030
931889712756	1030
932223046089	1030
932556379422	1030
932889712755	1030
933223046088	1030
933556379421	1030
933889712754	1030
934223046087	1030
934556379420	1030
934889712753	1030
935223046086	1030
935556379419	1030
935889712752	1030
936223046085	1030
936667490529	1030
937000823862	1030
937334157195	1030
937667490528	1030
938000823861	1030
938334157194	1030
938667490527	1030
939000823860	1030
939334157193	1030
939667490526	1030
940000823859	1030
940334157192	1030
940667490525	1030
941000823858	1030
941334157191	1030
941778601635	1030
942111934968	1030
942445268301	1030
942778601634	1030
943111934967	1030
943445268300	1030
943778601633	1030
944111934966	1030
944445268299	1030
944778601632	1030
945111934965	1030
945445268298	1030
945778601631	1030
946111934964	1030
946556379408	1030
946889712741	1030
947223046074	1030
947556379407	1030
947889712740	1030
948223046073	1030
948556379406	1030
948889712739	1030
949223046072	1030
949556379405	1030
949889712738	1030
950223046071	1030
950556379404	1030
950889712737	1030
951223046070	1030
951667490514	1030
952000823847	1030
952334157180	1030
952667490513	1030
953000823846	1030
953334157179	1030
953667490512	1030
954000823845	1030
954334157178	1030
954667490511	1030
955000823844	1030
955334157177	1030
955667490510	1030
956000823843	1030
956445268287	1030
956778601620	1030
957111934953	1030
957445268286	1030
957778601619	1030
958111934952	1030
958445268285	1030
958778601618	1030
959111934951	1030
959445268284	1030
959778601617	1030
960111934950	1030
960445268283	1030
960778601616	1030
961223046060	1030
961556379393	1030
961889712726	1030
962223046059	1030
962556379392	1030
962889712725	1030
963223046058	1030
963556379391	1030
963889712724	1030
964223046057	1030
964556379390	1030
964889712723	1030
965223046056	1030
965556379389	1030
965889712722	1030
966334157166	1030
966667490499	1030
967000823832	1030
967334157165	1030
967667490498	1030
968000823831	1030
968334157164	1030
968667490497	1030
969000823830	1030
969334157163	1030
969667490496	1030
970000823829	1030
970334157162	1030
970667490495	1030
971111934939	1030
971445268272	1030
971778601605	1030
972111934938	1030
972445268271	1030
972778601604	1030
973111934937	1030
973445268270	1030
973778601603	1030
974111934936	1030
974445268269	1030
974778601602	1030
975111934935	1030
975445268268	1030
975889712712	1030
976223046045	1030
976556379378	1030
976889712711	1030
977223046044	1030
977556379377	1030
977889712710	1030
978223046043	1030
978556379376	1030
978889712709	1030
979223046042	1030
979556379375	1030
979889712708	1030
980223046041	1030
980556379374	1030
981000823818	1030
981334157151	1030
981667490484	1030
982000823817	1030
982334157150	1030
982667490483	1030
983000823816	1030
983334157149	1030
983667490482	1030
984000823815	1030
984334157148	1030
984667490481	1030
985000823814	1030
985334157147	1030
985778601591	1030
986111934924	1030
986445268257	1030
986778601590	1030
987111934923	1030
987445268256	1030
987778601589	1030
988111934922	1030
988445268255	1030
988778601588	1030
989111934921	1030
989445268254	1030
989778601587	1030
990111934920	1030
990445268253	1030
990889712697	1030
991223046030	1030
991556379363	1030
991889712696	1030
992223046029	1030
992556379362	1030
992889712695	1030
993223046028	1030
993556379361	1030
993889712694	1030
994223046027	1030
994556379360	1030
994889712693	1030
995223046026	1030
995667490470	1030
996000823803	1030
996334157136	1030
996667490469	1030
997000823802	1030
997334157135	1030
997667490468	1030
998000823801	1030
998334157134	1030
998667490467	1030
999000823800	1030
999334157133	1030
999667490466	1030
1000000823799	1030
