80099999
161660785
241660785
321660785
401660785
481660785
561660785
641660785
721660785
801660785
881660785
961660785
1041660785
1121660785
1201660785
1281660785
1361660785
1441660785
1521660785
1601660785
1681660785
1761660785
1841660785
1921660785
2001660785
2081660785
2161660785
2241660785
2321660785
2401660785
2481660785
2561660785
2641660785
2721660785
2827871560
2907871560
3004077378
3084077378
3164077378
3769397959
3849397959
3929397959
4009397959
4089397959
4169397959
4249397959
4329397959
4409397959
4489397959
4569397959
4684119091
4764119091
4844119091
4924119091
5004119091
5084119091
5164119091
5299184510
5394858451
5474858451
5554858451
5683099413
5779936749
5947120110
6116753165
6196753165
6276753165
6356753165
6546360255
6626360255
6725446649
6873043989
6953043989
7033043989
7113043989
7193043989
7273043989
7492517575
7628384807
7722086420
7810900271
7986406427
8066406427
8146406427
8226406427
8306406427
8386406427
8520861022
8689965678
8899141692
8979141692
9059141692
9139141692
9219141692
9299141692
9379141692
9459141692
9539141692
9619141692
9699141692
9779141692
9859141692
9939141692
10019141692
10099141692
10179141692
10259141692
10339141692
10419141692
10499141692
10579141692
10659141692
10739141692
10819141692
10899141692
10979141692
11059141692
11139141692
11219141692
11299141692
11379141692
11459141692
11539141692
11619141692
11699141692
11779141692
11859141692
11939141692
12019141692
12099141692
12179141692
12259141692
12339141692
12419141692
12499141692
12579141692
12659141692
12739141692
12819141692
12899141692
12979141692
13059141692
13139141692
13219141692
13299141692
13379141692
13459141692
13539141692
13619141692
13699141692
13779141692
13859141692
13939141692
14019141692
14099141692
14179141692
14259141692
14339141692
14419141692
14499141692
14579141692
14659141692
14739141692
14819141692
14899141692
14979141692
15059141692
15139141692
15219141692
15299141692
15379141692
15459141692
15539141692
15619141692
15699141692
15779141692
15859141692
15939141692
16019141692
16099141692
16179141692
16259141692
16339141692
16419141692
16499141692
16579141692
16659141692
16739141692
16819141692
16899141692
16979141692
17059141692
17139141692
17219141692
17299141692
17379141692
17459141692
17539141692
17619141692
17699141692
17779141692
17859141692
17939141692
18019141692
18099141692
18179141692
18259141692
18339141692
18419141692
18499141692
18579141692
18659141692
18739141692
18819141692
18899141692
18979141692
19059141692
19139141692
19219141692
19299141692
19379141692
19459141692
19539141692
19619141692
19699141692
19779141692
19859141692
19939141692
20019141692
20099141692
20179141692
20259141692
20339141692
20419141692
20499141692
20579141692
20659141692
20739141692
20819141692
20899141692
20979141692
21059141692
21139141692
21247714028
21366596412
21446596412
21533302380
21613302380
21693302380
21773302380
21853302380
21933302380
22013302380
22093302380
22173302380
22267099146
22347099146
22427099146
22507099146
22587099146
22667099146
22747099146
22827099146
22907099146
22987099146
23067099146
23147099146
23227099146
23307099146
23387099146
23467099146
23547099146
23627099146
23707099146
23787099146
23867099146
23947099146
24027099146
24107099146
24187099146
24267099146
24347099146
24427099146
24507099146
24587099146
24667099146
24747099146
24827099146
24907099146
24987099146
25067099146
25147099146
25227099146
25307099146
25387099146
25605672654
25685672654
25850197774
26039396579
26119396579
26412856781
26492856781
26576589276
26656589276
26826986489
26906986489
27131796482
27283153875
27373714447
27453714447
27555891187
27635891187
27766202178
27854629055
28146606523
28259882454
28354028618
28434028618
28514028618
28594028618
28674028618
28754028618
28871069766
28951069766
29091094299
29171094299
29251094299
29331094299
29411094299
29491094299
29571094299
29651094299
29731094299
29811094299
29891094299
29971094299
30051094299
30131094299
30211094299
30291094299
30371094299
30451094299
30531094299
30611094299
30691094299
30773609343
30853609343
30933609343
31013609343
31093609343
31173609343
31253609343
31333609343
31413609343
31493609343
31573609343
31653609343
31756805278
31896284916
32342776148
32422776148
32502776148
32596518512
32691620272
32788150671
32934057063
33014057063
33094057063
33174057063
33579981122
33659981122
33802287435
33882287435
33962287435
34042287435
34122287435
34202287435
34282287435
34362287435
34442287435
34613300478
34693300478
35073130254
35153130254
35233130254
35313130254
35393130254
35473130254
35553130254
35995901786
36099448412
36179448412
36259448412
36339448412
36419448412
36499448412
36579448412
36659448412
36739448412
36819448412
36899448412
36979448412
37059448412
37139448412
37219448412
37299448412
37379448412
37459448412
37539448412
37619448412
37699448412
37779448412
37859448412
37939448412
38019448412
38099448412
38179448412
38259448412
38339448412
38419448412
38499448412
38579448412
38659448412
38739448412
38819448412
38899448412
38979448412
39111795221
39191795221
39271795221
39351795221
39431795221
39511795221
39702956117
40014220749
40094220749
40174220749
40254220749
40334220749
40414220749
40494220749
40574220749
40654220749
40734220749
40814220749
40894220749
40974220749
41054220749
41134220749
41214220749
41294220749
41374220749
41454220749
41534220749
41614220749
41694220749
41774220749
41854220749
41934220749
42014220749
42094220749
42174220749
42254220749
42334220749
42414220749
42494220749
42574220749
42654220749
42734220749
42814220749
42908340826
42988340826
43068340826
43148340826
43228340826
43308340826
43388340826
43501110536
43581110536
43661110536
43777678887
43857678887
44004825489
44129414617
44294432724
44430956000
44640763180
44720763180
44800763180
44880763180
44960763180
45040763180
45120763180
45200763180
45280763180
45360763180
45440763180
45520917185
45600917185
45680917185
45760917185
45851434018
45931434018
46011434018
46091434018
46171434018
46269516238
46414161591
46494161591
46729121193
46809121193
46889121193
46969121193
47049121193
47129121193
47209121193
47289121193
47369121193
47449121193
47529121193
47609121193
47689121193
47769121193
47849121193
47929121193
48009121193
48089121193
48169121193
48249121193
48329121193
48409121193
48489121193
48569121193
48649121193
48729121193
48809121193
48889121193
48969121193
49049121193
49129121193
49209121193
49289121193
49369121193
49549296257
49862874276
49942874276
50073276718
50228375918
50332030488
50412030488
50492030488
50572030488
50652030488
50744658998
50939191097
51019191097
51128092106
51208092106
51303039318
51383039318
51537194883
51617194883
51697194883
51777194883
51857194883
51937194883
52017194883
52107296944
52437116118
52592216756
52672216756
52752216756
52832216756
52912216756
52992216756
53072216756
53152216756
53232216756
53312216756
53392216756
53472216756
53552216756
53632216756
53712216756
53792216756
53872216756
53952216756
54032216756
54112216756
54192216756
54272216756
54352216756
54432216756
54512216756
54592216756
54672216756
54752216756
54832216756
54912216756
54992216756
55072216756
55152216756
55232216756
55312216756
55392216756
55472216756
55552216756
55632216756
55712216756
55792216756
55872216756
55952216756
56032216756
56112216756
56192216756
56272216756
56352216756
56432216756
56512216756
56592216756
56672216756
56752216756
56832216756
56912216756
56992216756
57072216756
57152216756
57232216756
57312216756
57392216756
57472216756
57552216756
57632216756
57712216756
57792216756
57872216756
57952216756
58032216756
58112216756
58192216756
58272216756
58352216756
58432216756
58512216756
58592216756
58672216756
58752216756
58832216756
58912216756
58992216756
59072216756
59152216756
59232216756
59312216756
59392216756
59472216756
59552216756
59632216756
59712216756
59792216756
59872216756
59952216756
60032216756
60112216756
60192216756
60272216756
60352216756
60453606625
60533606625
60646468348
60726468348
60806468348
60886468348
60966468348
61046468348
61126468348
61206468348
61286468348
61366468348
61568278343
61700977692
61780977692
61864540662
61944540662
62024540662
62156308452
62236308452
62316308452
62469601820
62556396074
62636396074
62716396074
62819279735
62946792652
63026792652
63106792652
63186792652
63334872481
63704695586
63795402004
63875402004
63996361313
64076361313
64181784355
64280000914
64575447890
64655447890
64981293026
65061814273
65141814273
65221814273
65301814273
65381814273
65461814273
65541814273
65621814273
65701814273
66042864972
66122864972
66365162353
66494405495
66574405495
66654405495
66734405495
66814405495
66942073618
67022073618
67102073618
67239612388
67319612388
67399612388
67479612388
67646865539
67726865539
67832795560
68104098442
68191902635
68271902635
68351902635
68431902635
68511902635
68591902635
68671902635
68751902635
68831902635
68911902635
68991902635
69234676227
69371186401
69451186401
69531186401
69611186401
69691186401
69771186401
69851186401
70000293082
70080293082
70197306466
70277306466
70357306466
70437306466
70536933049
70616933049
70696933049
70776933049
70856933049
70936933049
71016933049
71096933049
71176933049
71256933049
71336933049
71416933049
71511656411
71591656411
71671656411
71751656411
71831656411
71911656411
71991656411
72071656411
72151656411
72231656411
72311656411
72391656411
72471656411
72551656411
72631656411
72711656411
72791656411
72871656411
72951656411
73031656411
73111656411
73191656411
73271656411
73351656411
73431656411
73511656411
73591656411
73671656411
73751656411
73831656411
73911656411
73991656411
74071656411
74151656411
74231656411
74311656411
74391656411
74471656411
74551656411
74631656411
74711656411
74791656411
74871656411
74951656411
75031656411
75111656411
75191656411
75271656411
75351656411
75431656411
75511656411
75591656411
75671656411
75751656411
75831656411
75911656411
75991656411
76071656411
76353514357
76433514357
76513514357
76593514357
76673514357
76753514357
76833514357
76913514357
77032640617
77219546816
77299703508
77379703508
77459703508
77583153518
77725012117
77878512579
77958512579
78125673685
78296247259
78680747820
78760747820
78840747820
78920747820
79000747820
79080747820
79160747820
79240747820
79320747820
79606012547
79686012547
79969029745
80108575482
80188575482
80268575482
80351219027
80446928461
80526928461
80606928461
80686928461
80766928461
80846928461
80926928461
81006928461
81086928461
81166928461
81246928461
81326928461
81406928461
81486928461
81566928461
81646928461
81726928461
81806928461
81886928461
81966928461
82046928461
82126928461
82206928461
82286928461
82366928461
82446928461
82526928461
82606928461
82686928461
82766928461
82846928461
82926928461
83006928461
83086928461
83166928461
83246928461
83326928461
83406928461
83486928461
83566928461
83646928461
83726928461
83806928461
83886928461
83966928461
84046928461
84126928461
84206928461
84286928461
84366928461
84446928461
84526928461
84606928461
84686928461
84766928461
84846928461
84926928461
85006928461
85086928461
85166928461
85246928461
85326928461
85406928461
85486928461
85566928461
85646928461
85726928461
85806928461
85886928461
85966928461
86046928461
86126928461
86206928461
86286928461
86366928461
86446928461
86643899712
86737155809
86817155809
86909075859
86989075859
87265718326
87345718326
87561520654
87641520654
87721520654
87801520654
87882074450
87962074450
88089395687
88249479339
88329479339
88529291090
88609291090
88689291090
88769291090
88849291090
88994449884
89074449884
89154449884
89235346269
89315346269
89395346269
89475346269
89568080857
89648080857
89728080857
89808080857
89888080857
89968080857
90048080857
90128080857
90208080857
90288080857
90368080857
90448080857
90528080857
90608080857
90688080857
90768080857
90848080857
90928080857
91008080857
91088080857
91168080857
91248080857
91328080857
91484634791
91588550744
91668550744
91748550744
91828550744
91908550744
91988550744
92068550744
92148550744
92228550744
92308550744
92388550744
92468550744
92548550744
92628550744
92708550744
92788550744
92868550744
92948550744
93028550744
93108550744
93188550744
93268550744
93348550744
93428550744
93508550744
93588550744
93668550744
93748550744
93828550744
93908550744
93988550744
94068550744
94148550744
94228550744
94308550744
94388550744
94468550744
94548550744
94628550744
94708550744
94788550744
94868550744
94948550744
95028550744
95108550744
95188550744
95268550744
95348550744
95566028823
95824650139
95965505541
96251281461
96331281461
96411281461
96491281461
96571281461
96711083468
96960673411
97040673411
97120673411
97200673411
97280673411
97573037387
97653037387
97733037387
97815340356
97895340356
97975340356
98055340356
98135340356
98215340356
98295340356
98375340356
98455340356
98535340356
98615340356
98695340356
98775340356
98855340356
98935340356
99015340356
99095340356
99175340356
99255340356
99337014817
99420294400
99500294400
99802555846
99882555846
99962555846
100042555846
100122555846
