99999		1
99999		0
21670875		1
78014022		2
80099999		1
160099999		0
308218005		1
308218005		0
389229917		1
389229917		0
399314744		1
451721712		2
469229917		1
521393620		2
549229917		1
629229917		0
728053620		1
728053620		0
819781279		1
819781279		0
1126053711		1
1126053711		0
1265757580		1
1265757580		0
1267987558		1
1305285389		2
1345757580		1
1425757580		0
1509849926		1
1509849926		0
1563530362		1
1568562913		2
1589849926		1
1669849926		0
1678715252		1
1719340403		2
1749849926		1
1753462794		2
1829849926		1
1839922800		2
1908067355		3
1909849926		2
1971263988		3
1989849926		2
2069849926		1
2087459774		2
2094176657		3
2104943239		4
2135317713		5
2149849926		4
2229849926		3
2309849926		2
2344474067		3
2367340365		4
2369452974		5
2389849926		4
2455449356		5
2469849926		4
2549849926		3
2629849926		2
2709849926		1
2789849926		0
2878770421		1
2878770421		0
2943703779		1
2958770421		0
3033524970		1
3038770421		0
3067212295		1
3118770421		0
3177274359		1
3177496524		2
3198770421		1
3278770421		0
3508273521		1
3508273521		0
3548444108		1
3588273521		0
3623801622		1
3640636073		2
3642890733		3
3662167569		4
3667543604		5
3668273521		4
3744028001		5
3746514556		6
3748273521		5
3758925190		6
3828273521		5
3870023395		6
3908273521		5
3981071337		6
3987158570		7
3988273521		6
4033344191		7
4068273521		6
4148273521		5
4203982160		6
4228273521		5
4245646146		6
4308273521		5
4388273521		4
4395408620		5
4416982790		6
4468273521		5
4548273521		4
4552833217		5
4628273521		4
4652921641		5
4708273521		4
4739209242		5
4740305650		6
4788273521		5
4868273521		4
4948273521		3
4969531794		4
5028273521		3
5108273521		2
5130974810		3
5188273521		2
5248674129		3
5268273521		2
5348273521		1
5352755354		2
5428273521		1
5473964697		2
5506161513		3
5508273521		2
5588273521		1
5668273521		0
5686242578		1
5748273521		0
6218156989		1
6218156989		0
6230475307		1
6266337963		2
6267070081		3
6291240988		4
6298156989		3
6299897331		4
6360414518		5
6378156989		4
6423324153		5
6458156989		4
6477730971		5
6537858207		6
6538156989		5
6618156989		4
6618296430		5
6698156989		4
6731009741		5
6731462152		6
6742757809		7
6778156989		6
6816240116		7
6858156989		6
6881939221		7
6912476516		8
6938156989		7
7018156989		6
7098156989		5
7139991463		6
7178156989		5
7258156989		4
7338156989		3
7342477885		4
7418156989		3
7498156989		2
7519931841		3
7578156989		2
7636958786		3
7658156989		2
7665454865		3
7738156989		2
7818156989		1
7898156989		0
7932513756		1
7953987716		2
7978156989		1
8045030733		2
8058156989		1
8074452814		2
8138156989		1
8209538083		2
8218156989		1
8298156989		0
8349064220		1
8355775964		2
8359181421		3
8363833967		4
8378156989		3
8458156989		2
8484380720		3
8538156989		2
8618156989		1
8698156989		0
8832167626		1
8832167626		0
8866742497		1
8902620910		2
8912167626		1
8942310411		2
8992167626		1
8999669571		2
9072167626		1
9152167626		0
9157272689		1
9191144157		2
9232167626		1
9253217651		2
9258575439		3
9283630264		4
9312167626		3
9334224334		4
9392167626		3
9472167626		2
9552167626		1
9632167626		0
9647231092		1
9681378513		2
9712167626		1
9748560324		2
9792167626		1
9872167626		0
10039389788		1
10039389788		0
10099848075		1
10108687592		2
10119389788		1
10142785420		2
10154617088		3
10174032013		4
10199389788		3
10279389788		2
10359389788		1
10439389788		0
10639276005		1
10639276005		0
10779084582		1
10779084582		0
10836322327		1
10841403272		2
10841974266		3
10846400534		4
10855921296		5
10859084582		4
10939084582		3
11004161600		4
11016488789		5
11019084582		4
11099084582		3
11120826939		4
11127286383		5
11171861360		6
11179084582		5
11259084582		4
11303515696		5
11339084582		4
11383906852		5
11419084582		4
11475433578		5
11499084582		4
11579084582		3
11659084582		2
11680979533		3
11688159730		4
11739084582		3
11772919506		4
11819084582		3
11874829075		4
11899084582		3
11945983724		4
11979084582		3
12059084582		2
12091555829		3
12131812667		4
12139084582		3
12216450678		4
12219084582		3
12227696845		4
12299084582		3
12307761877		4
12322926026		5
12335601034		6
12379084582		5
12420976333		6
12459084582		5
12468162785		6
12539084582		5
12619084582		4
12653687685		5
12696288406		6
12699084582		5
12779084582		4
12817942714		5
12820746692		6
12859084582		5
12925338566		6
12939084582		5
12954043841		6
12954566260		7
13019084582		6
13092963300		7
13099084582		6
13099417500		7
13130607964		8
13179084582		7
13259084582		6
13315126070		7
13339084582		6
13402775669		7
13419084582		6
13499084582		5
13534192210		6
13544365600		7
13579084582		6
13659084582		5
13681498310		6
13690794658		7
13739084582		6
13819084582		5
13899084582		4
13928080150		5
13979084582		4
14000084578		5
14059084582		4
14139084582		3
14197534430		4
14219084582		3
14299084582		2
14379084582		1
14423202697		2
14436437753		3
14459084582		2
14495134684		3
14511742860		4
14539084582		3
14578581632		4
14582651215		5
14619084582		4
14699084582		3
14779084582		2
14857755771		3
14859084582		2
14912204665		3
14924587485		4
14939084582		3
14945869848		4
15019084582		3
15099084582		2
15179084582		1
15186018540		2
15259084582		1
15339084582		0
15350765698		1
15354921165		2
15419084582		1
15490128259		2
15499084582		1
15549079931		2
15579084582		1
15659084582		0
15662602875		1
15677269450		2
15716673348		3
15739084582		2
15754884103		3
15761196931		4
15819084582		3
15865364447		4
15899084582		3
15979084582		2
16059084582		1
16139084582		0
16271255755		1
16271255755		0
16294688684		1
16351255755		0
16407741356		1
16431255755		0
16616926950		1
16616926950		0
16634437520		1
16696926950		0
16786023525		1
16786023525		0
16897021359		1
16897021359		0
16924256981		1
16977021359		0
17034512297		1
17034857339		2
17057021359		1
17107937406		2
17137021359		1
17217021359		0
17354585204		1
17354585204		0
17390544191		1
17434585204		0
17482324169		1
17514585204		0
17572262645		1
17594585204		0
17791747424		1
17791747424		0
17899103210		1
17899103210		0
17928435752		1
17929699908		2
17957084790		3
17979103210		2
18059103210		1
18096466646		2
18139103210		1
18219103210		0
18304014531		1
18304014531		0
18348231445		1
18384014531		0
18433911846		1
18464014531		0
18621264744		1
18621264744		0
18708332070		1
18708332070		0
18799138225		1
18799138225		0
18864868539		1
18872023255		2
18879138225		1
18959138225		0
18966083585		1
18985197241		2
19039138225		1
19119138225		0
19225257832		1
19225257832		0
19472042233		1
19472042233		0
19473168614		1
19552042233		0
19613028015		1
19632042233		0
19733751772		1
19733751772		0
19793942505		1
19811946889		2
19813751772		1
19854143269		2
19893751772		1
19952222216		2
19956046558		3
19971250239		4
19973751772		3
20053751772		2
20058244353		3
20091947906		4
20133751772		3
20213751772		2
20235510395		3
20260628987		4
20293751772		3
20373751772		2
20453751772		1
20464552760		2
20512812941		3
20533751772		2
20584829144		3
20613751772		2
20621508862		3
20640822961		4
20693751772		3
20773751772		2
20815404263		3
20837583397		4
20853751772		3
20868616080		4
20915134874		5
20933751772		4
21013751772		3
21045523594		4
21093751772		3
21130102007		4
21173751772		3
21240762119		4
21253751772		3
21287479369		4
21331520301		5
21333751772		4
21374719395		5
21413751772		4
21436855859		5
21443219621		6
21493751772		5
21573751772		4
21576684857		5
21653751772		4
21724505024		5
21733751772		4
21750134225		5
21796331955		6
21813751772		5
21816743176		6
21828160243		7
21893751772		6
21973751772		5
21992069811		6
22014539617		7
22053751772		6
22133751772		5
22175402344		6
22213751772		5
22219946655		6
22230035151		7
22293751772		6
22311810616		7
22336196931		8
22358173218		9
22373751772		8
22453751772		7
22462194247		8
22472867235		9
22485870825		10
22492221042		11
22533751772		10
22589563358		11
22613751772		10
22668701491		11
22693751772		10
22773751772		9
22853751772		8
22921830909		9
22933751772		8
23013751772		7
23093751772		6
23130459663		7
23173751772		6
23178934464		7
23253751772		6
23333751772		5
23360137442		6
23413751772		5
23436018101		6
23493751772		5
23559389259		6
23559895193		7
23573751772		6
23653751772		5
23725132509		6
23733751772		5
23813751772		4
23852642213		5
23866877222		6
23893751772		5
23973751772		4
24024321730		5
24053751772		4
24088256378		5
24133751772		4
24150187949		5
24183825316		6
24183895918		7
24213751772		6
24274499703		7
24293751772		6
24373751772		5
24453751772		4
24533751772		3
24548708382		4
24613751772		3
24687439503		4
24693751772		3
24773751772		2
24774926668		3
24788145202		4
24794556057		5
24853751772		4
24933751772		3
25013751772		2
25065558418		3
25093751772		2
25167633522		3
25173751772		2
25188723310		3
25219012193		4
25253751772		3
25333751772		2
25379012377		3
25413751772		2
25428951323		3
25493751772		2
25573751772		1
25619282033		2
25653751772		1
25665129523		2
25693812365		3
25732163477		4
25733751772		3
25772808594		4
25813751772		3
25893751772		2
25914575293		3
25973751772		2
26012617571		3
26032630394		4
26035126432		5
26053751772		4
26094475214		5
26133751772		4
26154949591		5
26213751772		4
26287786443		5
26293751772		4
26322749200		5
26373751772		4
26396478401		5
26453751772		4
26520818913		5
26533751772		4
26589768876		5
26613751772		4
26687901647		5
26692640329		6
26693751772		5
26773751772		4
26824892629		5
26853751772		4
26933751772		3
26966305058		4
27013751772		3
27044818709		4
27093751772		3
27151367985		4
27173751772		3
27192142058		4
27253751772		3
27260505743		4
27333751772		3
27413751772		2
27450452056		3
27493751772		2
27573751772		1
27653751772		0
27894840265		1
27894840265		0
27975498424		1
27975498424		0
28102144068		1
28102144068		0
28119671365		1
28182144068		0
28241821287		1
28262144068		0
28281250413		1
28336715688		2
28342144068		1
28408390713		2
28422144068		1
28450017668		2
28499268898		3
28502144068		2
28582144068		1
28603045751		2
28662144068		1
28742144068		0
28806315248		1
28822144068		0
29106761901		1
29106761901		0
29130337876		1
29186761901		0
29399495801		1
29399495801		0
29580381390		1
29580381390		0
29607079931		1
29638428535		2
29660381390		1
29740381390		0
29768785284		1
29769668666		2
29770618517		3
29820381390		2
29895025733		3
29900381390		2
29933508394		3
29946997548		4
29980381390		3
30060381390		2
30110817538		3
30124023849		4
30137604239		5
30140381390		4
30188926694		5
30220381390		4
30257432988		5
30300381390		4
30343762656		5
30362607615		6
30380381390		5
30450944869		6
30451797687		7
30460381390		6
30540381390		5
30541299619		6
30582219618		7
30606391869		8
30609546997		9
30620381390		8
30700381390		7
30704890936		8
30780381390		7
30809444205		8
30860381390		7
30904240874		8
30940381390		7
31020381390		6
31043789473		7
31100381390		6
31134142765		7
31180381390		6
31260381390		5
31305518193		6
31340381390		5
31407721382		6
31420381390		5
31500381390		4
31553134607		5
31580381390		4
31660381390		3
31671254544		4
31740381390		3
31820381390		2
31831843415		3
31856630828		4
31900381390		3
31903340571		4
31950918169		5
31961432616		6
31980381390		5
32060381390		4
32140381390		3
32145046925		4
32156089455		5
32162735651		6
32220381390		5
32297372786		6
32300381390		5
32380381390		4
32460381390		3
32462654657		4
32540381390		3
32588284891		4
32620381390		3
32678836468		4
32700381390		3
32733429432		4
32780381390		3
32860381390		2
32940381390		1
33020381390		0
33174791504		1
33174791504		0
33184769812		1
33187692629		2
33253997910		3
33254791504		2
33334791504		1
33349323198		2
33414791504		1
33456339249		2
33471399331		3
33494791504		2
33574791504		1
33589198785		2
33654791504		1
33734791504		0
33841209003		1
33841209003		0
33868924621		1
33912911471		2
33921209003		1
34001209003		0
34053284345		1
34069030984		2
34081209003		1
34155348054		2
34161209003		1
34165363549		2
34241209003		1
34321209003		0
34623438161		1
34623438161		0
34731132725		1
34731132725		0
34742393564		1
34807502919		2
34811132725		1
34889430617		2
34891132725		1
34955143885		2
34971132725		1
35051132725		0
35107085892		1
35131132725		0
35196014917		1
35211132725		0
35243990689		1
35261162328		2
35284333853		3
35284422379		4
35291132725		3
35297433223		4
35371132725		3
35451132725		2
35531132725		1
35598247562		2
35611132725		1
35680623933		2
35691132725		1
35695568088		2
35771132725		1
35851132725		0
35962154033		1
35962154033		0
36291992014		1
36291992014		0
36381919096		1
36381919096		0
36387263895		1
36393928411		2
36408856070		3
36461919096		2
36541919096		1
36587336641		2
36621919096		1
36685669618		2
36701919096		1
36710243224		2
36781919096		1
36861919096		0
36921571096		1
36941919096		0
36974056166		1
37021919096		0
37031023250		1
37101919096		0
37278795827		1
37278795827		0
37344818583		1
37357831441		2
37358795827		1
37382472491		2
37394725006		3
37397341298		4
37438795827		3
37518795827		2
37530236344		3
37598795827		2
37674533559		3
37678795827		2
37758795827		1
37838795827		0
37979489042		1
37979489042		0
38074136941		1
38074136941		0
38111745897		1
38127757520		2
38135702575		3
38154136941		2
38155148934		3
38234136941		2
38251279963		3
38253056874		4
38300655838		5
38314136941		4
38327712557		5
38394136941		4
38460726321		5
38474136941		4
38554136941		3
38558357748		4
38571571896		5
38625240054		6
38634136941		5
38714136941		4
38794136941		3
38828800924		4
38853989737		5
38874136941		4
38954136941		3
38958593019		4
38968401209		5
39034136941		4
39080636284		5
39114136941		4
39124190309		5
39194136941		4
39241012924		5
39274136941		4
39354136941		3
39421545646		4
39434136941		3
39503257863		4
39514136941		3
39582435392		4
39592918655		5
39594136941		4
39647540706		5
39674136941		4
39754136941		3
39803576593		4
39834136941		3
39914136941		2
39994136941		1
40035128467		2
40074136941		1
40154136941		0
40258609814		1
40258609814		0
40260811588		1
40301741371		2
40338609814		1
40418609814		0
40747712224		1
40747712224		0
40779633196		1
40827712224		0
40834596902		1
40863228434		2
40907712224		1
40962610502		2
40987712224		1
41033274176		2
41039671225		3
41067712224		2
41147712224		1
41227712224		0
41288218724		1
41307712224		0
41362034379		1
41387712224		0
41451334179		1
41463671476		2
41467712224		1
41547712224		0
41900459372		1
41900459372		0
41982200247		1
41982200247		0
42026571588		1
42062200247		0
42123791321		1
42124962700		2
42142200247		1
42192528583		2
42197370009		3
42222200247		2
42302200247		1
42382200247		0
42434225856		1
42462200247		0
42510551474		1
42542200247		0
42660937476		1
42660937476		0
42691702626		1
42740937476		0
42785694272		1
42785800091		2
42801418706		3
42820937476		2
42857468139		3
42900937476		2
42923926371		3
42943405620		4
42980937476		3
43060937476		2
43140937476		1
43160993041		2
43164922214		3
43220937476		2
43291501691		3
43300937476		2
43380937476		1
43460937476		0
43471062137		1
43500560913		2
43540937476		1
43620937476		0
43739823015		1
43739823015		0
43745538211		1
43749660774		2
43756538128		3
43782137229		4
43819823015		3
43899823015		2
43979823015		1
44046843058		2
44059823015		1
44139823015		0
44323407585		1
44323407585		0
44376303834		1
44403407585		0
44482746126		1
44483407585		0
44512608946		1
44563407585		0
44622402727		1
44643407585		0
44653108431		1
44672444785		2
44723407585		1
44724745054		2
44775071950		3
44803407585		2
44883407585		1
44936110659		2
44945933833		3
44963407585		2
45043407585		1
45073251680		2
45102280497		3
45123407585		2
45166744805		3
45168502175		4
45198831954		5
45203407585		4
45283407585		3
45363407585		2
45443407585		1
45485585203		2
45523407585		1
45593894320		2
45598784134		3
45603407585		2
45628181071		3
45657232871		4
45663532810		5
45683407585		4
45687497873		5
45763407585		4
45843407585		3
45923358981		4
45923407585		3
45941452506		4
46003407585		3
46083407585		2
46088641181		3
46156677303		4
46163407585		3
46202663434		4
46243407585		3
46243659415		4
46260847479		5
46306991624		6
46323407585		5
46347776036		6
46359121531		7
46403407585		6
46407314169		7
46460030196		8
46483407585		7
46505463841		8
46563407585		7
46588564251		8
46643407585		7
46723407585		6
46803407585		5
46829845077		6
46883407585		5
46963407585		4
47009521044		5
47043407585		4
47063134778		5
47123407585		4
47203407585		3
47224745513		4
47261303157		5
47283407585		4
47363407585		3
47417929436		4
47443407585		3
47523407585		2
47590730128		3
47603407585		2
47606491711		3
47683407585		2
47763407585		1
47819897665		2
47828244835		3
47843407585		2
47847350028		3
47923407585		2
48003407585		1
48048371860		2
48082344193		3
48083407585		2
48163407585		1
48243407585		0
48252712125		1
48294787259		2
48323407585		1
48351949902		2
48354324031		3
48403407585		2
48405596701		3
48483407585		2
48532077403		3
48538581852		4
48552087138		5
48563407585		4
48643407585		3
48684219654		4
48723407585		3
48724723859		4
48803407585		3
48883407585		2
48963407585		1
49043407585		0
50035500142		1
50035500142		0
50106422537		1
50115500142		0
50401119922		1
50401119922		0
50520767353		1
50520767353		0
50655784706		1
50655784706		0
50683435300		1
50735784706		0
50760242447		1
50815784706		0
50889063512		1
50895784706		0
51287164792		1
51287164792		0
51328031600		1
51367164792		0
51373938458		1
51447164792		0
51522351287		1
51527164792		0
51586547678		1
51607164792		0
51699911407		1
51699911407		0
51764908807		1
51779911407		0
51820966467		1
51859911407		0
51893710785		1
51918837620		2
51939911407		1
51943091372		2
51961977011		3
52019911407		2
52076878012		3
52099911407		2
52179911407		1
52259911407		0
52287402819		1
52310064762		2
52339864985		3
52339911407		2
52381658330		3
52419911407		2
52499911407		1
52539669030		2
52577133199		3
52579911407		2
52604657677		3
52640489101		4
52659911407		3
52701252998		4
52715584031		5
52739911407		4
52769978455		5
52819911407		4
52899911407		3
52905439076		4
52979911407		3
53049813155		4
53059911407		3
53139911407		2
53219911407		1
53299911407		0
53368244567		1
53379911407		0
53401338930		1
53459911407		0
53549899864		1
53549899864		0
53655905319		1
53655905319		0
53901267774		1
53901267774		0
54066819957		1
54066819957		0
54157702483		1
54157702483		0
54253565975		1
54253565975		0
54258801011		1
54293523430		2
54333565975		1
54413565975		0
54467254618		1
54493565975		0
54541218191		1
54573565975		0
54590319462		1
54653565975		0
54654557084		1
54669538952		2
54733565975		1
54773549302		2
54813565975		1
54893565975		0
55029099514		1
55029099514		0
55091113335		1
55109099514		0
55209106119		1
55209106119		0
55213863610		1
55224412038		2
55289106119		1
55322098815		2
55363676919		3
55369106119		2
55449106119		1
55471450777		2
55480063398		3
55486956306		4
55529106119		3
55568663551		4
55583821095		5
55609106119		4
55689106119		3
55769106119		2
55818786009		3
55849106119		2
55929106119		1
55942831456		2
55997512430		3
56009106119		2
56028716744		3
56068731573		4
56089106119		3
56105485341		4
56169106119		3
56249106119		2
56289557575		3
56329106119		2
56362124697		3
56362749883		4
56395423057		5
56409106119		4
56419731184		5
56470642818		6
56489106119		5
56569106119		4
56649106119		3
56685646742		4
56729106119		3
56809106119		2
56821774052		3
56854533457		4
56889106119		3
56969106119		2
56973467989		3
56987751902		4
57049106119		3
57129106119		2
57209106119		1
57248943055		2
57289106119		1
57297053735		2
57305135944		3
57351381690		4
57369106119		3
57449106119		2
57478860999		3
57529106119		2
57591871213		3
57609106119		2
57689106119		1
57769106119		0
57854945425		1
57854945425		0
57992085715		1
57992085715		0
58076521234		1
58076521234		0
58106922851		1
58150398206		2
58153022033		3
58156521234		2
58236521234		1
58316521234		0
58406747650		1
58406747650		0
58523660385		1
58523660385		0
58840499794		1
58840499794		0
58909745317		1
58920499794		0
58976627803		1
59000499794		0
59047607421		1
59080499794		0
59139933024		1
59160499794		0
59387921351		1
59387921351		0
59441471654		1
59467921351		0
59565656216		1
59565656216		0
59704644173		1
59704644173		0
59839832110		1
59839832110		0
60162834383		1
60162834383		0
60229280054		1
60232905309		2
60242834383		1
60275812370		2
60322834383		1
60402834383		0
60979878557		1
60979878557		0
61070333630		1
61070333630		0
61077227367		1
61150333630		0
61165317435		1
61230333630		0
61642346592		1
61642346592		0
61739385736		1
61739385736		0
62048554672		1
62048554672		0
62257072393		1
62257072393		0
62595381026		1
62595381026		0
62609558664		1
62675381026		0
62681362742		1
62755381026		0
62881674588		1
62881674588		0
62907794106		1
62961674588		0
62972095962		1
62998129186		2
63041674588		1
63121674588		0
63200220895		1
63201674588		0
63413059437		1
63413059437		0
63546096050		1
63546096050		0
63601494181		1
63626096050		0
63924627592		1
63924627592		0
63968942883		1
64004627592		0
64056729705		1
64057393086		2
64084627592		1
64164627592		0
64170983835		1
64208501833		2
64244627592		1
64324627592		0
64361019592		1
64395796146		2
64404627592		1
64413817147		2
64421958994		3
64432260898		4
64468094357		5
64484627592		4
64512323054		5
64564627592		4
64633635891		5
64644627592		4
64724627592		3
64804627592		2
64881110525		3
64884627592		2
64960343438		3
64964627592		2
65044627592		1
65112783844		2
65124627592		1
65141106386		2
65154653189		3
65204627592		2
65284627592		1
65364627592		0
65377182229		1
65379815536		2
65406928933		3
65444627592		2
65524627592		1
65535722574		2
65604627592		1
65669215414		2
65684627592		1
65723486009		2
65764627592		1
65833781973		2
65838377865		3
65844627592		2
65924627592		1
65968989986		2
66004627592		1
66039612082		2
66084627592		1
66100875075		2
66147038563		3
66164627592		2
66171616969		3
66175927356		4
66244627592		3
66248319977		4
66324627592		3
66359590728		4
66404627592		3
66432887083		4
66484627592		3
66506237046		4
66564627592		3
66581591142		4
66623000077		5
66644627592		4
66724627592		3
66795018317		4
66804627592		3
66858238091		4
66871288453		5
66884627592		4
66961093669		5
66964627592		4
67044627592		3
67109705931		4
67124627592		3
67142920487		4
67201742935		5
67204627592		4
67239481038		5
67284627592		4
67305458287		5
67313175945		6
67352629261		7
67364627592		6
67390961839		7
67420986430		8
67444627592		7
67517555882		8
67524627592		7
67604627592		6
67684627592		5
67693688271		6
67725592222		7
67763583111		8
67764627592		7
67777919390		8
67844627592		7
67894032456		8
67924627592		7
67975803862		8
68004627592		7
68058089783		8
68084627592		7
68096420749		8
68104306979		9
68164627592		8
68244627592		7
68324627592		6
68404627592		5
68484627592		4
68497536972		5
68564627592		4
68644627592		3
68702993565		4
68723709450		5
68724627592		4
68741028643		5
68804627592		4
68884627592		3
68964627592		2
68996018424		3
69011452411		4
69013192793		5
69044627592		4
69080885699		5
69124627592		4
69204627592		3
69230072781		4
69284627592		3
69307548532		4
69360763187		5
69364627592		4
69444627592		3
69463331469		4
69516440905		5
69524627592		4
69604627592		3
69673050156		4
69684627592		3
69764627592		2
69777845401		3
69819926313		4
69844627592		3
69916080322		4
69924627592		3
70004627592		2
70084627592		1
70111466236		2
70164627592		1
70207758130		2
70232947024		3
70244627592		2
70324627592		1
70388744062		2
70404627592		1
70470267155		2
70484627592		1
70564627592		0
70817539226		1
70817539226		0
70871950426		1
70877603743		2
70897539226		1
70943186117		2
70977539226		1
70990493989		2
71057539226		1
71130881950		2
71137539226		1
71217539226		0
71341296894		1
71341296894		0
71587462845		1
71587462845		0
71728494864		1
71728494864		0
71807882187		1
71808494864		0
71922989540		1
71922989540		0
72221199507		1
72221199507		0
72332604730		1
72332604730		0
72516923493		1
72516923493		0
72567485310		1
72583743644		2
72596923493		1
72615225049		2
72631167971		3
72653959920		4
72676923493		3
72709699126		4
72719855504		5
72756923493		4
72758658006		5
72836923493		4
72881194501		5
72916923493		4
72931208923		5
72996923493		4
73076923493		3
73078141372		4
73087035805		5
73156923493		4
73205455370		5
73236923493		4
73286067561		5
73289139263		6
73316923493		5
73358761364		6
73396923493		5
73400992720		6
73467695273		7
73476923493		6
73556923493		5
73636923493		4
73672696049		5
73677174499		6
73716923493		5
73796923493		4
73876923493		3
73901167521		4
73946207549		5
73956923493		4
73964284718		5
74036923493		4
74116923493		3
74159668112		4
74161901905		5
74196923493		4
74276923493		3
74339686966		4
74356923493		3
74400281549		4
74436923493		3
74466983712		4
74516923493		3
74578724375		4
74596923493		3
74640704641		4
74676923493		3
74730657714		4
74756923493		3
74794417884		4
74836923493		3
74891197183		4
74910808759		5
74916923493		4
74982071384		5
74996923493		4
75076923493		3
75118629146		4
75156923493		3
75236923493		2
75269431430		3
75316923493		2
75396923493		1
75410595496		2
75476923493		1
75556923493		0
75593482172		1
75636923493		0
75672345141		1
75716923493		0
75727215192		1
75727409764		2
75736257980		3
75777227458		4
75796923493		3
75872157512		4
75876923493		3
75951556627		4
75956923493		3
76036923493		2
76045902771		3
76116923493		2
76121437662		3
76178239905		4
76196923493		3
76276923493		2
76297602598		3
76315825371		4
76351144183		5
76356923493		4
76436923493		3
76516923493		2
76555744802		3
76591729341		4
76596923493		3
76676923493		2
76719118144		3
76726778645		4
76734438581		5
76756923493		4
76757215303		5
76808708367		6
76823443406		7
76836923493		6
76916923493		5
76996923493		4
77004257412		5
77076923493		4
77089013092		5
77124209092		6
77156923493		5
77236923493		4
77277807369		5
77316923493		4
77353400087		5
77396923493		4
77431958413		5
77471280615		6
77476923493		5
77532371568		6
77556923493		5
77636923493		4
77716923493		3
77796923493		2
77830292363		3
77876923493		2
77938655892		3
77956923493		2
77995429769		3
78036923493		2
78041992211		3
78116923493		2
78196923493		1
78204165247		2
78276923493		1
78301953840		2
78323224065		3
78348504050		4
78356923493		3
78374060573		4
78436923493		3
78513686361		4
78516923493		3
78596923493		2
78676923493		1
78750967188		2
78756923493		1
78836923493		0
78871492082		1
78916923493		0
78990114569		1
78996923493		0
79092988985		1
79092988985		0
79169844156		1
79172988985		0
79294685906		1
79294685906		0
79564069132		1
79564069132		0
79631125841		1
79639106106		2
79644069132		1
79681585246		2
79724069132		1
79743258870		2
79787335705		3
79804069132		2
79884069132		1
79908027340		2
79964069132		1
79983666935		2
80036448848		3
80044069132		2
80081189205		3
80124069132		2
80189351251		3
80192038198		4
80204069132		3
80212587307		4
80218310101		5
80284069132		4
80364069132		3
80433218821		4
80444069132		3
80524069132		2
80543537972		3
80604069132		2
80684069132		1
80762567533		2
80764069132		1
80837611289		2
80840191977		3
80844069132		2
80911400623		3
80921687479		4
80924069132		3
80973883964		4
81004069132		3
81046266187		4
81067902731		5
81084069132		4
81100266681		5
81135307510		6
81164069132		5
81214165527		6
81244069132		5
81324069132		4
81404069132		3
81430567370		4
81484069132		3
81516254117		4
81564069132		3
81590805894		4
81640902595		5
81644069132		4
81708114608		5
81724069132		4
81804069132		3
81836627634		4
81884069132		3
81964069132		2
82020067332		3
82044069132		2
82065414562		3
82124069132		2
82204069132		1
82284069132		0
82366698949		1
82366698949		0
82564048095		1
82564048095		0
82570686015		1
82644048095		0
82774737656		1
82774737656		0
83002952804		1
83002952804		0
83173537850		1
83173537850		0
83313175691		1
83313175691		0
83436511217		1
83436511217		0
83578368808		1
83578368808		0
83640089954		1
83658368808		0
83753316991		1
83753316991		0
83815214023		1
83833316991		0
83933626003		1
83933626003		0
83977772376		1
84013626003		0
84153816638		1
84153816638		0
84161495357		1
84173788574		2
84218410149		3
84233816638		2
84271090612		3
84313816638		2
84344431075		3
84351881369		4
84393816638		3
84430477045		4
84473816638		3
84477451737		4
84487344141		5
84553816638		4
84558376620		5
84609387085		6
84632448382		7
84633816638		6
84650158217		7
84707136692		8
84713816638		7
84793816638		6
84873816638		5
84953816638		4
84967679655		5
85033816638		4
85065740150		5
85113816638		4
85151775672		5
85161742772		6
85193816638		5
85196136280		6
85273816638		5
85329704154		6
85353816638		5
85433816638		4
85487778718		5
85496931214		6
85513816638		5
85593816638		4
85603763517		5
85629534867		6
85652146822		7
85666614134		8
85673816638		7
85699424135		8
85753816638		7
85833816638		6
85913816638		5
85993816638		4
85999081895		5
86073816638		4
86153816638		3
86193083797		4
86233816638		3
86313816638		2
86317427575		3
86393816638		2
86473816638		1
86553816638		0
86568978665		1
86633816638		0
86707966573		1
86713124053		2
86713816638		1
86793816638		0
86846797534		1
86873816638		0
86973298410		1
86973298410		0
87028955227		1
87053298410		0
87513457548		1
87513457548		0
87518202365		1
87593457548		0
87750399699		1
87750399699		0
87985557342		1
87985557342		0
88027932995		1
88065557342		0
88113905455		1
88145557342		0
88240501569		1
88240501569		0
88395494760		1
88395494760		0
88535531066		1
88535531066		0
88594201846		1
88600709089		2
88615155668		3
88615531066		2
88624608997		3
88695531066		2
88698161004		3
88763790702		4
88775531066		3
88813287807		4
88855531066		3
88868121483		4
88935531066		3
89015531066		2
89095531066		1
89175531066		0
89311758245		1
89311758245		0
89396417373		1
89396417373		0
89435543122		1
89476417373		0
89669994240		1
89669994240		0
89676024722		1
89735326123		2
89749994240		1
89829994240		0
89887374817		1
89909994240		0
89920510075		1
89953112870		2
89962846397		3
89989994240		2
90069994240		1
90149994240		0
90184518325		1
90229994240		0
90485397341		1
90485397341		0
90511466601		1
90528240753		2
90565397341		1
90627220225		2
90636017806		3
90645397341		2
90652237729		3
90725397341		2
90800657185		3
90805397341		2
90885397341		1
90909129258		2
90965397341		1
91002046581		2
91014121847		3
91045397341		2
91072401567		3
91125397341		2
91133418938		3
91197754986		4
91205397341		3
91222450294		4
91285397341		3
91310495383		4
91365397341		3
91416507070		4
91421980520		5
91431984122		6
91445397341		5
91525397341		4
91534734724		5
91541243153		6
91573949887		7
91605397341		6
91685397341		5
91740821129		6
91755327847		7
91765397341		6
91775676154		7
91845397341		6
91925397341		5
91931258148		6
91981634309		7
92005397341		6
92024313882		7
92085397341		6
92165397341		5
92245397341		4
92325397341		3
92346102631		4
92405397341		3
92462587563		4
92485397341		3
92498037652		4
92565397341		3
92581022535		4
92645397341		3
92725397341		2
92734654440		3
92805397341		2
92812599983		3
92820627071		4
92885352628		5
92885397341		4
92965397341		3
93025261591		4
93045397341		3
93087657479		4
93125397341		3
93183775753		4
93199706348		5
93205397341		4
93216285102		5
93285397341		4
93356388080		5
93365397341		4
93368117987		5
93372215688		6
93445397341		5
93517022355		6
93525397341		5
93527958153		6
93591033558		7
93605397341		6
93685397341		5
93765397341		4
93845397341		3
93925397341		2
93931850637		3
93963921099		4
94005397341		3
94031856053		4
94085397341		3
94165397341		2
94245397341		1
94285324020		2
94325017203		3
94325397341		2
94347201944		3
94405397341		2
94469802569		3
94485397341		2
94510215385		3
94565397341		2
94645397341		1
94662883661		2
94725397341		1
94805397341		0
94847462373		1
94885397341		0
94920727289		1
94965397341		0
95038936322		1
95045397341		0
95067298280		1
95119439016		2
95125397341		1
95153757564		2
95205397341		1
95237531813		2
95281885116		3
95285397341		2
95363372632		3
95365397341		2
95445397341		1
95449432478		2
95471910503		3
95525397341		2
95605397341		1
95609871907		2
95685397341		1
95734785570		2
95765397341		1
95845397341		0
96003193849		1
96003193849		0
96011366217		1
96031810578		2
96043118463		3
96083193849		2
96163193849		1
96174627226		2
96206062579		3
96243193849		2
96259155519		3
96323193849		2
96362994585		3
96403193849		2
96404580920		3
96412822587		4
96483193849		3
96510503676		4
96563193849		3
96577726109		4
96625595034		5
96643193849		4
96701558927		5
96723193849		4
96803193849		3
96883193849		2
96934191581		3
96963193849		2
97004190251		3
97022105905		4
97043193849		3
97123193849		2
97137412521		3
97181421886		4
97203193849		3
97227941562		4
97267611997		5
97283193849		4
97322778305		5
97363193849		4
97384118391		5
97385029534		6
97387767648		7
97443193849		6
97523193849		5
97586190706		6
97603193849		5
97683193849		4
97763193849		3
97843193849		2
97923193849		1
98003193849		0
98152408285		1
98152408285		0
98171078853		1
98232408285		0
98302132219		1
98312408285		0
98381603385		1
98389406875		2
98392408285		1
98472408285		0
98567658146		1
98567658146		0
98598122102		1
98647658146		0
98658652773		1
98727658146		0
98743601417		1
98785955650		2
98807658146		1
98882973079		2
98887658146		1
98902376863		2
98922080814		3
98933773730		4
98943760455		5
98967658146		4
98990586287		5
99028029734		6
99047658146		5
99078636379		6
99127658146		5
99192816745		6
99207658146		5
99287658146		4
99367658146		3
99387475926		4
99411152209		5
99447658146		4
99466194268		5
99497815081		6
99527658146		5
99607658146		4
99687658146		3
99767658146		2
99795535486		3
99837117869		4
99847658146		3
99904818404		4
99927658146		3
99933959699		4
100007658146		3
100087658146		2
100167658146		1
100247658146		0
