99999	1000
81660785	1000
134395248	1000
154840318	1000
196197160	1000
292613972	1000
323253230	1000
403547481	1000
407315608	1000
433167312	1000
437395655	1000
512471987	1000
513387368	1000
612745495	1000
622428102	1000
729637087	1000
740377113	1000
1104352169	1000
1165269835	1000
1199222040	1000
1455433542	1000
1569039409	1000
1586789574	1000
1678388904	1000
1782836412	1000
1803887773	1000
1810276443	1000
1928766495	1000
1974633178	1000
2000654640	1000
2001000204	1000
2082352846	1000
2353576856	1000
2568558846	1000
2747871560	1000
2818847354	1000
2924077378	1000
2953672323	1000
2977326448	1000
3689397959	1000
3699557921	1000
3746431984	1000
3799100335	1000
3824826132	1000
3825102356	1000
4109494354	1000
4207283049	1000
4284765399	1000
4307617677	1000
4406288972	1000
4604119091	1000
4629899020	1000
4657782918	1000
4680512116	1000
4697079087	1000
4996194767	1000
5044078268	1000
5219184510	1000
5314858451	1000
5335863239	1000
5374920610	1000
5603099413	1000
5699936749	1000
5867120110	1000
6036753165	1000
6077288703	1000
6160034692	1000
6264750924	1000
6466360255	1000
6484632417	1000
6645446649	1000
6793043989	1000
6804289051	1000
6857510981	1000
6964230973	1000
7022623255	1000
7142638060	1000
7412517575	1000
7548384807	1000
7642086420	1000
7730900271	1000
7906406427	1000
7948925997	1000
8019001129	1000
8067097545	1000
8118361374	1000
8168039175	1000
8440861022	1000
8609965678	1000
8819141692	1000
8872796934	1000
8898516978	1000
8911215844	1000
8914917615	1000
8988205730	1000
9010424757	1000
9126612080	1000
9366923981	1000
9382940839	1000
9404396959	1000
9466958509	1000
9535151337	1000
9559505040	1000
9806417912	1000
9833582789	1000
9841470814	1000
9897177338	1000
10033663457	1000
10123440915	1000
10237914680	1000
10273475720	1000
10491008495	1000
10544813739	1000
10552207940	1000
10609218837	1000
10621715486	1000
10754100992	1000
10922813544	1000
10935175522	1000
10961907359	1000
10981323728	1000
11113039061	1000
11188109929	1000
11273213690	1000
11404112104	1000
11483860429	1000
11486451713	1000
11562645109	1000
11577350124	1000
11698414178	1000
11702391306	1000
11752611691	1000
11761368005	1000
11798202619	1000
11877768560	1000
11880518259	1000
11886016579	1000
11909149890	1000
11982386234	1000
12015790654	1000
12053776808	1000
12166638471	1000
12200894096	1000
12328593607	1000
12493469289	1000
12541671597	1000
12647746187	1000
12780200586	1000
12823067187	1000
12901242546	1000
12902798988	1000
13044343792	1000
13075440915	1000
13083215453	1000
13178502125	1000
13213903140	1000
13352216357	1000
13431641285	1000
13438495190	1000
13459448793	1000
13517541316	1000
13642809367	1000
13759658822	1000
13896178048	1000
14070509517	1000
14232841757	1000
14330456303	1000
14429060916	1000
14566113755	1000
14572361605	1000
14581367549	1000
14592672063	1000
14781294607	1000
14819743873	1000
14873581752	1000
14930141827	1000
14937097918	1000
14984502989	1000
14989382458	1000
15079633229	1000
15115133189	1000
15118711209	1000
15163170969	1000
15177439736	1000
15657463026	1000
15816287294	1000
15989964283	1000
16057675878	1000
16060759636	1000
16111719542	1000
16150208386	1000
16249329406	1000
16355406274	1000
16366358275	1000
16406800967	1000
16423427020	1000
16435425413	1000
16661261361	1000
16684137194	1000
16968767992	1000
17068195105	1000
17109438780	1000
17192293808	1000
17209752570	1000
17256808807	1000
17427217902	1000
17427752462	1000
17477987957	1000
17514621503	1000
17561584413	1000
17635868193	1000
17670515950	1000
17691117241	1000
17733287277	1000
17743512789	1000
17780024960	1000
17894555077	1000
18051424810	1000
18248564118	1000
18362713013	1000
18402061999	1000
18709791217	1000
18749714190	1000
18821406458	1000
18869043806	1000
19024791639	1000
19072040762	1000
19131457171	1000
19344052551	1000
19454513537	1000
19487521974	1000
19523409304	1000
19614125704	1000
19898338182	1000
19950963492	1000
19952301025	1000
20043343199	1000
20083981437	1000
20140929557	1000
20160956799	1000
20274004561	1000
20290878799	1000
20448621946	1000
21167714028	1000
21286596412	1000
21294020053	1000
21453302380	1000
21514351882	1000
21525527449	1000
21625763959	1000
21638887564	1000
21734258536	1000
21850991819	1000
21872025452	1000
21904677423	1000
22187099146	1000
22239712863	1000
22242634221	1000
22301441316	1000
22401969206	1000
22456361467	1000
22543473084	1000
22551222375	1000
22716996050	1000
22843902111	1000
22860954025	1000
22878101747	1000
22958694207	1000
23038698495	1000
23190801085	1000
23241693935	1000
23296568212	1000
23359061728	1000
23369364619	1000
23585952849	1000
23589926114	1000
23625078797	1000
23654087868	1000
23812596186	1000
23909564731	1000
24001568945	1000
24069818103	1000
24136203978	1000
24241818414	1000
24324988847	1000
24377578295	1000
24519477205	1000
24626130715	1000
24650981533	1000
24665922300	1000
24765441767	1000
24800469202	1000
24870292494	1000
24879503833	1000
25263270588	1000
25525672654	1000
25543729131	1000
25770197774	1000
25959396579	1000
25980457752	1000
26332856781	1000
26364886772	1000
26496589276	1000
26498249808	1000
26746986489	1000
26767255705	1000
27051796482	1000
27203153875	1000
27293714447	1000
27302279899	1000
27475891187	1000
27503014326	1000
27686202178	1000
27774629055	1000
28066606523	1000
28179882454	1000
28274028618	1000
28337843294	1000
28390618495	1000
28434768078	1000
28465187492	1000
28469083898	1000
28791069766	1000
28852214615	1000
29011094299	1000
29022014044	1000
29050553213	1000
29234330684	1000
29249357419	1000
29273518607	1000
29335970722	1000
29516797934	1000
29516938863	1000
29557786594	1000
29635924537	1000
29649236347	1000
29689930706	1000
29827426241	1000
29850329210	1000
29962031097	1000
30217555033	1000
30235973351	1000
30286470462	1000
30417384403	1000
30511275557	1000
30693609343	1000
30719429433	1000
30728862030	1000
30806843376	1000
30822479915	1000
31053634371	1000
31069413079	1000
31191483847	1000
31222699165	1000
31349111123	1000
31441660892	1000
31465494494	1000
31676805278	1000
31816284916	1000
32262776148	1000
32282103416	1000
32297420975	1000
32516518512	1000
32611620272	1000
32708150671	1000
32854057063	1000
32880559981	1000
32935140666	1000
33068869369	1000
33499981122	1000
33575315903	1000
33722287435	1000
33796437082	1000
33843750384	1000
33856807067	1000
33922966446	1000
34106285362	1000
34189393077	1000
34262860285	1000
34334483411	1000
34533300478	1000
34547680489	1000
34993130254	1000
35030058002	1000
35094183911	1000
35193740173	1000
35268346748	1000
35351478224	1000
35375549622	1000
35915901786	1000
36019448412	1000
36075306611	1000
36156576005	1000
36254330274	1000
36266055398	1000
36300761470	1000
36338626373	1000
36357148985	1000
36395851221	1000
36459786174	1000
36500384676	1000
36545220144	1000
36551642111	1000
36565921281	1000
36922225268	1000
37046241700	1000
37072087700	1000
37173692469	1000
37182203949	1000
37412079701	1000
37504866297	1000
37540972920	1000
37571988860	1000
37665527170	1000
37795603024	1000
37798823599	1000
37843942808	1000
38010247774	1000
38154919883	1000
38202245419	1000
38217946021	1000
38399059871	1000
38482461607	1000
38497504247	1000
38557104331	1000
38699514275	1000
38793311985	1000
39031795221	1000
39066489458	1000
39153518333	1000
39160839111	1000
39349096465	1000
39366273102	1000
39622956117	1000
39934220749	1000
39948479808	1000
40010938092	1000
40031867695	1000
40041635596	1000
40106548224	1000
40152951022	1000
40217254511	1000
40291355214	1000
40364400761	1000
40469009394	1000
40509700822	1000
40549011556	1000
40566792783	1000
40729569150	1000
40774170541	1000
40873539915	1000
40955461251	1000
40972296469	1000
41281704861	1000
41351067317	1000
41532057436	1000
41599365499	1000
41624387365	1000
41711591426	1000
41770333054	1000
41806484363	1000
41809759099	1000
41933704629	1000
41987630044	1000
42140315637	1000
42169565205	1000
42267760932	1000
42309054898	1000
42339936124	1000
42437848314	1000
42828340826	1000
42860807769	1000
42887314942	1000
43008856041	1000
43050369365	1000
43152145532	1000
43177848771	1000
43421110536	1000
43480522693	1000
43556288727	1000
43697678887	1000
43702706620	1000
43924825489	1000
44049414617	1000
44214432724	1000
44350956000	1000
44560763180	1000
44564712852	1000
44628191817	1000
44628863935	1000
44638366225	1000
44764472551	1000
45014844419	1000
45021204106	1000
45041517709	1000
45081386202	1000
45143953920	1000
45440917185	1000
45509462551	1000
45578182743	1000
45610074845	1000
45771434018	1000
45828780311	1000
45837063574	1000
45871252537	1000
45923375872	1000
46189516238	1000
46334161591	1000
46351959212	1000
46649121193	1000
46686171434	1000
46721389182	1000
46796358940	1000
46862913603	1000
46996602573	1000
47106677717	1000
47175033452	1000
47211808074	1000
47218387437	1000
47231976677	1000
47288030215	1000
47318420378	1000
47321357180	1000
47406495123	1000
47758881431	1000
47780229229	1000
47787378093	1000
47970347433	1000
48083158156	1000
48197693966	1000
48326735721	1000
48333788699	1000
48356046336	1000
48436093883	1000
48484615630	1000
48527392102	1000
48540827036	1000
48647814687	1000
48647845627	1000
48750327660	1000
49005857425	1000
49079565651	1000
49138324690	1000
49469296257	1000
49782874276	1000
49794713443	1000
49993276718	1000
50148375918	1000
50252030488	1000
50276948808	1000
50355708903	1000
50436748083	1000
50464385940	1000
50664658998	1000
50859191097	1000
50915895377	1000
51048092106	1000
51059059937	1000
51223039318	1000
51223937960	1000
51457194883	1000
51471802271	1000
51483583775	1000
51519791351	1000
51608534082	1000
51800222807	1000
51869770980	1000
52027296944	1000
52357116118	1000
52512216756	1000
52516684409	1000
52620987555	1000
52634020605	1000
52802647818	1000
52874535739	1000
52888256618	1000
52964976772	1000
52977940795	1000
53074076754	1000
53083475538	1000
53087264098	1000
53127786698	1000
53163568367	1000
53228433475	1000
53309584017	1000
53353798435	1000
53378375464	1000
53434215611	1000
53450145893	1000
53513124839	1000
53522001312	1000
53606487300	1000
53641176680	1000
53739249588	1000
53852919004	1000
54039228801	1000
54052637898	1000
54056443605	1000
54148544862	1000
54170171204	1000
54204122519	1000
54377169202	1000
54420691775	1000
54541742339	1000
54750760954	1000
54805551044	1000
54878407511	1000
54901459549	1000
54924120869	1000
54995861386	1000
55067255700	1000
55217023618	1000
55227192699	1000
55400526084	1000
55494744802	1000
55693876817	1000
55825816333	1000
55861241988	1000
55880446995	1000
55905674713	1000
55982670643	1000
56023143713	1000
56068933566	1000
56233091153	1000
56377430107	1000
56448827975	1000
56485948241	1000
56516670021	1000
56549331053	1000
56573599548	1000
56790579420	1000
56791816843	1000
56838013746	1000
56874434511	1000
56936368145	1000
57028693028	1000
57089706331	1000
57180229375	1000
57202595111	1000
57333893754	1000
57338433263	1000
57397498253	1000
57444074270	1000
57746682944	1000
57873464485	1000
57886041350	1000
57931385199	1000
58186018420	1000
58209824650	1000
58309206712	1000
58361379869	1000
58423920697	1000
58594684487	1000
58622498074	1000
58674224263	1000
58751212175	1000
58771292626	1000
58784801278	1000
59008827224	1000
59124388017	1000
59233464980	1000
59644330031	1000
59757022802	1000
59965917629	1000
60011053946	1000
60028300517	1000
60265480917	1000
60373606625	1000
60393797203	1000
60566468348	1000
60640971592	1000
60713527154	1000
60744323850	1000
60782780574	1000
60958669684	1000
60977537945	1000
61081727317	1000
61194047356	1000
61284065197	1000
61488278343	1000
61620977692	1000
61641668315	1000
61784540662	1000
61835413080	1000
61923152301	1000
62076308452	1000
62095297666	1000
62175664911	1000
62389601820	1000
62476396074	1000
62478711179	1000
62624949727	1000
62739279735	1000
62866792652	1000
62888923883	1000
62939775965	1000
63098884508	1000
63254872481	1000
63624695586	1000
63715402004	1000
63727330198	1000
63916361313	1000
63952447166	1000
64101784355	1000
64200000914	1000
64495447890	1000
64522334906	1000
64901293026	1000
64981814273	1000
65030038404	1000
65064155431	1000
65159195431	1000
65169525916	1000
65181248516	1000
65309046622	1000
65467267467	1000
65517321514	1000
65962864972	1000
66024092120	1000
66285162353	1000
66414405495	1000
66448516166	1000
66457793302	1000
66505193028	1000
66668447448	1000
66862073618	1000
66870230335	1000
67014974951	1000
67159612388	1000
67162251582	1000
67273268616	1000
67286603920	1000
67566865539	1000
67638177390	1000
67752795560	1000
68024098442	1000
68111902635	1000
68140912844	1000
68152946484	1000
68268348375	1000
68268411124	1000
68312669448	1000
68439370954	1000
68440263248	1000
68552882489	1000
68642788356	1000
68721095751	1000
69154676227	1000
69291186401	1000
69348724980	1000
69354253014	1000
69361274882	1000
69378471996	1000
69401831831	1000
69478044573	1000
69920293082	1000
69921874156	1000
70117306466	1000
70141679427	1000
70240295080	1000
70298910152	1000
70456933049	1000
70478326335	1000
70493307188	1000
70604808604	1000
70626356743	1000
70643139578	1000
70687387464	1000
70892561971	1000
70910935949	1000
71016624284	1000
71132078677	1000
71140834816	1000
71431656411	1000
71446100206	1000
71452686747	1000
71559835656	1000
71599127200	1000
71646842244	1000
71671365695	1000
71673822934	1000
71796785231	1000
71857096464	1000
71916538810	1000
72025957885	1000
72084945100	1000
72246518666	1000
72434968190	1000
72448622642	1000
72497239905	1000
72538146612	1000
72539664862	1000
72544602409	1000
72554208792	1000
72574315716	1000
72671852185	1000
72684618659	1000
72815198460	1000
73099278294	1000
73259986159	1000
73446501828	1000
73470838524	1000
73490778125	1000
73541683529	1000
73617215879	1000
73642400797	1000
73748793677	1000
73779323264	1000
73806269308	1000
73815592564	1000
73888265292	1000
74206000953	1000
74240409387	1000
74277060317	1000
74334175454	1000
74567025623	1000
74696971123	1000
74792025148	1000
74819071561	1000
74884953825	1000
74899703083	1000
75067946666	1000
75084432674	1000
75212773015	1000
75250151163	1000
75251050153	1000
75279892388	1000
75334480064	1000
75539432060	1000
75756659080	1000
75828992392	1000
76273514357	1000
76311460236	1000
76375784825	1000
76391638903	1000
76411824965	1000
76515660801	1000
76536393820	1000
76754454409	1000
76952640617	1000
77139546816	1000
77219703508	1000
77225956266	1000
77349569562	1000
77503153518	1000
77645012117	1000
77798512579	1000
77803732683	1000
78045673685	1000
78216247259	1000
78600747820	1000
78625112553	1000
78715414269	1000
78822730170	1000
78835580476	1000
78851923547	1000
78891212781	1000
79030351572	1000
79140684664	1000
79526012547	1000
79586978935	1000
79889029745	1000
80028575482	1000
80084887722	1000
80154750519	1000
80271219027	1000
80366928461	1000
80397835783	1000
80447626178	1000
80482750094	1000
80512455368	1000
80541992827	1000
80573839236	1000
80585418704	1000
80673844836	1000
80703183753	1000
80864819406	1000
80867258587	1000
80895469608	1000
81100832906	1000
81178867813	1000
81194133948	1000
81328765834	1000
81409791467	1000
81499129837	1000
81558827979	1000
81569363009	1000
81662623938	1000
81674906495	1000
81692860947	1000
81863879954	1000
81965154559	1000
81975243725	1000
81987907596	1000
82002596510	1000
82203956654	1000
82380084623	1000
82501180646	1000
82573964796	1000
82606283724	1000
82691096901	1000
82721247369	1000
82722082094	1000
82801859637	1000
82892692569	1000
82929043207	1000
83017109834	1000
83084616588	1000
83116317586	1000
83375019826	1000
83439108546	1000
83497923499	1000
83642512693	1000
83674708293	1000
83839351414	1000
84061595417	1000
84117679518	1000
84124330703	1000
84257531918	1000
84332579170	1000
84358263692	1000
84556009699	1000
84634708161	1000
84755737374	1000
84942560599	1000
85028526662	1000
85118398227	1000
85124371079	1000
85179091471	1000
85329533455	1000
85335843969	1000
85398742331	1000
85535995088	1000
85702510132	1000
85745417338	1000
85825500091	1000
85937375911	1000
85977176973	1000
86060550285	1000
86139321714	1000
86257053850	1000
86257728321	1000
86563899712	1000
86657155809	1000
86658436586	1000
86829075859	1000
86858495556	1000
87185718326	1000
87220735814	1000
87481520654	1000
87507395502	1000
87517885698	1000
87660447244	1000
87802074450	1000
87828970968	1000
88009395687	1000
88169479339	1000
88182191299	1000
88449291090	1000
88451022923	1000
88487950750	1000
88577866174	1000
88640336488	1000
88914449884	1000
88915793208	1000
88965884163	1000
89155346269	1000
89159908619	1000
89259670386	1000
89318603259	1000
89488080857	1000
89514977324	1000
89581236154	1000
89659964251	1000
89796451212	1000
89804478337	1000
89879852167	1000
89901898088	1000
89948895196	1000
89955035377	1000
90072123694	1000
90110435105	1000
90115630624	1000
90150508977	1000
90245441586	1000
90304311226	1000
90359394548	1000
90411743441	1000
90677522418	1000
90743924534	1000
90943162005	1000
91047365314	1000
91199037343	1000
91404634791	1000
91508550744	1000
91550115873	1000
91565810900	1000
91713907633	1000
91802534025	1000
91807855800	1000
91843986423	1000
91883967762	1000
91920320026	1000
91980183473	1000
91996714967	1000
92000336025	1000
92225661187	1000
92423559652	1000
92482385276	1000
92644572154	1000
92749705552	1000
92863844957	1000
92897936816	1000
92902738842	1000
92922003137	1000
93037283334	1000
93043227363	1000
93124658182	1000
93232446089	1000
93483656801	1000
93533383460	1000
93534350351	1000
93542745296	1000
93553459785	1000
93810804692	1000
93865784056	1000
93880980562	1000
93937346204	1000
94003453251	1000
94020102937	1000
94132714737	1000
94298238632	1000
94306530060	1000
94326852614	1000
94484760208	1000
94559965761	1000
94783422264	1000
94815564907	1000
94876915664	1000
94895089281	1000
94903943239	1000
94959599693	1000
95486028823	1000
95744650139	1000
95885505541	1000
96171281461	1000
96178487853	1000
96230702217	1000
96232170466	1000
96390440315	1000
96631083468	1000
96880673411	1000
96918373748	1000
96920732894	1000
97053562974	1000
97100209392	1000
97493037387	1000
97522896419	1000
97623050818	1000
97735340356	1000
97769675695	1000
97792866623	1000
97814122518	1000
97833378548	1000
97955663338	1000
98024493733	1000
98080456254	1000
98184058568	1000
98259135330	1000
98285683482	1000
98374130943	1000
98508314046	1000
98578786125	1000
98629991798	1000
98661173344	1000
98843270566	1000
98952468362	1000
99016823643	1000
99257014817	1000
99340294400	1000
99414690807	1000
99722555846	1000
99734657481	1000
99763871110	1000
99786420082	1000
99945305969	1000
