99999	1000
28133270	1000
84166634	1000
122022161	1000
316663599	1000
405702095	1000
495031188	1000
581688731	1000
625068554	1000
656635148	1000
803684174	1000
1118231634	1000
1142241584	1000
1180322532	1000
1200427523	1000
1245607157	1000
1393136256	1000
1400937729	1000
1600731770	1000
1615321074	1000
1662706875	1000
1681912522	1000
1930586963	1000
2228766510	1000
2592594026	1000
2724524431	1000
2799972021	1000
2869566757	1000
2949982412	1000
3081468561	1000
3289172561	1000
3291152614	1000
3327593878	1000
3356197927	1000
3484811999	1000
3592336025	1000
3699970052	1000
3751285601	1000
3777525543	1000
3820355782	1000
3822288024	1000
3883326497	1000
4015549104	1000
4154418380	1000
4186087954	1000
4202534181	1000
4312338595	1000
4338110660	1000
4341945267	1000
4417210412	1000
4806202543	1000
4963235522	1000
5010346451	1000
5306684782	1000
5433940745	1000
5736075007	1000
5781568467	1000
5886128927	1000
5892480523	1000
6237193666	1000
6284166836	1000
6312349520	1000
6414630711	1000
6570616624	1000
6617799703	1000
6861892036	1000
7037675497	1000
7126558119	1000
7152478489	1000
7210427335	1000
7211699201	1000
7342401744	1000
7484536255	1000
7586061957	1000
8087579987	1000
8120400571	1000
8161949372	1000
8216541576	1000
8263214977	1000
8332457781	1000
8384528721	1000
8420363975	1000
8425310993	1000
8558517341	1000
8632648783	1000
8645119488	1000
8649254534	1000
8942175416	1000
9019673264	1000
9329205733	1000
9383914703	1000
9465613865	1000
9589723914	1000
9661843625	1000
9688070497	1000
9749861888	1000
9764217862	1000
9801092538	1000
9814148616	1000
9933581888	1000
9968712502	1000
10040177024	1000
10044279823	1000
10083397063	1000
10101306342	1000
10135042623	1000
10194001658	1000
10312006303	1000
10415711243	1000
10435404237	1000
11040946181	1000
11073929983	1000
11279904323	1000
11350277167	1000
11475735692	1000
11520126347	1000
11541997935	1000
11619493390	1000
11635604180	1000
11930545057	1000
12006003594	1000
12092176214	1000
12122015566	1000
12191524502	1000
12247280911	1000
12271449388	1000
12325625262	1000
12341884504	1000
12477772975	1000
12510872251	1000
12596123332	1000
12918208054	1000
12923045748	1000
12966710746	1000
12989285340	1000
13061592610	1000
13082085202	1000
13123062671	1000
13123505695	1000
13168943786	1000
13211772441	1000
13316795946	1000
13316982917	1000
13527199628	1000
13681728426	1000
13776965525	1000
13778366086	1000
13783077092	1000
13796493981	1000
13798459302	1000
13825516255	1000
13837907018	1000
13864456263	1000
13942725761	1000
14016924269	1000
14071670739	1000
14130308396	1000
14159605346	1000
14170791116	1000
14177466651	1000
14188753057	1000
14229973364	1000
14322189627	1000
14393503567	1000
14467461935	1000
14469368032	1000
14481521955	1000
14682290868	1000
14749556924	1000
14908279820	1000
15210215956	1000
15248827151	1000
15280955255	1000
15471710636	1000
15656567218	1000
15711054782	1000
15755236032	1000
15931805421	1000
16028560933	1000
16065544841	1000
16108347387	1000
16334298868	1000
16637846477	1000
16863015397	1000
16893537127	1000
16910380126	1000
17051709197	1000
17290645405	1000
17477841229	1000
17536419973	1000
17794141067	1000
17843226160	1000
17879254683	1000
17915872784	1000
17988163985	1000
18189927220	1000
18237305424	1000
18371381533	1000
18373828357	1000
18585523714	1000
18600704164	1000
18723262025	1000
18763522321	1000
18771182021	1000
18782048497	1000
18888634624	1000
19049697537	1000
19089192517	1000
19196506726	1000
19231418631	1000
19420598646	1000
19537468700	1000
19578931974	1000
19692089963	1000
19694575477	1000
19754204156	1000
19767619200	1000
19781670413	1000
19854803446	1000
19962462819	1000
20033841743	1000
20137519523	1000
20243795718	1000
20262246268	1000
20292885686	1000
20468039113	1000
20495506435	1000
20585606199	1000
20596012214	1000
20662546393	1000
20884483139	1000
21017634324	1000
21151606226	1000
21172555648	1000
21184193982	1000
21188633657	1000
21344563679	1000
21548761517	1000
21564958160	1000
21837290618	1000
21863917047	1000
21915286613	1000
21961103356	1000
21992837248	1000
22006227561	1000
22535589912	1000
22550189757	1000
22709221698	1000
22818289998	1000
22851011324	1000
22875544142	1000
22927213843	1000
23088632242	1000
23106465724	1000
23127025526	1000
23157740179	1000
23217164568	1000
23299695535	1000
23333623354	1000
23679052254	1000
23769793640	1000
24034416337	1000
24102834431	1000
24116054316	1000
24118228775	1000
24209645457	1000
24224959332	1000
24275456058	1000
24463363716	1000
24489097863	1000
24666144681	1000
24773505941	1000
24823708999	1000
24962397574	1000
25014631759	1000
25369771187	1000
25385592953	1000
25559072693	1000
25700904686	1000
26020460954	1000
26028476569	1000
26084797512	1000
26121715247	1000
26124295374	1000
26147991886	1000
26157971302	1000
26196066699	1000
26368657626	1000
26455540382	1000
26550794263	1000
26733793482	1000
26793420701	1000
26863210543	1000
26894495675	1000
27023680894	1000
27103042486	1000
27126473362	1000
27183565565	1000
27326341106	1000
27378514506	1000
27502810302	1000
27539197582	1000
27621497778	1000
27638467593	1000
27639970593	1000
27640575283	1000
27887402263	1000
28090910478	1000
28190944256	1000
28281094967	1000
28451718872	1000
28498314958	1000
28499477728	1000
28501317684	1000
28501721289	1000
28536907758	1000
28573122628	1000
28648185050	1000
28683884710	1000
28814203402	1000
28912977119	1000
28963639737	1000
29039990611	1000
29224370555	1000
29315923070	1000
29559163551	1000
29846174842	1000
29948019592	1000
30041104831	1000
30060712304	1000
30068207320	1000
30120368933	1000
30152250720	1000
30175350108	1000
30364996720	1000
30602442135	1000
30765028573	1000
31071538126	1000
31091070565	1000
31277549065	1000
31320049294	1000
31341880497	1000
31343085612	1000
31399461879	1000
31413381344	1000
31414612067	1000
31552553683	1000
31563884319	1000
31667935603	1000
31748613062	1000
31761093348	1000
31765598183	1000
31830390648	1000
31879660714	1000
31915478551	1000
32026373180	1000
32060244332	1000
32233610721	1000
32248725824	1000
32301706547	1000
32326665115	1000
32412407330	1000
32478922886	1000
32538926462	1000
32759109808	1000
32985945690	1000
33047049562	1000
33192492922	1000
33374818412	1000
33513504643	1000
33883213803	1000
33888225578	1000
33920000866	1000
33963282632	1000
33990131289	1000
34028562615	1000
34079034384	1000
34220714660	1000
34316867556	1000
34618459386	1000
34721958064	1000
34761269077	1000
34786504103	1000
34800232479	1000
34821746576	1000
34974562227	1000
34981704001	1000
35012185954	1000
35037282359	1000
35355638243	1000
35375094824	1000
35379814415	1000
35441218437	1000
35518471313	1000
35565911777	1000
35583369509	1000
35624319989	1000
35709129342	1000
35835751486	1000
36094738409	1000
36148665778	1000
36218709085	1000
36222530278	1000
36227879255	1000
36238142070	1000
36284199510	1000
36410460300	1000
36444396784	1000
36574726369	1000
36606343657	1000
36676137928	1000
36726344621	1000
36757598144	1000
36842843504	1000
36844334028	1000
36894743491	1000
36981879383	1000
37041942658	1000
37090885316	1000
37196140242	1000
37279905079	1000
37492860644	1000
37518953103	1000
37539564222	1000
37575910555	1000
37730597432	1000
37819406371	1000
38152556965	1000
38180441168	1000
38190161714	1000
38340619682	1000
38404480334	1000
38433039679	1000
38458530751	1000
38491613230	1000
38520530811	1000
38609108954	1000
38634135795	1000
38692838436	1000
38715674971	1000
38920579655	1000
38930663626	1000
38940232491	1000
39034467315	1000
39077004405	1000
39117488662	1000
39174868952	1000
39179273372	1000
39209602272	1000
39314399805	1000
39367857697	1000
39567126176	1000
39596756004	1000
39627760854	1000
39641830145	1000
39718414119	1000
39743475769	1000
39939240993	1000
40204918412	1000
40289304487	1000
40436725258	1000
40661261286	1000
40779038511	1000
40782211243	1000
41087209555	1000
41263850018	1000
41443957912	1000
41466993617	1000
41485880082	1000
41638652508	1000
41682893352	1000
41818946935	1000
41839938005	1000
41920382306	1000
41996046711	1000
42001040644	1000
42026643645	1000
42079176513	1000
42186742566	1000
42298361780	1000
42373689079	1000
42453575013	1000
42516131693	1000
42518884317	1000
42687300831	1000
42781274758	1000
42878845618	1000
42919221989	1000
43415097313	1000
43547959800	1000
43624429761	1000
43720895915	1000
44023159994	1000
44101102516	1000
44156591186	1000
44266148188	1000
44281225177	1000
44432824068	1000
44469523684	1000
44661467409	1000
44685723909	1000
44755850442	1000
44789038509	1000
45059575025	1000
45151999612	1000
45196356252	1000
45346482714	1000
45381053576	1000
45436117307	1000
45707472440	1000
45742442316	1000
45786185558	1000
46023657033	1000
46204876680	1000
46365426146	1000
46381326532	1000
46392606038	1000
46404997554	1000
46407098482	1000
46550436658	1000
46702232516	1000
46750393435	1000
46919556675	1000
46950236275	1000
47074932148	1000
47165124321	1000
47188302860	1000
47214801682	1000
47314283568	1000
47334758083	1000
47436793355	1000
47664689209	1000
47729636767	1000
47814434884	1000
47847179638	1000
47868321769	1000
47869163347	1000
47875568697	1000
47935598702	1000
47991961801	1000
48029190777	1000
48326877555	1000
48331907994	1000
48357759309	1000
48516141165	1000
48681169377	1000
48995618559	1000
49045670899	1000
49054789289	1000
49293928087	1000
49480181657	1000
50094480258	1000
50168033800	1000
50180988667	1000
50222983899	1000
50288753563	1000
50359674862	1000
50375278565	1000
50399862644	1000
50506217528	1000
50561507589	1000
50610012890	1000
50855866242	1000
50961416532	1000
51001821425	1000
51006848342	1000
51096706447	1000
51154505760	1000
51241484503	1000
51254567833	1000
51268558669	1000
51294512230	1000
51318968411	1000
51478634739	1000
51554153834	1000
51680527157	1000
51689959111	1000
51708280888	1000
51722974586	1000
51723333302	1000
51785521588	1000
51803417916	1000
51847731424	1000
52001262613	1000
52154464594	1000
52512037826	1000
52558112406	1000
52579597498	1000
52732202157	1000
52839109317	1000
52850824355	1000
53025263075	1000
53096339948	1000
53159756366	1000
53367351923	1000
53370479030	1000
53494532559	1000
53529898883	1000
53552148763	1000
53683244372	1000
53937889659	1000
54005968617	1000
54054688726	1000
54138638139	1000
54210179296	1000
54318790558	1000
54623581916	1000
54757313641	1000
54807960827	1000
54809534386	1000
54834762091	1000
54862676781	1000
55079665753	1000
55125698670	1000
55280971305	1000
55289535006	1000
55498456993	1000
55523197869	1000
55529257207	1000
55571290819	1000
55648098739	1000
55767712485	1000
55794287481	1000
55886794400	1000
56220207272	1000
56263804850	1000
56302138842	1000
56323317866	1000
56324741450	1000
56405027088	1000
56480012571	1000
56586245478	1000
56659074473	1000
56726908079	1000
56825175945	1000
57145508431	1000
57218794235	1000
57250013076	1000
57251974786	1000
57263584061	1000
57495577628	1000
57720270082	1000
57785957486	1000
57878317047	1000
57900992323	1000
57964600801	1000
57987422087	1000
58400252048	1000
58490546389	1000
58517504801	1000
58627437776	1000
58672356126	1000
58698731954	1000
58753874480	1000
58929208383	1000
58976013876	1000
59006403184	1000
59238434974	1000
59303541073	1000
59336671559	1000
59376209197	1000
59400776661	1000
59498263318	1000
59620132868	1000
59624897620	1000
59698049746	1000
59706129327	1000
59731023033	1000
59834653418	1000
59982515051	1000
60225461515	1000
60262589816	1000
60307309193	1000
60393467398	1000
60421816515	1000
60550449183	1000
60617226419	1000
60867685228	1000
60867918691	1000
60901188276	1000
61011219947	1000
61027501940	1000
61181199471	1000
61277123246	1000
61475343906	1000
61591007876	1000
61944002080	1000
62128431128	1000
62313332672	1000
62444809178	1000
62460684598	1000
62485065163	1000
62628953573	1000
62734753975	1000
62756399389	1000
62832324316	1000
62854174519	1000
62987160523	1000
63047316652	1000
63350715519	1000
63480990716	1000
63490240461	1000
63585235316	1000
63585332579	1000
63672580179	1000
63686084008	1000
63715041391	1000
63779099999	1000
63999526218	1000
64041070602	1000
64079360065	1000
64206657861	1000
64316105736	1000
64329651727	1000
64332836191	1000
64413415755	1000
64441237092	1000
64733731785	1000
64862996050	1000
64893742775	1000
64974186667	1000
65028084251	1000
65178348802	1000
65357890081	1000
65536955396	1000
65549151552	1000
65911240148	1000
65922523792	1000
66000884071	1000
66202604727	1000
66256967503	1000
66305567277	1000
66342930228	1000
66387989501	1000
66404816984	1000
66502806158	1000
66573548931	1000
66629580481	1000
66675139088	1000
66765593050	1000
66934434640	1000
66942588236	1000
67122261650	1000
67236560079	1000
67253532860	1000
67255864917	1000
67485964271	1000
67629487725	1000
67634851740	1000
67668073798	1000
67668924353	1000
67859787823	1000
67948857313	1000
68112390328	1000
68123040254	1000
68129264385	1000
68160698654	1000
68161021410	1000
68298012193	1000
68340148417	1000
68355665952	1000
68515791838	1000
68532260821	1000
68547029736	1000
68562902487	1000
68590976521	1000
68592868727	1000
68837538566	1000
68858273873	1000
69162887886	1000
69254232940	1000
69294238364	1000
69381579828	1000
69511455578	1000
69532588664	1000
69949101177	1000
70082782171	1000
70176194788	1000
70200653941	1000
70226270730	1000
70359472409	1000
70447618221	1000
70474822900	1000
70481995588	1000
70559659967	1000
70589519230	1000
70660631208	1000
70769931793	1000
70795800081	1000
70856417394	1000
70979824397	1000
71001301335	1000
71039465529	1000
71110539129	1000
71340009243	1000
71453296900	1000
71471770431	1000
71484771214	1000
71546032293	1000
71582408187	1000
71740999246	1000
71777370364	1000
71852114511	1000
71960130689	1000
72183602681	1000
72191486136	1000
72297938925	1000
72372293428	1000
72495313910	1000
72560866501	1000
72621994098	1000
72640105072	1000
72749448985	1000
72752160505	1000
72857689617	1000
72951812371	1000
72952046087	1000
73079659625	1000
73295080397	1000
73384763806	1000
73451071263	1000
73506257445	1000
73615772383	1000
73879133900	1000
73911625643	1000
73915842676	1000
73945886409	1000
73968387747	1000
73995083672	1000
74006699834	1000
74036691105	1000
74205858337	1000
74214224494	1000
74221874904	1000
74332483370	1000
74405608768	1000
74611323971	1000
74634500245	1000
74662430121	1000
74880410004	1000
75007304673	1000
75037330102	1000
75049891477	1000
75089159095	1000
75430224147	1000
75450459886	1000
75458045001	1000
75606022799	1000
75630947171	1000
75733763830	1000
76288140694	1000
76375284873	1000
76408120323	1000
76465527297	1000
76630367815	1000
76662535075	1000
76681982704	1000
76730675753	1000
76800110655	1000
76873843620	1000
76894662373	1000
76913819641	1000
76933775262	1000
76952707283	1000
77037515518	1000
77250797060	1000
77349355349	1000
77363834097	1000
77473130719	1000
77502206095	1000
77537972657	1000
77610291490	1000
77702383335	1000
77812757326	1000
77814055480	1000
77836761884	1000
77930309404	1000
77997634107	1000
78069168186	1000
78112723217	1000
78209151178	1000
78270318800	1000
78302449490	1000
78450999251	1000
78559557381	1000
78567304083	1000
78584280273	1000
78631147323	1000
78672417166	1000
78688919121	1000
78743517538	1000
78905508208	1000
79069001351	1000
79118777218	1000
79193391880	1000
79201053352	1000
79231056577	1000
79398128806	1000
79439057198	1000
79575452618	1000
79580498762	1000
79810402558	1000
79917109138	1000
79948162216	1000
80021681363	1000
80341455589	1000
80532034965	1000
80592953726	1000
80688389358	1000
80710352801	1000
80787143366	1000
81010732042	1000
81066786300	1000
81230456870	1000
81364209562	1000
81420875823	1000
81768105734	1000
81802686031	1000
81836053124	1000
81857538832	1000
81898780768	1000
82032451604	1000
82040734325	1000
82072803867	1000
82276224833	1000
82294930686	1000
82360175571	1000
82376608657	1000
82471235970	1000
82494340468	1000
82524279979	1000
82528063862	1000
82693826186	1000
82847453694	1000
82850460032	1000
82878067452	1000
82900118575	1000
82941409956	1000
83198612212	1000
83204355778	1000
83550333321	1000
83560727836	1000
84024827436	1000
84174103156	1000
84250194045	1000
84282911629	1000
84335225100	1000
84507851641	1000
84637587177	1000
84744347710	1000
84849420260	1000
84862794436	1000
84898706742	1000
85021702399	1000
85134794322	1000
85233644375	1000
85277167128	1000
85295138125	1000
85373359314	1000
85412108236	1000
85450222299	1000
85495381886	1000
85580658498	1000
85699202003	1000
85856922267	1000
85873886301	1000
85913329817	1000
85953353145	1000
86016334049	1000
86224693224	1000
86285029364	1000
86300621423	1000
86357924939	1000
86426836582	1000
86501207643	1000
86547560579	1000
86625695797	1000
86643788193	1000
86762823998	1000
86846801491	1000
86999570468	1000
87015170442	1000
87040471591	1000
87099822348	1000
87140323513	1000
87210505073	1000
87350591590	1000
87394432437	1000
87684542675	1000
87698841669	1000
87851421009	1000
88026150810	1000
88108953820	1000
88152412416	1000
88313540350	1000
88319858005	1000
88406339162	1000
88471073903	1000
88499299486	1000
88645890695	1000
88796824800	1000
88853744781	1000
89038865969	1000
89097302718	1000
89159230724	1000
89249428841	1000
89507145700	1000
89592093587	1000
89617913898	1000
89628870525	1000
89795001551	1000
89896711604	1000
89912456662	1000
89931749268	1000
89972635531	1000
90083035159	1000
90203161001	1000
90233065581	1000
90329315739	1000
90331987527	1000
90424537492	1000
90447580015	1000
90483689953	1000
90617445598	1000
90694812462	1000
90757041327	1000
90834661991	1000
90907408699	1000
91099411986	1000
91147626290	1000
91156421184	1000
91471229813	1000
91558515854	1000
91722405433	1000
91734027797	1000
91829301535	1000
91978132669	1000
92033307814	1000
92088700780	1000
92237744257	1000
92292409037	1000
92478242271	1000
92493063091	1000
92569091167	1000
92611185435	1000
92619986483	1000
92623937088	1000
92763713976	1000
92773100472	1000
92816488988	1000
92818346519	1000
92905644214	1000
93032476505	1000
93248774062	1000
93321662210	1000
93344353442	1000
93545791257	1000
93551974511	1000
93559410428	1000
93564261406	1000
93572115170	1000
93756871470	1000
93921646929	1000
93962024034	1000
93970321056	1000
94109251703	1000
94110459103	1000
94142803238	1000
94377631308	1000
94531641675	1000
94627415134	1000
94795627988	1000
94818875070	1000
94883135559	1000
94939421961	1000
95067695205	1000
95082249285	1000
95173700523	1000
95429819305	1000
95523830809	1000
95558606915	1000
95614840185	1000
95712911557	1000
95755472613	1000
95766072639	1000
95848450322	1000
95885180310	1000
95948204234	1000
95998208659	1000
96084616234	1000
96097057458	1000
96294142117	1000
96317004445	1000
96700220584	1000
96724552188	1000
96886929963	1000
96930146730	1000
96993907657	1000
97021562828	1000
97092359458	1000
97105528745	1000
97295970420	1000
97520007252	1000
97541429788	1000
97550223477	1000
97592460458	1000
97696912772	1000
97877523733	1000
98055268863	1000
98341322029	1000
98481309500	1000
98512218267	1000
98530031275	1000
98618821253	1000
98946468860	1000
99036406955	1000
99116804064	1000
99170411687	1000
99216138499	1000
99454194959	1000
99728051232	1000
99770727397	1000
99916742206	1000
