99999		1
99999		0
28133270		1
80099999		0
84166634		1
122022161		2
160099999		1
240099999		0
316663599		1
320099999		0
405702095		1
405702095		0
495031188		1
495031188		0
581688731		1
581688731		0
625068554		1
656635148		2
661688731		1
741688731		0
803684174		1
821688731		0
1118231634		1
1118231634		0
1142241584		1
1180322532		2
1198231634		1
1200427523		2
1245607157		3
1278231634		2
1358231634		1
1393136256		2
1400937729		3
1438231634		2
1518231634		1
1598231634		0
1600731770		1
1615321074		2
1662706875		3
1678231634		2
1681912522		3
1758231634		2
1838231634		1
1918231634		0
1930586963		1
1998231634		0
2228766510		1
2228766510		0
2592594026		1
2592594026		0
2724524431		1
2724524431		0
2799972021		1
2804524431		0
2869566757		1
2884524431		0
2949982412		1
2964524431		0
3081468561		1
3081468561		0
3289172561		1
3289172561		0
3291152614		1
3327593878		2
3356197927		3
3369172561		2
3449172561		1
3484811999		2
3529172561		1
3592336025		2
3609172561		1
3689172561		0
3699970052		1
3751285601		2
3769172561		1
3777525543		2
3820355782		3
3822288024		4
3849172561		3
3883326497		4
3929172561		3
4009172561		2
4015549104		3
4089172561		2
4154418380		3
4169172561		2
4186087954		3
4202534181		4
4249172561		3
4312338595		4
4329172561		3
4338110660		4
4341945267		5
4409172561		4
4417210412		5
4489172561		4
4569172561		3
4649172561		2
4729172561		1
4806202543		2
4809172561		1
4889172561		0
4963235522		1
4969172561		0
5010346451		1
5049172561		0
5306684782		1
5306684782		0
5433940745		1
5433940745		0
5736075007		1
5736075007		0
5781568467		1
5816075007		0
5886128927		1
5892480523		2
5896075007		1
5976075007		0
6237193666		1
6237193666		0
6284166836		1
6312349520		2
6317193666		1
6397193666		0
6414630711		1
6477193666		0
6570616624		1
6570616624		0
6617799703		1
6650616624		0
6861892036		1
6861892036		0
7037675497		1
7037675497		0
7126558119		1
7126558119		0
7152478489		1
7206558119		0
7210427335		1
7211699201		2
7286558119		1
7342401744		2
7366558119		1
7446558119		0
7484536255		1
7526558119		0
7586061957		1
7606558119		0
8087579987		1
8087579987		0
8120400571		1
8161949372		2
8167579987		1
8216541576		2
8247579987		1
8263214977		2
8327579987		1
8332457781		2
8384528721		3
8407579987		2
8420363975		3
8425310993		4
8487579987		3
8558517341		4
8567579987		3
8632648783		4
8645119488		5
8647579987		4
8649254534		5
8727579987		4
8807579987		3
8887579987		2
8942175416		3
8967579987		2
9019673264		3
9047579987		2
9127579987		1
9207579987		0
9329205733		1
9329205733		0
9383914703		1
9409205733		0
9465613865		1
9489205733		0
9589723914		1
9589723914		0
9661843625		1
9669723914		0
9688070497		1
9749723914		0
9749861888		1
9764217862		2
9801092538		3
9814148616		4
9829723914		3
9909723914		2
9933581888		3
9968712502		4
9989723914		3
10040177024		4
10044279823		5
10069723914		4
10083397063		5
10101306342		6
10135042623		7
10149723914		6
10194001658		7
10229723914		6
10309723914		5
10312006303		6
10389723914		5
10415711243		6
10435404237		7
10469723914		6
10549723914		5
10629723914		4
10709723914		3
10789723914		2
10869723914		1
10949723914		0
11040946181		1
11040946181		0
11073929983		1
11120946181		0
11279904323		1
11279904323		0
11350277167		1
11359904323		0
11475735692		1
11475735692		0
11520126347		1
11541997935		2
11555735692		1
11619493390		2
11635604180		3
11635735692		2
11715735692		1
11795735692		0
11930545057		1
11930545057		0
12006003594		1
12010545057		0
12092176214		1
12092176214		0
12122015566		1
12172176214		0
12191524502		1
12247280911		2
12252176214		1
12271449388		2
12325625262		3
12332176214		2
12341884504		3
12412176214		2
12477772975		3
12492176214		2
12510872251		3
12572176214		2
12596123332		3
12652176214		2
12732176214		1
12812176214		0
12918208054		1
12918208054		0
12923045748		1
12966710746		2
12989285340		3
12998208054		2
13061592610		3
13078208054		2
13082085202		3
13123062671		4
13123505695		5
13158208054		4
13168943786		5
13211772441		6
13238208054		5
13316795946		6
13316982917		7
13318208054		6
13398208054		5
13478208054		4
13527199628		5
13558208054		4
13638208054		3
13681728426		4
13718208054		3
13776965525		4
13778366086		5
13783077092		6
13796493981		7
13798208054		6
13798459302		7
13825516255		8
13837907018		9
13864456263		10
13878208054		9
13942725761		10
13958208054		9
14016924269		10
14038208054		9
14071670739		10
14118208054		9
14130308396		10
14159605346		11
14170791116		12
14177466651		13
14188753057		14
14198208054		13
14229973364		14
14278208054		13
14322189627		14
14358208054		13
14393503567		14
14438208054		13
14467461935		14
14469368032		15
14481521955		16
14518208054		15
14598208054		14
14678208054		13
14682290868		14
14749556924		15
14758208054		14
14838208054		13
14908279820		14
14918208054		13
14998208054		12
15078208054		11
15158208054		10
15210215956		11
15238208054		10
15248827151		11
15280955255		12
15318208054		11
15398208054		10
15471710636		11
15478208054		10
15558208054		9
15638208054		8
15656567218		9
15711054782		10
15718208054		9
15755236032		10
15798208054		9
15878208054		8
15931805421		9
15958208054		8
16028560933		9
16038208054		8
16065544841		9
16108347387		10
16118208054		9
16198208054		8
16278208054		7
16334298868		8
16358208054		7
16438208054		6
16518208054		5
16598208054		4
16637846477		5
16678208054		4
16758208054		3
16838208054		2
16863015397		3
16893537127		4
16910380126		5
16918208054		4
16998208054		3
17051709197		4
17078208054		3
17158208054		2
17238208054		1
17290645405		2
17318208054		1
17398208054		0
17477841229		1
17478208054		0
17536419973		1
17558208054		0
17794141067		1
17794141067		0
17843226160		1
17874141067		0
17879254683		1
17915872784		2
17954141067		1
17988163985		2
18034141067		1
18114141067		0
18189927220		1
18194141067		0
18237305424		1
18274141067		0
18371381533		1
18371381533		0
18373828357		1
18451381533		0
18585523714		1
18585523714		0
18600704164		1
18665523714		0
18723262025		1
18745523714		0
18763522321		1
18771182021		2
18782048497		3
18825523714		2
18888634624		3
18905523714		2
18985523714		1
19049697537		2
19065523714		1
19089192517		2
19145523714		1
19196506726		2
19225523714		1
19231418631		2
19305523714		1
19385523714		0
19420598646		1
19465523714		0
19537468700		1
19545523714		0
19578931974		1
19625523714		0
19692089963		1
19694575477		2
19705523714		1
19754204156		2
19767619200		3
19781670413		4
19785523714		3
19854803446		4
19865523714		3
19945523714		2
19962462819		3
20025523714		2
20033841743		3
20105523714		2
20137519523		3
20185523714		2
20243795718		3
20262246268		4
20265523714		3
20292885686		4
20345523714		3
20425523714		2
20468039113		3
20495506435		4
20505523714		3
20585523714		2
20585606199		3
20596012214		4
20662546393		5
20665523714		4
20745523714		3
20825523714		2
20884483139		3
20905523714		2
20985523714		1
21017634324		2
21065523714		1
21145523714		0
21151606226		1
21172555648		2
21184193982		3
21188633657		4
21225523714		3
21305523714		2
21344563679		3
21385523714		2
21465523714		1
21545523714		0
21548761517		1
21564958160		2
21625523714		1
21705523714		0
21837290618		1
21837290618		0
21863917047		1
21915286613		2
21917290618		1
21961103356		2
21992837248		3
21997290618		2
22006227561		3
22077290618		2
22157290618		1
22237290618		0
22535589912		1
22535589912		0
22550189757		1
22615589912		0
22709221698		1
22709221698		0
22818289998		1
22818289998		0
22851011324		1
22875544142		2
22898289998		1
22927213843		2
22978289998		1
23058289998		0
23088632242		1
23106465724		2
23127025526		3
23138289998		2
23157740179		3
23217164568		4
23218289998		3
23298289998		2
23299695535		3
23333623354		4
23378289998		3
23458289998		2
23538289998		1
23618289998		0
23679052254		1
23698289998		0
23769793640		1
23778289998		0
24034416337		1
24034416337		0
24102834431		1
24114416337		0
24116054316		1
24118228775		2
24194416337		1
24209645457		2
24224959332		3
24274416337		2
24275456058		3
24354416337		2
24434416337		1
24463363716		2
24489097863		3
24514416337		2
24594416337		1
24666144681		2
24674416337		1
24754416337		0
24773505941		1
24823708999		2
24834416337		1
24914416337		0
24962397574		1
24994416337		0
25014631759		1
25074416337		0
25369771187		1
25369771187		0
25385592953		1
25449771187		0
25559072693		1
25559072693		0
25700904686		1
25700904686		0
26020460954		1
26020460954		0
26028476569		1
26084797512		2
26100460954		1
26121715247		2
26124295374		3
26147991886		4
26157971302		5
26180460954		4
26196066699		5
26260460954		4
26340460954		3
26368657626		4
26420460954		3
26455540382		4
26500460954		3
26550794263		4
26580460954		3
26660460954		2
26733793482		3
26740460954		2
26793420701		3
26820460954		2
26863210543		3
26894495675		4
26900460954		3
26980460954		2
27023680894		3
27060460954		2
27103042486		3
27126473362		4
27140460954		3
27183565565		4
27220460954		3
27300460954		2
27326341106		3
27378514506		4
27380460954		3
27460460954		2
27502810302		3
27539197582		4
27540460954		3
27620460954		2
27621497778		3
27638467593		4
27639970593		5
27640575283		6
27700460954		5
27780460954		4
27860460954		3
27887402263		4
27940460954		3
28020460954		2
28090910478		3
28100460954		2
28180460954		1
28190944256		2
28260460954		1
28281094967		2
28340460954		1
28420460954		0
28451718872		1
28498314958		2
28499477728		3
28500460954		2
28501317684		3
28501721289		4
28536907758		5
28573122628		6
28580460954		5
28648185050		6
28660460954		5
28683884710		6
28740460954		5
28814203402		6
28820460954		5
28900460954		4
28912977119		5
28963639737		6
28980460954		5
29039990611		6
29060460954		5
29140460954		4
29220460954		3
29224370555		4
29300460954		3
29315923070		4
29380460954		3
29460460954		2
29540460954		1
29559163551		2
29620460954		1
29700460954		0
29846174842		1
29846174842		0
29948019592		1
29948019592		0
30041104831		1
30041104831		0
30060712304		1
30068207320		2
30120368933		3
30121104831		2
30152250720		3
30175350108		4
30201104831		3
30281104831		2
30361104831		1
30364996720		2
30441104831		1
30521104831		0
30602442135		1
30602442135		0
30765028573		1
30765028573		0
31071538126		1
31071538126		0
31091070565		1
31151538126		0
31277549065		1
31277549065		0
31320049294		1
31341880497		2
31343085612		3
31357549065		2
31399461879		3
31413381344		4
31414612067		5
31437549065		4
31517549065		3
31552553683		4
31563884319		5
31597549065		4
31667935603		5
31677549065		4
31748613062		5
31757549065		4
31761093348		5
31765598183		6
31830390648		7
31837549065		6
31879660714		7
31915478551		8
31917549065		7
31997549065		6
32026373180		7
32060244332		8
32077549065		7
32157549065		6
32233610721		7
32237549065		6
32248725824		7
32301706547		8
32317549065		7
32326665115		8
32397549065		7
32412407330		8
32477549065		7
32478922886		8
32538926462		9
32557549065		8
32637549065		7
32717549065		6
32759109808		7
32797549065		6
32877549065		5
32957549065		4
32985945690		5
33037549065		4
33047049562		5
33117549065		4
33192492922		5
33197549065		4
33277549065		3
33357549065		2
33374818412		3
33437549065		2
33513504643		3
33517549065		2
33597549065		1
33677549065		0
33883213803		1
33883213803		0
33888225578		1
33920000866		2
33963213803		1
33963282632		2
33990131289		3
34028562615		4
34043213803		3
34079034384		4
34123213803		3
34203213803		2
34220714660		3
34283213803		2
34316867556		3
34363213803		2
34443213803		1
34523213803		0
34618459386		1
34618459386		0
34721958064		1
34721958064		0
34761269077		1
34786504103		2
34800232479		3
34801958064		2
34821746576		3
34881958064		2
34961958064		1
34974562227		2
34981704001		3
35012185954		4
35037282359		5
35041958064		4
35121958064		3
35201958064		2
35281958064		1
35355638243		2
35361958064		1
35375094824		2
35379814415		3
35441218437		4
35441958064		3
35518471313		4
35521958064		3
35565911777		4
35583369509		5
35601958064		4
35624319989		5
35681958064		4
35709129342		5
35761958064		4
35835751486		5
35841958064		4
35921958064		3
36001958064		2
36081958064		1
36094738409		2
36148665778		3
36161958064		2
36218709085		3
36222530278		4
36227879255		5
36238142070		6
36241958064		5
36284199510		6
36321958064		5
36401958064		4
36410460300		5
36444396784		6
36481958064		5
36561958064		4
36574726369		5
36606343657		6
36641958064		5
36676137928		6
36721958064		5
36726344621		6
36757598144		7
36801958064		6
36842843504		7
36844334028		8
36881958064		7
36894743491		8
36961958064		7
36981879383		8
37041942658		9
37041958064		8
37090885316		9
37121958064		8
37196140242		9
37201958064		8
37279905079		9
37281958064		8
37361958064		7
37441958064		6
37492860644		7
37518953103		8
37521958064		7
37539564222		8
37575910555		9
37601958064		8
37681958064		7
37730597432		8
37761958064		7
37819406371		8
37841958064		7
37921958064		6
38001958064		5
38081958064		4
38152556965		5
38161958064		4
38180441168		5
38190161714		6
38241958064		5
38321958064		4
38340619682		5
38401958064		4
38404480334		5
38433039679		6
38458530751		7
38481958064		6
38491613230		7
38520530811		8
38561958064		7
38609108954		8
38634135795		9
38641958064		8
38692838436		9
38715674971		10
38721958064		9
38801958064		8
38881958064		7
38920579655		8
38930663626		9
38940232491		10
38961958064		9
39034467315		10
39041958064		9
39077004405		10
39117488662		11
39121958064		10
39174868952		11
39179273372		12
39201958064		11
39209602272		12
39281958064		11
39314399805		12
39361958064		11
39367857697		12
39441958064		11
39521958064		10
39567126176		11
39596756004		12
39601958064		11
39627760854		12
39641830145		13
39681958064		12
39718414119		13
39743475769		14
39761958064		13
39841958064		12
39921958064		11
39939240993		12
40001958064		11
40081958064		10
40161958064		9
40204918412		10
40241958064		9
40289304487		10
40321958064		9
40401958064		8
40436725258		9
40481958064		8
40561958064		7
40641958064		6
40661261286		7
40721958064		6
40779038511		7
40782211243		8
40801958064		7
40881958064		6
40961958064		5
41041958064		4
41087209555		5
41121958064		4
41201958064		3
41263850018		4
41281958064		3
41361958064		2
41441958064		1
41443957912		2
41466993617		3
41485880082		4
41521958064		3
41601958064		2
41638652508		3
41681958064		2
41682893352		3
41761958064		2
41818946935		3
41839938005		4
41841958064		3
41920382306		4
41921958064		3
41996046711		4
42001040644		5
42001958064		4
42026643645		5
42079176513		6
42081958064		5
42161958064		4
42186742566		5
42241958064		4
42298361780		5
42321958064		4
42373689079		5
42401958064		4
42453575013		5
42481958064		4
42516131693		5
42518884317		6
42561958064		5
42641958064		4
42687300831		5
42721958064		4
42781274758		5
42801958064		4
42878845618		5
42881958064		4
42919221989		5
42961958064		4
43041958064		3
43121958064		2
43201958064		1
43281958064		0
43415097313		1
43415097313		0
43547959800		1
43547959800		0
43624429761		1
43627959800		0
43720895915		1
43720895915		0
44023159994		1
44023159994		0
44101102516		1
44103159994		0
44156591186		1
44183159994		0
44266148188		1
44266148188		0
44281225177		1
44346148188		0
44432824068		1
44432824068		0
44469523684		1
44512824068		0
44661467409		1
44661467409		0
44685723909		1
44741467409		0
44755850442		1
44789038509		2
44821467409		1
44901467409		0
45059575025		1
45059575025		0
45151999612		1
45151999612		0
45196356252		1
45231999612		0
45346482714		1
45346482714		0
45381053576		1
45426482714		0
45436117307		1
45506482714		0
45707472440		1
45707472440		0
45742442316		1
45786185558		2
45787472440		1
45867472440		0
46023657033		1
46023657033		0
46204876680		1
46204876680		0
46365426146		1
46365426146		0
46381326532		1
46392606038		2
46404997554		3
46407098482		4
46445426146		3
46525426146		2
46550436658		3
46605426146		2
46685426146		1
46702232516		2
46750393435		3
46765426146		2
46845426146		1
46919556675		2
46925426146		1
46950236275		2
47005426146		1
47074932148		2
47085426146		1
47165124321		2
47165426146		1
47188302860		2
47214801682		3
47245426146		2
47314283568		3
47325426146		2
47334758083		3
47405426146		2
47436793355		3
47485426146		2
47565426146		1
47645426146		0
47664689209		1
47725426146		0
47729636767		1
47805426146		0
47814434884		1
47847179638		2
47868321769		3
47869163347		4
47875568697		5
47885426146		4
47935598702		5
47965426146		4
47991961801		5
48029190777		6
48045426146		5
48125426146		4
48205426146		3
48285426146		2
48326877555		3
48331907994		4
48357759309		5
48365426146		4
48445426146		3
48516141165		4
48525426146		3
48605426146		2
48681169377		3
48685426146		2
48765426146		1
48845426146		0
48995618559		1
48995618559		0
49045670899		1
49054789289		2
49075618559		1
49155618559		0
49293928087		1
49293928087		0
49480181657		1
49480181657		0
50094480258		1
50094480258		0
50168033800		1
50174480258		0
50180988667		1
50222983899		2
50254480258		1
50288753563		2
50334480258		1
50359674862		2
50375278565		3
50399862644		4
50414480258		3
50494480258		2
50506217528		3
50561507589		4
50574480258		3
50610012890		4
50654480258		3
50734480258		2
50814480258		1
50855866242		2
50894480258		1
50961416532		2
50974480258		1
51001821425		2
51006848342		3
51054480258		2
51096706447		3
51134480258		2
51154505760		3
51214480258		2
51241484503		3
51254567833		4
51268558669		5
51294480258		4
51294512230		5
51318968411		6
51374480258		5
51454480258		4
51478634739		5
51534480258		4
51554153834		5
51614480258		4
51680527157		5
51689959111		6
51694480258		5
51708280888		6
51722974586		7
51723333302		8
51774480258		7
51785521588		8
51803417916		9
51847731424		10
51854480258		9
51934480258		8
52001262613		9
52014480258		8
52094480258		7
52154464594		8
52174480258		7
52254480258		6
52334480258		5
52414480258		4
52494480258		3
52512037826		4
52558112406		5
52574480258		4
52579597498		5
52654480258		4
52732202157		5
52734480258		4
52814480258		3
52839109317		4
52850824355		5
52894480258		4
52974480258		3
53025263075		4
53054480258		3
53096339948		4
53134480258		3
53159756366		4
53214480258		3
53294480258		2
53367351923		3
53370479030		4
53374480258		3
53454480258		2
53494532559		3
53529898883		4
53534480258		3
53552148763		4
53614480258		3
53683244372		4
53694480258		3
53774480258		2
53854480258		1
53934480258		0
53937889659		1
54005968617		2
54014480258		1
54054688726		2
54094480258		1
54138638139		2
54174480258		1
54210179296		2
54254480258		1
54318790558		2
54334480258		1
54414480258		0
54623581916		1
54623581916		0
54757313641		1
54757313641		0
54807960827		1
54809534386		2
54834762091		3
54837313641		2
54862676781		3
54917313641		2
54997313641		1
55077313641		0
55079665753		1
55125698670		2
55157313641		1
55237313641		0
55280971305		1
55289535006		2
55317313641		1
55397313641		0
55498456993		1
55498456993		0
55523197869		1
55529257207		2
55571290819		3
55578456993		2
55648098739		3
55658456993		2
55738456993		1
55767712485		2
55794287481		3
55818456993		2
55886794400		3
55898456993		2
55978456993		1
56058456993		0
56220207272		1
56220207272		0
56263804850		1
56300207272		0
56302138842		1
56323317866		2
56324741450		3
56380207272		2
56405027088		3
56460207272		2
56480012571		3
56540207272		2
56586245478		3
56620207272		2
56659074473		3
56700207272		2
56726908079		3
56780207272		2
56825175945		3
56860207272		2
56940207272		1
57020207272		0
57145508431		1
57145508431		0
57218794235		1
57225508431		0
57250013076		1
57251974786		2
57263584061		3
57305508431		2
57385508431		1
57465508431		0
57495577628		1
57545508431		0
57720270082		1
57720270082		0
57785957486		1
57800270082		0
57878317047		1
57880270082		0
57900992323		1
57960270082		0
57964600801		1
57987422087		2
58040270082		1
58120270082		0
58400252048		1
58400252048		0
58490546389		1
58490546389		0
58517504801		1
58570546389		0
58627437776		1
58650546389		0
58672356126		1
58698731954		2
58730546389		1
58753874480		2
58810546389		1
58890546389		0
58929208383		1
58970546389		0
58976013876		1
59006403184		2
59050546389		1
59130546389		0
59238434974		1
59238434974		0
59303541073		1
59318434974		0
59336671559		1
59376209197		2
59398434974		1
59400776661		2
59478434974		1
59498263318		2
59558434974		1
59620132868		2
59624897620		3
59638434974		2
59698049746		3
59706129327		4
59718434974		3
59731023033		4
59798434974		3
59834653418		4
59878434974		3
59958434974		2
59982515051		3
60038434974		2
60118434974		1
60198434974		0
60225461515		1
60262589816		2
60278434974		1
60307309193		2
60358434974		1
60393467398		2
60421816515		3
60438434974		2
60518434974		1
60550449183		2
60598434974		1
60617226419		2
60678434974		1
60758434974		0
60867685228		1
60867685228		0
60867918691		1
60901188276		2
60947685228		1
61011219947		2
61027501940		3
61027685228		2
61107685228		1
61181199471		2
61187685228		1
61267685228		0
61277123246		1
61347685228		0
61475343906		1
61475343906		0
61591007876		1
61591007876		0
61944002080		1
61944002080		0
62128431128		1
62128431128		0
62313332672		1
62313332672		0
62444809178		1
62444809178		0
62460684598		1
62485065163		2
62524809178		1
62604809178		0
62628953573		1
62684809178		0
62734753975		1
62756399389		2
62764809178		1
62832324316		2
62844809178		1
62854174519		2
62924809178		1
62987160523		2
63004809178		1
63047316652		2
63084809178		1
63164809178		0
63350715519		1
63350715519		0
63480990716		1
63480990716		0
63490240461		1
63560990716		0
63585235316		1
63585332579		2
63640990716		1
63672580179		2
63686084008		3
63715041391		4
63720990716		3
63779099999		4
63800990716		3
63880990716		2
63960990716		1
63999526218		2
64040990716		1
64041070602		2
64079360065		3
64120990716		2
64200990716		1
64206657861		2
64280990716		1
64316105736		2
64329651727		3
64332836191		4
64360990716		3
64413415755		4
64440990716		3
64441237092		4
64520990716		3
64600990716		2
64680990716		1
64733731785		2
64760990716		1
64840990716		0
64862996050		1
64893742775		2
64920990716		1
64974186667		2
65000990716		1
65028084251		2
65080990716		1
65160990716		0
65178348802		1
65240990716		0
65357890081		1
65357890081		0
65536955396		1
65536955396		0
65549151552		1
65616955396		0
65911240148		1
65911240148		0
65922523792		1
65991240148		0
66000884071		1
66071240148		0
66202604727		1
66202604727		0
66256967503		1
66282604727		0
66305567277		1
66342930228		2
66362604727		1
66387989501		2
66404816984		3
66442604727		2
66502806158		3
66522604727		2
66573548931		3
66602604727		2
66629580481		3
66675139088		4
66682604727		3
66762604727		2
66765593050		3
66842604727		2
66922604727		1
66934434640		2
66942588236		3
67002604727		2
67082604727		1
67122261650		2
67162604727		1
67236560079		2
67242604727		1
67253532860		2
67255864917		3
67322604727		2
67402604727		1
67482604727		0
67485964271		1
67562604727		0
67629487725		1
67634851740		2
67642604727		1
67668073798		2
67668924353		3
67722604727		2
67802604727		1
67859787823		2
67882604727		1
67948857313		2
67962604727		1
68042604727		0
68112390328		1
68122604727		0
68123040254		1
68129264385		2
68160698654		3
68161021410		4
68202604727		3
68282604727		2
68298012193		3
68340148417		4
68355665952		5
68362604727		4
68442604727		3
68515791838		4
68522604727		3
68532260821		4
68547029736		5
68562902487		6
68590976521		7
68592868727		8
68602604727		7
68682604727		6
68762604727		5
68837538566		6
68842604727		5
68858273873		6
68922604727		5
69002604727		4
69082604727		3
69162604727		2
69162887886		3
69242604727		2
69254232940		3
69294238364		4
69322604727		3
69381579828		4
69402604727		3
69482604727		2
69511455578		3
69532588664		4
69562604727		3
69642604727		2
69722604727		1
69802604727		0
69949101177		1
69949101177		0
70082782171		1
70082782171		0
70176194788		1
70176194788		0
70200653941		1
70226270730		2
70256194788		1
70336194788		0
70359472409		1
70416194788		0
70447618221		1
70474822900		2
70481995588		3
70496194788		2
70559659967		3
70576194788		2
70589519230		3
70656194788		2
70660631208		3
70736194788		2
70769931793		3
70795800081		4
70816194788		3
70856417394		4
70896194788		3
70976194788		2
70979824397		3
71001301335		4
71039465529		5
71056194788		4
71110539129		5
71136194788		4
71216194788		3
71296194788		2
71340009243		3
71376194788		2
71453296900		3
71456194788		2
71471770431		3
71484771214		4
71536194788		3
71546032293		4
71582408187		5
71616194788		4
71696194788		3
71740999246		4
71776194788		3
71777370364		4
71852114511		5
71856194788		4
71936194788		3
71960130689		4
72016194788		3
72096194788		2
72176194788		1
72183602681		2
72191486136		3
72256194788		2
72297938925		3
72336194788		2
72372293428		3
72416194788		2
72495313910		3
72496194788		2
72560866501		3
72576194788		2
72621994098		3
72640105072		4
72656194788		3
72736194788		2
72749448985		3
72752160505		4
72816194788		3
72857689617		4
72896194788		3
72951812371		4
72952046087		5
72976194788		4
73056194788		3
73079659625		4
73136194788		3
73216194788		2
73295080397		3
73296194788		2
73376194788		1
73384763806		2
73451071263		3
73456194788		2
73506257445		3
73536194788		2
73615772383		3
73616194788		2
73696194788		1
73776194788		0
73879133900		1
73879133900		0
73911625643		1
73915842676		2
73945886409		3
73959133900		2
73968387747		3
73995083672		4
74006699834		5
74036691105		6
74039133900		5
74119133900		4
74199133900		3
74205858337		4
74214224494		5
74221874904		6
74279133900		5
74332483370		6
74359133900		5
74405608768		6
74439133900		5
74519133900		4
74599133900		3
74611323971		4
74634500245		5
74662430121		6
74679133900		5
74759133900		4
74839133900		3
74880410004		4
74919133900		3
74999133900		2
75007304673		3
75037330102		4
75049891477		5
75079133900		4
75089159095		5
75159133900		4
75239133900		3
75319133900		2
75399133900		1
75430224147		2
75450459886		3
75458045001		4
75479133900		3
75559133900		2
75606022799		3
75630947171		4
75639133900		3
75719133900		2
75733763830		3
75799133900		2
75879133900		1
75959133900		0
76288140694		1
76288140694		0
76375284873		1
76375284873		0
76408120323		1
76455284873		0
76465527297		1
76535284873		0
76630367815		1
76630367815		0
76662535075		1
76681982704		2
76710367815		1
76730675753		2
76790367815		1
76800110655		2
76870367815		1
76873843620		2
76894662373		3
76913819641		4
76933775262		5
76950367815		4
76952707283		5
77030367815		4
77037515518		5
77110367815		4
77190367815		3
77250797060		4
77270367815		3
77349355349		4
77350367815		3
77363834097		4
77430367815		3
77473130719		4
77502206095		5
77510367815		4
77537972657		5
77590367815		4
77610291490		5
77670367815		4
77702383335		5
77750367815		4
77812757326		5
77814055480		6
77830367815		5
77836761884		6
77910367815		5
77930309404		6
77990367815		5
77997634107		6
78069168186		7
78070367815		6
78112723217		7
78150367815		6
78209151178		7
78230367815		6
78270318800		7
78302449490		8
78310367815		7
78390367815		6
78450999251		7
78470367815		6
78550367815		5
78559557381		6
78567304083		7
78584280273		8
78630367815		7
78631147323		8
78672417166		9
78688919121		10
78710367815		9
78743517538		10
78790367815		9
78870367815		8
78905508208		9
78950367815		8
79030367815		7
79069001351		8
79110367815		7
79118777218		8
79190367815		7
79193391880		8
79201053352		9
79231056577		10
79270367815		9
79350367815		8
79398128806		9
79430367815		8
79439057198		9
79510367815		8
79575452618		9
79580498762		10
79590367815		9
79670367815		8
79750367815		7
79810402558		8
79830367815		7
79910367815		6
79917109138		7
79948162216		8
79990367815		7
80021681363		8
80070367815		7
80150367815		6
80230367815		5
80310367815		4
80341455589		5
80390367815		4
80470367815		3
80532034965		4
80550367815		3
80592953726		4
80630367815		3
80688389358		4
80710352801		5
80710367815		4
80787143366		5
80790367815		4
80870367815		3
80950367815		2
81010732042		3
81030367815		2
81066786300		3
81110367815		2
81190367815		1
81230456870		2
81270367815		1
81350367815		0
81364209562		1
81420875823		2
81430367815		1
81510367815		0
81768105734		1
81768105734		0
81802686031		1
81836053124		2
81848105734		1
81857538832		2
81898780768		3
81928105734		2
82008105734		1
82032451604		2
82040734325		3
82072803867		4
82088105734		3
82168105734		2
82248105734		1
82276224833		2
82294930686		3
82328105734		2
82360175571		3
82376608657		4
82408105734		3
82471235970		4
82488105734		3
82494340468		4
82524279979		5
82528063862		6
82568105734		5
82648105734		4
82693826186		5
82728105734		4
82808105734		3
82847453694		4
82850460032		5
82878067452		6
82888105734		5
82900118575		6
82941409956		7
82968105734		6
83048105734		5
83128105734		4
83198612212		5
83204355778		6
83208105734		5
83288105734		4
83368105734		3
83448105734		2
83528105734		1
83550333321		2
83560727836		3
83608105734		2
83688105734		1
83768105734		0
84024827436		1
84024827436		0
84174103156		1
84174103156		0
84250194045		1
84254103156		0
84282911629		1
84334103156		0
84335225100		1
84414103156		0
84507851641		1
84507851641		0
84637587177		1
84637587177		0
84744347710		1
84744347710		0
84849420260		1
84849420260		0
84862794436		1
84898706742		2
84929420260		1
85009420260		0
85021702399		1
85089420260		0
85134794322		1
85169420260		0
85233644375		1
85249420260		0
85277167128		1
85295138125		2
85329420260		1
85373359314		2
85409420260		1
85412108236		2
85450222299		3
85489420260		2
85495381886		3
85569420260		2
85580658498		3
85649420260		2
85699202003		3
85729420260		2
85809420260		1
85856922267		2
85873886301		3
85889420260		2
85913329817		3
85953353145		4
85969420260		3
86016334049		4
86049420260		3
86129420260		2
86209420260		1
86224693224		2
86285029364		3
86289420260		2
86300621423		3
86357924939		4
86369420260		3
86426836582		4
86449420260		3
86501207643		4
86529420260		3
86547560579		4
86609420260		3
86625695797		4
86643788193		5
86689420260		4
86762823998		5
86769420260		4
86846801491		5
86849420260		4
86929420260		3
86999570468		4
87009420260		3
87015170442		4
87040471591		5
87089420260		4
87099822348		5
87140323513		6
87169420260		5
87210505073		6
87249420260		5
87329420260		4
87350591590		5
87394432437		6
87409420260		5
87489420260		4
87569420260		3
87649420260		2
87684542675		3
87698841669		4
87729420260		3
87809420260		2
87851421009		3
87889420260		2
87969420260		1
88026150810		2
88049420260		1
88108953820		2
88129420260		1
88152412416		2
88209420260		1
88289420260		0
88313540350		1
88319858005		2
88369420260		1
88406339162		2
88449420260		1
88471073903		2
88499299486		3
88529420260		2
88609420260		1
88645890695		2
88689420260		1
88769420260		0
88796824800		1
88849420260		0
88853744781		1
88929420260		0
89038865969		1
89038865969		0
89097302718		1
89118865969		0
89159230724		1
89198865969		0
89249428841		1
89278865969		0
89507145700		1
89507145700		0
89592093587		1
89592093587		0
89617913898		1
89628870525		2
89672093587		1
89752093587		0
89795001551		1
89832093587		0
89896711604		1
89912093587		0
89912456662		1
89931749268		2
89972635531		3
89992093587		2
90072093587		1
90083035159		2
90152093587		1
90203161001		2
90232093587		1
90233065581		2
90312093587		1
90329315739		2
90331987527		3
90392093587		2
90424537492		3
90447580015		4
90472093587		3
90483689953		4
90552093587		3
90617445598		4
90632093587		3
90694812462		4
90712093587		3
90757041327		4
90792093587		3
90834661991		4
90872093587		3
90907408699		4
90952093587		3
91032093587		2
91099411986		3
91112093587		2
91147626290		3
91156421184		4
91192093587		3
91272093587		2
91352093587		1
91432093587		0
91471229813		1
91512093587		0
91558515854		1
91592093587		0
91722405433		1
91722405433		0
91734027797		1
91802405433		0
91829301535		1
91882405433		0
91978132669		1
91978132669		0
92033307814		1
92058132669		0
92088700780		1
92138132669		0
92237744257		1
92237744257		0
92292409037		1
92317744257		0
92478242271		1
92478242271		0
92493063091		1
92558242271		0
92569091167		1
92611185435		2
92619986483		3
92623937088		4
92638242271		3
92718242271		2
92763713976		3
92773100472		4
92798242271		3
92816488988		4
92818346519		5
92878242271		4
92905644214		5
92958242271		4
93032476505		5
93038242271		4
93118242271		3
93198242271		2
93248774062		3
93278242271		2
93321662210		3
93344353442		4
93358242271		3
93438242271		2
93518242271		1
93545791257		2
93551974511		3
93559410428		4
93564261406		5
93572115170		6
93598242271		5
93678242271		4
93756871470		5
93758242271		4
93838242271		3
93918242271		2
93921646929		3
93962024034		4
93970321056		5
93998242271		4
94078242271		3
94109251703		4
94110459103		5
94142803238		6
94158242271		5
94238242271		4
94318242271		3
94377631308		4
94398242271		3
94478242271		2
94531641675		3
94558242271		2
94627415134		3
94638242271		2
94718242271		1
94795627988		2
94798242271		1
94818875070		2
94878242271		1
94883135559		2
94939421961		3
94958242271		2
95038242271		1
95067695205		2
95082249285		3
95118242271		2
95173700523		3
95198242271		2
95278242271		1
95358242271		0
95429819305		1
95438242271		0
95523830809		1
95523830809		0
95558606915		1
95603830809		0
95614840185		1
95683830809		0
95712911557		1
95755472613		2
95763830809		1
95766072639		2
95843830809		1
95848450322		2
95885180310		3
95923830809		2
95948204234		3
95998208659		4
96003830809		3
96083830809		2
96084616234		3
96097057458		4
96163830809		3
96243830809		2
96294142117		3
96317004445		4
96323830809		3
96403830809		2
96483830809		1
96563830809		0
96700220584		1
96700220584		0
96724552188		1
96780220584		0
96886929963		1
96886929963		0
96930146730		1
96966929963		0
96993907657		1
97021562828		2
97046929963		1
97092359458		2
97105528745		3
97126929963		2
97206929963		1
97286929963		0
97295970420		1
97366929963		0
97520007252		1
97520007252		0
97541429788		1
97550223477		2
97592460458		3
97600007252		2
97680007252		1
97696912772		2
97760007252		1
97840007252		0
97877523733		1
97920007252		0
98055268863		1
98055268863		0
98341322029		1
98341322029		0
98481309500		1
98481309500		0
98512218267		1
98530031275		2
98561309500		1
98618821253		2
98641309500		1
98721309500		0
98946468860		1
98946468860		0
99036406955		1
99036406955		0
99116804064		1
99116804064		0
99170411687		1
99196804064		0
99216138499		1
99276804064		0
99454194959		1
99454194959		0
99728051232		1
99728051232		0
99770727397		1
99808051232		0
99916742206		1
99916742206		0
