80099999
160099999
240099999
320099999
400099999
485702095
575031188
661688731
741688731
821688731
901688731
1198231634
1278231634
1358231634
1438231634
1518231634
1598231634
1678231634
1758231634
1838231634
1918231634
1998231634
2078231634
2308766510
2672594026
2804524431
2884524431
2964524431
3044524431
3161468561
3369172561
3449172561
3529172561
3609172561
3689172561
3769172561
3849172561
3929172561
4009172561
4089172561
4169172561
4249172561
4329172561
4409172561
4489172561
4569172561
4649172561
4729172561
4809172561
4889172561
4969172561
5049172561
5129172561
5386684782
5513940745
5816075007
5896075007
5976075007
6056075007
6317193666
6397193666
6477193666
6557193666
6650616624
6730616624
6941892036
7117675497
7206558119
7286558119
7366558119
7446558119
7526558119
7606558119
7686558119
8167579987
8247579987
8327579987
8407579987
8487579987
8567579987
8647579987
8727579987
8807579987
8887579987
8967579987
9047579987
9127579987
9207579987
9287579987
9409205733
9489205733
9569205733
9669723914
9749723914
9829723914
9909723914
9989723914
10069723914
10149723914
10229723914
10309723914
10389723914
10469723914
10549723914
10629723914
10709723914
10789723914
10869723914
10949723914
11029723914
11120946181
11200946181
11359904323
11439904323
11555735692
11635735692
11715735692
11795735692
11875735692
12010545057
12090545057
12172176214
12252176214
12332176214
12412176214
12492176214
12572176214
12652176214
12732176214
12812176214
12892176214
12998208054
13078208054
13158208054
13238208054
13318208054
13398208054
13478208054
13558208054
13638208054
13718208054
13798208054
13878208054
13958208054
14038208054
14118208054
14198208054
14278208054
14358208054
14438208054
14518208054
14598208054
14678208054
14758208054
14838208054
14918208054
14998208054
15078208054
15158208054
15238208054
15318208054
15398208054
15478208054
15558208054
15638208054
15718208054
15798208054
15878208054
15958208054
16038208054
16118208054
16198208054
16278208054
16358208054
16438208054
16518208054
16598208054
16678208054
16758208054
16838208054
16918208054
16998208054
17078208054
17158208054
17238208054
17318208054
17398208054
17478208054
17558208054
17638208054
17874141067
17954141067
18034141067
18114141067
18194141067
18274141067
18354141067
18451381533
18531381533
18665523714
18745523714
18825523714
18905523714
18985523714
19065523714
19145523714
19225523714
19305523714
19385523714
19465523714
19545523714
19625523714
19705523714
19785523714
19865523714
19945523714
20025523714
20105523714
20185523714
20265523714
20345523714
20425523714
20505523714
20585523714
20665523714
20745523714
20825523714
20905523714
20985523714
21065523714
21145523714
21225523714
21305523714
21385523714
21465523714
21545523714
21625523714
21705523714
21785523714
21917290618
21997290618
22077290618
22157290618
22237290618
22317290618
22615589912
22695589912
22789221698
22898289998
22978289998
23058289998
23138289998
23218289998
23298289998
23378289998
23458289998
23538289998
23618289998
23698289998
23778289998
23858289998
24114416337
24194416337
24274416337
24354416337
24434416337
24514416337
24594416337
24674416337
24754416337
24834416337
24914416337
24994416337
25074416337
25154416337
25449771187
25529771187
25639072693
25780904686
26100460954
26180460954
26260460954
26340460954
26420460954
26500460954
26580460954
26660460954
26740460954
26820460954
26900460954
26980460954
27060460954
27140460954
27220460954
27300460954
27380460954
27460460954
27540460954
27620460954
27700460954
27780460954
27860460954
27940460954
28020460954
28100460954
28180460954
28260460954
28340460954
28420460954
28500460954
28580460954
28660460954
28740460954
28820460954
28900460954
28980460954
29060460954
29140460954
29220460954
29300460954
29380460954
29460460954
29540460954
29620460954
29700460954
29780460954
29926174842
30028019592
30121104831
30201104831
30281104831
30361104831
30441104831
30521104831
30601104831
30682442135
30845028573
31151538126
31231538126
31357549065
31437549065
31517549065
31597549065
31677549065
31757549065
31837549065
31917549065
31997549065
32077549065
32157549065
32237549065
32317549065
32397549065
32477549065
32557549065
32637549065
32717549065
32797549065
32877549065
32957549065
33037549065
33117549065
33197549065
33277549065
33357549065
33437549065
33517549065
33597549065
33677549065
33757549065
33963213803
34043213803
34123213803
34203213803
34283213803
34363213803
34443213803
34523213803
34603213803
34698459386
34801958064
34881958064
34961958064
35041958064
35121958064
35201958064
35281958064
35361958064
35441958064
35521958064
35601958064
35681958064
35761958064
35841958064
35921958064
36001958064
36081958064
36161958064
36241958064
36321958064
36401958064
36481958064
36561958064
36641958064
36721958064
36801958064
36881958064
36961958064
37041958064
37121958064
37201958064
37281958064
37361958064
37441958064
37521958064
37601958064
37681958064
37761958064
37841958064
37921958064
38001958064
38081958064
38161958064
38241958064
38321958064
38401958064
38481958064
38561958064
38641958064
38721958064
38801958064
38881958064
38961958064
39041958064
39121958064
39201958064
39281958064
39361958064
39441958064
39521958064
39601958064
39681958064
39761958064
39841958064
39921958064
40001958064
40081958064
40161958064
40241958064
40321958064
40401958064
40481958064
40561958064
40641958064
40721958064
40801958064
40881958064
40961958064
41041958064
41121958064
41201958064
41281958064
41361958064
41441958064
41521958064
41601958064
41681958064
41761958064
41841958064
41921958064
42001958064
42081958064
42161958064
42241958064
42321958064
42401958064
42481958064
42561958064
42641958064
42721958064
42801958064
42881958064
42961958064
43041958064
43121958064
43201958064
43281958064
43361958064
43495097313
43627959800
43707959800
43800895915
44103159994
44183159994
44263159994
44346148188
44426148188
44512824068
44592824068
44741467409
44821467409
44901467409
44981467409
45139575025
45231999612
45311999612
45426482714
45506482714
45586482714
45787472440
45867472440
45947472440
46103657033
46284876680
46445426146
46525426146
46605426146
46685426146
46765426146
46845426146
46925426146
47005426146
47085426146
47165426146
47245426146
47325426146
47405426146
47485426146
47565426146
47645426146
47725426146
47805426146
47885426146
47965426146
48045426146
48125426146
48205426146
48285426146
48365426146
48445426146
48525426146
48605426146
48685426146
48765426146
48845426146
48925426146
49075618559
49155618559
49235618559
49373928087
49560181657
50174480258
50254480258
50334480258
50414480258
50494480258
50574480258
50654480258
50734480258
50814480258
50894480258
50974480258
51054480258
51134480258
51214480258
51294480258
51374480258
51454480258
51534480258
51614480258
51694480258
51774480258
51854480258
51934480258
52014480258
52094480258
52174480258
52254480258
52334480258
52414480258
52494480258
52574480258
52654480258
52734480258
52814480258
52894480258
52974480258
53054480258
53134480258
53214480258
53294480258
53374480258
53454480258
53534480258
53614480258
53694480258
53774480258
53854480258
53934480258
54014480258
54094480258
54174480258
54254480258
54334480258
54414480258
54494480258
54703581916
54837313641
54917313641
54997313641
55077313641
55157313641
55237313641
55317313641
55397313641
55477313641
55578456993
55658456993
55738456993
55818456993
55898456993
55978456993
56058456993
56138456993
56300207272
56380207272
56460207272
56540207272
56620207272
56700207272
56780207272
56860207272
56940207272
57020207272
57100207272
57225508431
57305508431
57385508431
57465508431
57545508431
57625508431
57800270082
57880270082
57960270082
58040270082
58120270082
58200270082
58480252048
58570546389
58650546389
58730546389
58810546389
58890546389
58970546389
59050546389
59130546389
59210546389
59318434974
59398434974
59478434974
59558434974
59638434974
59718434974
59798434974
59878434974
59958434974
60038434974
60118434974
60198434974
60278434974
60358434974
60438434974
60518434974
60598434974
60678434974
60758434974
60838434974
60947685228
61027685228
61107685228
61187685228
61267685228
61347685228
61427685228
61555343906
61671007876
62024002080
62208431128
62393332672
62524809178
62604809178
62684809178
62764809178
62844809178
62924809178
63004809178
63084809178
63164809178
63244809178
63430715519
63560990716
63640990716
63720990716
63800990716
63880990716
63960990716
64040990716
64120990716
64200990716
64280990716
64360990716
64440990716
64520990716
64600990716
64680990716
64760990716
64840990716
64920990716
65000990716
65080990716
65160990716
65240990716
65320990716
65437890081
65616955396
65696955396
65991240148
66071240148
66151240148
66282604727
66362604727
66442604727
66522604727
66602604727
66682604727
66762604727
66842604727
66922604727
67002604727
67082604727
67162604727
67242604727
67322604727
67402604727
67482604727
67562604727
67642604727
67722604727
67802604727
67882604727
67962604727
68042604727
68122604727
68202604727
68282604727
68362604727
68442604727
68522604727
68602604727
68682604727
68762604727
68842604727
68922604727
69002604727
69082604727
69162604727
69242604727
69322604727
69402604727
69482604727
69562604727
69642604727
69722604727
69802604727
69882604727
70029101177
70162782171
70256194788
70336194788
70416194788
70496194788
70576194788
70656194788
70736194788
70816194788
70896194788
70976194788
71056194788
71136194788
71216194788
71296194788
71376194788
71456194788
71536194788
71616194788
71696194788
71776194788
71856194788
71936194788
72016194788
72096194788
72176194788
72256194788
72336194788
72416194788
72496194788
72576194788
72656194788
72736194788
72816194788
72896194788
72976194788
73056194788
73136194788
73216194788
73296194788
73376194788
73456194788
73536194788
73616194788
73696194788
73776194788
73856194788
73959133900
74039133900
74119133900
74199133900
74279133900
74359133900
74439133900
74519133900
74599133900
74679133900
74759133900
74839133900
74919133900
74999133900
75079133900
75159133900
75239133900
75319133900
75399133900
75479133900
75559133900
75639133900
75719133900
75799133900
75879133900
75959133900
76039133900
76368140694
76455284873
76535284873
76615284873
76710367815
76790367815
76870367815
76950367815
77030367815
77110367815
77190367815
77270367815
77350367815
77430367815
77510367815
77590367815
77670367815
77750367815
77830367815
77910367815
77990367815
78070367815
78150367815
78230367815
78310367815
78390367815
78470367815
78550367815
78630367815
78710367815
78790367815
78870367815
78950367815
79030367815
79110367815
79190367815
79270367815
79350367815
79430367815
79510367815
79590367815
79670367815
79750367815
79830367815
79910367815
79990367815
80070367815
80150367815
80230367815
80310367815
80390367815
80470367815
80550367815
80630367815
80710367815
80790367815
80870367815
80950367815
81030367815
81110367815
81190367815
81270367815
81350367815
81430367815
81510367815
81590367815
81848105734
81928105734
82008105734
82088105734
82168105734
82248105734
82328105734
82408105734
82488105734
82568105734
82648105734
82728105734
82808105734
82888105734
82968105734
83048105734
83128105734
83208105734
83288105734
83368105734
83448105734
83528105734
83608105734
83688105734
83768105734
83848105734
84104827436
84254103156
84334103156
84414103156
84494103156
84587851641
84717587177
84824347710
84929420260
85009420260
85089420260
85169420260
85249420260
85329420260
85409420260
85489420260
85569420260
85649420260
85729420260
85809420260
85889420260
85969420260
86049420260
86129420260
86209420260
86289420260
86369420260
86449420260
86529420260
86609420260
86689420260
86769420260
86849420260
86929420260
87009420260
87089420260
87169420260
87249420260
87329420260
87409420260
87489420260
87569420260
87649420260
87729420260
87809420260
87889420260
87969420260
88049420260
88129420260
88209420260
88289420260
88369420260
88449420260
88529420260
88609420260
88689420260
88769420260
88849420260
88929420260
89009420260
89118865969
89198865969
89278865969
89358865969
89587145700
89672093587
89752093587
89832093587
89912093587
89992093587
90072093587
90152093587
90232093587
90312093587
90392093587
90472093587
90552093587
90632093587
90712093587
90792093587
90872093587
90952093587
91032093587
91112093587
91192093587
91272093587
91352093587
91432093587
91512093587
91592093587
91672093587
91802405433
91882405433
91962405433
92058132669
92138132669
92218132669
92317744257
92397744257
92558242271
92638242271
92718242271
92798242271
92878242271
92958242271
93038242271
93118242271
93198242271
93278242271
93358242271
93438242271
93518242271
93598242271
93678242271
93758242271
93838242271
93918242271
93998242271
94078242271
94158242271
94238242271
94318242271
94398242271
94478242271
94558242271
94638242271
94718242271
94798242271
94878242271
94958242271
95038242271
95118242271
95198242271
95278242271
95358242271
95438242271
95518242271
95603830809
95683830809
95763830809
95843830809
95923830809
96003830809
96083830809
96163830809
96243830809
96323830809
96403830809
96483830809
96563830809
96643830809
96780220584
96860220584
96966929963
97046929963
97126929963
97206929963
97286929963
97366929963
97446929963
97600007252
97680007252
97760007252
97840007252
97920007252
98000007252
98135268863
98421322029
98561309500
98641309500
98721309500
98801309500
99026468860
99116406955
99196804064
99276804064
99356804064
99534194959
99808051232
99888051232
99996742206
