99999	1000
49322847	1000
168049860	1000
387552178	1000
493050885	1000
509846392	1000
582956825	1000
643593412	1000
659460035	1000
763806349	1000
858914685	1000
937045935	1000
979580759	1000
1032341053	1000
1054620630	1000
1073136434	1000
1119878998	1000
1159437301	1000
1216122893	1000
1266574705	1000
1448675087	1000
1549624598	1000
1787194304	1000
1909239268	1000
1944745790	1000
2053434097	1000
2095945243	1000
2114042685	1000
2294235258	1000
2545981973	1000
2693600436	1000
2814081134	1000
2974377988	1000
3104251419	1000
3187491328	1000
3225340304	1000
3307024332	1000
3385281117	1000
3510152739	1000
3572541206	1000
3822475303	1000
3886097299	1000
4347445531	1000
4642862851	1000
4646562340	1000
4665000648	1000
4728261491	1000
4771961103	1000
4834355884	1000
4903879567	1000
4923434206	1000
5267377359	1000
5273265594	1000
5302392156	1000
5324980322	1000
5334188558	1000
5392111853	1000
5397868982	1000
5492093149	1000
5575514115	1000
5651140101	1000
5688915077	1000
5833014601	1000
5942544858	1000
5953124087	1000
6127182429	1000
6442038880	1000
6773618075	1000
7091195812	1000
7108417036	1000
7142995023	1000
7218310740	1000
7240855157	1000
7423639482	1000
7681764018	1000
7787784841	1000
7848859311	1000
7968842601	1000
7979952228	1000
8032924026	1000
8279233563	1000
8309229862	1000
8350637585	1000
8499142494	1000
8529669243	1000
8621640438	1000
8885234283	1000
9188429349	1000
9216627533	1000
9289527939	1000
9316590620	1000
9484177714	1000
9604971427	1000
9878710423	1000
9882687414	1000
9896172490	1000
9912099970	1000
9921156973	1000
9951437282	1000
9992450723	1000
